ARM GAS  C:\Users\JACOB-~1\AppData\Local\Temp\ccyGGbmT.s 			page 1


   1              		.syntax unified
   2              		.cpu cortex-m3
   3              		.fpu softvfp
   4              		.eabi_attribute 20, 1
   5              		.eabi_attribute 21, 1
   6              		.eabi_attribute 23, 3
   7              		.eabi_attribute 24, 1
   8              		.eabi_attribute 25, 1
   9              		.eabi_attribute 26, 1
  10              		.eabi_attribute 30, 1
  11              		.eabi_attribute 34, 1
  12              		.eabi_attribute 18, 4
  13              		.thumb
  14              		.syntax unified
  15              		.file	"emFile_1_SPI0_PM.c"
  16              		.text
  17              	.Ltext0:
  18              		.cfi_sections	.debug_frame
  19              		.section	.text.emFile_1_SPI0_SaveConfig,"ax",%progbits
  20              		.align	2
  21              		.global	emFile_1_SPI0_SaveConfig
  22              		.thumb
  23              		.thumb_func
  24              		.type	emFile_1_SPI0_SaveConfig, %function
  25              	emFile_1_SPI0_SaveConfig:
  26              	.LFB0:
  27              		.file 1 "Generated_Source\\PSoC5\\emFile_1_SPI0_PM.c"
   1:Generated_Source\PSoC5/emFile_1_SPI0_PM.c **** /*******************************************************************************
   2:Generated_Source\PSoC5/emFile_1_SPI0_PM.c **** * File Name: emFile_1_SPI0_PM.c
   3:Generated_Source\PSoC5/emFile_1_SPI0_PM.c **** * Version 2.40
   4:Generated_Source\PSoC5/emFile_1_SPI0_PM.c **** *
   5:Generated_Source\PSoC5/emFile_1_SPI0_PM.c **** * Description:
   6:Generated_Source\PSoC5/emFile_1_SPI0_PM.c **** *  This file contains the setup, control and status commands to support
   7:Generated_Source\PSoC5/emFile_1_SPI0_PM.c **** *  component operations in low power mode.
   8:Generated_Source\PSoC5/emFile_1_SPI0_PM.c **** *
   9:Generated_Source\PSoC5/emFile_1_SPI0_PM.c **** * Note:
  10:Generated_Source\PSoC5/emFile_1_SPI0_PM.c **** *
  11:Generated_Source\PSoC5/emFile_1_SPI0_PM.c **** ********************************************************************************
  12:Generated_Source\PSoC5/emFile_1_SPI0_PM.c **** * Copyright 2008-2012, Cypress Semiconductor Corporation.  All rights reserved.
  13:Generated_Source\PSoC5/emFile_1_SPI0_PM.c **** * You may use this file only in accordance with the license, terms, conditions,
  14:Generated_Source\PSoC5/emFile_1_SPI0_PM.c **** * disclaimers, and limitations in the end user license agreement accompanying
  15:Generated_Source\PSoC5/emFile_1_SPI0_PM.c **** * the software package with which this file was provided.
  16:Generated_Source\PSoC5/emFile_1_SPI0_PM.c **** *******************************************************************************/
  17:Generated_Source\PSoC5/emFile_1_SPI0_PM.c **** 
  18:Generated_Source\PSoC5/emFile_1_SPI0_PM.c **** #include "emFile_1_SPI0_PVT.h"
  19:Generated_Source\PSoC5/emFile_1_SPI0_PM.c **** 
  20:Generated_Source\PSoC5/emFile_1_SPI0_PM.c **** static emFile_1_SPI0_BACKUP_STRUCT emFile_1_SPI0_backup =
  21:Generated_Source\PSoC5/emFile_1_SPI0_PM.c **** {
  22:Generated_Source\PSoC5/emFile_1_SPI0_PM.c ****     emFile_1_SPI0_DISABLED,
  23:Generated_Source\PSoC5/emFile_1_SPI0_PM.c ****     emFile_1_SPI0_BITCTR_INIT,
  24:Generated_Source\PSoC5/emFile_1_SPI0_PM.c ****     #if(CY_UDB_V0)
  25:Generated_Source\PSoC5/emFile_1_SPI0_PM.c ****         emFile_1_SPI0_TX_INIT_INTERRUPTS_MASK,
  26:Generated_Source\PSoC5/emFile_1_SPI0_PM.c ****         emFile_1_SPI0_RX_INIT_INTERRUPTS_MASK
  27:Generated_Source\PSoC5/emFile_1_SPI0_PM.c ****     #endif /* CY_UDB_V0 */
  28:Generated_Source\PSoC5/emFile_1_SPI0_PM.c **** };
  29:Generated_Source\PSoC5/emFile_1_SPI0_PM.c **** 
  30:Generated_Source\PSoC5/emFile_1_SPI0_PM.c **** 
ARM GAS  C:\Users\JACOB-~1\AppData\Local\Temp\ccyGGbmT.s 			page 2


  31:Generated_Source\PSoC5/emFile_1_SPI0_PM.c **** /*******************************************************************************
  32:Generated_Source\PSoC5/emFile_1_SPI0_PM.c **** * Function Name: emFile_1_SPI0_SaveConfig
  33:Generated_Source\PSoC5/emFile_1_SPI0_PM.c **** ********************************************************************************
  34:Generated_Source\PSoC5/emFile_1_SPI0_PM.c **** *
  35:Generated_Source\PSoC5/emFile_1_SPI0_PM.c **** * Summary:
  36:Generated_Source\PSoC5/emFile_1_SPI0_PM.c **** *  Saves SPIM configuration.
  37:Generated_Source\PSoC5/emFile_1_SPI0_PM.c **** *
  38:Generated_Source\PSoC5/emFile_1_SPI0_PM.c **** * Parameters:
  39:Generated_Source\PSoC5/emFile_1_SPI0_PM.c **** *  None.
  40:Generated_Source\PSoC5/emFile_1_SPI0_PM.c **** *
  41:Generated_Source\PSoC5/emFile_1_SPI0_PM.c **** * Return:
  42:Generated_Source\PSoC5/emFile_1_SPI0_PM.c **** *  None.
  43:Generated_Source\PSoC5/emFile_1_SPI0_PM.c **** *
  44:Generated_Source\PSoC5/emFile_1_SPI0_PM.c **** * Global Variables:
  45:Generated_Source\PSoC5/emFile_1_SPI0_PM.c **** *  emFile_1_SPI0_backup - modified when non-retention registers are saved.
  46:Generated_Source\PSoC5/emFile_1_SPI0_PM.c **** *
  47:Generated_Source\PSoC5/emFile_1_SPI0_PM.c **** * Reentrant:
  48:Generated_Source\PSoC5/emFile_1_SPI0_PM.c **** *  No.
  49:Generated_Source\PSoC5/emFile_1_SPI0_PM.c **** *
  50:Generated_Source\PSoC5/emFile_1_SPI0_PM.c **** *******************************************************************************/
  51:Generated_Source\PSoC5/emFile_1_SPI0_PM.c **** void emFile_1_SPI0_SaveConfig(void) 
  52:Generated_Source\PSoC5/emFile_1_SPI0_PM.c **** {
  28              		.loc 1 52 0
  29              		.cfi_startproc
  30              		@ args = 0, pretend = 0, frame = 0
  31              		@ frame_needed = 0, uses_anonymous_args = 0
  32              		@ link register save eliminated.
  33 0000 7047     		bx	lr
  34              		.cfi_endproc
  35              	.LFE0:
  36              		.size	emFile_1_SPI0_SaveConfig, .-emFile_1_SPI0_SaveConfig
  37 0002 00BF     		.section	.text.emFile_1_SPI0_RestoreConfig,"ax",%progbits
  38              		.align	2
  39              		.global	emFile_1_SPI0_RestoreConfig
  40              		.thumb
  41              		.thumb_func
  42              		.type	emFile_1_SPI0_RestoreConfig, %function
  43              	emFile_1_SPI0_RestoreConfig:
  44              	.LFB1:
  53:Generated_Source\PSoC5/emFile_1_SPI0_PM.c ****     /* Store Status Mask registers */
  54:Generated_Source\PSoC5/emFile_1_SPI0_PM.c ****     #if(CY_UDB_V0)
  55:Generated_Source\PSoC5/emFile_1_SPI0_PM.c ****        emFile_1_SPI0_backup.cntrPeriod      = emFile_1_SPI0_COUNTER_PERIOD_REG;
  56:Generated_Source\PSoC5/emFile_1_SPI0_PM.c ****        emFile_1_SPI0_backup.saveSrTxIntMask = emFile_1_SPI0_TX_STATUS_MASK_REG;
  57:Generated_Source\PSoC5/emFile_1_SPI0_PM.c ****        emFile_1_SPI0_backup.saveSrRxIntMask = emFile_1_SPI0_RX_STATUS_MASK_REG;
  58:Generated_Source\PSoC5/emFile_1_SPI0_PM.c ****     #endif /* (CY_UDB_V0) */
  59:Generated_Source\PSoC5/emFile_1_SPI0_PM.c **** }
  60:Generated_Source\PSoC5/emFile_1_SPI0_PM.c **** 
  61:Generated_Source\PSoC5/emFile_1_SPI0_PM.c **** 
  62:Generated_Source\PSoC5/emFile_1_SPI0_PM.c **** /*******************************************************************************
  63:Generated_Source\PSoC5/emFile_1_SPI0_PM.c **** * Function Name: emFile_1_SPI0_RestoreConfig
  64:Generated_Source\PSoC5/emFile_1_SPI0_PM.c **** ********************************************************************************
  65:Generated_Source\PSoC5/emFile_1_SPI0_PM.c **** *
  66:Generated_Source\PSoC5/emFile_1_SPI0_PM.c **** * Summary:
  67:Generated_Source\PSoC5/emFile_1_SPI0_PM.c **** *  Restores SPIM configuration.
  68:Generated_Source\PSoC5/emFile_1_SPI0_PM.c **** *
  69:Generated_Source\PSoC5/emFile_1_SPI0_PM.c **** * Parameters:
  70:Generated_Source\PSoC5/emFile_1_SPI0_PM.c **** *  None.
ARM GAS  C:\Users\JACOB-~1\AppData\Local\Temp\ccyGGbmT.s 			page 3


  71:Generated_Source\PSoC5/emFile_1_SPI0_PM.c **** *
  72:Generated_Source\PSoC5/emFile_1_SPI0_PM.c **** * Return:
  73:Generated_Source\PSoC5/emFile_1_SPI0_PM.c **** *  None.
  74:Generated_Source\PSoC5/emFile_1_SPI0_PM.c **** *
  75:Generated_Source\PSoC5/emFile_1_SPI0_PM.c **** * Global Variables:
  76:Generated_Source\PSoC5/emFile_1_SPI0_PM.c **** *  emFile_1_SPI0_backup - used when non-retention registers are restored.
  77:Generated_Source\PSoC5/emFile_1_SPI0_PM.c **** *
  78:Generated_Source\PSoC5/emFile_1_SPI0_PM.c **** * Side Effects:
  79:Generated_Source\PSoC5/emFile_1_SPI0_PM.c **** *  If this API is called without first calling SaveConfig then in the following
  80:Generated_Source\PSoC5/emFile_1_SPI0_PM.c **** *  registers will be default values from Customizer:
  81:Generated_Source\PSoC5/emFile_1_SPI0_PM.c **** *  emFile_1_SPI0_STATUS_MASK_REG and emFile_1_SPI0_COUNTER_PERIOD_REG.
  82:Generated_Source\PSoC5/emFile_1_SPI0_PM.c **** *
  83:Generated_Source\PSoC5/emFile_1_SPI0_PM.c **** *******************************************************************************/
  84:Generated_Source\PSoC5/emFile_1_SPI0_PM.c **** void emFile_1_SPI0_RestoreConfig(void) 
  85:Generated_Source\PSoC5/emFile_1_SPI0_PM.c **** {
  45              		.loc 1 85 0
  46              		.cfi_startproc
  47              		@ args = 0, pretend = 0, frame = 0
  48              		@ frame_needed = 0, uses_anonymous_args = 0
  49              		@ link register save eliminated.
  50 0000 7047     		bx	lr
  51              		.cfi_endproc
  52              	.LFE1:
  53              		.size	emFile_1_SPI0_RestoreConfig, .-emFile_1_SPI0_RestoreConfig
  54 0002 00BF     		.section	.text.emFile_1_SPI0_Sleep,"ax",%progbits
  55              		.align	2
  56              		.global	emFile_1_SPI0_Sleep
  57              		.thumb
  58              		.thumb_func
  59              		.type	emFile_1_SPI0_Sleep, %function
  60              	emFile_1_SPI0_Sleep:
  61              	.LFB2:
  86:Generated_Source\PSoC5/emFile_1_SPI0_PM.c ****     /* Restore the data, saved by SaveConfig() function */
  87:Generated_Source\PSoC5/emFile_1_SPI0_PM.c ****     #if(CY_UDB_V0)
  88:Generated_Source\PSoC5/emFile_1_SPI0_PM.c ****         emFile_1_SPI0_COUNTER_PERIOD_REG = emFile_1_SPI0_backup.cntrPeriod;
  89:Generated_Source\PSoC5/emFile_1_SPI0_PM.c ****         emFile_1_SPI0_TX_STATUS_MASK_REG = ((uint8) emFile_1_SPI0_backup.saveSrTxIntMask);
  90:Generated_Source\PSoC5/emFile_1_SPI0_PM.c ****         emFile_1_SPI0_RX_STATUS_MASK_REG = ((uint8) emFile_1_SPI0_backup.saveSrRxIntMask);
  91:Generated_Source\PSoC5/emFile_1_SPI0_PM.c ****     #endif /* (CY_UDB_V0) */
  92:Generated_Source\PSoC5/emFile_1_SPI0_PM.c **** }
  93:Generated_Source\PSoC5/emFile_1_SPI0_PM.c **** 
  94:Generated_Source\PSoC5/emFile_1_SPI0_PM.c **** 
  95:Generated_Source\PSoC5/emFile_1_SPI0_PM.c **** /*******************************************************************************
  96:Generated_Source\PSoC5/emFile_1_SPI0_PM.c **** * Function Name: emFile_1_SPI0_Sleep
  97:Generated_Source\PSoC5/emFile_1_SPI0_PM.c **** ********************************************************************************
  98:Generated_Source\PSoC5/emFile_1_SPI0_PM.c **** *
  99:Generated_Source\PSoC5/emFile_1_SPI0_PM.c **** * Summary:
 100:Generated_Source\PSoC5/emFile_1_SPI0_PM.c **** *  Prepare SPIM Component goes to sleep.
 101:Generated_Source\PSoC5/emFile_1_SPI0_PM.c **** *
 102:Generated_Source\PSoC5/emFile_1_SPI0_PM.c **** * Parameters:
 103:Generated_Source\PSoC5/emFile_1_SPI0_PM.c **** *  None.
 104:Generated_Source\PSoC5/emFile_1_SPI0_PM.c **** *
 105:Generated_Source\PSoC5/emFile_1_SPI0_PM.c **** * Return:
 106:Generated_Source\PSoC5/emFile_1_SPI0_PM.c **** *  None.
 107:Generated_Source\PSoC5/emFile_1_SPI0_PM.c **** *
 108:Generated_Source\PSoC5/emFile_1_SPI0_PM.c **** * Global Variables:
 109:Generated_Source\PSoC5/emFile_1_SPI0_PM.c **** *  emFile_1_SPI0_backup - modified when non-retention registers are saved.
 110:Generated_Source\PSoC5/emFile_1_SPI0_PM.c **** *
ARM GAS  C:\Users\JACOB-~1\AppData\Local\Temp\ccyGGbmT.s 			page 4


 111:Generated_Source\PSoC5/emFile_1_SPI0_PM.c **** * Reentrant:
 112:Generated_Source\PSoC5/emFile_1_SPI0_PM.c **** *  No.
 113:Generated_Source\PSoC5/emFile_1_SPI0_PM.c **** *
 114:Generated_Source\PSoC5/emFile_1_SPI0_PM.c **** *******************************************************************************/
 115:Generated_Source\PSoC5/emFile_1_SPI0_PM.c **** void emFile_1_SPI0_Sleep(void) 
 116:Generated_Source\PSoC5/emFile_1_SPI0_PM.c **** {
  62              		.loc 1 116 0
  63              		.cfi_startproc
  64              		@ args = 0, pretend = 0, frame = 0
  65              		@ frame_needed = 0, uses_anonymous_args = 0
  66              		.loc 1 116 0
  67 0000 08B5     		push	{r3, lr}
  68              		.cfi_def_cfa_offset 8
  69              		.cfi_offset 3, -8
  70              		.cfi_offset 14, -4
 117:Generated_Source\PSoC5/emFile_1_SPI0_PM.c ****     /* Save components enable state */
 118:Generated_Source\PSoC5/emFile_1_SPI0_PM.c ****     emFile_1_SPI0_backup.enableState = ((uint8) emFile_1_SPI0_IS_ENABLED);
  71              		.loc 1 118 0
  72 0002 044B     		ldr	r3, .L5
  73 0004 1B78     		ldrb	r3, [r3]	@ zero_extendqisi2
  74 0006 C3F30013 		ubfx	r3, r3, #4, #1
  75 000a 034A     		ldr	r2, .L5+4
  76 000c 1370     		strb	r3, [r2]
 119:Generated_Source\PSoC5/emFile_1_SPI0_PM.c **** 
 120:Generated_Source\PSoC5/emFile_1_SPI0_PM.c ****     emFile_1_SPI0_Stop();
  77              		.loc 1 120 0
  78 000e FFF7FEFF 		bl	emFile_1_SPI0_Stop
  79              	.LVL0:
  80 0012 08BD     		pop	{r3, pc}
  81              	.L6:
  82              		.align	2
  83              	.L5:
  84 0014 92640040 		.word	1073767570
  85 0018 00000000 		.word	.LANCHOR0
  86              		.cfi_endproc
  87              	.LFE2:
  88              		.size	emFile_1_SPI0_Sleep, .-emFile_1_SPI0_Sleep
  89              		.section	.text.emFile_1_SPI0_Wakeup,"ax",%progbits
  90              		.align	2
  91              		.global	emFile_1_SPI0_Wakeup
  92              		.thumb
  93              		.thumb_func
  94              		.type	emFile_1_SPI0_Wakeup, %function
  95              	emFile_1_SPI0_Wakeup:
  96              	.LFB3:
 121:Generated_Source\PSoC5/emFile_1_SPI0_PM.c ****     emFile_1_SPI0_SaveConfig();
 122:Generated_Source\PSoC5/emFile_1_SPI0_PM.c **** }
 123:Generated_Source\PSoC5/emFile_1_SPI0_PM.c **** 
 124:Generated_Source\PSoC5/emFile_1_SPI0_PM.c **** 
 125:Generated_Source\PSoC5/emFile_1_SPI0_PM.c **** /*******************************************************************************
 126:Generated_Source\PSoC5/emFile_1_SPI0_PM.c **** * Function Name: emFile_1_SPI0_Wakeup
 127:Generated_Source\PSoC5/emFile_1_SPI0_PM.c **** ********************************************************************************
 128:Generated_Source\PSoC5/emFile_1_SPI0_PM.c **** *
 129:Generated_Source\PSoC5/emFile_1_SPI0_PM.c **** * Summary:
 130:Generated_Source\PSoC5/emFile_1_SPI0_PM.c **** *  Prepare SPIM Component to wake up.
 131:Generated_Source\PSoC5/emFile_1_SPI0_PM.c **** *
 132:Generated_Source\PSoC5/emFile_1_SPI0_PM.c **** * Parameters:
ARM GAS  C:\Users\JACOB-~1\AppData\Local\Temp\ccyGGbmT.s 			page 5


 133:Generated_Source\PSoC5/emFile_1_SPI0_PM.c **** *  None.
 134:Generated_Source\PSoC5/emFile_1_SPI0_PM.c **** *
 135:Generated_Source\PSoC5/emFile_1_SPI0_PM.c **** * Return:
 136:Generated_Source\PSoC5/emFile_1_SPI0_PM.c **** *  None.
 137:Generated_Source\PSoC5/emFile_1_SPI0_PM.c **** *
 138:Generated_Source\PSoC5/emFile_1_SPI0_PM.c **** * Global Variables:
 139:Generated_Source\PSoC5/emFile_1_SPI0_PM.c **** *  emFile_1_SPI0_backup - used when non-retention registers are restored.
 140:Generated_Source\PSoC5/emFile_1_SPI0_PM.c **** *  emFile_1_SPI0_txBufferWrite - modified every function call - resets to
 141:Generated_Source\PSoC5/emFile_1_SPI0_PM.c **** *  zero.
 142:Generated_Source\PSoC5/emFile_1_SPI0_PM.c **** *  emFile_1_SPI0_txBufferRead - modified every function call - resets to
 143:Generated_Source\PSoC5/emFile_1_SPI0_PM.c **** *  zero.
 144:Generated_Source\PSoC5/emFile_1_SPI0_PM.c **** *  emFile_1_SPI0_rxBufferWrite - modified every function call - resets to
 145:Generated_Source\PSoC5/emFile_1_SPI0_PM.c **** *  zero.
 146:Generated_Source\PSoC5/emFile_1_SPI0_PM.c **** *  emFile_1_SPI0_rxBufferRead - modified every function call - resets to
 147:Generated_Source\PSoC5/emFile_1_SPI0_PM.c **** *  zero.
 148:Generated_Source\PSoC5/emFile_1_SPI0_PM.c **** *
 149:Generated_Source\PSoC5/emFile_1_SPI0_PM.c **** * Reentrant:
 150:Generated_Source\PSoC5/emFile_1_SPI0_PM.c **** *  No.
 151:Generated_Source\PSoC5/emFile_1_SPI0_PM.c **** *
 152:Generated_Source\PSoC5/emFile_1_SPI0_PM.c **** *******************************************************************************/
 153:Generated_Source\PSoC5/emFile_1_SPI0_PM.c **** void emFile_1_SPI0_Wakeup(void) 
 154:Generated_Source\PSoC5/emFile_1_SPI0_PM.c **** {
  97              		.loc 1 154 0
  98              		.cfi_startproc
  99              		@ args = 0, pretend = 0, frame = 0
 100              		@ frame_needed = 0, uses_anonymous_args = 0
 101 0000 08B5     		push	{r3, lr}
 102              		.cfi_def_cfa_offset 8
 103              		.cfi_offset 3, -8
 104              		.cfi_offset 14, -4
 155:Generated_Source\PSoC5/emFile_1_SPI0_PM.c ****     emFile_1_SPI0_RestoreConfig();
 156:Generated_Source\PSoC5/emFile_1_SPI0_PM.c **** 
 157:Generated_Source\PSoC5/emFile_1_SPI0_PM.c ****     #if(emFile_1_SPI0_RX_SOFTWARE_BUF_ENABLED)
 158:Generated_Source\PSoC5/emFile_1_SPI0_PM.c ****         emFile_1_SPI0_rxBufferFull  = 0u;
 159:Generated_Source\PSoC5/emFile_1_SPI0_PM.c ****         emFile_1_SPI0_rxBufferRead  = 0u;
 160:Generated_Source\PSoC5/emFile_1_SPI0_PM.c ****         emFile_1_SPI0_rxBufferWrite = 0u;
 161:Generated_Source\PSoC5/emFile_1_SPI0_PM.c ****     #endif /* (emFile_1_SPI0_RX_SOFTWARE_BUF_ENABLED) */
 162:Generated_Source\PSoC5/emFile_1_SPI0_PM.c **** 
 163:Generated_Source\PSoC5/emFile_1_SPI0_PM.c ****     #if(emFile_1_SPI0_TX_SOFTWARE_BUF_ENABLED)
 164:Generated_Source\PSoC5/emFile_1_SPI0_PM.c ****         emFile_1_SPI0_txBufferFull  = 0u;
 165:Generated_Source\PSoC5/emFile_1_SPI0_PM.c ****         emFile_1_SPI0_txBufferRead  = 0u;
 166:Generated_Source\PSoC5/emFile_1_SPI0_PM.c ****         emFile_1_SPI0_txBufferWrite = 0u;
 167:Generated_Source\PSoC5/emFile_1_SPI0_PM.c ****     #endif /* (emFile_1_SPI0_TX_SOFTWARE_BUF_ENABLED) */
 168:Generated_Source\PSoC5/emFile_1_SPI0_PM.c **** 
 169:Generated_Source\PSoC5/emFile_1_SPI0_PM.c ****     /* Clear any data from the RX and TX FIFO */
 170:Generated_Source\PSoC5/emFile_1_SPI0_PM.c ****     emFile_1_SPI0_ClearFIFO();
 105              		.loc 1 170 0
 106 0002 FFF7FEFF 		bl	emFile_1_SPI0_ClearFIFO
 107              	.LVL1:
 171:Generated_Source\PSoC5/emFile_1_SPI0_PM.c **** 
 172:Generated_Source\PSoC5/emFile_1_SPI0_PM.c ****     /* Restore components block enable state */
 173:Generated_Source\PSoC5/emFile_1_SPI0_PM.c ****     if(0u != emFile_1_SPI0_backup.enableState)
 108              		.loc 1 173 0
 109 0006 034B     		ldr	r3, .L10
 110 0008 1B78     		ldrb	r3, [r3]	@ zero_extendqisi2
 111 000a 0BB1     		cbz	r3, .L7
 174:Generated_Source\PSoC5/emFile_1_SPI0_PM.c ****     {
ARM GAS  C:\Users\JACOB-~1\AppData\Local\Temp\ccyGGbmT.s 			page 6


 175:Generated_Source\PSoC5/emFile_1_SPI0_PM.c ****         emFile_1_SPI0_Enable();
 112              		.loc 1 175 0
 113 000c FFF7FEFF 		bl	emFile_1_SPI0_Enable
 114              	.LVL2:
 115              	.L7:
 116 0010 08BD     		pop	{r3, pc}
 117              	.L11:
 118 0012 00BF     		.align	2
 119              	.L10:
 120 0014 00000000 		.word	.LANCHOR0
 121              		.cfi_endproc
 122              	.LFE3:
 123              		.size	emFile_1_SPI0_Wakeup, .-emFile_1_SPI0_Wakeup
 124              		.data
 125              		.align	2
 126              		.set	.LANCHOR0,. + 0
 127              		.type	emFile_1_SPI0_backup, %object
 128              		.size	emFile_1_SPI0_backup, 2
 129              	emFile_1_SPI0_backup:
 130 0000 00       		.byte	0
 131 0001 0F       		.byte	15
 132              		.text
 133              	.Letext0:
 134              		.file 2 "Generated_Source\\PSoC5\\cytypes.h"
 135              		.file 3 "Generated_Source\\PSoC5\\emFile_1_SPI0.h"
 136              		.section	.debug_info,"",%progbits
 137              	.Ldebug_info0:
 138 0000 6F010000 		.4byte	0x16f
 139 0004 0400     		.2byte	0x4
 140 0006 00000000 		.4byte	.Ldebug_abbrev0
 141 000a 04       		.byte	0x4
 142 000b 01       		.uleb128 0x1
 143 000c E2000000 		.4byte	.LASF26
 144 0010 0C       		.byte	0xc
 145 0011 82000000 		.4byte	.LASF27
 146 0015 12020000 		.4byte	.LASF28
 147 0019 00000000 		.4byte	.Ldebug_ranges0+0
 148 001d 00000000 		.4byte	0
 149 0021 00000000 		.4byte	.Ldebug_line0
 150 0025 02       		.uleb128 0x2
 151 0026 01       		.byte	0x1
 152 0027 06       		.byte	0x6
 153 0028 72020000 		.4byte	.LASF0
 154 002c 02       		.uleb128 0x2
 155 002d 01       		.byte	0x1
 156 002e 08       		.byte	0x8
 157 002f D4000000 		.4byte	.LASF1
 158 0033 02       		.uleb128 0x2
 159 0034 02       		.byte	0x2
 160 0035 05       		.byte	0x5
 161 0036 08020000 		.4byte	.LASF2
 162 003a 02       		.uleb128 0x2
 163 003b 02       		.byte	0x2
 164 003c 07       		.byte	0x7
 165 003d 3B000000 		.4byte	.LASF3
 166 0041 02       		.uleb128 0x2
 167 0042 04       		.byte	0x4
ARM GAS  C:\Users\JACOB-~1\AppData\Local\Temp\ccyGGbmT.s 			page 7


 168 0043 05       		.byte	0x5
 169 0044 51020000 		.4byte	.LASF4
 170 0048 02       		.uleb128 0x2
 171 0049 04       		.byte	0x4
 172 004a 07       		.byte	0x7
 173 004b 75010000 		.4byte	.LASF5
 174 004f 02       		.uleb128 0x2
 175 0050 08       		.byte	0x8
 176 0051 05       		.byte	0x5
 177 0052 F5010000 		.4byte	.LASF6
 178 0056 02       		.uleb128 0x2
 179 0057 08       		.byte	0x8
 180 0058 07       		.byte	0x7
 181 0059 D5010000 		.4byte	.LASF7
 182 005d 03       		.uleb128 0x3
 183 005e 04       		.byte	0x4
 184 005f 05       		.byte	0x5
 185 0060 696E7400 		.ascii	"int\000"
 186 0064 02       		.uleb128 0x2
 187 0065 04       		.byte	0x4
 188 0066 07       		.byte	0x7
 189 0067 C8010000 		.4byte	.LASF8
 190 006b 04       		.uleb128 0x4
 191 006c 87010000 		.4byte	.LASF12
 192 0070 02       		.byte	0x2
 193 0071 E401     		.2byte	0x1e4
 194 0073 2C000000 		.4byte	0x2c
 195 0077 02       		.uleb128 0x2
 196 0078 04       		.byte	0x4
 197 0079 04       		.byte	0x4
 198 007a 35000000 		.4byte	.LASF9
 199 007e 02       		.uleb128 0x2
 200 007f 08       		.byte	0x8
 201 0080 04       		.byte	0x4
 202 0081 A2010000 		.4byte	.LASF10
 203 0085 02       		.uleb128 0x2
 204 0086 01       		.byte	0x1
 205 0087 08       		.byte	0x8
 206 0088 03020000 		.4byte	.LASF11
 207 008c 04       		.uleb128 0x4
 208 008d 70010000 		.4byte	.LASF13
 209 0091 02       		.byte	0x2
 210 0092 8E02     		.2byte	0x28e
 211 0094 98000000 		.4byte	0x98
 212 0098 05       		.uleb128 0x5
 213 0099 6B000000 		.4byte	0x6b
 214 009d 02       		.uleb128 0x2
 215 009e 08       		.byte	0x8
 216 009f 04       		.byte	0x4
 217 00a0 66020000 		.4byte	.LASF14
 218 00a4 02       		.uleb128 0x2
 219 00a5 04       		.byte	0x4
 220 00a6 07       		.byte	0x7
 221 00a7 EC010000 		.4byte	.LASF15
 222 00ab 06       		.uleb128 0x6
 223 00ac 02       		.byte	0x2
 224 00ad 03       		.byte	0x3
ARM GAS  C:\Users\JACOB-~1\AppData\Local\Temp\ccyGGbmT.s 			page 8


 225 00ae 46       		.byte	0x46
 226 00af CC000000 		.4byte	0xcc
 227 00b3 07       		.uleb128 0x7
 228 00b4 5A020000 		.4byte	.LASF16
 229 00b8 03       		.byte	0x3
 230 00b9 48       		.byte	0x48
 231 00ba 6B000000 		.4byte	0x6b
 232 00be 00       		.byte	0
 233 00bf 07       		.uleb128 0x7
 234 00c0 A9010000 		.4byte	.LASF17
 235 00c4 03       		.byte	0x3
 236 00c5 49       		.byte	0x49
 237 00c6 6B000000 		.4byte	0x6b
 238 00ca 01       		.byte	0x1
 239 00cb 00       		.byte	0
 240 00cc 08       		.uleb128 0x8
 241 00cd 00000000 		.4byte	.LASF18
 242 00d1 03       		.byte	0x3
 243 00d2 4F       		.byte	0x4f
 244 00d3 AB000000 		.4byte	0xab
 245 00d7 09       		.uleb128 0x9
 246 00d8 1C000000 		.4byte	.LASF19
 247 00dc 01       		.byte	0x1
 248 00dd 33       		.byte	0x33
 249 00de 00000000 		.4byte	.LFB0
 250 00e2 02000000 		.4byte	.LFE0-.LFB0
 251 00e6 01       		.uleb128 0x1
 252 00e7 9C       		.byte	0x9c
 253 00e8 09       		.uleb128 0x9
 254 00e9 66000000 		.4byte	.LASF20
 255 00ed 01       		.byte	0x1
 256 00ee 54       		.byte	0x54
 257 00ef 00000000 		.4byte	.LFB1
 258 00f3 02000000 		.4byte	.LFE1-.LFB1
 259 00f7 01       		.uleb128 0x1
 260 00f8 9C       		.byte	0x9c
 261 00f9 0A       		.uleb128 0xa
 262 00fa B4010000 		.4byte	.LASF21
 263 00fe 01       		.byte	0x1
 264 00ff 73       		.byte	0x73
 265 0100 00000000 		.4byte	.LFB2
 266 0104 1C000000 		.4byte	.LFE2-.LFB2
 267 0108 01       		.uleb128 0x1
 268 0109 9C       		.byte	0x9c
 269 010a 18010000 		.4byte	0x118
 270 010e 0B       		.uleb128 0xb
 271 010f 12000000 		.4byte	.LVL0
 272 0113 51010000 		.4byte	0x151
 273 0117 00       		.byte	0
 274 0118 0A       		.uleb128 0xa
 275 0119 8D010000 		.4byte	.LASF22
 276 011d 01       		.byte	0x1
 277 011e 99       		.byte	0x99
 278 011f 00000000 		.4byte	.LFB3
 279 0123 18000000 		.4byte	.LFE3-.LFB3
 280 0127 01       		.uleb128 0x1
 281 0128 9C       		.byte	0x9c
ARM GAS  C:\Users\JACOB-~1\AppData\Local\Temp\ccyGGbmT.s 			page 9


 282 0129 40010000 		.4byte	0x140
 283 012d 0B       		.uleb128 0xb
 284 012e 06000000 		.4byte	.LVL1
 285 0132 5C010000 		.4byte	0x15c
 286 0136 0B       		.uleb128 0xb
 287 0137 10000000 		.4byte	.LVL2
 288 013b 67010000 		.4byte	0x167
 289 013f 00       		.byte	0
 290 0140 0C       		.uleb128 0xc
 291 0141 BF000000 		.4byte	.LASF29
 292 0145 01       		.byte	0x1
 293 0146 14       		.byte	0x14
 294 0147 CC000000 		.4byte	0xcc
 295 014b 05       		.uleb128 0x5
 296 014c 03       		.byte	0x3
 297 014d 00000000 		.4byte	emFile_1_SPI0_backup
 298 0151 0D       		.uleb128 0xd
 299 0152 AC000000 		.4byte	.LASF23
 300 0156 AC000000 		.4byte	.LASF23
 301 015a 03       		.byte	0x3
 302 015b 59       		.byte	0x59
 303 015c 0D       		.uleb128 0xd
 304 015d 4E000000 		.4byte	.LASF24
 305 0161 4E000000 		.4byte	.LASF24
 306 0165 03       		.byte	0x3
 307 0166 71       		.byte	0x71
 308 0167 0D       		.uleb128 0xd
 309 0168 7E020000 		.4byte	.LASF25
 310 016c 7E020000 		.4byte	.LASF25
 311 0170 03       		.byte	0x3
 312 0171 57       		.byte	0x57
 313 0172 00       		.byte	0
 314              		.section	.debug_abbrev,"",%progbits
 315              	.Ldebug_abbrev0:
 316 0000 01       		.uleb128 0x1
 317 0001 11       		.uleb128 0x11
 318 0002 01       		.byte	0x1
 319 0003 25       		.uleb128 0x25
 320 0004 0E       		.uleb128 0xe
 321 0005 13       		.uleb128 0x13
 322 0006 0B       		.uleb128 0xb
 323 0007 03       		.uleb128 0x3
 324 0008 0E       		.uleb128 0xe
 325 0009 1B       		.uleb128 0x1b
 326 000a 0E       		.uleb128 0xe
 327 000b 55       		.uleb128 0x55
 328 000c 17       		.uleb128 0x17
 329 000d 11       		.uleb128 0x11
 330 000e 01       		.uleb128 0x1
 331 000f 10       		.uleb128 0x10
 332 0010 17       		.uleb128 0x17
 333 0011 00       		.byte	0
 334 0012 00       		.byte	0
 335 0013 02       		.uleb128 0x2
 336 0014 24       		.uleb128 0x24
 337 0015 00       		.byte	0
 338 0016 0B       		.uleb128 0xb
ARM GAS  C:\Users\JACOB-~1\AppData\Local\Temp\ccyGGbmT.s 			page 10


 339 0017 0B       		.uleb128 0xb
 340 0018 3E       		.uleb128 0x3e
 341 0019 0B       		.uleb128 0xb
 342 001a 03       		.uleb128 0x3
 343 001b 0E       		.uleb128 0xe
 344 001c 00       		.byte	0
 345 001d 00       		.byte	0
 346 001e 03       		.uleb128 0x3
 347 001f 24       		.uleb128 0x24
 348 0020 00       		.byte	0
 349 0021 0B       		.uleb128 0xb
 350 0022 0B       		.uleb128 0xb
 351 0023 3E       		.uleb128 0x3e
 352 0024 0B       		.uleb128 0xb
 353 0025 03       		.uleb128 0x3
 354 0026 08       		.uleb128 0x8
 355 0027 00       		.byte	0
 356 0028 00       		.byte	0
 357 0029 04       		.uleb128 0x4
 358 002a 16       		.uleb128 0x16
 359 002b 00       		.byte	0
 360 002c 03       		.uleb128 0x3
 361 002d 0E       		.uleb128 0xe
 362 002e 3A       		.uleb128 0x3a
 363 002f 0B       		.uleb128 0xb
 364 0030 3B       		.uleb128 0x3b
 365 0031 05       		.uleb128 0x5
 366 0032 49       		.uleb128 0x49
 367 0033 13       		.uleb128 0x13
 368 0034 00       		.byte	0
 369 0035 00       		.byte	0
 370 0036 05       		.uleb128 0x5
 371 0037 35       		.uleb128 0x35
 372 0038 00       		.byte	0
 373 0039 49       		.uleb128 0x49
 374 003a 13       		.uleb128 0x13
 375 003b 00       		.byte	0
 376 003c 00       		.byte	0
 377 003d 06       		.uleb128 0x6
 378 003e 13       		.uleb128 0x13
 379 003f 01       		.byte	0x1
 380 0040 0B       		.uleb128 0xb
 381 0041 0B       		.uleb128 0xb
 382 0042 3A       		.uleb128 0x3a
 383 0043 0B       		.uleb128 0xb
 384 0044 3B       		.uleb128 0x3b
 385 0045 0B       		.uleb128 0xb
 386 0046 01       		.uleb128 0x1
 387 0047 13       		.uleb128 0x13
 388 0048 00       		.byte	0
 389 0049 00       		.byte	0
 390 004a 07       		.uleb128 0x7
 391 004b 0D       		.uleb128 0xd
 392 004c 00       		.byte	0
 393 004d 03       		.uleb128 0x3
 394 004e 0E       		.uleb128 0xe
 395 004f 3A       		.uleb128 0x3a
ARM GAS  C:\Users\JACOB-~1\AppData\Local\Temp\ccyGGbmT.s 			page 11


 396 0050 0B       		.uleb128 0xb
 397 0051 3B       		.uleb128 0x3b
 398 0052 0B       		.uleb128 0xb
 399 0053 49       		.uleb128 0x49
 400 0054 13       		.uleb128 0x13
 401 0055 38       		.uleb128 0x38
 402 0056 0B       		.uleb128 0xb
 403 0057 00       		.byte	0
 404 0058 00       		.byte	0
 405 0059 08       		.uleb128 0x8
 406 005a 16       		.uleb128 0x16
 407 005b 00       		.byte	0
 408 005c 03       		.uleb128 0x3
 409 005d 0E       		.uleb128 0xe
 410 005e 3A       		.uleb128 0x3a
 411 005f 0B       		.uleb128 0xb
 412 0060 3B       		.uleb128 0x3b
 413 0061 0B       		.uleb128 0xb
 414 0062 49       		.uleb128 0x49
 415 0063 13       		.uleb128 0x13
 416 0064 00       		.byte	0
 417 0065 00       		.byte	0
 418 0066 09       		.uleb128 0x9
 419 0067 2E       		.uleb128 0x2e
 420 0068 00       		.byte	0
 421 0069 3F       		.uleb128 0x3f
 422 006a 19       		.uleb128 0x19
 423 006b 03       		.uleb128 0x3
 424 006c 0E       		.uleb128 0xe
 425 006d 3A       		.uleb128 0x3a
 426 006e 0B       		.uleb128 0xb
 427 006f 3B       		.uleb128 0x3b
 428 0070 0B       		.uleb128 0xb
 429 0071 27       		.uleb128 0x27
 430 0072 19       		.uleb128 0x19
 431 0073 11       		.uleb128 0x11
 432 0074 01       		.uleb128 0x1
 433 0075 12       		.uleb128 0x12
 434 0076 06       		.uleb128 0x6
 435 0077 40       		.uleb128 0x40
 436 0078 18       		.uleb128 0x18
 437 0079 9742     		.uleb128 0x2117
 438 007b 19       		.uleb128 0x19
 439 007c 00       		.byte	0
 440 007d 00       		.byte	0
 441 007e 0A       		.uleb128 0xa
 442 007f 2E       		.uleb128 0x2e
 443 0080 01       		.byte	0x1
 444 0081 3F       		.uleb128 0x3f
 445 0082 19       		.uleb128 0x19
 446 0083 03       		.uleb128 0x3
 447 0084 0E       		.uleb128 0xe
 448 0085 3A       		.uleb128 0x3a
 449 0086 0B       		.uleb128 0xb
 450 0087 3B       		.uleb128 0x3b
 451 0088 0B       		.uleb128 0xb
 452 0089 27       		.uleb128 0x27
ARM GAS  C:\Users\JACOB-~1\AppData\Local\Temp\ccyGGbmT.s 			page 12


 453 008a 19       		.uleb128 0x19
 454 008b 11       		.uleb128 0x11
 455 008c 01       		.uleb128 0x1
 456 008d 12       		.uleb128 0x12
 457 008e 06       		.uleb128 0x6
 458 008f 40       		.uleb128 0x40
 459 0090 18       		.uleb128 0x18
 460 0091 9742     		.uleb128 0x2117
 461 0093 19       		.uleb128 0x19
 462 0094 01       		.uleb128 0x1
 463 0095 13       		.uleb128 0x13
 464 0096 00       		.byte	0
 465 0097 00       		.byte	0
 466 0098 0B       		.uleb128 0xb
 467 0099 898201   		.uleb128 0x4109
 468 009c 00       		.byte	0
 469 009d 11       		.uleb128 0x11
 470 009e 01       		.uleb128 0x1
 471 009f 31       		.uleb128 0x31
 472 00a0 13       		.uleb128 0x13
 473 00a1 00       		.byte	0
 474 00a2 00       		.byte	0
 475 00a3 0C       		.uleb128 0xc
 476 00a4 34       		.uleb128 0x34
 477 00a5 00       		.byte	0
 478 00a6 03       		.uleb128 0x3
 479 00a7 0E       		.uleb128 0xe
 480 00a8 3A       		.uleb128 0x3a
 481 00a9 0B       		.uleb128 0xb
 482 00aa 3B       		.uleb128 0x3b
 483 00ab 0B       		.uleb128 0xb
 484 00ac 49       		.uleb128 0x49
 485 00ad 13       		.uleb128 0x13
 486 00ae 02       		.uleb128 0x2
 487 00af 18       		.uleb128 0x18
 488 00b0 00       		.byte	0
 489 00b1 00       		.byte	0
 490 00b2 0D       		.uleb128 0xd
 491 00b3 2E       		.uleb128 0x2e
 492 00b4 00       		.byte	0
 493 00b5 3F       		.uleb128 0x3f
 494 00b6 19       		.uleb128 0x19
 495 00b7 3C       		.uleb128 0x3c
 496 00b8 19       		.uleb128 0x19
 497 00b9 6E       		.uleb128 0x6e
 498 00ba 0E       		.uleb128 0xe
 499 00bb 03       		.uleb128 0x3
 500 00bc 0E       		.uleb128 0xe
 501 00bd 3A       		.uleb128 0x3a
 502 00be 0B       		.uleb128 0xb
 503 00bf 3B       		.uleb128 0x3b
 504 00c0 0B       		.uleb128 0xb
 505 00c1 00       		.byte	0
 506 00c2 00       		.byte	0
 507 00c3 00       		.byte	0
 508              		.section	.debug_aranges,"",%progbits
 509 0000 34000000 		.4byte	0x34
ARM GAS  C:\Users\JACOB-~1\AppData\Local\Temp\ccyGGbmT.s 			page 13


 510 0004 0200     		.2byte	0x2
 511 0006 00000000 		.4byte	.Ldebug_info0
 512 000a 04       		.byte	0x4
 513 000b 00       		.byte	0
 514 000c 0000     		.2byte	0
 515 000e 0000     		.2byte	0
 516 0010 00000000 		.4byte	.LFB0
 517 0014 02000000 		.4byte	.LFE0-.LFB0
 518 0018 00000000 		.4byte	.LFB1
 519 001c 02000000 		.4byte	.LFE1-.LFB1
 520 0020 00000000 		.4byte	.LFB2
 521 0024 1C000000 		.4byte	.LFE2-.LFB2
 522 0028 00000000 		.4byte	.LFB3
 523 002c 18000000 		.4byte	.LFE3-.LFB3
 524 0030 00000000 		.4byte	0
 525 0034 00000000 		.4byte	0
 526              		.section	.debug_ranges,"",%progbits
 527              	.Ldebug_ranges0:
 528 0000 00000000 		.4byte	.LFB0
 529 0004 02000000 		.4byte	.LFE0
 530 0008 00000000 		.4byte	.LFB1
 531 000c 02000000 		.4byte	.LFE1
 532 0010 00000000 		.4byte	.LFB2
 533 0014 1C000000 		.4byte	.LFE2
 534 0018 00000000 		.4byte	.LFB3
 535 001c 18000000 		.4byte	.LFE3
 536 0020 00000000 		.4byte	0
 537 0024 00000000 		.4byte	0
 538              		.section	.debug_line,"",%progbits
 539              	.Ldebug_line0:
 540 0000 AD000000 		.section	.debug_str,"MS",%progbits,1
 540      02006000 
 540      00000201 
 540      FB0E0D00 
 540      01010101 
 541              	.LASF18:
 542 0000 656D4669 		.ascii	"emFile_1_SPI0_BACKUP_STRUCT\000"
 542      6C655F31 
 542      5F535049 
 542      305F4241 
 542      434B5550 
 543              	.LASF19:
 544 001c 656D4669 		.ascii	"emFile_1_SPI0_SaveConfig\000"
 544      6C655F31 
 544      5F535049 
 544      305F5361 
 544      7665436F 
 545              	.LASF9:
 546 0035 666C6F61 		.ascii	"float\000"
 546      7400
 547              	.LASF3:
 548 003b 73686F72 		.ascii	"short unsigned int\000"
 548      7420756E 
 548      7369676E 
 548      65642069 
 548      6E7400
 549              	.LASF24:
ARM GAS  C:\Users\JACOB-~1\AppData\Local\Temp\ccyGGbmT.s 			page 14


 550 004e 656D4669 		.ascii	"emFile_1_SPI0_ClearFIFO\000"
 550      6C655F31 
 550      5F535049 
 550      305F436C 
 550      65617246 
 551              	.LASF20:
 552 0066 656D4669 		.ascii	"emFile_1_SPI0_RestoreConfig\000"
 552      6C655F31 
 552      5F535049 
 552      305F5265 
 552      73746F72 
 553              	.LASF27:
 554 0082 47656E65 		.ascii	"Generated_Source\\PSoC5\\emFile_1_SPI0_PM.c\000"
 554      72617465 
 554      645F536F 
 554      75726365 
 554      5C50536F 
 555              	.LASF23:
 556 00ac 656D4669 		.ascii	"emFile_1_SPI0_Stop\000"
 556      6C655F31 
 556      5F535049 
 556      305F5374 
 556      6F7000
 557              	.LASF29:
 558 00bf 656D4669 		.ascii	"emFile_1_SPI0_backup\000"
 558      6C655F31 
 558      5F535049 
 558      305F6261 
 558      636B7570 
 559              	.LASF1:
 560 00d4 756E7369 		.ascii	"unsigned char\000"
 560      676E6564 
 560      20636861 
 560      7200
 561              	.LASF26:
 562 00e2 474E5520 		.ascii	"GNU C11 5.4.1 20160609 (release) [ARM/embedded-5-br"
 562      43313120 
 562      352E342E 
 562      31203230 
 562      31363036 
 563 0115 616E6368 		.ascii	"anch revision 237715] -mcpu=cortex-m3 -mthumb -g -O"
 563      20726576 
 563      6973696F 
 563      6E203233 
 563      37373135 
 564 0148 67202D66 		.ascii	"g -ffunction-sections -ffat-lto-objects\000"
 564      66756E63 
 564      74696F6E 
 564      2D736563 
 564      74696F6E 
 565              	.LASF13:
 566 0170 72656738 		.ascii	"reg8\000"
 566      00
 567              	.LASF5:
 568 0175 6C6F6E67 		.ascii	"long unsigned int\000"
 568      20756E73 
 568      69676E65 
ARM GAS  C:\Users\JACOB-~1\AppData\Local\Temp\ccyGGbmT.s 			page 15


 568      6420696E 
 568      7400
 569              	.LASF12:
 570 0187 75696E74 		.ascii	"uint8\000"
 570      3800
 571              	.LASF22:
 572 018d 656D4669 		.ascii	"emFile_1_SPI0_Wakeup\000"
 572      6C655F31 
 572      5F535049 
 572      305F5761 
 572      6B657570 
 573              	.LASF10:
 574 01a2 646F7562 		.ascii	"double\000"
 574      6C6500
 575              	.LASF17:
 576 01a9 636E7472 		.ascii	"cntrPeriod\000"
 576      50657269 
 576      6F6400
 577              	.LASF21:
 578 01b4 656D4669 		.ascii	"emFile_1_SPI0_Sleep\000"
 578      6C655F31 
 578      5F535049 
 578      305F536C 
 578      65657000 
 579              	.LASF8:
 580 01c8 756E7369 		.ascii	"unsigned int\000"
 580      676E6564 
 580      20696E74 
 580      00
 581              	.LASF7:
 582 01d5 6C6F6E67 		.ascii	"long long unsigned int\000"
 582      206C6F6E 
 582      6720756E 
 582      7369676E 
 582      65642069 
 583              	.LASF15:
 584 01ec 73697A65 		.ascii	"sizetype\000"
 584      74797065 
 584      00
 585              	.LASF6:
 586 01f5 6C6F6E67 		.ascii	"long long int\000"
 586      206C6F6E 
 586      6720696E 
 586      7400
 587              	.LASF11:
 588 0203 63686172 		.ascii	"char\000"
 588      00
 589              	.LASF2:
 590 0208 73686F72 		.ascii	"short int\000"
 590      7420696E 
 590      7400
 591              	.LASF28:
 592 0212 443A5C44 		.ascii	"D:\\Downloads\\Fix_shit\\Senior Project Integrated\\"
 592      6F776E6C 
 592      6F616473 
 592      5C466978 
 592      5F736869 
ARM GAS  C:\Users\JACOB-~1\AppData\Local\Temp\ccyGGbmT.s 			page 16


 593 0242 44657369 		.ascii	"Design01.cydsn\000"
 593      676E3031 
 593      2E637964 
 593      736E00
 594              	.LASF4:
 595 0251 6C6F6E67 		.ascii	"long int\000"
 595      20696E74 
 595      00
 596              	.LASF16:
 597 025a 656E6162 		.ascii	"enableState\000"
 597      6C655374 
 597      61746500 
 598              	.LASF14:
 599 0266 6C6F6E67 		.ascii	"long double\000"
 599      20646F75 
 599      626C6500 
 600              	.LASF0:
 601 0272 7369676E 		.ascii	"signed char\000"
 601      65642063 
 601      68617200 
 602              	.LASF25:
 603 027e 656D4669 		.ascii	"emFile_1_SPI0_Enable\000"
 603      6C655F31 
 603      5F535049 
 603      305F456E 
 603      61626C65 
 604              		.ident	"GCC: (GNU Tools for ARM Embedded Processors) 5.4.1 20160609 (release) [ARM/embedded-5-bran
