<<<<<<< HEAD
ARM GAS  C:\Users\legoc\AppData\Local\Temp\cccqPQry.s 			page 1
=======
ARM GAS  C:\Users\JACOB-~1\AppData\Local\Temp\ccnuWyEZ.s 			page 1
>>>>>>> 2d7ecf86914b76bbbaff7e814c9baff7add3da2a


   1              		.syntax unified
   2              		.cpu cortex-m3
   3              		.fpu softvfp
   4              		.eabi_attribute 20, 1
   5              		.eabi_attribute 21, 1
   6              		.eabi_attribute 23, 3
   7              		.eabi_attribute 24, 1
   8              		.eabi_attribute 25, 1
   9              		.eabi_attribute 26, 1
  10              		.eabi_attribute 30, 1
  11              		.eabi_attribute 34, 1
  12              		.eabi_attribute 18, 4
  13              		.thumb
  14              		.syntax unified
  15              		.file	"emFile_1_SPI0_CS.c"
  16              		.text
  17              	.Ltext0:
  18              		.cfi_sections	.debug_frame
  19              		.section	.text.emFile_1_SPI0_CS_Write,"ax",%progbits
  20              		.align	2
  21              		.global	emFile_1_SPI0_CS_Write
  22              		.thumb
  23              		.thumb_func
  24              		.type	emFile_1_SPI0_CS_Write, %function
  25              	emFile_1_SPI0_CS_Write:
  26              	.LFB0:
  27              		.file 1 "Generated_Source\\PSoC5\\emFile_1_SPI0_CS.c"
   1:Generated_Source\PSoC5/emFile_1_SPI0_CS.c **** /*******************************************************************************
   2:Generated_Source\PSoC5/emFile_1_SPI0_CS.c **** * File Name: emFile_1_SPI0_CS.c  
   3:Generated_Source\PSoC5/emFile_1_SPI0_CS.c **** * Version 2.0
   4:Generated_Source\PSoC5/emFile_1_SPI0_CS.c **** *
   5:Generated_Source\PSoC5/emFile_1_SPI0_CS.c **** * Description:
   6:Generated_Source\PSoC5/emFile_1_SPI0_CS.c **** *  This file contains API to enable firmware control of a Pins component.
   7:Generated_Source\PSoC5/emFile_1_SPI0_CS.c **** *
   8:Generated_Source\PSoC5/emFile_1_SPI0_CS.c **** * Note:
   9:Generated_Source\PSoC5/emFile_1_SPI0_CS.c **** *
  10:Generated_Source\PSoC5/emFile_1_SPI0_CS.c **** ********************************************************************************
  11:Generated_Source\PSoC5/emFile_1_SPI0_CS.c **** * Copyright 2008-2014, Cypress Semiconductor Corporation.  All rights reserved.
  12:Generated_Source\PSoC5/emFile_1_SPI0_CS.c **** * You may use this file only in accordance with the license, terms, conditions, 
  13:Generated_Source\PSoC5/emFile_1_SPI0_CS.c **** * disclaimers, and limitations in the end user license agreement accompanying 
  14:Generated_Source\PSoC5/emFile_1_SPI0_CS.c **** * the software package with which this file was provided.
  15:Generated_Source\PSoC5/emFile_1_SPI0_CS.c **** *******************************************************************************/
  16:Generated_Source\PSoC5/emFile_1_SPI0_CS.c **** 
  17:Generated_Source\PSoC5/emFile_1_SPI0_CS.c **** #include "cytypes.h"
  18:Generated_Source\PSoC5/emFile_1_SPI0_CS.c **** #include "emFile_1_SPI0_CS.h"
  19:Generated_Source\PSoC5/emFile_1_SPI0_CS.c **** 
  20:Generated_Source\PSoC5/emFile_1_SPI0_CS.c **** /* APIs are not generated for P15[7:6] on PSoC 5 */
  21:Generated_Source\PSoC5/emFile_1_SPI0_CS.c **** #if !(CY_PSOC5A &&\
  22:Generated_Source\PSoC5/emFile_1_SPI0_CS.c **** 	 emFile_1_SPI0_CS__PORT == 15 && ((emFile_1_SPI0_CS__MASK & 0xC0) != 0))
  23:Generated_Source\PSoC5/emFile_1_SPI0_CS.c **** 
  24:Generated_Source\PSoC5/emFile_1_SPI0_CS.c **** 
  25:Generated_Source\PSoC5/emFile_1_SPI0_CS.c **** /*******************************************************************************
  26:Generated_Source\PSoC5/emFile_1_SPI0_CS.c **** * Function Name: emFile_1_SPI0_CS_Write
  27:Generated_Source\PSoC5/emFile_1_SPI0_CS.c **** ********************************************************************************
  28:Generated_Source\PSoC5/emFile_1_SPI0_CS.c **** *
  29:Generated_Source\PSoC5/emFile_1_SPI0_CS.c **** * Summary:
  30:Generated_Source\PSoC5/emFile_1_SPI0_CS.c **** *  Assign a new value to the digital port's data output register.  
<<<<<<< HEAD
ARM GAS  C:\Users\legoc\AppData\Local\Temp\cccqPQry.s 			page 2
=======
ARM GAS  C:\Users\JACOB-~1\AppData\Local\Temp\ccnuWyEZ.s 			page 2
>>>>>>> 2d7ecf86914b76bbbaff7e814c9baff7add3da2a


  31:Generated_Source\PSoC5/emFile_1_SPI0_CS.c **** *
  32:Generated_Source\PSoC5/emFile_1_SPI0_CS.c **** * Parameters:  
  33:Generated_Source\PSoC5/emFile_1_SPI0_CS.c **** *  prtValue:  The value to be assigned to the Digital Port. 
  34:Generated_Source\PSoC5/emFile_1_SPI0_CS.c **** *
  35:Generated_Source\PSoC5/emFile_1_SPI0_CS.c **** * Return: 
  36:Generated_Source\PSoC5/emFile_1_SPI0_CS.c **** *  None
  37:Generated_Source\PSoC5/emFile_1_SPI0_CS.c **** *  
  38:Generated_Source\PSoC5/emFile_1_SPI0_CS.c **** *******************************************************************************/
  39:Generated_Source\PSoC5/emFile_1_SPI0_CS.c **** void emFile_1_SPI0_CS_Write(uint8 value) 
  40:Generated_Source\PSoC5/emFile_1_SPI0_CS.c **** {
  28              		.loc 1 40 0
  29              		.cfi_startproc
  30              		@ args = 0, pretend = 0, frame = 0
  31              		@ frame_needed = 0, uses_anonymous_args = 0
  32              		@ link register save eliminated.
  33              	.LVL0:
  41:Generated_Source\PSoC5/emFile_1_SPI0_CS.c ****     uint8 staticBits = (emFile_1_SPI0_CS_DR & (uint8)(~emFile_1_SPI0_CS_MASK));
  34              		.loc 1 41 0
  35 0000 044A     		ldr	r2, .L2
  36 0002 1378     		ldrb	r3, [r2]	@ zero_extendqisi2
  37 0004 03F0FE03 		and	r3, r3, #254
  38              	.LVL1:
  42:Generated_Source\PSoC5/emFile_1_SPI0_CS.c ****     emFile_1_SPI0_CS_DR = staticBits | ((uint8)(value << emFile_1_SPI0_CS_SHIFT) & emFile_1_SPI0_CS
  39              		.loc 1 42 0
  40 0008 00F00100 		and	r0, r0, #1
  41              	.LVL2:
  42 000c 1843     		orrs	r0, r0, r3
  43 000e 1070     		strb	r0, [r2]
  44 0010 7047     		bx	lr
  45              	.L3:
  46 0012 00BF     		.align	2
  47              	.L2:
  48 0014 30510040 		.word	1073762608
  49              		.cfi_endproc
  50              	.LFE0:
  51              		.size	emFile_1_SPI0_CS_Write, .-emFile_1_SPI0_CS_Write
  52              		.section	.text.emFile_1_SPI0_CS_SetDriveMode,"ax",%progbits
  53              		.align	2
  54              		.global	emFile_1_SPI0_CS_SetDriveMode
  55              		.thumb
  56              		.thumb_func
  57              		.type	emFile_1_SPI0_CS_SetDriveMode, %function
  58              	emFile_1_SPI0_CS_SetDriveMode:
  59              	.LFB1:
  43:Generated_Source\PSoC5/emFile_1_SPI0_CS.c **** }
  44:Generated_Source\PSoC5/emFile_1_SPI0_CS.c **** 
  45:Generated_Source\PSoC5/emFile_1_SPI0_CS.c **** 
  46:Generated_Source\PSoC5/emFile_1_SPI0_CS.c **** /*******************************************************************************
  47:Generated_Source\PSoC5/emFile_1_SPI0_CS.c **** * Function Name: emFile_1_SPI0_CS_SetDriveMode
  48:Generated_Source\PSoC5/emFile_1_SPI0_CS.c **** ********************************************************************************
  49:Generated_Source\PSoC5/emFile_1_SPI0_CS.c **** *
  50:Generated_Source\PSoC5/emFile_1_SPI0_CS.c **** * Summary:
  51:Generated_Source\PSoC5/emFile_1_SPI0_CS.c **** *  Change the drive mode on the pins of the port.
  52:Generated_Source\PSoC5/emFile_1_SPI0_CS.c **** * 
  53:Generated_Source\PSoC5/emFile_1_SPI0_CS.c **** * Parameters:  
  54:Generated_Source\PSoC5/emFile_1_SPI0_CS.c **** *  mode:  Change the pins to one of the following drive modes.
<<<<<<< HEAD
  55:Generated_Source\PSoC5/emFile_1_SPI0_CS.c **** *
ARM GAS  C:\Users\legoc\AppData\Local\Temp\cccqPQry.s 			page 3
=======
ARM GAS  C:\Users\JACOB-~1\AppData\Local\Temp\ccnuWyEZ.s 			page 3
>>>>>>> 2d7ecf86914b76bbbaff7e814c9baff7add3da2a


  56:Generated_Source\PSoC5/emFile_1_SPI0_CS.c **** *  emFile_1_SPI0_CS_DM_STRONG     Strong Drive 
  57:Generated_Source\PSoC5/emFile_1_SPI0_CS.c **** *  emFile_1_SPI0_CS_DM_OD_HI      Open Drain, Drives High 
  58:Generated_Source\PSoC5/emFile_1_SPI0_CS.c **** *  emFile_1_SPI0_CS_DM_OD_LO      Open Drain, Drives Low 
  59:Generated_Source\PSoC5/emFile_1_SPI0_CS.c **** *  emFile_1_SPI0_CS_DM_RES_UP     Resistive Pull Up 
  60:Generated_Source\PSoC5/emFile_1_SPI0_CS.c **** *  emFile_1_SPI0_CS_DM_RES_DWN    Resistive Pull Down 
  61:Generated_Source\PSoC5/emFile_1_SPI0_CS.c **** *  emFile_1_SPI0_CS_DM_RES_UPDWN  Resistive Pull Up/Down 
  62:Generated_Source\PSoC5/emFile_1_SPI0_CS.c **** *  emFile_1_SPI0_CS_DM_DIG_HIZ    High Impedance Digital 
  63:Generated_Source\PSoC5/emFile_1_SPI0_CS.c **** *  emFile_1_SPI0_CS_DM_ALG_HIZ    High Impedance Analog 
  64:Generated_Source\PSoC5/emFile_1_SPI0_CS.c **** *
  65:Generated_Source\PSoC5/emFile_1_SPI0_CS.c **** * Return: 
  66:Generated_Source\PSoC5/emFile_1_SPI0_CS.c **** *  None
  67:Generated_Source\PSoC5/emFile_1_SPI0_CS.c **** *
  68:Generated_Source\PSoC5/emFile_1_SPI0_CS.c **** *******************************************************************************/
  69:Generated_Source\PSoC5/emFile_1_SPI0_CS.c **** void emFile_1_SPI0_CS_SetDriveMode(uint8 mode) 
  70:Generated_Source\PSoC5/emFile_1_SPI0_CS.c **** {
  60              		.loc 1 70 0
  61              		.cfi_startproc
  62              		@ args = 0, pretend = 0, frame = 0
  63              		@ frame_needed = 0, uses_anonymous_args = 0
  64              		@ link register save eliminated.
  65              	.LVL3:
  71:Generated_Source\PSoC5/emFile_1_SPI0_CS.c **** 	CyPins_SetPinDriveMode(emFile_1_SPI0_CS_0, mode);
  66              		.loc 1 71 0
  67 0000 044A     		ldr	r2, .L5
  68 0002 1378     		ldrb	r3, [r2]	@ zero_extendqisi2
  69 0004 03F0F103 		and	r3, r3, #241
  70 0008 00F00E00 		and	r0, r0, #14
  71              	.LVL4:
  72 000c 1843     		orrs	r0, r0, r3
  73 000e 1070     		strb	r0, [r2]
  74 0010 7047     		bx	lr
  75              	.L6:
  76 0012 00BF     		.align	2
  77              	.L5:
  78 0014 18500040 		.word	1073762328
  79              		.cfi_endproc
  80              	.LFE1:
  81              		.size	emFile_1_SPI0_CS_SetDriveMode, .-emFile_1_SPI0_CS_SetDriveMode
  82              		.section	.text.emFile_1_SPI0_CS_Read,"ax",%progbits
  83              		.align	2
  84              		.global	emFile_1_SPI0_CS_Read
  85              		.thumb
  86              		.thumb_func
  87              		.type	emFile_1_SPI0_CS_Read, %function
  88              	emFile_1_SPI0_CS_Read:
  89              	.LFB2:
  72:Generated_Source\PSoC5/emFile_1_SPI0_CS.c **** }
  73:Generated_Source\PSoC5/emFile_1_SPI0_CS.c **** 
  74:Generated_Source\PSoC5/emFile_1_SPI0_CS.c **** 
  75:Generated_Source\PSoC5/emFile_1_SPI0_CS.c **** /*******************************************************************************
  76:Generated_Source\PSoC5/emFile_1_SPI0_CS.c **** * Function Name: emFile_1_SPI0_CS_Read
  77:Generated_Source\PSoC5/emFile_1_SPI0_CS.c **** ********************************************************************************
  78:Generated_Source\PSoC5/emFile_1_SPI0_CS.c **** *
  79:Generated_Source\PSoC5/emFile_1_SPI0_CS.c **** * Summary:
  80:Generated_Source\PSoC5/emFile_1_SPI0_CS.c **** *  Read the current value on the pins of the Digital Port in right justified 
  81:Generated_Source\PSoC5/emFile_1_SPI0_CS.c **** *  form.
<<<<<<< HEAD
  82:Generated_Source\PSoC5/emFile_1_SPI0_CS.c **** *
ARM GAS  C:\Users\legoc\AppData\Local\Temp\cccqPQry.s 			page 4
=======
ARM GAS  C:\Users\JACOB-~1\AppData\Local\Temp\ccnuWyEZ.s 			page 4
>>>>>>> 2d7ecf86914b76bbbaff7e814c9baff7add3da2a


  83:Generated_Source\PSoC5/emFile_1_SPI0_CS.c **** * Parameters:  
  84:Generated_Source\PSoC5/emFile_1_SPI0_CS.c **** *  None
  85:Generated_Source\PSoC5/emFile_1_SPI0_CS.c **** *
  86:Generated_Source\PSoC5/emFile_1_SPI0_CS.c **** * Return: 
  87:Generated_Source\PSoC5/emFile_1_SPI0_CS.c **** *  Returns the current value of the Digital Port as a right justified number
  88:Generated_Source\PSoC5/emFile_1_SPI0_CS.c **** *  
  89:Generated_Source\PSoC5/emFile_1_SPI0_CS.c **** * Note:
  90:Generated_Source\PSoC5/emFile_1_SPI0_CS.c **** *  Macro emFile_1_SPI0_CS_ReadPS calls this function. 
  91:Generated_Source\PSoC5/emFile_1_SPI0_CS.c **** *  
  92:Generated_Source\PSoC5/emFile_1_SPI0_CS.c **** *******************************************************************************/
  93:Generated_Source\PSoC5/emFile_1_SPI0_CS.c **** uint8 emFile_1_SPI0_CS_Read(void) 
  94:Generated_Source\PSoC5/emFile_1_SPI0_CS.c **** {
  90              		.loc 1 94 0
  91              		.cfi_startproc
  92              		@ args = 0, pretend = 0, frame = 0
  93              		@ frame_needed = 0, uses_anonymous_args = 0
  94              		@ link register save eliminated.
  95:Generated_Source\PSoC5/emFile_1_SPI0_CS.c ****     return (emFile_1_SPI0_CS_PS & emFile_1_SPI0_CS_MASK) >> emFile_1_SPI0_CS_SHIFT;
  95              		.loc 1 95 0
  96 0000 024B     		ldr	r3, .L8
  97 0002 1878     		ldrb	r0, [r3]	@ zero_extendqisi2
  96:Generated_Source\PSoC5/emFile_1_SPI0_CS.c **** }
  98              		.loc 1 96 0
  99 0004 00F00100 		and	r0, r0, #1
 100 0008 7047     		bx	lr
 101              	.L9:
 102 000a 00BF     		.align	2
 103              	.L8:
 104 000c 31510040 		.word	1073762609
 105              		.cfi_endproc
 106              	.LFE2:
 107              		.size	emFile_1_SPI0_CS_Read, .-emFile_1_SPI0_CS_Read
 108              		.section	.text.emFile_1_SPI0_CS_ReadDataReg,"ax",%progbits
 109              		.align	2
 110              		.global	emFile_1_SPI0_CS_ReadDataReg
 111              		.thumb
 112              		.thumb_func
 113              		.type	emFile_1_SPI0_CS_ReadDataReg, %function
 114              	emFile_1_SPI0_CS_ReadDataReg:
 115              	.LFB3:
  97:Generated_Source\PSoC5/emFile_1_SPI0_CS.c **** 
  98:Generated_Source\PSoC5/emFile_1_SPI0_CS.c **** 
  99:Generated_Source\PSoC5/emFile_1_SPI0_CS.c **** /*******************************************************************************
 100:Generated_Source\PSoC5/emFile_1_SPI0_CS.c **** * Function Name: emFile_1_SPI0_CS_ReadDataReg
 101:Generated_Source\PSoC5/emFile_1_SPI0_CS.c **** ********************************************************************************
 102:Generated_Source\PSoC5/emFile_1_SPI0_CS.c **** *
 103:Generated_Source\PSoC5/emFile_1_SPI0_CS.c **** * Summary:
 104:Generated_Source\PSoC5/emFile_1_SPI0_CS.c **** *  Read the current value assigned to a Digital Port's data output register
 105:Generated_Source\PSoC5/emFile_1_SPI0_CS.c **** *
 106:Generated_Source\PSoC5/emFile_1_SPI0_CS.c **** * Parameters:  
 107:Generated_Source\PSoC5/emFile_1_SPI0_CS.c **** *  None 
 108:Generated_Source\PSoC5/emFile_1_SPI0_CS.c **** *
 109:Generated_Source\PSoC5/emFile_1_SPI0_CS.c **** * Return: 
 110:Generated_Source\PSoC5/emFile_1_SPI0_CS.c **** *  Returns the current value assigned to the Digital Port's data output register
 111:Generated_Source\PSoC5/emFile_1_SPI0_CS.c **** *  
 112:Generated_Source\PSoC5/emFile_1_SPI0_CS.c **** *******************************************************************************/
<<<<<<< HEAD
 113:Generated_Source\PSoC5/emFile_1_SPI0_CS.c **** uint8 emFile_1_SPI0_CS_ReadDataReg(void) 
ARM GAS  C:\Users\legoc\AppData\Local\Temp\cccqPQry.s 			page 5
=======
ARM GAS  C:\Users\JACOB-~1\AppData\Local\Temp\ccnuWyEZ.s 			page 5
>>>>>>> 2d7ecf86914b76bbbaff7e814c9baff7add3da2a


 114:Generated_Source\PSoC5/emFile_1_SPI0_CS.c **** {
 116              		.loc 1 114 0
 117              		.cfi_startproc
 118              		@ args = 0, pretend = 0, frame = 0
 119              		@ frame_needed = 0, uses_anonymous_args = 0
 120              		@ link register save eliminated.
 115:Generated_Source\PSoC5/emFile_1_SPI0_CS.c ****     return (emFile_1_SPI0_CS_DR & emFile_1_SPI0_CS_MASK) >> emFile_1_SPI0_CS_SHIFT;
 121              		.loc 1 115 0
 122 0000 024B     		ldr	r3, .L11
 123 0002 1878     		ldrb	r0, [r3]	@ zero_extendqisi2
 116:Generated_Source\PSoC5/emFile_1_SPI0_CS.c **** }
<<<<<<< HEAD
 124              		.loc 1 116 0
 125 0004 00F00100 		and	r0, r0, #1
 126 0008 7047     		bx	lr
 127              	.L12:
 128 000a 00BF     		.align	2
 129              	.L11:
 130 000c 30510040 		.word	1073762608
 131              		.cfi_endproc
 132              	.LFE3:
 133              		.size	emFile_1_SPI0_CS_ReadDataReg, .-emFile_1_SPI0_CS_ReadDataReg
 134              		.text
 135              	.Letext0:
 136              		.file 2 "Generated_Source\\PSoC5\\cytypes.h"
 137              		.section	.debug_info,"",%progbits
 138              	.Ldebug_info0:
 139 0000 1B010000 		.4byte	0x11b
 140 0004 0400     		.2byte	0x4
 141 0006 00000000 		.4byte	.Ldebug_abbrev0
 142 000a 04       		.byte	0x4
 143 000b 01       		.uleb128 0x1
 144 000c 25000000 		.4byte	.LASF20
 145 0010 0C       		.byte	0xc
 146 0011 62010000 		.4byte	.LASF21
 147 0015 E4000000 		.4byte	.LASF22
 148 0019 00000000 		.4byte	.Ldebug_ranges0+0
 149 001d 00000000 		.4byte	0
 150 0021 00000000 		.4byte	.Ldebug_line0
 151 0025 02       		.uleb128 0x2
 152 0026 01       		.byte	0x1
 153 0027 06       		.byte	0x6
 154 0028 33020000 		.4byte	.LASF0
 155 002c 02       		.uleb128 0x2
 156 002d 01       		.byte	0x1
 157 002e 08       		.byte	0x8
 158 002f 17000000 		.4byte	.LASF1
 159 0033 02       		.uleb128 0x2
 160 0034 02       		.byte	0x2
 161 0035 05       		.byte	0x5
 162 0036 03020000 		.4byte	.LASF2
 163 003a 02       		.uleb128 0x2
 164 003b 02       		.byte	0x2
 165 003c 07       		.byte	0x7
 166 003d CA000000 		.4byte	.LASF3
 167 0041 02       		.uleb128 0x2
 168 0042 04       		.byte	0x4
 169 0043 05       		.byte	0x5
ARM GAS  C:\Users\legoc\AppData\Local\Temp\cccqPQry.s 			page 6


 170 0044 2A020000 		.4byte	.LASF4
 171 0048 02       		.uleb128 0x2
 172 0049 04       		.byte	0x4
 173 004a 07       		.byte	0x7
 174 004b B8000000 		.4byte	.LASF5
 175 004f 02       		.uleb128 0x2
 176 0050 08       		.byte	0x8
 177 0051 05       		.byte	0x5
 178 0052 F0010000 		.4byte	.LASF6
 179 0056 02       		.uleb128 0x2
 180 0057 08       		.byte	0x8
 181 0058 07       		.byte	0x7
 182 0059 99010000 		.4byte	.LASF7
 183 005d 03       		.uleb128 0x3
 184 005e 04       		.byte	0x4
 185 005f 05       		.byte	0x5
 186 0060 696E7400 		.ascii	"int\000"
 187 0064 02       		.uleb128 0x2
 188 0065 04       		.byte	0x4
 189 0066 07       		.byte	0x7
 190 0067 8C010000 		.4byte	.LASF8
 191 006b 04       		.uleb128 0x4
 192 006c 24020000 		.4byte	.LASF12
 193 0070 02       		.byte	0x2
 194 0071 E401     		.2byte	0x1e4
 195 0073 2C000000 		.4byte	0x2c
 196 0077 02       		.uleb128 0x2
 197 0078 04       		.byte	0x4
 198 0079 04       		.byte	0x4
 199 007a 11000000 		.4byte	.LASF9
 200 007e 02       		.uleb128 0x2
 201 007f 08       		.byte	0x8
 202 0080 04       		.byte	0x4
 203 0081 DD000000 		.4byte	.LASF10
 204 0085 02       		.uleb128 0x2
 205 0086 01       		.byte	0x1
 206 0087 08       		.byte	0x8
 207 0088 FE010000 		.4byte	.LASF11
 208 008c 04       		.uleb128 0x4
 209 008d B3000000 		.4byte	.LASF13
 210 0091 02       		.byte	0x2
 211 0092 8E02     		.2byte	0x28e
 212 0094 98000000 		.4byte	0x98
 213 0098 05       		.uleb128 0x5
 214 0099 6B000000 		.4byte	0x6b
 215 009d 06       		.uleb128 0x6
 216 009e 0D020000 		.4byte	.LASF14
 217 00a2 01       		.byte	0x1
 218 00a3 27       		.byte	0x27
 219 00a4 00000000 		.4byte	.LFB0
 220 00a8 18000000 		.4byte	.LFE0-.LFB0
 221 00ac 01       		.uleb128 0x1
 222 00ad 9C       		.byte	0x9c
 223 00ae CF000000 		.4byte	0xcf
 224 00b2 07       		.uleb128 0x7
 225 00b3 00000000 		.4byte	.LASF16
 226 00b7 01       		.byte	0x1
ARM GAS  C:\Users\legoc\AppData\Local\Temp\cccqPQry.s 			page 7


 227 00b8 27       		.byte	0x27
 228 00b9 6B000000 		.4byte	0x6b
 229 00bd 00000000 		.4byte	.LLST0
 230 00c1 08       		.uleb128 0x8
 231 00c2 06000000 		.4byte	.LASF23
 232 00c6 01       		.byte	0x1
 233 00c7 29       		.byte	0x29
 234 00c8 6B000000 		.4byte	0x6b
 235 00cc 01       		.uleb128 0x1
 236 00cd 53       		.byte	0x53
 237 00ce 00       		.byte	0
 238 00cf 06       		.uleb128 0x6
 239 00d0 D2010000 		.4byte	.LASF15
 240 00d4 01       		.byte	0x1
 241 00d5 45       		.byte	0x45
 242 00d6 00000000 		.4byte	.LFB1
 243 00da 18000000 		.4byte	.LFE1-.LFB1
 244 00de 01       		.uleb128 0x1
 245 00df 9C       		.byte	0x9c
 246 00e0 F4000000 		.4byte	0xf4
 247 00e4 07       		.uleb128 0x7
 248 00e5 CD010000 		.4byte	.LASF17
 249 00e9 01       		.byte	0x1
 250 00ea 45       		.byte	0x45
 251 00eb 6B000000 		.4byte	0x6b
 252 00ef 21000000 		.4byte	.LLST1
 253 00f3 00       		.byte	0
 254 00f4 09       		.uleb128 0x9
 255 00f5 3F020000 		.4byte	.LASF18
 256 00f9 01       		.byte	0x1
 257 00fa 5D       		.byte	0x5d
 258 00fb 6B000000 		.4byte	0x6b
 259 00ff 00000000 		.4byte	.LFB2
 260 0103 10000000 		.4byte	.LFE2-.LFB2
 261 0107 01       		.uleb128 0x1
 262 0108 9C       		.byte	0x9c
 263 0109 09       		.uleb128 0x9
 264 010a B0010000 		.4byte	.LASF19
 265 010e 01       		.byte	0x1
 266 010f 71       		.byte	0x71
 267 0110 6B000000 		.4byte	0x6b
 268 0114 00000000 		.4byte	.LFB3
 269 0118 10000000 		.4byte	.LFE3-.LFB3
 270 011c 01       		.uleb128 0x1
 271 011d 9C       		.byte	0x9c
 272 011e 00       		.byte	0
 273              		.section	.debug_abbrev,"",%progbits
 274              	.Ldebug_abbrev0:
 275 0000 01       		.uleb128 0x1
 276 0001 11       		.uleb128 0x11
 277 0002 01       		.byte	0x1
 278 0003 25       		.uleb128 0x25
 279 0004 0E       		.uleb128 0xe
 280 0005 13       		.uleb128 0x13
 281 0006 0B       		.uleb128 0xb
 282 0007 03       		.uleb128 0x3
 283 0008 0E       		.uleb128 0xe
ARM GAS  C:\Users\legoc\AppData\Local\Temp\cccqPQry.s 			page 8


 284 0009 1B       		.uleb128 0x1b
 285 000a 0E       		.uleb128 0xe
 286 000b 55       		.uleb128 0x55
 287 000c 17       		.uleb128 0x17
 288 000d 11       		.uleb128 0x11
 289 000e 01       		.uleb128 0x1
 290 000f 10       		.uleb128 0x10
 291 0010 17       		.uleb128 0x17
 292 0011 00       		.byte	0
 293 0012 00       		.byte	0
 294 0013 02       		.uleb128 0x2
 295 0014 24       		.uleb128 0x24
 296 0015 00       		.byte	0
 297 0016 0B       		.uleb128 0xb
 298 0017 0B       		.uleb128 0xb
 299 0018 3E       		.uleb128 0x3e
 300 0019 0B       		.uleb128 0xb
 301 001a 03       		.uleb128 0x3
 302 001b 0E       		.uleb128 0xe
 303 001c 00       		.byte	0
 304 001d 00       		.byte	0
 305 001e 03       		.uleb128 0x3
 306 001f 24       		.uleb128 0x24
 307 0020 00       		.byte	0
 308 0021 0B       		.uleb128 0xb
 309 0022 0B       		.uleb128 0xb
 310 0023 3E       		.uleb128 0x3e
 311 0024 0B       		.uleb128 0xb
 312 0025 03       		.uleb128 0x3
 313 0026 08       		.uleb128 0x8
 314 0027 00       		.byte	0
 315 0028 00       		.byte	0
 316 0029 04       		.uleb128 0x4
 317 002a 16       		.uleb128 0x16
 318 002b 00       		.byte	0
 319 002c 03       		.uleb128 0x3
 320 002d 0E       		.uleb128 0xe
 321 002e 3A       		.uleb128 0x3a
 322 002f 0B       		.uleb128 0xb
 323 0030 3B       		.uleb128 0x3b
 324 0031 05       		.uleb128 0x5
 325 0032 49       		.uleb128 0x49
 326 0033 13       		.uleb128 0x13
 327 0034 00       		.byte	0
 328 0035 00       		.byte	0
 329 0036 05       		.uleb128 0x5
 330 0037 35       		.uleb128 0x35
 331 0038 00       		.byte	0
 332 0039 49       		.uleb128 0x49
 333 003a 13       		.uleb128 0x13
 334 003b 00       		.byte	0
 335 003c 00       		.byte	0
 336 003d 06       		.uleb128 0x6
 337 003e 2E       		.uleb128 0x2e
 338 003f 01       		.byte	0x1
 339 0040 3F       		.uleb128 0x3f
 340 0041 19       		.uleb128 0x19
ARM GAS  C:\Users\legoc\AppData\Local\Temp\cccqPQry.s 			page 9


 341 0042 03       		.uleb128 0x3
 342 0043 0E       		.uleb128 0xe
 343 0044 3A       		.uleb128 0x3a
 344 0045 0B       		.uleb128 0xb
 345 0046 3B       		.uleb128 0x3b
 346 0047 0B       		.uleb128 0xb
 347 0048 27       		.uleb128 0x27
 348 0049 19       		.uleb128 0x19
 349 004a 11       		.uleb128 0x11
 350 004b 01       		.uleb128 0x1
 351 004c 12       		.uleb128 0x12
 352 004d 06       		.uleb128 0x6
 353 004e 40       		.uleb128 0x40
 354 004f 18       		.uleb128 0x18
 355 0050 9742     		.uleb128 0x2117
 356 0052 19       		.uleb128 0x19
 357 0053 01       		.uleb128 0x1
 358 0054 13       		.uleb128 0x13
 359 0055 00       		.byte	0
 360 0056 00       		.byte	0
 361 0057 07       		.uleb128 0x7
 362 0058 05       		.uleb128 0x5
 363 0059 00       		.byte	0
 364 005a 03       		.uleb128 0x3
 365 005b 0E       		.uleb128 0xe
 366 005c 3A       		.uleb128 0x3a
 367 005d 0B       		.uleb128 0xb
 368 005e 3B       		.uleb128 0x3b
 369 005f 0B       		.uleb128 0xb
 370 0060 49       		.uleb128 0x49
 371 0061 13       		.uleb128 0x13
 372 0062 02       		.uleb128 0x2
 373 0063 17       		.uleb128 0x17
 374 0064 00       		.byte	0
 375 0065 00       		.byte	0
 376 0066 08       		.uleb128 0x8
 377 0067 34       		.uleb128 0x34
 378 0068 00       		.byte	0
 379 0069 03       		.uleb128 0x3
 380 006a 0E       		.uleb128 0xe
 381 006b 3A       		.uleb128 0x3a
 382 006c 0B       		.uleb128 0xb
 383 006d 3B       		.uleb128 0x3b
 384 006e 0B       		.uleb128 0xb
 385 006f 49       		.uleb128 0x49
 386 0070 13       		.uleb128 0x13
 387 0071 02       		.uleb128 0x2
 388 0072 18       		.uleb128 0x18
 389 0073 00       		.byte	0
 390 0074 00       		.byte	0
 391 0075 09       		.uleb128 0x9
 392 0076 2E       		.uleb128 0x2e
 393 0077 00       		.byte	0
 394 0078 3F       		.uleb128 0x3f
 395 0079 19       		.uleb128 0x19
 396 007a 03       		.uleb128 0x3
 397 007b 0E       		.uleb128 0xe
ARM GAS  C:\Users\legoc\AppData\Local\Temp\cccqPQry.s 			page 10


 398 007c 3A       		.uleb128 0x3a
 399 007d 0B       		.uleb128 0xb
 400 007e 3B       		.uleb128 0x3b
 401 007f 0B       		.uleb128 0xb
 402 0080 27       		.uleb128 0x27
 403 0081 19       		.uleb128 0x19
 404 0082 49       		.uleb128 0x49
 405 0083 13       		.uleb128 0x13
 406 0084 11       		.uleb128 0x11
 407 0085 01       		.uleb128 0x1
 408 0086 12       		.uleb128 0x12
 409 0087 06       		.uleb128 0x6
 410 0088 40       		.uleb128 0x40
 411 0089 18       		.uleb128 0x18
 412 008a 9742     		.uleb128 0x2117
 413 008c 19       		.uleb128 0x19
 414 008d 00       		.byte	0
 415 008e 00       		.byte	0
 416 008f 00       		.byte	0
 417              		.section	.debug_loc,"",%progbits
 418              	.Ldebug_loc0:
 419              	.LLST0:
 420 0000 00000000 		.4byte	.LVL0
 421 0004 0C000000 		.4byte	.LVL2
 422 0008 0100     		.2byte	0x1
 423 000a 50       		.byte	0x50
 424 000b 0C000000 		.4byte	.LVL2
 425 000f 18000000 		.4byte	.LFE0
 426 0013 0400     		.2byte	0x4
 427 0015 F3       		.byte	0xf3
 428 0016 01       		.uleb128 0x1
 429 0017 50       		.byte	0x50
 430 0018 9F       		.byte	0x9f
 431 0019 00000000 		.4byte	0
 432 001d 00000000 		.4byte	0
 433              	.LLST1:
 434 0021 00000000 		.4byte	.LVL3
 435 0025 0C000000 		.4byte	.LVL4
 436 0029 0100     		.2byte	0x1
 437 002b 50       		.byte	0x50
 438 002c 0C000000 		.4byte	.LVL4
 439 0030 18000000 		.4byte	.LFE1
 440 0034 0400     		.2byte	0x4
 441 0036 F3       		.byte	0xf3
 442 0037 01       		.uleb128 0x1
 443 0038 50       		.byte	0x50
 444 0039 9F       		.byte	0x9f
 445 003a 00000000 		.4byte	0
 446 003e 00000000 		.4byte	0
 447              		.section	.debug_aranges,"",%progbits
 448 0000 34000000 		.4byte	0x34
 449 0004 0200     		.2byte	0x2
 450 0006 00000000 		.4byte	.Ldebug_info0
 451 000a 04       		.byte	0x4
 452 000b 00       		.byte	0
 453 000c 0000     		.2byte	0
 454 000e 0000     		.2byte	0
ARM GAS  C:\Users\legoc\AppData\Local\Temp\cccqPQry.s 			page 11


 455 0010 00000000 		.4byte	.LFB0
 456 0014 18000000 		.4byte	.LFE0-.LFB0
 457 0018 00000000 		.4byte	.LFB1
 458 001c 18000000 		.4byte	.LFE1-.LFB1
 459 0020 00000000 		.4byte	.LFB2
 460 0024 10000000 		.4byte	.LFE2-.LFB2
 461 0028 00000000 		.4byte	.LFB3
 462 002c 10000000 		.4byte	.LFE3-.LFB3
 463 0030 00000000 		.4byte	0
 464 0034 00000000 		.4byte	0
 465              		.section	.debug_ranges,"",%progbits
 466              	.Ldebug_ranges0:
 467 0000 00000000 		.4byte	.LFB0
 468 0004 18000000 		.4byte	.LFE0
 469 0008 00000000 		.4byte	.LFB1
 470 000c 18000000 		.4byte	.LFE1
 471 0010 00000000 		.4byte	.LFB2
 472 0014 10000000 		.4byte	.LFE2
 473 0018 00000000 		.4byte	.LFB3
 474 001c 10000000 		.4byte	.LFE3
 475 0020 00000000 		.4byte	0
 476 0024 00000000 		.4byte	0
 477              		.section	.debug_line,"",%progbits
 478              	.Ldebug_line0:
 479 0000 99000000 		.section	.debug_str,"MS",%progbits,1
 479      02004D00 
 479      00000201 
 479      FB0E0D00 
 479      01010101 
 480              	.LASF16:
 481 0000 76616C75 		.ascii	"value\000"
 481      6500
 482              	.LASF23:
 483 0006 73746174 		.ascii	"staticBits\000"
 483      69634269 
 483      747300
 484              	.LASF9:
 485 0011 666C6F61 		.ascii	"float\000"
 485      7400
 486              	.LASF1:
 487 0017 756E7369 		.ascii	"unsigned char\000"
 487      676E6564 
 487      20636861 
 487      7200
 488              	.LASF20:
 489 0025 474E5520 		.ascii	"GNU C11 5.4.1 20160609 (release) [ARM/embedded-5-br"
 489      43313120 
 489      352E342E 
 489      31203230 
 489      31363036 
 490 0058 616E6368 		.ascii	"anch revision 237715] -mcpu=cortex-m3 -mthumb -g -O"
 490      20726576 
 490      6973696F 
 490      6E203233 
 490      37373135 
 491 008b 67202D66 		.ascii	"g -ffunction-sections -ffat-lto-objects\000"
 491      66756E63 
ARM GAS  C:\Users\legoc\AppData\Local\Temp\cccqPQry.s 			page 12


 491      74696F6E 
 491      2D736563 
 491      74696F6E 
 492              	.LASF13:
 493 00b3 72656738 		.ascii	"reg8\000"
 493      00
 494              	.LASF5:
 495 00b8 6C6F6E67 		.ascii	"long unsigned int\000"
 495      20756E73 
 495      69676E65 
 495      6420696E 
 495      7400
 496              	.LASF3:
 497 00ca 73686F72 		.ascii	"short unsigned int\000"
 497      7420756E 
 497      7369676E 
 497      65642069 
 497      6E7400
 498              	.LASF10:
 499 00dd 646F7562 		.ascii	"double\000"
 499      6C6500
 500              	.LASF22:
 501 00e4 433A5C55 		.ascii	"C:\\Users\\legoc\\Documents\\School\\Senior Year\\S"
 501      73657273 
 501      5C6C6567 
 501      6F635C44 
 501      6F63756D 
 502 0111 656E696F 		.ascii	"enior Project\\Senior Project Integrated\\Senior Pr"
 502      72205072 
 502      6F6A6563 
 502      745C5365 
 502      6E696F72 
 503 0142 6F6A6563 		.ascii	"oject Integrated\\Design01.cydsn\000"
 503      7420496E 
 503      74656772 
 503      61746564 
 503      5C446573 
 504              	.LASF21:
 505 0162 47656E65 		.ascii	"Generated_Source\\PSoC5\\emFile_1_SPI0_CS.c\000"
 505      72617465 
 505      645F536F 
 505      75726365 
 505      5C50536F 
 506              	.LASF8:
 507 018c 756E7369 		.ascii	"unsigned int\000"
 507      676E6564 
 507      20696E74 
 507      00
 508              	.LASF7:
 509 0199 6C6F6E67 		.ascii	"long long unsigned int\000"
 509      206C6F6E 
 509      6720756E 
 509      7369676E 
 509      65642069 
 510              	.LASF19:
 511 01b0 656D4669 		.ascii	"emFile_1_SPI0_CS_ReadDataReg\000"
 511      6C655F31 
ARM GAS  C:\Users\legoc\AppData\Local\Temp\cccqPQry.s 			page 13
=======
 125              		.loc 1 116 0
 126 0004 C0F38000 		ubfx	r0, r0, #2, #1
 127 0008 7047     		bx	lr
 128              	.L12:
 129 000a 00BF     		.align	2
 130              	.L11:
 131 000c 10510040 		.word	1073762576
 132              		.cfi_endproc
 133              	.LFE3:
 134              		.size	emFile_1_SPI0_CS_ReadDataReg, .-emFile_1_SPI0_CS_ReadDataReg
 135              		.text
 136              	.Letext0:
 137              		.file 2 "Generated_Source\\PSoC5\\cytypes.h"
 138              		.section	.debug_info,"",%progbits
 139              	.Ldebug_info0:
 140 0000 1B010000 		.4byte	0x11b
 141 0004 0400     		.2byte	0x4
 142 0006 00000000 		.4byte	.Ldebug_abbrev0
 143 000a 04       		.byte	0x4
 144 000b 01       		.uleb128 0x1
 145 000c 25000000 		.4byte	.LASF20
 146 0010 0C       		.byte	0xc
 147 0011 58010000 		.4byte	.LASF21
 148 0015 B3000000 		.4byte	.LASF22
 149 0019 00000000 		.4byte	.Ldebug_ranges0+0
 150 001d 00000000 		.4byte	0
 151 0021 00000000 		.4byte	.Ldebug_line0
 152 0025 02       		.uleb128 0x2
 153 0026 01       		.byte	0x1
 154 0027 06       		.byte	0x6
 155 0028 2E020000 		.4byte	.LASF0
 156 002c 02       		.uleb128 0x2
 157 002d 01       		.byte	0x1
 158 002e 08       		.byte	0x8
 159 002f 17000000 		.4byte	.LASF1
 160 0033 02       		.uleb128 0x2
 161 0034 02       		.byte	0x2
 162 0035 05       		.byte	0x5
 163 0036 FE010000 		.4byte	.LASF2
 164 003a 02       		.uleb128 0x2
 165 003b 02       		.byte	0x2
 166 003c 07       		.byte	0x7
 167 003d 3E010000 		.4byte	.LASF3
 168 0041 02       		.uleb128 0x2
 169 0042 04       		.byte	0x4
ARM GAS  C:\Users\JACOB-~1\AppData\Local\Temp\ccnuWyEZ.s 			page 6


 170 0043 05       		.byte	0x5
 171 0044 25020000 		.4byte	.LASF4
 172 0048 02       		.uleb128 0x2
 173 0049 04       		.byte	0x4
 174 004a 07       		.byte	0x7
 175 004b 2C010000 		.4byte	.LASF5
 176 004f 02       		.uleb128 0x2
 177 0050 08       		.byte	0x8
 178 0051 05       		.byte	0x5
 179 0052 EB010000 		.4byte	.LASF6
 180 0056 02       		.uleb128 0x2
 181 0057 08       		.byte	0x8
 182 0058 07       		.byte	0x7
 183 0059 8F010000 		.4byte	.LASF7
 184 005d 03       		.uleb128 0x3
 185 005e 04       		.byte	0x4
 186 005f 05       		.byte	0x5
 187 0060 696E7400 		.ascii	"int\000"
 188 0064 02       		.uleb128 0x2
 189 0065 04       		.byte	0x4
 190 0066 07       		.byte	0x7
 191 0067 82010000 		.4byte	.LASF8
 192 006b 04       		.uleb128 0x4
 193 006c 1F020000 		.4byte	.LASF12
 194 0070 02       		.byte	0x2
 195 0071 E401     		.2byte	0x1e4
 196 0073 2C000000 		.4byte	0x2c
 197 0077 02       		.uleb128 0x2
 198 0078 04       		.byte	0x4
 199 0079 04       		.byte	0x4
 200 007a 11000000 		.4byte	.LASF9
 201 007e 02       		.uleb128 0x2
 202 007f 08       		.byte	0x8
 203 0080 04       		.byte	0x4
 204 0081 51010000 		.4byte	.LASF10
 205 0085 02       		.uleb128 0x2
 206 0086 01       		.byte	0x1
 207 0087 08       		.byte	0x8
 208 0088 F9010000 		.4byte	.LASF11
 209 008c 04       		.uleb128 0x4
 210 008d C8010000 		.4byte	.LASF13
 211 0091 02       		.byte	0x2
 212 0092 8E02     		.2byte	0x28e
 213 0094 98000000 		.4byte	0x98
 214 0098 05       		.uleb128 0x5
 215 0099 6B000000 		.4byte	0x6b
 216 009d 06       		.uleb128 0x6
 217 009e 08020000 		.4byte	.LASF14
 218 00a2 01       		.byte	0x1
 219 00a3 27       		.byte	0x27
 220 00a4 00000000 		.4byte	.LFB0
 221 00a8 18000000 		.4byte	.LFE0-.LFB0
 222 00ac 01       		.uleb128 0x1
 223 00ad 9C       		.byte	0x9c
 224 00ae CF000000 		.4byte	0xcf
 225 00b2 07       		.uleb128 0x7
 226 00b3 00000000 		.4byte	.LASF16
ARM GAS  C:\Users\JACOB-~1\AppData\Local\Temp\ccnuWyEZ.s 			page 7


 227 00b7 01       		.byte	0x1
 228 00b8 27       		.byte	0x27
 229 00b9 6B000000 		.4byte	0x6b
 230 00bd 00000000 		.4byte	.LLST0
 231 00c1 08       		.uleb128 0x8
 232 00c2 06000000 		.4byte	.LASF23
 233 00c6 01       		.byte	0x1
 234 00c7 29       		.byte	0x29
 235 00c8 6B000000 		.4byte	0x6b
 236 00cc 01       		.uleb128 0x1
 237 00cd 53       		.byte	0x53
 238 00ce 00       		.byte	0
 239 00cf 06       		.uleb128 0x6
 240 00d0 CD010000 		.4byte	.LASF15
 241 00d4 01       		.byte	0x1
 242 00d5 45       		.byte	0x45
 243 00d6 00000000 		.4byte	.LFB1
 244 00da 18000000 		.4byte	.LFE1-.LFB1
 245 00de 01       		.uleb128 0x1
 246 00df 9C       		.byte	0x9c
 247 00e0 F4000000 		.4byte	0xf4
 248 00e4 07       		.uleb128 0x7
 249 00e5 C3010000 		.4byte	.LASF17
 250 00e9 01       		.byte	0x1
 251 00ea 45       		.byte	0x45
 252 00eb 6B000000 		.4byte	0x6b
 253 00ef 21000000 		.4byte	.LLST1
 254 00f3 00       		.byte	0
 255 00f4 09       		.uleb128 0x9
 256 00f5 3A020000 		.4byte	.LASF18
 257 00f9 01       		.byte	0x1
 258 00fa 5D       		.byte	0x5d
 259 00fb 6B000000 		.4byte	0x6b
 260 00ff 00000000 		.4byte	.LFB2
 261 0103 10000000 		.4byte	.LFE2-.LFB2
 262 0107 01       		.uleb128 0x1
 263 0108 9C       		.byte	0x9c
 264 0109 09       		.uleb128 0x9
 265 010a A6010000 		.4byte	.LASF19
 266 010e 01       		.byte	0x1
 267 010f 71       		.byte	0x71
 268 0110 6B000000 		.4byte	0x6b
 269 0114 00000000 		.4byte	.LFB3
 270 0118 10000000 		.4byte	.LFE3-.LFB3
 271 011c 01       		.uleb128 0x1
 272 011d 9C       		.byte	0x9c
 273 011e 00       		.byte	0
 274              		.section	.debug_abbrev,"",%progbits
 275              	.Ldebug_abbrev0:
 276 0000 01       		.uleb128 0x1
 277 0001 11       		.uleb128 0x11
 278 0002 01       		.byte	0x1
 279 0003 25       		.uleb128 0x25
 280 0004 0E       		.uleb128 0xe
 281 0005 13       		.uleb128 0x13
 282 0006 0B       		.uleb128 0xb
 283 0007 03       		.uleb128 0x3
ARM GAS  C:\Users\JACOB-~1\AppData\Local\Temp\ccnuWyEZ.s 			page 8


 284 0008 0E       		.uleb128 0xe
 285 0009 1B       		.uleb128 0x1b
 286 000a 0E       		.uleb128 0xe
 287 000b 55       		.uleb128 0x55
 288 000c 17       		.uleb128 0x17
 289 000d 11       		.uleb128 0x11
 290 000e 01       		.uleb128 0x1
 291 000f 10       		.uleb128 0x10
 292 0010 17       		.uleb128 0x17
 293 0011 00       		.byte	0
 294 0012 00       		.byte	0
 295 0013 02       		.uleb128 0x2
 296 0014 24       		.uleb128 0x24
 297 0015 00       		.byte	0
 298 0016 0B       		.uleb128 0xb
 299 0017 0B       		.uleb128 0xb
 300 0018 3E       		.uleb128 0x3e
 301 0019 0B       		.uleb128 0xb
 302 001a 03       		.uleb128 0x3
 303 001b 0E       		.uleb128 0xe
 304 001c 00       		.byte	0
 305 001d 00       		.byte	0
 306 001e 03       		.uleb128 0x3
 307 001f 24       		.uleb128 0x24
 308 0020 00       		.byte	0
 309 0021 0B       		.uleb128 0xb
 310 0022 0B       		.uleb128 0xb
 311 0023 3E       		.uleb128 0x3e
 312 0024 0B       		.uleb128 0xb
 313 0025 03       		.uleb128 0x3
 314 0026 08       		.uleb128 0x8
 315 0027 00       		.byte	0
 316 0028 00       		.byte	0
 317 0029 04       		.uleb128 0x4
 318 002a 16       		.uleb128 0x16
 319 002b 00       		.byte	0
 320 002c 03       		.uleb128 0x3
 321 002d 0E       		.uleb128 0xe
 322 002e 3A       		.uleb128 0x3a
 323 002f 0B       		.uleb128 0xb
 324 0030 3B       		.uleb128 0x3b
 325 0031 05       		.uleb128 0x5
 326 0032 49       		.uleb128 0x49
 327 0033 13       		.uleb128 0x13
 328 0034 00       		.byte	0
 329 0035 00       		.byte	0
 330 0036 05       		.uleb128 0x5
 331 0037 35       		.uleb128 0x35
 332 0038 00       		.byte	0
 333 0039 49       		.uleb128 0x49
 334 003a 13       		.uleb128 0x13
 335 003b 00       		.byte	0
 336 003c 00       		.byte	0
 337 003d 06       		.uleb128 0x6
 338 003e 2E       		.uleb128 0x2e
 339 003f 01       		.byte	0x1
 340 0040 3F       		.uleb128 0x3f
ARM GAS  C:\Users\JACOB-~1\AppData\Local\Temp\ccnuWyEZ.s 			page 9


 341 0041 19       		.uleb128 0x19
 342 0042 03       		.uleb128 0x3
 343 0043 0E       		.uleb128 0xe
 344 0044 3A       		.uleb128 0x3a
 345 0045 0B       		.uleb128 0xb
 346 0046 3B       		.uleb128 0x3b
 347 0047 0B       		.uleb128 0xb
 348 0048 27       		.uleb128 0x27
 349 0049 19       		.uleb128 0x19
 350 004a 11       		.uleb128 0x11
 351 004b 01       		.uleb128 0x1
 352 004c 12       		.uleb128 0x12
 353 004d 06       		.uleb128 0x6
 354 004e 40       		.uleb128 0x40
 355 004f 18       		.uleb128 0x18
 356 0050 9742     		.uleb128 0x2117
 357 0052 19       		.uleb128 0x19
 358 0053 01       		.uleb128 0x1
 359 0054 13       		.uleb128 0x13
 360 0055 00       		.byte	0
 361 0056 00       		.byte	0
 362 0057 07       		.uleb128 0x7
 363 0058 05       		.uleb128 0x5
 364 0059 00       		.byte	0
 365 005a 03       		.uleb128 0x3
 366 005b 0E       		.uleb128 0xe
 367 005c 3A       		.uleb128 0x3a
 368 005d 0B       		.uleb128 0xb
 369 005e 3B       		.uleb128 0x3b
 370 005f 0B       		.uleb128 0xb
 371 0060 49       		.uleb128 0x49
 372 0061 13       		.uleb128 0x13
 373 0062 02       		.uleb128 0x2
 374 0063 17       		.uleb128 0x17
 375 0064 00       		.byte	0
 376 0065 00       		.byte	0
 377 0066 08       		.uleb128 0x8
 378 0067 34       		.uleb128 0x34
 379 0068 00       		.byte	0
 380 0069 03       		.uleb128 0x3
 381 006a 0E       		.uleb128 0xe
 382 006b 3A       		.uleb128 0x3a
 383 006c 0B       		.uleb128 0xb
 384 006d 3B       		.uleb128 0x3b
 385 006e 0B       		.uleb128 0xb
 386 006f 49       		.uleb128 0x49
 387 0070 13       		.uleb128 0x13
 388 0071 02       		.uleb128 0x2
 389 0072 18       		.uleb128 0x18
 390 0073 00       		.byte	0
 391 0074 00       		.byte	0
 392 0075 09       		.uleb128 0x9
 393 0076 2E       		.uleb128 0x2e
 394 0077 00       		.byte	0
 395 0078 3F       		.uleb128 0x3f
 396 0079 19       		.uleb128 0x19
 397 007a 03       		.uleb128 0x3
ARM GAS  C:\Users\JACOB-~1\AppData\Local\Temp\ccnuWyEZ.s 			page 10


 398 007b 0E       		.uleb128 0xe
 399 007c 3A       		.uleb128 0x3a
 400 007d 0B       		.uleb128 0xb
 401 007e 3B       		.uleb128 0x3b
 402 007f 0B       		.uleb128 0xb
 403 0080 27       		.uleb128 0x27
 404 0081 19       		.uleb128 0x19
 405 0082 49       		.uleb128 0x49
 406 0083 13       		.uleb128 0x13
 407 0084 11       		.uleb128 0x11
 408 0085 01       		.uleb128 0x1
 409 0086 12       		.uleb128 0x12
 410 0087 06       		.uleb128 0x6
 411 0088 40       		.uleb128 0x40
 412 0089 18       		.uleb128 0x18
 413 008a 9742     		.uleb128 0x2117
 414 008c 19       		.uleb128 0x19
 415 008d 00       		.byte	0
 416 008e 00       		.byte	0
 417 008f 00       		.byte	0
 418              		.section	.debug_loc,"",%progbits
 419              	.Ldebug_loc0:
 420              	.LLST0:
 421 0000 00000000 		.4byte	.LVL0
 422 0004 0A000000 		.4byte	.LVL2
 423 0008 0100     		.2byte	0x1
 424 000a 50       		.byte	0x50
 425 000b 0A000000 		.4byte	.LVL2
 426 000f 18000000 		.4byte	.LFE0
 427 0013 0400     		.2byte	0x4
 428 0015 F3       		.byte	0xf3
 429 0016 01       		.uleb128 0x1
 430 0017 50       		.byte	0x50
 431 0018 9F       		.byte	0x9f
 432 0019 00000000 		.4byte	0
 433 001d 00000000 		.4byte	0
 434              	.LLST1:
 435 0021 00000000 		.4byte	.LVL3
 436 0025 0C000000 		.4byte	.LVL4
 437 0029 0100     		.2byte	0x1
 438 002b 50       		.byte	0x50
 439 002c 0C000000 		.4byte	.LVL4
 440 0030 18000000 		.4byte	.LFE1
 441 0034 0400     		.2byte	0x4
 442 0036 F3       		.byte	0xf3
 443 0037 01       		.uleb128 0x1
 444 0038 50       		.byte	0x50
 445 0039 9F       		.byte	0x9f
 446 003a 00000000 		.4byte	0
 447 003e 00000000 		.4byte	0
 448              		.section	.debug_aranges,"",%progbits
 449 0000 34000000 		.4byte	0x34
 450 0004 0200     		.2byte	0x2
 451 0006 00000000 		.4byte	.Ldebug_info0
 452 000a 04       		.byte	0x4
 453 000b 00       		.byte	0
 454 000c 0000     		.2byte	0
ARM GAS  C:\Users\JACOB-~1\AppData\Local\Temp\ccnuWyEZ.s 			page 11


 455 000e 0000     		.2byte	0
 456 0010 00000000 		.4byte	.LFB0
 457 0014 18000000 		.4byte	.LFE0-.LFB0
 458 0018 00000000 		.4byte	.LFB1
 459 001c 18000000 		.4byte	.LFE1-.LFB1
 460 0020 00000000 		.4byte	.LFB2
 461 0024 10000000 		.4byte	.LFE2-.LFB2
 462 0028 00000000 		.4byte	.LFB3
 463 002c 10000000 		.4byte	.LFE3-.LFB3
 464 0030 00000000 		.4byte	0
 465 0034 00000000 		.4byte	0
 466              		.section	.debug_ranges,"",%progbits
 467              	.Ldebug_ranges0:
 468 0000 00000000 		.4byte	.LFB0
 469 0004 18000000 		.4byte	.LFE0
 470 0008 00000000 		.4byte	.LFB1
 471 000c 18000000 		.4byte	.LFE1
 472 0010 00000000 		.4byte	.LFB2
 473 0014 10000000 		.4byte	.LFE2
 474 0018 00000000 		.4byte	.LFB3
 475 001c 10000000 		.4byte	.LFE3
 476 0020 00000000 		.4byte	0
 477 0024 00000000 		.4byte	0
 478              		.section	.debug_line,"",%progbits
 479              	.Ldebug_line0:
 480 0000 99000000 		.section	.debug_str,"MS",%progbits,1
 480      02004D00 
 480      00000201 
 480      FB0E0D00 
 480      01010101 
 481              	.LASF16:
 482 0000 76616C75 		.ascii	"value\000"
 482      6500
 483              	.LASF23:
 484 0006 73746174 		.ascii	"staticBits\000"
 484      69634269 
 484      747300
 485              	.LASF9:
 486 0011 666C6F61 		.ascii	"float\000"
 486      7400
 487              	.LASF1:
 488 0017 756E7369 		.ascii	"unsigned char\000"
 488      676E6564 
 488      20636861 
 488      7200
 489              	.LASF20:
 490 0025 474E5520 		.ascii	"GNU C11 5.4.1 20160609 (release) [ARM/embedded-5-br"
 490      43313120 
 490      352E342E 
 490      31203230 
 490      31363036 
 491 0058 616E6368 		.ascii	"anch revision 237715] -mcpu=cortex-m3 -mthumb -g -O"
 491      20726576 
 491      6973696F 
 491      6E203233 
 491      37373135 
 492 008b 67202D66 		.ascii	"g -ffunction-sections -ffat-lto-objects\000"
ARM GAS  C:\Users\JACOB-~1\AppData\Local\Temp\ccnuWyEZ.s 			page 12


 492      66756E63 
 492      74696F6E 
 492      2D736563 
 492      74696F6E 
 493              	.LASF22:
 494 00b3 433A5C55 		.ascii	"C:\\Users\\Jacob-Laptop\\Documents\\PSoC Creator\\S"
 494      73657273 
 494      5C4A6163 
 494      6F622D4C 
 494      6170746F 
 495 00e1 656E696F 		.ascii	"enior Project Stuff Backup - Copy\\Senior Project I"
 495      72205072 
 495      6F6A6563 
 495      74205374 
 495      75666620 
 496 0113 6E746567 		.ascii	"ntegrated\\Design01.cydsn\000"
 496      72617465 
 496      645C4465 
 496      7369676E 
 496      30312E63 
 497              	.LASF5:
 498 012c 6C6F6E67 		.ascii	"long unsigned int\000"
 498      20756E73 
 498      69676E65 
 498      6420696E 
 498      7400
 499              	.LASF3:
 500 013e 73686F72 		.ascii	"short unsigned int\000"
 500      7420756E 
 500      7369676E 
 500      65642069 
 500      6E7400
 501              	.LASF10:
 502 0151 646F7562 		.ascii	"double\000"
 502      6C6500
 503              	.LASF21:
 504 0158 47656E65 		.ascii	"Generated_Source\\PSoC5\\emFile_1_SPI0_CS.c\000"
 504      72617465 
 504      645F536F 
 504      75726365 
 504      5C50536F 
 505              	.LASF8:
 506 0182 756E7369 		.ascii	"unsigned int\000"
 506      676E6564 
 506      20696E74 
 506      00
 507              	.LASF7:
 508 018f 6C6F6E67 		.ascii	"long long unsigned int\000"
 508      206C6F6E 
 508      6720756E 
 508      7369676E 
 508      65642069 
 509              	.LASF19:
 510 01a6 656D4669 		.ascii	"emFile_1_SPI0_CS_ReadDataReg\000"
 510      6C655F31 
 510      5F535049 
 510      305F4353 
ARM GAS  C:\Users\JACOB-~1\AppData\Local\Temp\ccnuWyEZ.s 			page 13
>>>>>>> 2d7ecf86914b76bbbaff7e814c9baff7add3da2a


 511      5F535049 
 511      305F4353 
 511      5F526561 
 512              	.LASF17:
 513 01cd 6D6F6465 		.ascii	"mode\000"
 513      00
 514              	.LASF15:
 515 01d2 656D4669 		.ascii	"emFile_1_SPI0_CS_SetDriveMode\000"
 515      6C655F31 
 515      5F535049 
 515      305F4353 
 515      5F536574 
 516              	.LASF6:
 517 01f0 6C6F6E67 		.ascii	"long long int\000"
 517      206C6F6E 
 517      6720696E 
 517      7400
 518              	.LASF11:
 519 01fe 63686172 		.ascii	"char\000"
 519      00
 520              	.LASF2:
 521 0203 73686F72 		.ascii	"short int\000"
 521      7420696E 
 521      7400
 522              	.LASF14:
 523 020d 656D4669 		.ascii	"emFile_1_SPI0_CS_Write\000"
 523      6C655F31 
 523      5F535049 
 523      305F4353 
 523      5F577269 
 524              	.LASF12:
 525 0224 75696E74 		.ascii	"uint8\000"
 525      3800
 526              	.LASF4:
 527 022a 6C6F6E67 		.ascii	"long int\000"
 527      20696E74 
 527      00
 528              	.LASF0:
 529 0233 7369676E 		.ascii	"signed char\000"
 529      65642063 
 529      68617200 
 530              	.LASF18:
 531 023f 656D4669 		.ascii	"emFile_1_SPI0_CS_Read\000"
 531      6C655F31 
 531      5F535049 
 531      305F4353 
 531      5F526561 
 532              		.ident	"GCC: (GNU Tools for ARM Embedded Processors) 5.4.1 20160609 (release) [ARM/embedded-5-bran
