ARM GAS  C:\Users\JACOB-~1\AppData\Local\Temp\cch7wlhW.s 			page 1


   1              		.syntax unified
   2              		.cpu cortex-m3
   3              		.fpu softvfp
   4              		.eabi_attribute 20, 1
   5              		.eabi_attribute 21, 1
   6              		.eabi_attribute 23, 3
   7              		.eabi_attribute 24, 1
   8              		.eabi_attribute 25, 1
   9              		.eabi_attribute 26, 1
  10              		.eabi_attribute 30, 2
  11              		.eabi_attribute 34, 1
  12              		.eabi_attribute 18, 4
  13              		.thumb
  14              		.syntax unified
  15              		.file	"emFile_1_sclk0.c"
  16              		.text
  17              	.Ltext0:
  18              		.cfi_sections	.debug_frame
  19              		.section	.text.emFile_1_sclk0_Write,"ax",%progbits
  20              		.align	2
  21              		.global	emFile_1_sclk0_Write
  22              		.thumb
  23              		.thumb_func
  24              		.type	emFile_1_sclk0_Write, %function
  25              	emFile_1_sclk0_Write:
  26              	.LFB0:
  27              		.file 1 "Generated_Source\\PSoC5\\emFile_1_sclk0.c"
   1:Generated_Source\PSoC5/emFile_1_sclk0.c **** /*******************************************************************************
   2:Generated_Source\PSoC5/emFile_1_sclk0.c **** * File Name: emFile_1_sclk0.c  
   3:Generated_Source\PSoC5/emFile_1_sclk0.c **** * Version 2.0
   4:Generated_Source\PSoC5/emFile_1_sclk0.c **** *
   5:Generated_Source\PSoC5/emFile_1_sclk0.c **** * Description:
   6:Generated_Source\PSoC5/emFile_1_sclk0.c **** *  This file contains API to enable firmware control of a Pins component.
   7:Generated_Source\PSoC5/emFile_1_sclk0.c **** *
   8:Generated_Source\PSoC5/emFile_1_sclk0.c **** * Note:
   9:Generated_Source\PSoC5/emFile_1_sclk0.c **** *
  10:Generated_Source\PSoC5/emFile_1_sclk0.c **** ********************************************************************************
  11:Generated_Source\PSoC5/emFile_1_sclk0.c **** * Copyright 2008-2014, Cypress Semiconductor Corporation.  All rights reserved.
  12:Generated_Source\PSoC5/emFile_1_sclk0.c **** * You may use this file only in accordance with the license, terms, conditions, 
  13:Generated_Source\PSoC5/emFile_1_sclk0.c **** * disclaimers, and limitations in the end user license agreement accompanying 
  14:Generated_Source\PSoC5/emFile_1_sclk0.c **** * the software package with which this file was provided.
  15:Generated_Source\PSoC5/emFile_1_sclk0.c **** *******************************************************************************/
  16:Generated_Source\PSoC5/emFile_1_sclk0.c **** 
  17:Generated_Source\PSoC5/emFile_1_sclk0.c **** #include "cytypes.h"
  18:Generated_Source\PSoC5/emFile_1_sclk0.c **** #include "emFile_1_sclk0.h"
  19:Generated_Source\PSoC5/emFile_1_sclk0.c **** 
  20:Generated_Source\PSoC5/emFile_1_sclk0.c **** /* APIs are not generated for P15[7:6] on PSoC 5 */
  21:Generated_Source\PSoC5/emFile_1_sclk0.c **** #if !(CY_PSOC5A &&\
  22:Generated_Source\PSoC5/emFile_1_sclk0.c **** 	 emFile_1_sclk0__PORT == 15 && ((emFile_1_sclk0__MASK & 0xC0) != 0))
  23:Generated_Source\PSoC5/emFile_1_sclk0.c **** 
  24:Generated_Source\PSoC5/emFile_1_sclk0.c **** 
  25:Generated_Source\PSoC5/emFile_1_sclk0.c **** /*******************************************************************************
  26:Generated_Source\PSoC5/emFile_1_sclk0.c **** * Function Name: emFile_1_sclk0_Write
  27:Generated_Source\PSoC5/emFile_1_sclk0.c **** ********************************************************************************
  28:Generated_Source\PSoC5/emFile_1_sclk0.c **** *
  29:Generated_Source\PSoC5/emFile_1_sclk0.c **** * Summary:
  30:Generated_Source\PSoC5/emFile_1_sclk0.c **** *  Assign a new value to the digital port's data output register.  
ARM GAS  C:\Users\JACOB-~1\AppData\Local\Temp\cch7wlhW.s 			page 2


  31:Generated_Source\PSoC5/emFile_1_sclk0.c **** *
  32:Generated_Source\PSoC5/emFile_1_sclk0.c **** * Parameters:  
  33:Generated_Source\PSoC5/emFile_1_sclk0.c **** *  prtValue:  The value to be assigned to the Digital Port. 
  34:Generated_Source\PSoC5/emFile_1_sclk0.c **** *
  35:Generated_Source\PSoC5/emFile_1_sclk0.c **** * Return: 
  36:Generated_Source\PSoC5/emFile_1_sclk0.c **** *  None
  37:Generated_Source\PSoC5/emFile_1_sclk0.c **** *  
  38:Generated_Source\PSoC5/emFile_1_sclk0.c **** *******************************************************************************/
  39:Generated_Source\PSoC5/emFile_1_sclk0.c **** void emFile_1_sclk0_Write(uint8 value) 
  40:Generated_Source\PSoC5/emFile_1_sclk0.c **** {
  28              		.loc 1 40 0
  29              		.cfi_startproc
  30              		@ args = 0, pretend = 0, frame = 0
  31              		@ frame_needed = 0, uses_anonymous_args = 0
  32              		@ link register save eliminated.
  33              	.LVL0:
  41:Generated_Source\PSoC5/emFile_1_sclk0.c ****     uint8 staticBits = (emFile_1_sclk0_DR & (uint8)(~emFile_1_sclk0_MASK));
  34              		.loc 1 41 0
  35 0000 044A     		ldr	r2, .L2
  36 0002 1378     		ldrb	r3, [r2]	@ zero_extendqisi2
  37              	.LVL1:
  42:Generated_Source\PSoC5/emFile_1_sclk0.c ****     emFile_1_sclk0_DR = staticBits | ((uint8)(value << emFile_1_sclk0_SHIFT) & emFile_1_sclk0_MASK)
  38              		.loc 1 42 0
  39 0004 03F07F03 		and	r3, r3, #127
  40              	.LVL2:
  41 0008 43EAC010 		orr	r0, r3, r0, lsl #7
  42              	.LVL3:
  43 000c C0B2     		uxtb	r0, r0
  44 000e 1070     		strb	r0, [r2]
  45 0010 7047     		bx	lr
  46              	.L3:
  47 0012 00BF     		.align	2
  48              	.L2:
  49 0014 00510040 		.word	1073762560
  50              		.cfi_endproc
  51              	.LFE0:
  52              		.size	emFile_1_sclk0_Write, .-emFile_1_sclk0_Write
  53              		.section	.text.emFile_1_sclk0_SetDriveMode,"ax",%progbits
  54              		.align	2
  55              		.global	emFile_1_sclk0_SetDriveMode
  56              		.thumb
  57              		.thumb_func
  58              		.type	emFile_1_sclk0_SetDriveMode, %function
  59              	emFile_1_sclk0_SetDriveMode:
  60              	.LFB1:
  43:Generated_Source\PSoC5/emFile_1_sclk0.c **** }
  44:Generated_Source\PSoC5/emFile_1_sclk0.c **** 
  45:Generated_Source\PSoC5/emFile_1_sclk0.c **** 
  46:Generated_Source\PSoC5/emFile_1_sclk0.c **** /*******************************************************************************
  47:Generated_Source\PSoC5/emFile_1_sclk0.c **** * Function Name: emFile_1_sclk0_SetDriveMode
  48:Generated_Source\PSoC5/emFile_1_sclk0.c **** ********************************************************************************
  49:Generated_Source\PSoC5/emFile_1_sclk0.c **** *
  50:Generated_Source\PSoC5/emFile_1_sclk0.c **** * Summary:
  51:Generated_Source\PSoC5/emFile_1_sclk0.c **** *  Change the drive mode on the pins of the port.
  52:Generated_Source\PSoC5/emFile_1_sclk0.c **** * 
  53:Generated_Source\PSoC5/emFile_1_sclk0.c **** * Parameters:  
  54:Generated_Source\PSoC5/emFile_1_sclk0.c **** *  mode:  Change the pins to one of the following drive modes.
ARM GAS  C:\Users\JACOB-~1\AppData\Local\Temp\cch7wlhW.s 			page 3


  55:Generated_Source\PSoC5/emFile_1_sclk0.c **** *
  56:Generated_Source\PSoC5/emFile_1_sclk0.c **** *  emFile_1_sclk0_DM_STRONG     Strong Drive 
  57:Generated_Source\PSoC5/emFile_1_sclk0.c **** *  emFile_1_sclk0_DM_OD_HI      Open Drain, Drives High 
  58:Generated_Source\PSoC5/emFile_1_sclk0.c **** *  emFile_1_sclk0_DM_OD_LO      Open Drain, Drives Low 
  59:Generated_Source\PSoC5/emFile_1_sclk0.c **** *  emFile_1_sclk0_DM_RES_UP     Resistive Pull Up 
  60:Generated_Source\PSoC5/emFile_1_sclk0.c **** *  emFile_1_sclk0_DM_RES_DWN    Resistive Pull Down 
  61:Generated_Source\PSoC5/emFile_1_sclk0.c **** *  emFile_1_sclk0_DM_RES_UPDWN  Resistive Pull Up/Down 
  62:Generated_Source\PSoC5/emFile_1_sclk0.c **** *  emFile_1_sclk0_DM_DIG_HIZ    High Impedance Digital 
  63:Generated_Source\PSoC5/emFile_1_sclk0.c **** *  emFile_1_sclk0_DM_ALG_HIZ    High Impedance Analog 
  64:Generated_Source\PSoC5/emFile_1_sclk0.c **** *
  65:Generated_Source\PSoC5/emFile_1_sclk0.c **** * Return: 
  66:Generated_Source\PSoC5/emFile_1_sclk0.c **** *  None
  67:Generated_Source\PSoC5/emFile_1_sclk0.c **** *
  68:Generated_Source\PSoC5/emFile_1_sclk0.c **** *******************************************************************************/
  69:Generated_Source\PSoC5/emFile_1_sclk0.c **** void emFile_1_sclk0_SetDriveMode(uint8 mode) 
  70:Generated_Source\PSoC5/emFile_1_sclk0.c **** {
  61              		.loc 1 70 0
  62              		.cfi_startproc
  63              		@ args = 0, pretend = 0, frame = 0
  64              		@ frame_needed = 0, uses_anonymous_args = 0
  65              		@ link register save eliminated.
  66              	.LVL4:
  71:Generated_Source\PSoC5/emFile_1_sclk0.c **** 	CyPins_SetPinDriveMode(emFile_1_sclk0_0, mode);
  67              		.loc 1 71 0
  68 0000 044A     		ldr	r2, .L5
  69 0002 00F00E00 		and	r0, r0, #14
  70              	.LVL5:
  71 0006 1378     		ldrb	r3, [r2]	@ zero_extendqisi2
  72 0008 03F0F103 		and	r3, r3, #241
  73 000c 1843     		orrs	r0, r0, r3
  74 000e 1070     		strb	r0, [r2]
  75 0010 7047     		bx	lr
  76              	.L6:
  77 0012 00BF     		.align	2
  78              	.L5:
  79 0014 07500040 		.word	1073762311
  80              		.cfi_endproc
  81              	.LFE1:
  82              		.size	emFile_1_sclk0_SetDriveMode, .-emFile_1_sclk0_SetDriveMode
  83              		.section	.text.emFile_1_sclk0_Read,"ax",%progbits
  84              		.align	2
  85              		.global	emFile_1_sclk0_Read
  86              		.thumb
  87              		.thumb_func
  88              		.type	emFile_1_sclk0_Read, %function
  89              	emFile_1_sclk0_Read:
  90              	.LFB2:
  72:Generated_Source\PSoC5/emFile_1_sclk0.c **** }
  73:Generated_Source\PSoC5/emFile_1_sclk0.c **** 
  74:Generated_Source\PSoC5/emFile_1_sclk0.c **** 
  75:Generated_Source\PSoC5/emFile_1_sclk0.c **** /*******************************************************************************
  76:Generated_Source\PSoC5/emFile_1_sclk0.c **** * Function Name: emFile_1_sclk0_Read
  77:Generated_Source\PSoC5/emFile_1_sclk0.c **** ********************************************************************************
  78:Generated_Source\PSoC5/emFile_1_sclk0.c **** *
  79:Generated_Source\PSoC5/emFile_1_sclk0.c **** * Summary:
  80:Generated_Source\PSoC5/emFile_1_sclk0.c **** *  Read the current value on the pins of the Digital Port in right justified 
  81:Generated_Source\PSoC5/emFile_1_sclk0.c **** *  form.
ARM GAS  C:\Users\JACOB-~1\AppData\Local\Temp\cch7wlhW.s 			page 4


  82:Generated_Source\PSoC5/emFile_1_sclk0.c **** *
  83:Generated_Source\PSoC5/emFile_1_sclk0.c **** * Parameters:  
  84:Generated_Source\PSoC5/emFile_1_sclk0.c **** *  None
  85:Generated_Source\PSoC5/emFile_1_sclk0.c **** *
  86:Generated_Source\PSoC5/emFile_1_sclk0.c **** * Return: 
  87:Generated_Source\PSoC5/emFile_1_sclk0.c **** *  Returns the current value of the Digital Port as a right justified number
  88:Generated_Source\PSoC5/emFile_1_sclk0.c **** *  
  89:Generated_Source\PSoC5/emFile_1_sclk0.c **** * Note:
  90:Generated_Source\PSoC5/emFile_1_sclk0.c **** *  Macro emFile_1_sclk0_ReadPS calls this function. 
  91:Generated_Source\PSoC5/emFile_1_sclk0.c **** *  
  92:Generated_Source\PSoC5/emFile_1_sclk0.c **** *******************************************************************************/
  93:Generated_Source\PSoC5/emFile_1_sclk0.c **** uint8 emFile_1_sclk0_Read(void) 
  94:Generated_Source\PSoC5/emFile_1_sclk0.c **** {
  91              		.loc 1 94 0
  92              		.cfi_startproc
  93              		@ args = 0, pretend = 0, frame = 0
  94              		@ frame_needed = 0, uses_anonymous_args = 0
  95              		@ link register save eliminated.
  95:Generated_Source\PSoC5/emFile_1_sclk0.c ****     return (emFile_1_sclk0_PS & emFile_1_sclk0_MASK) >> emFile_1_sclk0_SHIFT;
  96              		.loc 1 95 0
  97 0000 014B     		ldr	r3, .L8
  98 0002 1878     		ldrb	r0, [r3]	@ zero_extendqisi2
  96:Generated_Source\PSoC5/emFile_1_sclk0.c **** }
  99              		.loc 1 96 0
 100 0004 C009     		lsrs	r0, r0, #7
 101 0006 7047     		bx	lr
 102              	.L9:
 103              		.align	2
 104              	.L8:
 105 0008 01510040 		.word	1073762561
 106              		.cfi_endproc
 107              	.LFE2:
 108              		.size	emFile_1_sclk0_Read, .-emFile_1_sclk0_Read
 109              		.section	.text.emFile_1_sclk0_ReadDataReg,"ax",%progbits
 110              		.align	2
 111              		.global	emFile_1_sclk0_ReadDataReg
 112              		.thumb
 113              		.thumb_func
 114              		.type	emFile_1_sclk0_ReadDataReg, %function
 115              	emFile_1_sclk0_ReadDataReg:
 116              	.LFB3:
  97:Generated_Source\PSoC5/emFile_1_sclk0.c **** 
  98:Generated_Source\PSoC5/emFile_1_sclk0.c **** 
  99:Generated_Source\PSoC5/emFile_1_sclk0.c **** /*******************************************************************************
 100:Generated_Source\PSoC5/emFile_1_sclk0.c **** * Function Name: emFile_1_sclk0_ReadDataReg
 101:Generated_Source\PSoC5/emFile_1_sclk0.c **** ********************************************************************************
 102:Generated_Source\PSoC5/emFile_1_sclk0.c **** *
 103:Generated_Source\PSoC5/emFile_1_sclk0.c **** * Summary:
 104:Generated_Source\PSoC5/emFile_1_sclk0.c **** *  Read the current value assigned to a Digital Port's data output register
 105:Generated_Source\PSoC5/emFile_1_sclk0.c **** *
 106:Generated_Source\PSoC5/emFile_1_sclk0.c **** * Parameters:  
 107:Generated_Source\PSoC5/emFile_1_sclk0.c **** *  None 
 108:Generated_Source\PSoC5/emFile_1_sclk0.c **** *
 109:Generated_Source\PSoC5/emFile_1_sclk0.c **** * Return: 
 110:Generated_Source\PSoC5/emFile_1_sclk0.c **** *  Returns the current value assigned to the Digital Port's data output register
 111:Generated_Source\PSoC5/emFile_1_sclk0.c **** *  
 112:Generated_Source\PSoC5/emFile_1_sclk0.c **** *******************************************************************************/
ARM GAS  C:\Users\JACOB-~1\AppData\Local\Temp\cch7wlhW.s 			page 5


 113:Generated_Source\PSoC5/emFile_1_sclk0.c **** uint8 emFile_1_sclk0_ReadDataReg(void) 
 114:Generated_Source\PSoC5/emFile_1_sclk0.c **** {
 117              		.loc 1 114 0
 118              		.cfi_startproc
 119              		@ args = 0, pretend = 0, frame = 0
 120              		@ frame_needed = 0, uses_anonymous_args = 0
 121              		@ link register save eliminated.
 115:Generated_Source\PSoC5/emFile_1_sclk0.c ****     return (emFile_1_sclk0_DR & emFile_1_sclk0_MASK) >> emFile_1_sclk0_SHIFT;
 122              		.loc 1 115 0
 123 0000 014B     		ldr	r3, .L11
 124 0002 1878     		ldrb	r0, [r3]	@ zero_extendqisi2
 116:Generated_Source\PSoC5/emFile_1_sclk0.c **** }
 125              		.loc 1 116 0
 126 0004 C009     		lsrs	r0, r0, #7
 127 0006 7047     		bx	lr
 128              	.L12:
 129              		.align	2
 130              	.L11:
 131 0008 00510040 		.word	1073762560
 132              		.cfi_endproc
 133              	.LFE3:
 134              		.size	emFile_1_sclk0_ReadDataReg, .-emFile_1_sclk0_ReadDataReg
 135              		.text
 136              	.Letext0:
 137              		.file 2 "Generated_Source\\PSoC5\\cytypes.h"
 138              		.section	.debug_info,"",%progbits
 139              	.Ldebug_info0:
 140 0000 1D010000 		.4byte	0x11d
 141 0004 0400     		.2byte	0x4
 142 0006 00000000 		.4byte	.Ldebug_abbrev0
 143 000a 04       		.byte	0x4
 144 000b 01       		.uleb128 0x1
 145 000c 00000000 		.4byte	.LASF20
 146 0010 0C       		.byte	0xc
 147 0011 80010000 		.4byte	.LASF21
 148 0015 E2000000 		.4byte	.LASF22
 149 0019 00000000 		.4byte	.Ldebug_ranges0+0
 150 001d 00000000 		.4byte	0
 151 0021 00000000 		.4byte	.Ldebug_line0
 152 0025 02       		.uleb128 0x2
 153 0026 01       		.byte	0x1
 154 0027 06       		.byte	0x6
 155 0028 3A020000 		.4byte	.LASF0
 156 002c 02       		.uleb128 0x2
 157 002d 01       		.byte	0x1
 158 002e 08       		.byte	0x8
 159 002f D4000000 		.4byte	.LASF1
 160 0033 02       		.uleb128 0x2
 161 0034 02       		.byte	0x2
 162 0035 05       		.byte	0x5
 163 0036 21020000 		.4byte	.LASF2
 164 003a 02       		.uleb128 0x2
 165 003b 02       		.byte	0x2
 166 003c 07       		.byte	0x7
 167 003d 6D010000 		.4byte	.LASF3
 168 0041 02       		.uleb128 0x2
 169 0042 04       		.byte	0x4
ARM GAS  C:\Users\JACOB-~1\AppData\Local\Temp\cch7wlhW.s 			page 6


 170 0043 05       		.byte	0x5
 171 0044 31020000 		.4byte	.LASF4
 172 0048 02       		.uleb128 0x2
 173 0049 04       		.byte	0x4
 174 004a 07       		.byte	0x7
 175 004b 5B010000 		.4byte	.LASF5
 176 004f 02       		.uleb128 0x2
 177 0050 08       		.byte	0x8
 178 0051 05       		.byte	0x5
 179 0052 0E020000 		.4byte	.LASF6
 180 0056 02       		.uleb128 0x2
 181 0057 08       		.byte	0x8
 182 0058 07       		.byte	0x7
 183 0059 ED010000 		.4byte	.LASF7
 184 005d 03       		.uleb128 0x3
 185 005e 04       		.byte	0x4
 186 005f 05       		.byte	0x5
 187 0060 696E7400 		.ascii	"int\000"
 188 0064 02       		.uleb128 0x2
 189 0065 04       		.byte	0x4
 190 0066 07       		.byte	0x7
 191 0067 CB010000 		.4byte	.LASF8
 192 006b 04       		.uleb128 0x4
 193 006c 2B020000 		.4byte	.LASF12
 194 0070 02       		.byte	0x2
 195 0071 E401     		.2byte	0x1e4
 196 0073 2C000000 		.4byte	0x2c
 197 0077 02       		.uleb128 0x2
 198 0078 04       		.byte	0x4
 199 0079 04       		.byte	0x4
 200 007a BA000000 		.4byte	.LASF9
 201 007e 02       		.uleb128 0x2
 202 007f 08       		.byte	0x8
 203 0080 04       		.byte	0x4
 204 0081 C4010000 		.4byte	.LASF10
 205 0085 02       		.uleb128 0x2
 206 0086 01       		.byte	0x1
 207 0087 08       		.byte	0x8
 208 0088 1C020000 		.4byte	.LASF11
 209 008c 04       		.uleb128 0x4
 210 008d 09020000 		.4byte	.LASF13
 211 0091 02       		.byte	0x2
 212 0092 8E02     		.2byte	0x28e
 213 0094 98000000 		.4byte	0x98
 214 0098 05       		.uleb128 0x5
 215 0099 6B000000 		.4byte	0x6b
 216 009d 06       		.uleb128 0x6
 217 009e D8010000 		.4byte	.LASF14
 218 00a2 01       		.byte	0x1
 219 00a3 27       		.byte	0x27
 220 00a4 00000000 		.4byte	.LFB0
 221 00a8 18000000 		.4byte	.LFE0-.LFB0
 222 00ac 01       		.uleb128 0x1
 223 00ad 9C       		.byte	0x9c
 224 00ae D1000000 		.4byte	0xd1
 225 00b2 07       		.uleb128 0x7
 226 00b3 8E000000 		.4byte	.LASF16
ARM GAS  C:\Users\JACOB-~1\AppData\Local\Temp\cch7wlhW.s 			page 7


 227 00b7 01       		.byte	0x1
 228 00b8 27       		.byte	0x27
 229 00b9 6B000000 		.4byte	0x6b
 230 00bd 00000000 		.4byte	.LLST0
 231 00c1 08       		.uleb128 0x8
 232 00c2 94000000 		.4byte	.LASF23
 233 00c6 01       		.byte	0x1
 234 00c7 29       		.byte	0x29
 235 00c8 6B000000 		.4byte	0x6b
 236 00cc 21000000 		.4byte	.LLST1
 237 00d0 00       		.byte	0
 238 00d1 06       		.uleb128 0x6
 239 00d2 A8010000 		.4byte	.LASF15
 240 00d6 01       		.byte	0x1
 241 00d7 45       		.byte	0x45
 242 00d8 00000000 		.4byte	.LFB1
 243 00dc 18000000 		.4byte	.LFE1-.LFB1
 244 00e0 01       		.uleb128 0x1
 245 00e1 9C       		.byte	0x9c
 246 00e2 F6000000 		.4byte	0xf6
 247 00e6 07       		.uleb128 0x7
 248 00e7 04020000 		.4byte	.LASF17
 249 00eb 01       		.byte	0x1
 250 00ec 45       		.byte	0x45
 251 00ed 6B000000 		.4byte	0x6b
 252 00f1 39000000 		.4byte	.LLST2
 253 00f5 00       		.byte	0
 254 00f6 09       		.uleb128 0x9
 255 00f7 C0000000 		.4byte	.LASF18
 256 00fb 01       		.byte	0x1
 257 00fc 5D       		.byte	0x5d
 258 00fd 6B000000 		.4byte	0x6b
 259 0101 00000000 		.4byte	.LFB2
 260 0105 0C000000 		.4byte	.LFE2-.LFB2
 261 0109 01       		.uleb128 0x1
 262 010a 9C       		.byte	0x9c
 263 010b 09       		.uleb128 0x9
 264 010c 9F000000 		.4byte	.LASF19
 265 0110 01       		.byte	0x1
 266 0111 71       		.byte	0x71
 267 0112 6B000000 		.4byte	0x6b
 268 0116 00000000 		.4byte	.LFB3
 269 011a 0C000000 		.4byte	.LFE3-.LFB3
 270 011e 01       		.uleb128 0x1
 271 011f 9C       		.byte	0x9c
 272 0120 00       		.byte	0
 273              		.section	.debug_abbrev,"",%progbits
 274              	.Ldebug_abbrev0:
 275 0000 01       		.uleb128 0x1
 276 0001 11       		.uleb128 0x11
 277 0002 01       		.byte	0x1
 278 0003 25       		.uleb128 0x25
 279 0004 0E       		.uleb128 0xe
 280 0005 13       		.uleb128 0x13
 281 0006 0B       		.uleb128 0xb
 282 0007 03       		.uleb128 0x3
 283 0008 0E       		.uleb128 0xe
ARM GAS  C:\Users\JACOB-~1\AppData\Local\Temp\cch7wlhW.s 			page 8


 284 0009 1B       		.uleb128 0x1b
 285 000a 0E       		.uleb128 0xe
 286 000b 55       		.uleb128 0x55
 287 000c 17       		.uleb128 0x17
 288 000d 11       		.uleb128 0x11
 289 000e 01       		.uleb128 0x1
 290 000f 10       		.uleb128 0x10
 291 0010 17       		.uleb128 0x17
 292 0011 00       		.byte	0
 293 0012 00       		.byte	0
 294 0013 02       		.uleb128 0x2
 295 0014 24       		.uleb128 0x24
 296 0015 00       		.byte	0
 297 0016 0B       		.uleb128 0xb
 298 0017 0B       		.uleb128 0xb
 299 0018 3E       		.uleb128 0x3e
 300 0019 0B       		.uleb128 0xb
 301 001a 03       		.uleb128 0x3
 302 001b 0E       		.uleb128 0xe
 303 001c 00       		.byte	0
 304 001d 00       		.byte	0
 305 001e 03       		.uleb128 0x3
 306 001f 24       		.uleb128 0x24
 307 0020 00       		.byte	0
 308 0021 0B       		.uleb128 0xb
 309 0022 0B       		.uleb128 0xb
 310 0023 3E       		.uleb128 0x3e
 311 0024 0B       		.uleb128 0xb
 312 0025 03       		.uleb128 0x3
 313 0026 08       		.uleb128 0x8
 314 0027 00       		.byte	0
 315 0028 00       		.byte	0
 316 0029 04       		.uleb128 0x4
 317 002a 16       		.uleb128 0x16
 318 002b 00       		.byte	0
 319 002c 03       		.uleb128 0x3
 320 002d 0E       		.uleb128 0xe
 321 002e 3A       		.uleb128 0x3a
 322 002f 0B       		.uleb128 0xb
 323 0030 3B       		.uleb128 0x3b
 324 0031 05       		.uleb128 0x5
 325 0032 49       		.uleb128 0x49
 326 0033 13       		.uleb128 0x13
 327 0034 00       		.byte	0
 328 0035 00       		.byte	0
 329 0036 05       		.uleb128 0x5
 330 0037 35       		.uleb128 0x35
 331 0038 00       		.byte	0
 332 0039 49       		.uleb128 0x49
 333 003a 13       		.uleb128 0x13
 334 003b 00       		.byte	0
 335 003c 00       		.byte	0
 336 003d 06       		.uleb128 0x6
 337 003e 2E       		.uleb128 0x2e
 338 003f 01       		.byte	0x1
 339 0040 3F       		.uleb128 0x3f
 340 0041 19       		.uleb128 0x19
ARM GAS  C:\Users\JACOB-~1\AppData\Local\Temp\cch7wlhW.s 			page 9


 341 0042 03       		.uleb128 0x3
 342 0043 0E       		.uleb128 0xe
 343 0044 3A       		.uleb128 0x3a
 344 0045 0B       		.uleb128 0xb
 345 0046 3B       		.uleb128 0x3b
 346 0047 0B       		.uleb128 0xb
 347 0048 27       		.uleb128 0x27
 348 0049 19       		.uleb128 0x19
 349 004a 11       		.uleb128 0x11
 350 004b 01       		.uleb128 0x1
 351 004c 12       		.uleb128 0x12
 352 004d 06       		.uleb128 0x6
 353 004e 40       		.uleb128 0x40
 354 004f 18       		.uleb128 0x18
 355 0050 9742     		.uleb128 0x2117
 356 0052 19       		.uleb128 0x19
 357 0053 01       		.uleb128 0x1
 358 0054 13       		.uleb128 0x13
 359 0055 00       		.byte	0
 360 0056 00       		.byte	0
 361 0057 07       		.uleb128 0x7
 362 0058 05       		.uleb128 0x5
 363 0059 00       		.byte	0
 364 005a 03       		.uleb128 0x3
 365 005b 0E       		.uleb128 0xe
 366 005c 3A       		.uleb128 0x3a
 367 005d 0B       		.uleb128 0xb
 368 005e 3B       		.uleb128 0x3b
 369 005f 0B       		.uleb128 0xb
 370 0060 49       		.uleb128 0x49
 371 0061 13       		.uleb128 0x13
 372 0062 02       		.uleb128 0x2
 373 0063 17       		.uleb128 0x17
 374 0064 00       		.byte	0
 375 0065 00       		.byte	0
 376 0066 08       		.uleb128 0x8
 377 0067 34       		.uleb128 0x34
 378 0068 00       		.byte	0
 379 0069 03       		.uleb128 0x3
 380 006a 0E       		.uleb128 0xe
 381 006b 3A       		.uleb128 0x3a
 382 006c 0B       		.uleb128 0xb
 383 006d 3B       		.uleb128 0x3b
 384 006e 0B       		.uleb128 0xb
 385 006f 49       		.uleb128 0x49
 386 0070 13       		.uleb128 0x13
 387 0071 02       		.uleb128 0x2
 388 0072 17       		.uleb128 0x17
 389 0073 00       		.byte	0
 390 0074 00       		.byte	0
 391 0075 09       		.uleb128 0x9
 392 0076 2E       		.uleb128 0x2e
 393 0077 00       		.byte	0
 394 0078 3F       		.uleb128 0x3f
 395 0079 19       		.uleb128 0x19
 396 007a 03       		.uleb128 0x3
 397 007b 0E       		.uleb128 0xe
ARM GAS  C:\Users\JACOB-~1\AppData\Local\Temp\cch7wlhW.s 			page 10


 398 007c 3A       		.uleb128 0x3a
 399 007d 0B       		.uleb128 0xb
 400 007e 3B       		.uleb128 0x3b
 401 007f 0B       		.uleb128 0xb
 402 0080 27       		.uleb128 0x27
 403 0081 19       		.uleb128 0x19
 404 0082 49       		.uleb128 0x49
 405 0083 13       		.uleb128 0x13
 406 0084 11       		.uleb128 0x11
 407 0085 01       		.uleb128 0x1
 408 0086 12       		.uleb128 0x12
 409 0087 06       		.uleb128 0x6
 410 0088 40       		.uleb128 0x40
 411 0089 18       		.uleb128 0x18
 412 008a 9742     		.uleb128 0x2117
 413 008c 19       		.uleb128 0x19
 414 008d 00       		.byte	0
 415 008e 00       		.byte	0
 416 008f 00       		.byte	0
 417              		.section	.debug_loc,"",%progbits
 418              	.Ldebug_loc0:
 419              	.LLST0:
 420 0000 00000000 		.4byte	.LVL0
 421 0004 0C000000 		.4byte	.LVL3
 422 0008 0100     		.2byte	0x1
 423 000a 50       		.byte	0x50
 424 000b 0C000000 		.4byte	.LVL3
 425 000f 18000000 		.4byte	.LFE0
 426 0013 0400     		.2byte	0x4
 427 0015 F3       		.byte	0xf3
 428 0016 01       		.uleb128 0x1
 429 0017 50       		.byte	0x50
 430 0018 9F       		.byte	0x9f
 431 0019 00000000 		.4byte	0
 432 001d 00000000 		.4byte	0
 433              	.LLST1:
 434 0021 04000000 		.4byte	.LVL1
 435 0025 08000000 		.4byte	.LVL2
 436 0029 0600     		.2byte	0x6
 437 002b 73       		.byte	0x73
 438 002c 00       		.sleb128 0
 439 002d 08       		.byte	0x8
 440 002e 7F       		.byte	0x7f
 441 002f 1A       		.byte	0x1a
 442 0030 9F       		.byte	0x9f
 443 0031 00000000 		.4byte	0
 444 0035 00000000 		.4byte	0
 445              	.LLST2:
 446 0039 00000000 		.4byte	.LVL4
 447 003d 06000000 		.4byte	.LVL5
 448 0041 0100     		.2byte	0x1
 449 0043 50       		.byte	0x50
 450 0044 06000000 		.4byte	.LVL5
 451 0048 18000000 		.4byte	.LFE1
 452 004c 0400     		.2byte	0x4
 453 004e F3       		.byte	0xf3
 454 004f 01       		.uleb128 0x1
ARM GAS  C:\Users\JACOB-~1\AppData\Local\Temp\cch7wlhW.s 			page 11


 455 0050 50       		.byte	0x50
 456 0051 9F       		.byte	0x9f
 457 0052 00000000 		.4byte	0
 458 0056 00000000 		.4byte	0
 459              		.section	.debug_aranges,"",%progbits
 460 0000 34000000 		.4byte	0x34
 461 0004 0200     		.2byte	0x2
 462 0006 00000000 		.4byte	.Ldebug_info0
 463 000a 04       		.byte	0x4
 464 000b 00       		.byte	0
 465 000c 0000     		.2byte	0
 466 000e 0000     		.2byte	0
 467 0010 00000000 		.4byte	.LFB0
 468 0014 18000000 		.4byte	.LFE0-.LFB0
 469 0018 00000000 		.4byte	.LFB1
 470 001c 18000000 		.4byte	.LFE1-.LFB1
 471 0020 00000000 		.4byte	.LFB2
 472 0024 0C000000 		.4byte	.LFE2-.LFB2
 473 0028 00000000 		.4byte	.LFB3
 474 002c 0C000000 		.4byte	.LFE3-.LFB3
 475 0030 00000000 		.4byte	0
 476 0034 00000000 		.4byte	0
 477              		.section	.debug_ranges,"",%progbits
 478              	.Ldebug_ranges0:
 479 0000 00000000 		.4byte	.LFB0
 480 0004 18000000 		.4byte	.LFE0
 481 0008 00000000 		.4byte	.LFB1
 482 000c 18000000 		.4byte	.LFE1
 483 0010 00000000 		.4byte	.LFB2
 484 0014 0C000000 		.4byte	.LFE2
 485 0018 00000000 		.4byte	.LFB3
 486 001c 0C000000 		.4byte	.LFE3
 487 0020 00000000 		.4byte	0
 488 0024 00000000 		.4byte	0
 489              		.section	.debug_line,"",%progbits
 490              	.Ldebug_line0:
 491 0000 97000000 		.section	.debug_str,"MS",%progbits,1
 491      02004B00 
 491      00000201 
 491      FB0E0D00 
 491      01010101 
 492              	.LASF20:
 493 0000 474E5520 		.ascii	"GNU C11 5.4.1 20160609 (release) [ARM/embedded-5-br"
 493      43313120 
 493      352E342E 
 493      31203230 
 493      31363036 
 494 0033 616E6368 		.ascii	"anch revision 237715] -mcpu=cortex-m3 -mthumb -g -O"
 494      20726576 
 494      6973696F 
 494      6E203233 
 494      37373135 
 495 0066 33202D66 		.ascii	"3 -ffunction-sections -ffat-lto-objects\000"
 495      66756E63 
 495      74696F6E 
 495      2D736563 
 495      74696F6E 
ARM GAS  C:\Users\JACOB-~1\AppData\Local\Temp\cch7wlhW.s 			page 12


 496              	.LASF16:
 497 008e 76616C75 		.ascii	"value\000"
 497      6500
 498              	.LASF23:
 499 0094 73746174 		.ascii	"staticBits\000"
 499      69634269 
 499      747300
 500              	.LASF19:
 501 009f 656D4669 		.ascii	"emFile_1_sclk0_ReadDataReg\000"
 501      6C655F31 
 501      5F73636C 
 501      6B305F52 
 501      65616444 
 502              	.LASF9:
 503 00ba 666C6F61 		.ascii	"float\000"
 503      7400
 504              	.LASF18:
 505 00c0 656D4669 		.ascii	"emFile_1_sclk0_Read\000"
 505      6C655F31 
 505      5F73636C 
 505      6B305F52 
 505      65616400 
 506              	.LASF1:
 507 00d4 756E7369 		.ascii	"unsigned char\000"
 507      676E6564 
 507      20636861 
 507      7200
 508              	.LASF22:
 509 00e2 433A5C55 		.ascii	"C:\\Users\\Jacob-Laptop\\Documents\\PSoC Creator\\S"
 509      73657273 
 509      5C4A6163 
 509      6F622D4C 
 509      6170746F 
 510 0110 656E696F 		.ascii	"enior Project Stuff Backup - Copy\\Senior Project I"
 510      72205072 
 510      6F6A6563 
 510      74205374 
 510      75666620 
 511 0142 6E746567 		.ascii	"ntegrated\\Design01.cydsn\000"
 511      72617465 
 511      645C4465 
 511      7369676E 
 511      30312E63 
 512              	.LASF5:
 513 015b 6C6F6E67 		.ascii	"long unsigned int\000"
 513      20756E73 
 513      69676E65 
 513      6420696E 
 513      7400
 514              	.LASF3:
 515 016d 73686F72 		.ascii	"short unsigned int\000"
 515      7420756E 
 515      7369676E 
 515      65642069 
 515      6E7400
 516              	.LASF21:
 517 0180 47656E65 		.ascii	"Generated_Source\\PSoC5\\emFile_1_sclk0.c\000"
ARM GAS  C:\Users\JACOB-~1\AppData\Local\Temp\cch7wlhW.s 			page 13


 517      72617465 
 517      645F536F 
 517      75726365 
 517      5C50536F 
 518              	.LASF15:
 519 01a8 656D4669 		.ascii	"emFile_1_sclk0_SetDriveMode\000"
 519      6C655F31 
 519      5F73636C 
 519      6B305F53 
 519      65744472 
 520              	.LASF10:
 521 01c4 646F7562 		.ascii	"double\000"
 521      6C6500
 522              	.LASF8:
 523 01cb 756E7369 		.ascii	"unsigned int\000"
 523      676E6564 
 523      20696E74 
 523      00
 524              	.LASF14:
 525 01d8 656D4669 		.ascii	"emFile_1_sclk0_Write\000"
 525      6C655F31 
 525      5F73636C 
 525      6B305F57 
 525      72697465 
 526              	.LASF7:
 527 01ed 6C6F6E67 		.ascii	"long long unsigned int\000"
 527      206C6F6E 
 527      6720756E 
 527      7369676E 
 527      65642069 
 528              	.LASF17:
 529 0204 6D6F6465 		.ascii	"mode\000"
 529      00
 530              	.LASF13:
 531 0209 72656738 		.ascii	"reg8\000"
 531      00
 532              	.LASF6:
 533 020e 6C6F6E67 		.ascii	"long long int\000"
 533      206C6F6E 
 533      6720696E 
 533      7400
 534              	.LASF11:
 535 021c 63686172 		.ascii	"char\000"
 535      00
 536              	.LASF2:
 537 0221 73686F72 		.ascii	"short int\000"
 537      7420696E 
 537      7400
 538              	.LASF12:
 539 022b 75696E74 		.ascii	"uint8\000"
 539      3800
 540              	.LASF4:
 541 0231 6C6F6E67 		.ascii	"long int\000"
 541      20696E74 
 541      00
 542              	.LASF0:
 543 023a 7369676E 		.ascii	"signed char\000"
ARM GAS  C:\Users\JACOB-~1\AppData\Local\Temp\cch7wlhW.s 			page 14


 543      65642063 
 543      68617200 
 544              		.ident	"GCC: (GNU Tools for ARM Embedded Processors) 5.4.1 20160609 (release) [ARM/embedded-5-bran
