ARM GAS  C:\Users\legoc\AppData\Local\Temp\ccPDrfCD.s 			page 1


   1              		.syntax unified
   2              		.cpu cortex-m3
   3              		.fpu softvfp
   4              		.eabi_attribute 20, 1
   5              		.eabi_attribute 21, 1
   6              		.eabi_attribute 23, 3
   7              		.eabi_attribute 24, 1
   8              		.eabi_attribute 25, 1
   9              		.eabi_attribute 26, 1
  10              		.eabi_attribute 30, 2
  11              		.eabi_attribute 34, 1
  12              		.eabi_attribute 18, 4
  13              		.thumb
  14              		.syntax unified
  15              		.file	"I2C_PM.c"
  16              		.text
  17              	.Ltext0:
  18              		.cfi_sections	.debug_frame
  19              		.section	.text.I2C_SaveConfig,"ax",%progbits
  20              		.align	2
  21              		.global	I2C_SaveConfig
  22              		.thumb
  23              		.thumb_func
  24              		.type	I2C_SaveConfig, %function
  25              	I2C_SaveConfig:
  26              	.LFB0:
  27              		.file 1 "Generated_Source\\PSoC5\\I2C_PM.c"
   1:Generated_Source\PSoC5/I2C_PM.c **** /*******************************************************************************
   2:Generated_Source\PSoC5/I2C_PM.c **** * File Name: I2C_PM.c
   3:Generated_Source\PSoC5/I2C_PM.c **** * Version 3.50
   4:Generated_Source\PSoC5/I2C_PM.c **** *
   5:Generated_Source\PSoC5/I2C_PM.c **** * Description:
   6:Generated_Source\PSoC5/I2C_PM.c **** *  This file provides low power mode APIs for the I2C component.
   7:Generated_Source\PSoC5/I2C_PM.c **** *
   8:Generated_Source\PSoC5/I2C_PM.c **** ********************************************************************************
   9:Generated_Source\PSoC5/I2C_PM.c **** * Copyright 2008-2015, Cypress Semiconductor Corporation. All rights reserved.
  10:Generated_Source\PSoC5/I2C_PM.c **** * You may use this file only in accordance with the license, terms, conditions,
  11:Generated_Source\PSoC5/I2C_PM.c **** * disclaimers, and limitations in the end user license agreement accompanying
  12:Generated_Source\PSoC5/I2C_PM.c **** * the software package with which this file was provided.
  13:Generated_Source\PSoC5/I2C_PM.c **** *******************************************************************************/
  14:Generated_Source\PSoC5/I2C_PM.c **** 
  15:Generated_Source\PSoC5/I2C_PM.c **** #include "I2C_PVT.h"
  16:Generated_Source\PSoC5/I2C_PM.c **** 
  17:Generated_Source\PSoC5/I2C_PM.c **** I2C_BACKUP_STRUCT I2C_backup =
  18:Generated_Source\PSoC5/I2C_PM.c **** {
  19:Generated_Source\PSoC5/I2C_PM.c ****     I2C_DISABLE,
  20:Generated_Source\PSoC5/I2C_PM.c **** 
  21:Generated_Source\PSoC5/I2C_PM.c **** #if (I2C_FF_IMPLEMENTED)
  22:Generated_Source\PSoC5/I2C_PM.c ****     I2C_DEFAULT_XCFG,
  23:Generated_Source\PSoC5/I2C_PM.c ****     I2C_DEFAULT_CFG,
  24:Generated_Source\PSoC5/I2C_PM.c ****     I2C_DEFAULT_ADDR,
  25:Generated_Source\PSoC5/I2C_PM.c ****     LO8(I2C_DEFAULT_DIVIDE_FACTOR),
  26:Generated_Source\PSoC5/I2C_PM.c ****     HI8(I2C_DEFAULT_DIVIDE_FACTOR),
  27:Generated_Source\PSoC5/I2C_PM.c **** #else  /* (I2C_UDB_IMPLEMENTED) */
  28:Generated_Source\PSoC5/I2C_PM.c ****     I2C_DEFAULT_CFG,
  29:Generated_Source\PSoC5/I2C_PM.c **** #endif /* (I2C_FF_IMPLEMENTED) */
  30:Generated_Source\PSoC5/I2C_PM.c **** 
ARM GAS  C:\Users\legoc\AppData\Local\Temp\ccPDrfCD.s 			page 2


  31:Generated_Source\PSoC5/I2C_PM.c **** #if (I2C_TIMEOUT_ENABLED)
  32:Generated_Source\PSoC5/I2C_PM.c ****     I2C_DEFAULT_TMOUT_PERIOD,
  33:Generated_Source\PSoC5/I2C_PM.c ****     I2C_DEFAULT_TMOUT_INTR_MASK,
  34:Generated_Source\PSoC5/I2C_PM.c **** #endif /* (I2C_TIMEOUT_ENABLED) */
  35:Generated_Source\PSoC5/I2C_PM.c **** };
  36:Generated_Source\PSoC5/I2C_PM.c **** 
  37:Generated_Source\PSoC5/I2C_PM.c **** #if ((I2C_FF_IMPLEMENTED) && (I2C_WAKEUP_ENABLED))
  38:Generated_Source\PSoC5/I2C_PM.c ****     volatile uint8 I2C_wakeupSource;
  39:Generated_Source\PSoC5/I2C_PM.c **** #endif /* ((I2C_FF_IMPLEMENTED) && (I2C_WAKEUP_ENABLED)) */
  40:Generated_Source\PSoC5/I2C_PM.c **** 
  41:Generated_Source\PSoC5/I2C_PM.c **** 
  42:Generated_Source\PSoC5/I2C_PM.c **** /*******************************************************************************
  43:Generated_Source\PSoC5/I2C_PM.c **** * Function Name: I2C_SaveConfig
  44:Generated_Source\PSoC5/I2C_PM.c **** ********************************************************************************
  45:Generated_Source\PSoC5/I2C_PM.c **** *
  46:Generated_Source\PSoC5/I2C_PM.c **** * Summary:
  47:Generated_Source\PSoC5/I2C_PM.c **** *  The Enable wakeup from Sleep Mode selection influences this function
  48:Generated_Source\PSoC5/I2C_PM.c **** *  implementation:
  49:Generated_Source\PSoC5/I2C_PM.c **** *   Unchecked: Stores the component non-retention configuration registers.
  50:Generated_Source\PSoC5/I2C_PM.c **** *   Checked:   Disables the master, if it was enabled before, and enables
  51:Generated_Source\PSoC5/I2C_PM.c **** *              backup regulator of the I2C hardware. If a transaction intended
  52:Generated_Source\PSoC5/I2C_PM.c **** *              for component executes during this function call, it waits until
  53:Generated_Source\PSoC5/I2C_PM.c **** *              the current transaction is completed and I2C hardware is ready
  54:Generated_Source\PSoC5/I2C_PM.c **** *              to enter sleep mode. All subsequent I2C traffic is NAKed until
  55:Generated_Source\PSoC5/I2C_PM.c **** *              the device is put into sleep mode.
  56:Generated_Source\PSoC5/I2C_PM.c **** *
  57:Generated_Source\PSoC5/I2C_PM.c **** * Parameters:
  58:Generated_Source\PSoC5/I2C_PM.c **** *  None.
  59:Generated_Source\PSoC5/I2C_PM.c **** *
  60:Generated_Source\PSoC5/I2C_PM.c **** * Return:
  61:Generated_Source\PSoC5/I2C_PM.c **** *  None.
  62:Generated_Source\PSoC5/I2C_PM.c **** *
  63:Generated_Source\PSoC5/I2C_PM.c **** * Global Variables:
  64:Generated_Source\PSoC5/I2C_PM.c **** *  I2C_backup - The global variable used to save the component
  65:Generated_Source\PSoC5/I2C_PM.c **** *                            configuration and non-retention registers before
  66:Generated_Source\PSoC5/I2C_PM.c **** *                            entering the sleep mode.
  67:Generated_Source\PSoC5/I2C_PM.c **** *
  68:Generated_Source\PSoC5/I2C_PM.c **** * Reentrant:
  69:Generated_Source\PSoC5/I2C_PM.c **** *  No.
  70:Generated_Source\PSoC5/I2C_PM.c **** *
  71:Generated_Source\PSoC5/I2C_PM.c **** *******************************************************************************/
  72:Generated_Source\PSoC5/I2C_PM.c **** void I2C_SaveConfig(void) 
  73:Generated_Source\PSoC5/I2C_PM.c **** {
  28              		.loc 1 73 0
  29              		.cfi_startproc
  30              		@ args = 0, pretend = 0, frame = 0
  31              		@ frame_needed = 0, uses_anonymous_args = 0
  32              		@ link register save eliminated.
  33 0000 30B4     		push	{r4, r5}
  34              		.cfi_def_cfa_offset 8
  35              		.cfi_offset 4, -8
  36              		.cfi_offset 5, -4
  74:Generated_Source\PSoC5/I2C_PM.c **** #if (I2C_FF_IMPLEMENTED)
  75:Generated_Source\PSoC5/I2C_PM.c ****     #if (I2C_WAKEUP_ENABLED)
  76:Generated_Source\PSoC5/I2C_PM.c ****         uint8 intState;
  77:Generated_Source\PSoC5/I2C_PM.c ****     #endif /* (I2C_WAKEUP_ENABLED) */
  78:Generated_Source\PSoC5/I2C_PM.c **** 
ARM GAS  C:\Users\legoc\AppData\Local\Temp\ccPDrfCD.s 			page 3


  79:Generated_Source\PSoC5/I2C_PM.c ****     /* Store registers before enter low power mode */
  80:Generated_Source\PSoC5/I2C_PM.c ****     I2C_backup.cfg     = I2C_CFG_REG;
  37              		.loc 1 80 0
  38 0002 094B     		ldr	r3, .L3
  81:Generated_Source\PSoC5/I2C_PM.c ****     I2C_backup.xcfg    = I2C_XCFG_REG;
  39              		.loc 1 81 0
  40 0004 094C     		ldr	r4, .L3+4
  82:Generated_Source\PSoC5/I2C_PM.c ****     I2C_backup.addr    = I2C_ADDR_REG;
  41              		.loc 1 82 0
  42 0006 0A48     		ldr	r0, .L3+8
  83:Generated_Source\PSoC5/I2C_PM.c ****     I2C_backup.clkDiv1 = I2C_CLKDIV1_REG;
  43              		.loc 1 83 0
  44 0008 0A49     		ldr	r1, .L3+12
  84:Generated_Source\PSoC5/I2C_PM.c ****     I2C_backup.clkDiv2 = I2C_CLKDIV2_REG;
  45              		.loc 1 84 0
  46 000a 0B4A     		ldr	r2, .L3+16
  80:Generated_Source\PSoC5/I2C_PM.c ****     I2C_backup.xcfg    = I2C_XCFG_REG;
  47              		.loc 1 80 0
  48 000c 1D78     		ldrb	r5, [r3]	@ zero_extendqisi2
  81:Generated_Source\PSoC5/I2C_PM.c ****     I2C_backup.addr    = I2C_ADDR_REG;
  49              		.loc 1 81 0
  50 000e 2478     		ldrb	r4, [r4]	@ zero_extendqisi2
  80:Generated_Source\PSoC5/I2C_PM.c ****     I2C_backup.xcfg    = I2C_XCFG_REG;
  51              		.loc 1 80 0
  52 0010 0A4B     		ldr	r3, .L3+20
  82:Generated_Source\PSoC5/I2C_PM.c ****     I2C_backup.clkDiv1 = I2C_CLKDIV1_REG;
  53              		.loc 1 82 0
  54 0012 0078     		ldrb	r0, [r0]	@ zero_extendqisi2
  83:Generated_Source\PSoC5/I2C_PM.c ****     I2C_backup.clkDiv2 = I2C_CLKDIV2_REG;
  55              		.loc 1 83 0
  56 0014 0978     		ldrb	r1, [r1]	@ zero_extendqisi2
  57              		.loc 1 84 0
  58 0016 1278     		ldrb	r2, [r2]	@ zero_extendqisi2
  80:Generated_Source\PSoC5/I2C_PM.c ****     I2C_backup.xcfg    = I2C_XCFG_REG;
  59              		.loc 1 80 0
  60 0018 9D70     		strb	r5, [r3, #2]
  81:Generated_Source\PSoC5/I2C_PM.c ****     I2C_backup.addr    = I2C_ADDR_REG;
  61              		.loc 1 81 0
  62 001a 5C70     		strb	r4, [r3, #1]
  82:Generated_Source\PSoC5/I2C_PM.c ****     I2C_backup.clkDiv1 = I2C_CLKDIV1_REG;
  63              		.loc 1 82 0
  64 001c D870     		strb	r0, [r3, #3]
  83:Generated_Source\PSoC5/I2C_PM.c ****     I2C_backup.clkDiv2 = I2C_CLKDIV2_REG;
  65              		.loc 1 83 0
  66 001e 1971     		strb	r1, [r3, #4]
  67              		.loc 1 84 0
  68 0020 5A71     		strb	r2, [r3, #5]
  85:Generated_Source\PSoC5/I2C_PM.c **** 
  86:Generated_Source\PSoC5/I2C_PM.c **** #if (I2C_WAKEUP_ENABLED)
  87:Generated_Source\PSoC5/I2C_PM.c ****     /* Disable master */
  88:Generated_Source\PSoC5/I2C_PM.c ****     I2C_CFG_REG &= (uint8) ~I2C_ENABLE_MASTER;
  89:Generated_Source\PSoC5/I2C_PM.c **** 
  90:Generated_Source\PSoC5/I2C_PM.c ****     /* Enable backup regulator to keep block powered in low power mode */
  91:Generated_Source\PSoC5/I2C_PM.c ****     intState = CyEnterCriticalSection();
  92:Generated_Source\PSoC5/I2C_PM.c ****     I2C_PWRSYS_CR1_REG |= I2C_PWRSYS_CR1_I2C_REG_BACKUP;
  93:Generated_Source\PSoC5/I2C_PM.c ****     CyExitCriticalSection(intState);
  94:Generated_Source\PSoC5/I2C_PM.c **** 
ARM GAS  C:\Users\legoc\AppData\Local\Temp\ccPDrfCD.s 			page 4


  95:Generated_Source\PSoC5/I2C_PM.c ****     /* 1) Set force NACK to ignore I2C transactions;
  96:Generated_Source\PSoC5/I2C_PM.c ****     *  2) Wait unti I2C is ready go to Sleep; !!
  97:Generated_Source\PSoC5/I2C_PM.c ****     *  3) These bits are cleared on wake up.
  98:Generated_Source\PSoC5/I2C_PM.c ****     */
  99:Generated_Source\PSoC5/I2C_PM.c ****     /* Wait when block is ready for sleep */
 100:Generated_Source\PSoC5/I2C_PM.c ****     I2C_XCFG_REG |= I2C_XCFG_FORCE_NACK;
 101:Generated_Source\PSoC5/I2C_PM.c ****     while (0u == (I2C_XCFG_REG & I2C_XCFG_RDY_TO_SLEEP))
 102:Generated_Source\PSoC5/I2C_PM.c ****     {
 103:Generated_Source\PSoC5/I2C_PM.c ****     }
 104:Generated_Source\PSoC5/I2C_PM.c **** 
 105:Generated_Source\PSoC5/I2C_PM.c ****     /* Setup wakeup interrupt */
 106:Generated_Source\PSoC5/I2C_PM.c ****     I2C_DisableInt();
 107:Generated_Source\PSoC5/I2C_PM.c ****     (void) CyIntSetVector(I2C_ISR_NUMBER, &I2C_WAKEUP_ISR);
 108:Generated_Source\PSoC5/I2C_PM.c ****     I2C_wakeupSource = 0u;
 109:Generated_Source\PSoC5/I2C_PM.c ****     I2C_EnableInt();
 110:Generated_Source\PSoC5/I2C_PM.c **** #endif /* (I2C_WAKEUP_ENABLED) */
 111:Generated_Source\PSoC5/I2C_PM.c **** 
 112:Generated_Source\PSoC5/I2C_PM.c **** #else
 113:Generated_Source\PSoC5/I2C_PM.c ****     /* Store only address match bit */
 114:Generated_Source\PSoC5/I2C_PM.c ****     I2C_backup.control = (I2C_CFG_REG & I2C_CTRL_ANY_ADDRESS_MASK);
 115:Generated_Source\PSoC5/I2C_PM.c **** #endif /* (I2C_FF_IMPLEMENTED) */
 116:Generated_Source\PSoC5/I2C_PM.c **** 
 117:Generated_Source\PSoC5/I2C_PM.c **** #if (I2C_TIMEOUT_ENABLED)
 118:Generated_Source\PSoC5/I2C_PM.c ****     I2C_TimeoutSaveConfig();
 119:Generated_Source\PSoC5/I2C_PM.c **** #endif /* (I2C_TIMEOUT_ENABLED) */
 120:Generated_Source\PSoC5/I2C_PM.c **** }
  69              		.loc 1 120 0
  70 0022 30BC     		pop	{r4, r5}
  71              		.cfi_restore 5
  72              		.cfi_restore 4
  73              		.cfi_def_cfa_offset 0
  74 0024 7047     		bx	lr
  75              	.L4:
  76 0026 00BF     		.align	2
  77              	.L3:
  78 0028 D6490040 		.word	1073760726
  79 002c C8490040 		.word	1073760712
  80 0030 CA490040 		.word	1073760714
  81 0034 DB490040 		.word	1073760731
  82 0038 DC490040 		.word	1073760732
  83 003c 00000000 		.word	.LANCHOR0
  84              		.cfi_endproc
  85              	.LFE0:
  86              		.size	I2C_SaveConfig, .-I2C_SaveConfig
  87              		.section	.text.I2C_Sleep,"ax",%progbits
  88              		.align	2
  89              		.global	I2C_Sleep
  90              		.thumb
  91              		.thumb_func
  92              		.type	I2C_Sleep, %function
  93              	I2C_Sleep:
  94              	.LFB1:
 121:Generated_Source\PSoC5/I2C_PM.c **** 
 122:Generated_Source\PSoC5/I2C_PM.c **** 
 123:Generated_Source\PSoC5/I2C_PM.c **** /*******************************************************************************
 124:Generated_Source\PSoC5/I2C_PM.c **** * Function Name: I2C_Sleep
 125:Generated_Source\PSoC5/I2C_PM.c **** ********************************************************************************
ARM GAS  C:\Users\legoc\AppData\Local\Temp\ccPDrfCD.s 			page 5


 126:Generated_Source\PSoC5/I2C_PM.c **** *
 127:Generated_Source\PSoC5/I2C_PM.c **** * Summary:
 128:Generated_Source\PSoC5/I2C_PM.c **** *  This is the preferred method to prepare the component before device enters
 129:Generated_Source\PSoC5/I2C_PM.c **** *  sleep mode. The Enable wakeup from Sleep Mode selection influences this
 130:Generated_Source\PSoC5/I2C_PM.c **** *  function implementation:
 131:Generated_Source\PSoC5/I2C_PM.c **** *   Unchecked: Checks current I2C component state, saves it, and disables the
 132:Generated_Source\PSoC5/I2C_PM.c **** *              component by calling I2C_Stop() if it is currently enabled.
 133:Generated_Source\PSoC5/I2C_PM.c **** *              I2C_SaveConfig() is then called to save the component
 134:Generated_Source\PSoC5/I2C_PM.c **** *              non-retention configuration registers.
 135:Generated_Source\PSoC5/I2C_PM.c **** *   Checked:   If a transaction intended for component executes during this
 136:Generated_Source\PSoC5/I2C_PM.c **** *              function call, it waits until the current transaction is
 137:Generated_Source\PSoC5/I2C_PM.c **** *              completed. All subsequent I2C traffic intended for component
 138:Generated_Source\PSoC5/I2C_PM.c **** *              is NAKed until the device is put to sleep mode. The address
 139:Generated_Source\PSoC5/I2C_PM.c **** *              match event wakes up the device.
 140:Generated_Source\PSoC5/I2C_PM.c **** *
 141:Generated_Source\PSoC5/I2C_PM.c **** * Parameters:
 142:Generated_Source\PSoC5/I2C_PM.c **** *  None.
 143:Generated_Source\PSoC5/I2C_PM.c **** *
 144:Generated_Source\PSoC5/I2C_PM.c **** * Return:
 145:Generated_Source\PSoC5/I2C_PM.c **** *  None.
 146:Generated_Source\PSoC5/I2C_PM.c **** *
 147:Generated_Source\PSoC5/I2C_PM.c **** * Reentrant:
 148:Generated_Source\PSoC5/I2C_PM.c **** *  No.
 149:Generated_Source\PSoC5/I2C_PM.c **** *
 150:Generated_Source\PSoC5/I2C_PM.c **** *******************************************************************************/
 151:Generated_Source\PSoC5/I2C_PM.c **** void I2C_Sleep(void) 
 152:Generated_Source\PSoC5/I2C_PM.c **** {
  95              		.loc 1 152 0
  96              		.cfi_startproc
  97              		@ args = 0, pretend = 0, frame = 0
  98              		@ frame_needed = 0, uses_anonymous_args = 0
  99 0000 38B5     		push	{r3, r4, r5, lr}
 100              		.cfi_def_cfa_offset 16
 101              		.cfi_offset 3, -16
 102              		.cfi_offset 4, -12
 103              		.cfi_offset 5, -8
 104              		.cfi_offset 14, -4
 153:Generated_Source\PSoC5/I2C_PM.c **** #if (I2C_WAKEUP_ENABLED)
 154:Generated_Source\PSoC5/I2C_PM.c ****     /* Do not enable block after exit low power mode if it is wakeup source */
 155:Generated_Source\PSoC5/I2C_PM.c ****     I2C_backup.enableState = I2C_DISABLE;
 156:Generated_Source\PSoC5/I2C_PM.c **** 
 157:Generated_Source\PSoC5/I2C_PM.c ****     #if (I2C_TIMEOUT_ENABLED)
 158:Generated_Source\PSoC5/I2C_PM.c ****         I2C_TimeoutStop();
 159:Generated_Source\PSoC5/I2C_PM.c ****     #endif /* (I2C_TIMEOUT_ENABLED) */
 160:Generated_Source\PSoC5/I2C_PM.c **** 
 161:Generated_Source\PSoC5/I2C_PM.c **** #else
 162:Generated_Source\PSoC5/I2C_PM.c ****     /* Store enable state */
 163:Generated_Source\PSoC5/I2C_PM.c ****     I2C_backup.enableState = (uint8) I2C_IS_ENABLED;
 105              		.loc 1 163 0
 106 0002 0E4B     		ldr	r3, .L12
 107 0004 0E4C     		ldr	r4, .L12+4
 108 0006 1B78     		ldrb	r3, [r3]	@ zero_extendqisi2
 109 0008 03F00403 		and	r3, r3, #4
 110 000c 002B     		cmp	r3, #0
 111 000e 14BF     		ite	ne
 112 0010 0123     		movne	r3, #1
 113 0012 0023     		moveq	r3, #0
ARM GAS  C:\Users\legoc\AppData\Local\Temp\ccPDrfCD.s 			page 6


 114 0014 2370     		strb	r3, [r4]
 164:Generated_Source\PSoC5/I2C_PM.c **** 
 165:Generated_Source\PSoC5/I2C_PM.c ****     if (0u != I2C_backup.enableState)
 115              		.loc 1 165 0
 116 0016 01D0     		beq	.L6
 166:Generated_Source\PSoC5/I2C_PM.c ****     {
 167:Generated_Source\PSoC5/I2C_PM.c ****         I2C_Stop();
 117              		.loc 1 167 0
 118 0018 FFF7FEFF 		bl	I2C_Stop
 119              	.LVL0:
 120              	.L6:
 121              	.LBB4:
 122              	.LBB5:
  80:Generated_Source\PSoC5/I2C_PM.c ****     I2C_backup.xcfg    = I2C_XCFG_REG;
 123              		.loc 1 80 0
 124 001c 094D     		ldr	r5, .L12+8
  81:Generated_Source\PSoC5/I2C_PM.c ****     I2C_backup.addr    = I2C_ADDR_REG;
 125              		.loc 1 81 0
 126 001e 0A48     		ldr	r0, .L12+12
  82:Generated_Source\PSoC5/I2C_PM.c ****     I2C_backup.clkDiv1 = I2C_CLKDIV1_REG;
 127              		.loc 1 82 0
 128 0020 0A49     		ldr	r1, .L12+16
  83:Generated_Source\PSoC5/I2C_PM.c ****     I2C_backup.clkDiv2 = I2C_CLKDIV2_REG;
 129              		.loc 1 83 0
 130 0022 0B4A     		ldr	r2, .L12+20
  84:Generated_Source\PSoC5/I2C_PM.c **** 
 131              		.loc 1 84 0
 132 0024 0B4B     		ldr	r3, .L12+24
  80:Generated_Source\PSoC5/I2C_PM.c ****     I2C_backup.xcfg    = I2C_XCFG_REG;
 133              		.loc 1 80 0
 134 0026 2D78     		ldrb	r5, [r5]	@ zero_extendqisi2
  81:Generated_Source\PSoC5/I2C_PM.c ****     I2C_backup.addr    = I2C_ADDR_REG;
 135              		.loc 1 81 0
 136 0028 0078     		ldrb	r0, [r0]	@ zero_extendqisi2
  82:Generated_Source\PSoC5/I2C_PM.c ****     I2C_backup.clkDiv1 = I2C_CLKDIV1_REG;
 137              		.loc 1 82 0
 138 002a 0978     		ldrb	r1, [r1]	@ zero_extendqisi2
  83:Generated_Source\PSoC5/I2C_PM.c ****     I2C_backup.clkDiv2 = I2C_CLKDIV2_REG;
 139              		.loc 1 83 0
 140 002c 1278     		ldrb	r2, [r2]	@ zero_extendqisi2
  84:Generated_Source\PSoC5/I2C_PM.c **** 
 141              		.loc 1 84 0
 142 002e 1B78     		ldrb	r3, [r3]	@ zero_extendqisi2
  80:Generated_Source\PSoC5/I2C_PM.c ****     I2C_backup.xcfg    = I2C_XCFG_REG;
 143              		.loc 1 80 0
 144 0030 A570     		strb	r5, [r4, #2]
  81:Generated_Source\PSoC5/I2C_PM.c ****     I2C_backup.addr    = I2C_ADDR_REG;
 145              		.loc 1 81 0
 146 0032 6070     		strb	r0, [r4, #1]
  82:Generated_Source\PSoC5/I2C_PM.c ****     I2C_backup.clkDiv1 = I2C_CLKDIV1_REG;
 147              		.loc 1 82 0
 148 0034 E170     		strb	r1, [r4, #3]
  83:Generated_Source\PSoC5/I2C_PM.c ****     I2C_backup.clkDiv2 = I2C_CLKDIV2_REG;
 149              		.loc 1 83 0
 150 0036 2271     		strb	r2, [r4, #4]
  84:Generated_Source\PSoC5/I2C_PM.c **** 
 151              		.loc 1 84 0
ARM GAS  C:\Users\legoc\AppData\Local\Temp\ccPDrfCD.s 			page 7


 152 0038 6371     		strb	r3, [r4, #5]
 153 003a 38BD     		pop	{r3, r4, r5, pc}
 154              	.L13:
 155              		.align	2
 156              	.L12:
 157 003c A5430040 		.word	1073759141
 158 0040 00000000 		.word	.LANCHOR0
 159 0044 D6490040 		.word	1073760726
 160 0048 C8490040 		.word	1073760712
 161 004c CA490040 		.word	1073760714
 162 0050 DB490040 		.word	1073760731
 163 0054 DC490040 		.word	1073760732
 164              	.LBE5:
 165              	.LBE4:
 166              		.cfi_endproc
 167              	.LFE1:
 168              		.size	I2C_Sleep, .-I2C_Sleep
 169              		.section	.text.I2C_RestoreConfig,"ax",%progbits
 170              		.align	2
 171              		.global	I2C_RestoreConfig
 172              		.thumb
 173              		.thumb_func
 174              		.type	I2C_RestoreConfig, %function
 175              	I2C_RestoreConfig:
 176              	.LFB2:
 168:Generated_Source\PSoC5/I2C_PM.c ****     }
 169:Generated_Source\PSoC5/I2C_PM.c **** #endif /* (I2C_WAKEUP_ENABLED) */
 170:Generated_Source\PSoC5/I2C_PM.c **** 
 171:Generated_Source\PSoC5/I2C_PM.c ****     I2C_SaveConfig();
 172:Generated_Source\PSoC5/I2C_PM.c **** }
 173:Generated_Source\PSoC5/I2C_PM.c **** 
 174:Generated_Source\PSoC5/I2C_PM.c **** 
 175:Generated_Source\PSoC5/I2C_PM.c **** /*******************************************************************************
 176:Generated_Source\PSoC5/I2C_PM.c **** * Function Name: I2C_RestoreConfig
 177:Generated_Source\PSoC5/I2C_PM.c **** ********************************************************************************
 178:Generated_Source\PSoC5/I2C_PM.c **** *
 179:Generated_Source\PSoC5/I2C_PM.c **** * Summary:
 180:Generated_Source\PSoC5/I2C_PM.c **** *  The Enable wakeup from Sleep Mode selection influences this function
 181:Generated_Source\PSoC5/I2C_PM.c **** *  implementation:
 182:Generated_Source\PSoC5/I2C_PM.c **** *   Unchecked: Restores the component non-retention configuration registers
 183:Generated_Source\PSoC5/I2C_PM.c **** *              to the state they were in before I2C_Sleep() or I2C_SaveConfig()
 184:Generated_Source\PSoC5/I2C_PM.c **** *              was called.
 185:Generated_Source\PSoC5/I2C_PM.c **** *   Checked:   Disables the backup regulator of the I2C hardware. Sets up the
 186:Generated_Source\PSoC5/I2C_PM.c **** *              regular component interrupt handler and generates the component
 187:Generated_Source\PSoC5/I2C_PM.c **** *              interrupt if it was wake up source to release the bus and
 188:Generated_Source\PSoC5/I2C_PM.c **** *              continue in-coming I2C transaction.
 189:Generated_Source\PSoC5/I2C_PM.c **** *
 190:Generated_Source\PSoC5/I2C_PM.c **** * Parameters:
 191:Generated_Source\PSoC5/I2C_PM.c **** *  None.
 192:Generated_Source\PSoC5/I2C_PM.c **** *
 193:Generated_Source\PSoC5/I2C_PM.c **** * Return:
 194:Generated_Source\PSoC5/I2C_PM.c **** *  None.
 195:Generated_Source\PSoC5/I2C_PM.c **** *
 196:Generated_Source\PSoC5/I2C_PM.c **** * Global Variables:
 197:Generated_Source\PSoC5/I2C_PM.c **** *  I2C_backup - The global variable used to save the component
 198:Generated_Source\PSoC5/I2C_PM.c **** *                            configuration and non-retention registers before
 199:Generated_Source\PSoC5/I2C_PM.c **** *                            exiting the sleep mode.
ARM GAS  C:\Users\legoc\AppData\Local\Temp\ccPDrfCD.s 			page 8


 200:Generated_Source\PSoC5/I2C_PM.c **** *
 201:Generated_Source\PSoC5/I2C_PM.c **** * Reentrant:
 202:Generated_Source\PSoC5/I2C_PM.c **** *  No.
 203:Generated_Source\PSoC5/I2C_PM.c **** *
 204:Generated_Source\PSoC5/I2C_PM.c **** * Side Effects:
 205:Generated_Source\PSoC5/I2C_PM.c **** *  Calling this function before I2C_SaveConfig() or
 206:Generated_Source\PSoC5/I2C_PM.c **** *  I2C_Sleep() will lead to unpredictable results.
 207:Generated_Source\PSoC5/I2C_PM.c **** *
 208:Generated_Source\PSoC5/I2C_PM.c **** *******************************************************************************/
 209:Generated_Source\PSoC5/I2C_PM.c **** void I2C_RestoreConfig(void) 
 210:Generated_Source\PSoC5/I2C_PM.c **** {
 177              		.loc 1 210 0
 178              		.cfi_startproc
 179              		@ args = 0, pretend = 0, frame = 0
 180              		@ frame_needed = 0, uses_anonymous_args = 0
 181 0000 F8B5     		push	{r3, r4, r5, r6, r7, lr}
 182              		.cfi_def_cfa_offset 24
 183              		.cfi_offset 3, -24
 184              		.cfi_offset 4, -20
 185              		.cfi_offset 5, -16
 186              		.cfi_offset 6, -12
 187              		.cfi_offset 7, -8
 188              		.cfi_offset 14, -4
 211:Generated_Source\PSoC5/I2C_PM.c **** #if (I2C_FF_IMPLEMENTED)
 212:Generated_Source\PSoC5/I2C_PM.c ****     uint8 intState;
 213:Generated_Source\PSoC5/I2C_PM.c **** 
 214:Generated_Source\PSoC5/I2C_PM.c ****     if (I2C_CHECK_PWRSYS_I2C_BACKUP)
 189              		.loc 1 214 0
 190 0002 114C     		ldr	r4, .L19
 191 0004 2378     		ldrb	r3, [r4]	@ zero_extendqisi2
 192 0006 5B07     		lsls	r3, r3, #29
 193 0008 11D4     		bmi	.L18
 215:Generated_Source\PSoC5/I2C_PM.c ****     /* Low power mode was Sleep - backup regulator is enabled */
 216:Generated_Source\PSoC5/I2C_PM.c ****     {
 217:Generated_Source\PSoC5/I2C_PM.c ****         /* Enable backup regulator in active mode */
 218:Generated_Source\PSoC5/I2C_PM.c ****         intState = CyEnterCriticalSection();
 219:Generated_Source\PSoC5/I2C_PM.c ****         I2C_PWRSYS_CR1_REG &= (uint8) ~I2C_PWRSYS_CR1_I2C_REG_BACKUP;
 220:Generated_Source\PSoC5/I2C_PM.c ****         CyExitCriticalSection(intState);
 221:Generated_Source\PSoC5/I2C_PM.c **** 
 222:Generated_Source\PSoC5/I2C_PM.c ****         /* Restore master */
 223:Generated_Source\PSoC5/I2C_PM.c ****         I2C_CFG_REG = I2C_backup.cfg;
 224:Generated_Source\PSoC5/I2C_PM.c ****     }
 225:Generated_Source\PSoC5/I2C_PM.c ****     else
 226:Generated_Source\PSoC5/I2C_PM.c ****     /* Low power mode was Hibernate - backup regulator is disabled. All registers are cleared */
 227:Generated_Source\PSoC5/I2C_PM.c ****     {
 228:Generated_Source\PSoC5/I2C_PM.c ****     #if (I2C_WAKEUP_ENABLED)
 229:Generated_Source\PSoC5/I2C_PM.c ****         /* Disable power to block before register restore */
 230:Generated_Source\PSoC5/I2C_PM.c ****         intState = CyEnterCriticalSection();
 231:Generated_Source\PSoC5/I2C_PM.c ****         I2C_ACT_PWRMGR_REG  &= (uint8) ~I2C_ACT_PWR_EN;
 232:Generated_Source\PSoC5/I2C_PM.c ****         I2C_STBY_PWRMGR_REG &= (uint8) ~I2C_STBY_PWR_EN;
 233:Generated_Source\PSoC5/I2C_PM.c ****         CyExitCriticalSection(intState);
 234:Generated_Source\PSoC5/I2C_PM.c **** 
 235:Generated_Source\PSoC5/I2C_PM.c ****         /* Enable component in I2C_Wakeup() after register restore */
 236:Generated_Source\PSoC5/I2C_PM.c ****         I2C_backup.enableState = I2C_ENABLE;
 237:Generated_Source\PSoC5/I2C_PM.c ****     #endif /* (I2C_WAKEUP_ENABLED) */
 238:Generated_Source\PSoC5/I2C_PM.c **** 
 239:Generated_Source\PSoC5/I2C_PM.c ****         /* Restore component registers after Hibernate */
ARM GAS  C:\Users\legoc\AppData\Local\Temp\ccPDrfCD.s 			page 9


 240:Generated_Source\PSoC5/I2C_PM.c ****         I2C_XCFG_REG    = I2C_backup.xcfg;
 194              		.loc 1 240 0
 195 000a 104B     		ldr	r3, .L19+4
 196 000c 1049     		ldr	r1, .L19+8
 241:Generated_Source\PSoC5/I2C_PM.c ****         I2C_CFG_REG     = I2C_backup.cfg;
 242:Generated_Source\PSoC5/I2C_PM.c ****         I2C_ADDR_REG    = I2C_backup.addr;
 243:Generated_Source\PSoC5/I2C_PM.c ****         I2C_CLKDIV1_REG = I2C_backup.clkDiv1;
 244:Generated_Source\PSoC5/I2C_PM.c ****         I2C_CLKDIV2_REG = I2C_backup.clkDiv2;
 197              		.loc 1 244 0
 198 000e 5A79     		ldrb	r2, [r3, #5]	@ zero_extendqisi2
 240:Generated_Source\PSoC5/I2C_PM.c ****         I2C_CFG_REG     = I2C_backup.cfg;
 199              		.loc 1 240 0
 200 0010 93F801E0 		ldrb	lr, [r3, #1]	@ zero_extendqisi2
 241:Generated_Source\PSoC5/I2C_PM.c ****         I2C_CFG_REG     = I2C_backup.cfg;
 201              		.loc 1 241 0
 202 0014 9F78     		ldrb	r7, [r3, #2]	@ zero_extendqisi2
 242:Generated_Source\PSoC5/I2C_PM.c ****         I2C_CLKDIV1_REG = I2C_backup.clkDiv1;
 203              		.loc 1 242 0
 204 0016 DD78     		ldrb	r5, [r3, #3]	@ zero_extendqisi2
 243:Generated_Source\PSoC5/I2C_PM.c ****         I2C_CLKDIV2_REG = I2C_backup.clkDiv2;
 205              		.loc 1 243 0
 206 0018 1879     		ldrb	r0, [r3, #4]	@ zero_extendqisi2
 241:Generated_Source\PSoC5/I2C_PM.c ****         I2C_ADDR_REG    = I2C_backup.addr;
 207              		.loc 1 241 0
 208 001a 0E4E     		ldr	r6, .L19+12
 242:Generated_Source\PSoC5/I2C_PM.c ****         I2C_CLKDIV1_REG = I2C_backup.clkDiv1;
 209              		.loc 1 242 0
 210 001c 0E4C     		ldr	r4, .L19+16
 211              		.loc 1 244 0
 212 001e 0F4B     		ldr	r3, .L19+20
 240:Generated_Source\PSoC5/I2C_PM.c ****         I2C_CFG_REG     = I2C_backup.cfg;
 213              		.loc 1 240 0
 214 0020 81F800E0 		strb	lr, [r1]
 241:Generated_Source\PSoC5/I2C_PM.c ****         I2C_ADDR_REG    = I2C_backup.addr;
 215              		.loc 1 241 0
 216 0024 3770     		strb	r7, [r6]
 242:Generated_Source\PSoC5/I2C_PM.c ****         I2C_CLKDIV1_REG = I2C_backup.clkDiv1;
 217              		.loc 1 242 0
 218 0026 2570     		strb	r5, [r4]
 243:Generated_Source\PSoC5/I2C_PM.c ****         I2C_CLKDIV2_REG = I2C_backup.clkDiv2;
 219              		.loc 1 243 0
 220 0028 C874     		strb	r0, [r1, #19]
 221              		.loc 1 244 0
 222 002a 1A70     		strb	r2, [r3]
 223 002c F8BD     		pop	{r3, r4, r5, r6, r7, pc}
 224              	.L18:
 225              	.LBB8:
 226              	.LBB9:
 218:Generated_Source\PSoC5/I2C_PM.c ****         I2C_PWRSYS_CR1_REG &= (uint8) ~I2C_PWRSYS_CR1_I2C_REG_BACKUP;
 227              		.loc 1 218 0
 228 002e FFF7FEFF 		bl	CyEnterCriticalSection
 229              	.LVL1:
 219:Generated_Source\PSoC5/I2C_PM.c ****         CyExitCriticalSection(intState);
 230              		.loc 1 219 0
 231 0032 2378     		ldrb	r3, [r4]	@ zero_extendqisi2
 232 0034 03F0FB03 		and	r3, r3, #251
 233 0038 2370     		strb	r3, [r4]
ARM GAS  C:\Users\legoc\AppData\Local\Temp\ccPDrfCD.s 			page 10


 220:Generated_Source\PSoC5/I2C_PM.c **** 
 234              		.loc 1 220 0
 235 003a FFF7FEFF 		bl	CyExitCriticalSection
 236              	.LVL2:
 223:Generated_Source\PSoC5/I2C_PM.c ****     }
 237              		.loc 1 223 0
 238 003e 034A     		ldr	r2, .L19+4
 239 0040 044B     		ldr	r3, .L19+12
 240 0042 9278     		ldrb	r2, [r2, #2]	@ zero_extendqisi2
 241 0044 1A70     		strb	r2, [r3]
 242 0046 F8BD     		pop	{r3, r4, r5, r6, r7, pc}
 243              	.L20:
 244              		.align	2
 245              	.L19:
 246 0048 31430040 		.word	1073759025
 247 004c 00000000 		.word	.LANCHOR0
 248 0050 C8490040 		.word	1073760712
 249 0054 D6490040 		.word	1073760726
 250 0058 CA490040 		.word	1073760714
 251 005c DC490040 		.word	1073760732
 252              	.LBE9:
 253              	.LBE8:
 254              		.cfi_endproc
 255              	.LFE2:
 256              		.size	I2C_RestoreConfig, .-I2C_RestoreConfig
 257              		.section	.text.I2C_Wakeup,"ax",%progbits
 258              		.align	2
 259              		.global	I2C_Wakeup
 260              		.thumb
 261              		.thumb_func
 262              		.type	I2C_Wakeup, %function
 263              	I2C_Wakeup:
 264              	.LFB3:
 245:Generated_Source\PSoC5/I2C_PM.c ****     }
 246:Generated_Source\PSoC5/I2C_PM.c **** 
 247:Generated_Source\PSoC5/I2C_PM.c **** #if (I2C_WAKEUP_ENABLED)
 248:Generated_Source\PSoC5/I2C_PM.c ****     I2C_DisableInt();
 249:Generated_Source\PSoC5/I2C_PM.c ****     (void) CyIntSetVector(I2C_ISR_NUMBER, &I2C_ISR);
 250:Generated_Source\PSoC5/I2C_PM.c ****     if (0u != I2C_wakeupSource)
 251:Generated_Source\PSoC5/I2C_PM.c ****     {
 252:Generated_Source\PSoC5/I2C_PM.c ****         /* Generate interrupt to process incoming transaction */
 253:Generated_Source\PSoC5/I2C_PM.c ****         I2C_SetPendingInt();
 254:Generated_Source\PSoC5/I2C_PM.c ****     }
 255:Generated_Source\PSoC5/I2C_PM.c ****     I2C_EnableInt();
 256:Generated_Source\PSoC5/I2C_PM.c **** #endif /* (I2C_WAKEUP_ENABLED) */
 257:Generated_Source\PSoC5/I2C_PM.c **** 
 258:Generated_Source\PSoC5/I2C_PM.c **** #else
 259:Generated_Source\PSoC5/I2C_PM.c ****     I2C_CFG_REG = I2C_backup.control;
 260:Generated_Source\PSoC5/I2C_PM.c **** #endif /* (I2C_FF_IMPLEMENTED) */
 261:Generated_Source\PSoC5/I2C_PM.c **** 
 262:Generated_Source\PSoC5/I2C_PM.c **** #if (I2C_TIMEOUT_ENABLED)
 263:Generated_Source\PSoC5/I2C_PM.c ****     I2C_TimeoutRestoreConfig();
 264:Generated_Source\PSoC5/I2C_PM.c **** #endif /* (I2C_TIMEOUT_ENABLED) */
 265:Generated_Source\PSoC5/I2C_PM.c **** }
 266:Generated_Source\PSoC5/I2C_PM.c **** 
 267:Generated_Source\PSoC5/I2C_PM.c **** 
 268:Generated_Source\PSoC5/I2C_PM.c **** /*******************************************************************************
ARM GAS  C:\Users\legoc\AppData\Local\Temp\ccPDrfCD.s 			page 11


 269:Generated_Source\PSoC5/I2C_PM.c **** * Function Name: I2C_Wakeup
 270:Generated_Source\PSoC5/I2C_PM.c **** ********************************************************************************
 271:Generated_Source\PSoC5/I2C_PM.c **** *
 272:Generated_Source\PSoC5/I2C_PM.c **** * Summary:
 273:Generated_Source\PSoC5/I2C_PM.c **** *  This is the preferred method to prepare the component for active mode
 274:Generated_Source\PSoC5/I2C_PM.c **** *  operation (when device exits sleep mode). The Enable wakeup from Sleep Mode
 275:Generated_Source\PSoC5/I2C_PM.c **** *  selection influences this function implementation:
 276:Generated_Source\PSoC5/I2C_PM.c **** *   Unchecked: Restores the component non-retention configuration registers
 277:Generated_Source\PSoC5/I2C_PM.c **** *              by calling I2C_RestoreConfig(). If the component was enabled
 278:Generated_Source\PSoC5/I2C_PM.c **** *              before the I2C_Sleep() function was called, I2C_Wakeup()
 279:Generated_Source\PSoC5/I2C_PM.c **** *              re-enables it.
 280:Generated_Source\PSoC5/I2C_PM.c **** *   Checked:   Enables  master functionality if it was enabled before sleep,
 281:Generated_Source\PSoC5/I2C_PM.c **** *              and disables the backup regulator of the I2C hardware.
 282:Generated_Source\PSoC5/I2C_PM.c **** *              The incoming transaction continues as soon as the regular
 283:Generated_Source\PSoC5/I2C_PM.c **** *              I2C interrupt handler is set up (global interrupts has to be
 284:Generated_Source\PSoC5/I2C_PM.c **** *              enabled to service I2C component interrupt).
 285:Generated_Source\PSoC5/I2C_PM.c **** *
 286:Generated_Source\PSoC5/I2C_PM.c **** * Parameters:
 287:Generated_Source\PSoC5/I2C_PM.c **** *  None.
 288:Generated_Source\PSoC5/I2C_PM.c **** *
 289:Generated_Source\PSoC5/I2C_PM.c **** * Return:
 290:Generated_Source\PSoC5/I2C_PM.c **** *  None.
 291:Generated_Source\PSoC5/I2C_PM.c **** *
 292:Generated_Source\PSoC5/I2C_PM.c **** * Reentrant:
 293:Generated_Source\PSoC5/I2C_PM.c **** *  No.
 294:Generated_Source\PSoC5/I2C_PM.c **** *
 295:Generated_Source\PSoC5/I2C_PM.c **** * Side Effects:
 296:Generated_Source\PSoC5/I2C_PM.c **** *  Calling this function before I2C_SaveConfig() or
 297:Generated_Source\PSoC5/I2C_PM.c **** *  I2C_Sleep() will lead to unpredictable results.
 298:Generated_Source\PSoC5/I2C_PM.c **** *
 299:Generated_Source\PSoC5/I2C_PM.c **** *******************************************************************************/
 300:Generated_Source\PSoC5/I2C_PM.c **** void I2C_Wakeup(void) 
 301:Generated_Source\PSoC5/I2C_PM.c **** {
 265              		.loc 1 301 0
 266              		.cfi_startproc
 267              		@ args = 0, pretend = 0, frame = 0
 268              		@ frame_needed = 0, uses_anonymous_args = 0
 269 0000 10B5     		push	{r4, lr}
 270              		.cfi_def_cfa_offset 8
 271              		.cfi_offset 4, -8
 272              		.cfi_offset 14, -4
 273              	.LBB14:
 274              	.LBB15:
 214:Generated_Source\PSoC5/I2C_PM.c ****     /* Low power mode was Sleep - backup regulator is enabled */
 275              		.loc 1 214 0
 276 0002 134C     		ldr	r4, .L30
 277 0004 2378     		ldrb	r3, [r4]	@ zero_extendqisi2
 278 0006 5B07     		lsls	r3, r3, #29
 279 0008 15D4     		bmi	.L29
 240:Generated_Source\PSoC5/I2C_PM.c ****         I2C_CFG_REG     = I2C_backup.cfg;
 280              		.loc 1 240 0
 281 000a 124B     		ldr	r3, .L30+4
 282 000c 124A     		ldr	r2, .L30+8
 283 000e 5878     		ldrb	r0, [r3, #1]	@ zero_extendqisi2
 241:Generated_Source\PSoC5/I2C_PM.c ****         I2C_ADDR_REG    = I2C_backup.addr;
 284              		.loc 1 241 0
 285 0010 1249     		ldr	r1, .L30+12
ARM GAS  C:\Users\legoc\AppData\Local\Temp\ccPDrfCD.s 			page 12


 240:Generated_Source\PSoC5/I2C_PM.c ****         I2C_CFG_REG     = I2C_backup.cfg;
 286              		.loc 1 240 0
 287 0012 1070     		strb	r0, [r2]
 241:Generated_Source\PSoC5/I2C_PM.c ****         I2C_ADDR_REG    = I2C_backup.addr;
 288              		.loc 1 241 0
 289 0014 9878     		ldrb	r0, [r3, #2]	@ zero_extendqisi2
 290 0016 0870     		strb	r0, [r1]
 242:Generated_Source\PSoC5/I2C_PM.c ****         I2C_CLKDIV1_REG = I2C_backup.clkDiv1;
 291              		.loc 1 242 0
 292 0018 D878     		ldrb	r0, [r3, #3]	@ zero_extendqisi2
 293 001a 9070     		strb	r0, [r2, #2]
 243:Generated_Source\PSoC5/I2C_PM.c ****         I2C_CLKDIV2_REG = I2C_backup.clkDiv2;
 294              		.loc 1 243 0
 295 001c 1879     		ldrb	r0, [r3, #4]	@ zero_extendqisi2
 296 001e 4871     		strb	r0, [r1, #5]
 244:Generated_Source\PSoC5/I2C_PM.c ****     }
 297              		.loc 1 244 0
 298 0020 5979     		ldrb	r1, [r3, #5]	@ zero_extendqisi2
 299 0022 1175     		strb	r1, [r2, #20]
 300              	.L23:
 301              	.LBE15:
 302              	.LBE14:
 302:Generated_Source\PSoC5/I2C_PM.c ****     I2C_RestoreConfig();
 303:Generated_Source\PSoC5/I2C_PM.c **** 
 304:Generated_Source\PSoC5/I2C_PM.c ****     /* Restore component enable state */
 305:Generated_Source\PSoC5/I2C_PM.c ****     if (0u != I2C_backup.enableState)
 303              		.loc 1 305 0
 304 0024 1B78     		ldrb	r3, [r3]	@ zero_extendqisi2
 305 0026 2BB1     		cbz	r3, .L21
 306:Generated_Source\PSoC5/I2C_PM.c ****     {
 307:Generated_Source\PSoC5/I2C_PM.c ****         I2C_Enable();
 306              		.loc 1 307 0
 307 0028 FFF7FEFF 		bl	I2C_Enable
 308              	.LVL3:
 308:Generated_Source\PSoC5/I2C_PM.c ****         I2C_EnableInt();
 309              		.loc 1 308 0
 310 002c 0C4B     		ldr	r3, .L30+16
 311 002e 4FF40042 		mov	r2, #32768
 312 0032 1A60     		str	r2, [r3]
 313              	.L21:
 314 0034 10BD     		pop	{r4, pc}
 315              	.L29:
 316              	.LBB19:
 317              	.LBB18:
 318              	.LBB16:
 319              	.LBB17:
 218:Generated_Source\PSoC5/I2C_PM.c ****         I2C_PWRSYS_CR1_REG &= (uint8) ~I2C_PWRSYS_CR1_I2C_REG_BACKUP;
 320              		.loc 1 218 0
 321 0036 FFF7FEFF 		bl	CyEnterCriticalSection
 322              	.LVL4:
 219:Generated_Source\PSoC5/I2C_PM.c ****         CyExitCriticalSection(intState);
 323              		.loc 1 219 0
 324 003a 2378     		ldrb	r3, [r4]	@ zero_extendqisi2
 325 003c 03F0FB03 		and	r3, r3, #251
 326 0040 2370     		strb	r3, [r4]
 220:Generated_Source\PSoC5/I2C_PM.c **** 
 327              		.loc 1 220 0
ARM GAS  C:\Users\legoc\AppData\Local\Temp\ccPDrfCD.s 			page 13


 328 0042 FFF7FEFF 		bl	CyExitCriticalSection
 329              	.LVL5:
 223:Generated_Source\PSoC5/I2C_PM.c ****     }
 330              		.loc 1 223 0
 331 0046 034B     		ldr	r3, .L30+4
 332 0048 044A     		ldr	r2, .L30+12
 333 004a 9978     		ldrb	r1, [r3, #2]	@ zero_extendqisi2
 334 004c 1170     		strb	r1, [r2]
 335 004e E9E7     		b	.L23
 336              	.L31:
 337              		.align	2
 338              	.L30:
 339 0050 31430040 		.word	1073759025
 340 0054 00000000 		.word	.LANCHOR0
 341 0058 C8490040 		.word	1073760712
 342 005c D6490040 		.word	1073760726
 343 0060 00E100E0 		.word	-536813312
 344              	.LBE17:
 345              	.LBE16:
 346              	.LBE18:
 347              	.LBE19:
 348              		.cfi_endproc
 349              	.LFE3:
 350              		.size	I2C_Wakeup, .-I2C_Wakeup
 351              		.global	I2C_backup
 352              		.data
 353              		.align	2
 354              		.set	.LANCHOR0,. + 0
 355              		.type	I2C_backup, %object
 356              		.size	I2C_backup, 6
 357              	I2C_backup:
 358 0000 00       		.byte	0
 359 0001 81       		.byte	-127
 360 0002 02       		.byte	2
 361 0003 08       		.byte	8
 362 0004 0F       		.byte	15
 363 0005 00       		.byte	0
 364              		.text
 365              	.Letext0:
 366              		.file 2 "Generated_Source\\PSoC5\\cytypes.h"
 367              		.file 3 "Generated_Source\\PSoC5\\I2C.h"
 368              		.file 4 "Generated_Source\\PSoC5\\CyLib.h"
 369              		.section	.debug_info,"",%progbits
 370              	.Ldebug_info0:
 371 0000 6A020000 		.4byte	0x26a
 372 0004 0400     		.2byte	0x4
 373 0006 00000000 		.4byte	.Ldebug_abbrev0
 374 000a 04       		.byte	0x4
 375 000b 01       		.uleb128 0x1
 376 000c 1B000000 		.4byte	.LASF31
 377 0010 0C       		.byte	0xc
 378 0011 99020000 		.4byte	.LASF32
 379 0015 36010000 		.4byte	.LASF33
 380 0019 18000000 		.4byte	.Ldebug_ranges0+0x18
 381 001d 00000000 		.4byte	0
 382 0021 00000000 		.4byte	.Ldebug_line0
 383 0025 02       		.uleb128 0x2
ARM GAS  C:\Users\legoc\AppData\Local\Temp\ccPDrfCD.s 			page 14


 384 0026 01       		.byte	0x1
 385 0027 06       		.byte	0x6
 386 0028 7B020000 		.4byte	.LASF0
 387 002c 02       		.uleb128 0x2
 388 002d 01       		.byte	0x1
 389 002e 08       		.byte	0x8
 390 002f F3000000 		.4byte	.LASF1
 391 0033 02       		.uleb128 0x2
 392 0034 02       		.byte	0x2
 393 0035 05       		.byte	0x5
 394 0036 41020000 		.4byte	.LASF2
 395 003a 02       		.uleb128 0x2
 396 003b 02       		.byte	0x2
 397 003c 07       		.byte	0x7
 398 003d B4000000 		.4byte	.LASF3
 399 0041 02       		.uleb128 0x2
 400 0042 04       		.byte	0x4
 401 0043 05       		.byte	0x5
 402 0044 51020000 		.4byte	.LASF4
 403 0048 02       		.uleb128 0x2
 404 0049 04       		.byte	0x4
 405 004a 07       		.byte	0x7
 406 004b 06010000 		.4byte	.LASF5
 407 004f 02       		.uleb128 0x2
 408 0050 08       		.byte	0x8
 409 0051 05       		.byte	0x5
 410 0052 17020000 		.4byte	.LASF6
 411 0056 02       		.uleb128 0x2
 412 0057 08       		.byte	0x8
 413 0058 07       		.byte	0x7
 414 0059 DC000000 		.4byte	.LASF7
 415 005d 03       		.uleb128 0x3
 416 005e 04       		.byte	0x4
 417 005f 05       		.byte	0x5
 418 0060 696E7400 		.ascii	"int\000"
 419 0064 02       		.uleb128 0x2
 420 0065 04       		.byte	0x4
 421 0066 07       		.byte	0x7
 422 0067 C4010000 		.4byte	.LASF8
 423 006b 04       		.uleb128 0x4
 424 006c 4B020000 		.4byte	.LASF9
 425 0070 02       		.byte	0x2
 426 0071 E401     		.2byte	0x1e4
 427 0073 2C000000 		.4byte	0x2c
 428 0077 04       		.uleb128 0x4
 429 0078 2F010000 		.4byte	.LASF10
 430 007c 02       		.byte	0x2
 431 007d E501     		.2byte	0x1e5
 432 007f 3A000000 		.4byte	0x3a
 433 0083 04       		.uleb128 0x4
 434 0084 B4010000 		.4byte	.LASF11
 435 0088 02       		.byte	0x2
 436 0089 E601     		.2byte	0x1e6
 437 008b 48000000 		.4byte	0x48
 438 008f 02       		.uleb128 0x2
 439 0090 04       		.byte	0x4
 440 0091 04       		.byte	0x4
ARM GAS  C:\Users\legoc\AppData\Local\Temp\ccPDrfCD.s 			page 15


 441 0092 D6000000 		.4byte	.LASF12
 442 0096 02       		.uleb128 0x2
 443 0097 08       		.byte	0x8
 444 0098 04       		.byte	0x4
 445 0099 28010000 		.4byte	.LASF13
 446 009d 02       		.uleb128 0x2
 447 009e 01       		.byte	0x1
 448 009f 08       		.byte	0x8
 449 00a0 25020000 		.4byte	.LASF14
 450 00a4 04       		.uleb128 0x4
 451 00a5 01010000 		.4byte	.LASF15
 452 00a9 02       		.byte	0x2
 453 00aa 8E02     		.2byte	0x28e
 454 00ac B0000000 		.4byte	0xb0
 455 00b0 05       		.uleb128 0x5
 456 00b1 6B000000 		.4byte	0x6b
 457 00b5 04       		.uleb128 0x4
 458 00b6 15000000 		.4byte	.LASF16
 459 00ba 02       		.byte	0x2
 460 00bb 9002     		.2byte	0x290
 461 00bd C1000000 		.4byte	0xc1
 462 00c1 05       		.uleb128 0x5
 463 00c2 83000000 		.4byte	0x83
 464 00c6 02       		.uleb128 0x2
 465 00c7 08       		.byte	0x8
 466 00c8 04       		.byte	0x4
 467 00c9 66020000 		.4byte	.LASF17
 468 00cd 02       		.uleb128 0x2
 469 00ce 04       		.byte	0x4
 470 00cf 07       		.byte	0x7
 471 00d0 0E020000 		.4byte	.LASF18
 472 00d4 06       		.uleb128 0x6
 473 00d5 06       		.byte	0x6
 474 00d6 03       		.byte	0x3
 475 00d7 76       		.byte	0x76
 476 00d8 25010000 		.4byte	0x125
 477 00dc 07       		.uleb128 0x7
 478 00dd 5A020000 		.4byte	.LASF19
 479 00e1 03       		.byte	0x3
 480 00e2 78       		.byte	0x78
 481 00e3 6B000000 		.4byte	0x6b
 482 00e7 00       		.byte	0
 483 00e8 07       		.uleb128 0x7
 484 00e9 2A020000 		.4byte	.LASF20
 485 00ed 03       		.byte	0x3
 486 00ee 7B       		.byte	0x7b
 487 00ef 6B000000 		.4byte	0x6b
 488 00f3 01       		.byte	0x1
 489 00f4 08       		.uleb128 0x8
 490 00f5 63666700 		.ascii	"cfg\000"
 491 00f9 03       		.byte	0x3
 492 00fa 7C       		.byte	0x7c
 493 00fb 6B000000 		.4byte	0x6b
 494 00ff 02       		.byte	0x2
 495 0100 07       		.uleb128 0x7
 496 0101 18010000 		.4byte	.LASF21
 497 0105 03       		.byte	0x3
ARM GAS  C:\Users\legoc\AppData\Local\Temp\ccPDrfCD.s 			page 16


 498 0106 7D       		.byte	0x7d
 499 0107 6B000000 		.4byte	0x6b
 500 010b 03       		.byte	0x3
 501 010c 07       		.uleb128 0x7
 502 010d E7010000 		.4byte	.LASF22
 503 0111 03       		.byte	0x3
 504 0112 7E       		.byte	0x7e
 505 0113 6B000000 		.4byte	0x6b
 506 0117 04       		.byte	0x4
 507 0118 07       		.uleb128 0x7
 508 0119 EF010000 		.4byte	.LASF23
 509 011d 03       		.byte	0x3
 510 011e 7F       		.byte	0x7f
 511 011f 6B000000 		.4byte	0x6b
 512 0123 05       		.byte	0x5
 513 0124 00       		.byte	0
 514 0125 09       		.uleb128 0x9
 515 0126 2F020000 		.4byte	.LASF24
 516 012a 03       		.byte	0x3
 517 012b 89       		.byte	0x89
 518 012c D4000000 		.4byte	0xd4
 519 0130 0A       		.uleb128 0xa
 520 0131 C7000000 		.4byte	.LASF34
 521 0135 01       		.byte	0x1
 522 0136 48       		.byte	0x48
 523 0137 01       		.byte	0x1
 524 0138 0B       		.uleb128 0xb
 525 0139 87020000 		.4byte	.LASF35
 526 013d 01       		.byte	0x1
 527 013e D1       		.byte	0xd1
 528 013f 01       		.byte	0x1
 529 0140 50010000 		.4byte	0x150
 530 0144 0C       		.uleb128 0xc
 531 0145 BB010000 		.4byte	.LASF36
 532 0149 01       		.byte	0x1
 533 014a D4       		.byte	0xd4
 534 014b 6B000000 		.4byte	0x6b
 535 014f 00       		.byte	0
 536 0150 0D       		.uleb128 0xd
 537 0151 30010000 		.4byte	0x130
 538 0155 00000000 		.4byte	.LFB0
 539 0159 40000000 		.4byte	.LFE0-.LFB0
 540 015d 01       		.uleb128 0x1
 541 015e 9C       		.byte	0x9c
 542 015f 0E       		.uleb128 0xe
 543 0160 0B000000 		.4byte	.LASF25
 544 0164 01       		.byte	0x1
 545 0165 97       		.byte	0x97
 546 0166 00000000 		.4byte	.LFB1
 547 016a 58000000 		.4byte	.LFE1-.LFB1
 548 016e 01       		.uleb128 0x1
 549 016f 9C       		.byte	0x9c
 550 0170 8D010000 		.4byte	0x18d
 551 0174 0F       		.uleb128 0xf
 552 0175 30010000 		.4byte	0x130
 553 0179 1C000000 		.4byte	.LBB4
 554 017d 3C000000 		.4byte	.LBE4-.LBB4
ARM GAS  C:\Users\legoc\AppData\Local\Temp\ccPDrfCD.s 			page 17


 555 0181 01       		.byte	0x1
 556 0182 AB       		.byte	0xab
 557 0183 10       		.uleb128 0x10
 558 0184 1C000000 		.4byte	.LVL0
 559 0188 41020000 		.4byte	0x241
 560 018c 00       		.byte	0
 561 018d 11       		.uleb128 0x11
 562 018e 38010000 		.4byte	0x138
 563 0192 00000000 		.4byte	.LFB2
 564 0196 60000000 		.4byte	.LFE2-.LFB2
 565 019a 01       		.uleb128 0x1
 566 019b 9C       		.byte	0x9c
 567 019c CB010000 		.4byte	0x1cb
 568 01a0 12       		.uleb128 0x12
 569 01a1 44010000 		.4byte	0x144
 570 01a5 13       		.uleb128 0x13
 571 01a6 2E000000 		.4byte	.LBB9
 572 01aa 32000000 		.4byte	.LBE9-.LBB9
 573 01ae 14       		.uleb128 0x14
 574 01af 44010000 		.4byte	0x144
 575 01b3 00000000 		.4byte	.LLST0
 576 01b7 10       		.uleb128 0x10
 577 01b8 32000000 		.4byte	.LVL1
 578 01bc 4C020000 		.4byte	0x24c
 579 01c0 10       		.uleb128 0x10
 580 01c1 3E000000 		.4byte	.LVL2
 581 01c5 57020000 		.4byte	0x257
 582 01c9 00       		.byte	0
 583 01ca 00       		.byte	0
 584 01cb 15       		.uleb128 0x15
 585 01cc 00000000 		.4byte	.LASF26
 586 01d0 01       		.byte	0x1
 587 01d1 2C01     		.2byte	0x12c
 588 01d3 00000000 		.4byte	.LFB3
 589 01d7 64000000 		.4byte	.LFE3-.LFB3
 590 01db 01       		.uleb128 0x1
 591 01dc 9C       		.byte	0x9c
 592 01dd 30020000 		.4byte	0x230
 593 01e1 16       		.uleb128 0x16
 594 01e2 38010000 		.4byte	0x138
 595 01e6 02000000 		.4byte	.LBB14
 596 01ea 00000000 		.4byte	.Ldebug_ranges0+0
 597 01ee 01       		.byte	0x1
 598 01ef 2E01     		.2byte	0x12e
 599 01f1 26020000 		.4byte	0x226
 600 01f5 17       		.uleb128 0x17
 601 01f6 00000000 		.4byte	.Ldebug_ranges0+0
 602 01fa 12       		.uleb128 0x12
 603 01fb 44010000 		.4byte	0x144
 604 01ff 13       		.uleb128 0x13
 605 0200 36000000 		.4byte	.LBB17
 606 0204 2E000000 		.4byte	.LBE17-.LBB17
 607 0208 14       		.uleb128 0x14
 608 0209 44010000 		.4byte	0x144
 609 020d 13000000 		.4byte	.LLST1
 610 0211 10       		.uleb128 0x10
 611 0212 3A000000 		.4byte	.LVL4
ARM GAS  C:\Users\legoc\AppData\Local\Temp\ccPDrfCD.s 			page 18


 612 0216 4C020000 		.4byte	0x24c
 613 021a 10       		.uleb128 0x10
 614 021b 46000000 		.4byte	.LVL5
 615 021f 57020000 		.4byte	0x257
 616 0223 00       		.byte	0
 617 0224 00       		.byte	0
 618 0225 00       		.byte	0
 619 0226 10       		.uleb128 0x10
 620 0227 2C000000 		.4byte	.LVL3
 621 022b 62020000 		.4byte	0x262
 622 022f 00       		.byte	0
 623 0230 18       		.uleb128 0x18
 624 0231 A9000000 		.4byte	.LASF37
 625 0235 01       		.byte	0x1
 626 0236 11       		.byte	0x11
 627 0237 25010000 		.4byte	0x125
 628 023b 05       		.uleb128 0x5
 629 023c 03       		.byte	0x3
 630 023d 00000000 		.4byte	I2C_backup
 631 0241 19       		.uleb128 0x19
 632 0242 72020000 		.4byte	.LASF27
 633 0246 72020000 		.4byte	.LASF27
 634 024a 03       		.byte	0x3
 635 024b 94       		.byte	0x94
 636 024c 19       		.uleb128 0x19
 637 024d F7010000 		.4byte	.LASF28
 638 0251 F7010000 		.4byte	.LASF28
 639 0255 04       		.byte	0x4
 640 0256 7D       		.byte	0x7d
 641 0257 19       		.uleb128 0x19
 642 0258 D1010000 		.4byte	.LASF29
 643 025c D1010000 		.4byte	.LASF29
 644 0260 04       		.byte	0x4
 645 0261 7E       		.byte	0x7e
 646 0262 19       		.uleb128 0x19
 647 0263 1D010000 		.4byte	.LASF30
 648 0267 1D010000 		.4byte	.LASF30
 649 026b 03       		.byte	0x3
 650 026c 91       		.byte	0x91
 651 026d 00       		.byte	0
 652              		.section	.debug_abbrev,"",%progbits
 653              	.Ldebug_abbrev0:
 654 0000 01       		.uleb128 0x1
 655 0001 11       		.uleb128 0x11
 656 0002 01       		.byte	0x1
 657 0003 25       		.uleb128 0x25
 658 0004 0E       		.uleb128 0xe
 659 0005 13       		.uleb128 0x13
 660 0006 0B       		.uleb128 0xb
 661 0007 03       		.uleb128 0x3
 662 0008 0E       		.uleb128 0xe
 663 0009 1B       		.uleb128 0x1b
 664 000a 0E       		.uleb128 0xe
 665 000b 55       		.uleb128 0x55
 666 000c 17       		.uleb128 0x17
 667 000d 11       		.uleb128 0x11
 668 000e 01       		.uleb128 0x1
ARM GAS  C:\Users\legoc\AppData\Local\Temp\ccPDrfCD.s 			page 19


 669 000f 10       		.uleb128 0x10
 670 0010 17       		.uleb128 0x17
 671 0011 00       		.byte	0
 672 0012 00       		.byte	0
 673 0013 02       		.uleb128 0x2
 674 0014 24       		.uleb128 0x24
 675 0015 00       		.byte	0
 676 0016 0B       		.uleb128 0xb
 677 0017 0B       		.uleb128 0xb
 678 0018 3E       		.uleb128 0x3e
 679 0019 0B       		.uleb128 0xb
 680 001a 03       		.uleb128 0x3
 681 001b 0E       		.uleb128 0xe
 682 001c 00       		.byte	0
 683 001d 00       		.byte	0
 684 001e 03       		.uleb128 0x3
 685 001f 24       		.uleb128 0x24
 686 0020 00       		.byte	0
 687 0021 0B       		.uleb128 0xb
 688 0022 0B       		.uleb128 0xb
 689 0023 3E       		.uleb128 0x3e
 690 0024 0B       		.uleb128 0xb
 691 0025 03       		.uleb128 0x3
 692 0026 08       		.uleb128 0x8
 693 0027 00       		.byte	0
 694 0028 00       		.byte	0
 695 0029 04       		.uleb128 0x4
 696 002a 16       		.uleb128 0x16
 697 002b 00       		.byte	0
 698 002c 03       		.uleb128 0x3
 699 002d 0E       		.uleb128 0xe
 700 002e 3A       		.uleb128 0x3a
 701 002f 0B       		.uleb128 0xb
 702 0030 3B       		.uleb128 0x3b
 703 0031 05       		.uleb128 0x5
 704 0032 49       		.uleb128 0x49
 705 0033 13       		.uleb128 0x13
 706 0034 00       		.byte	0
 707 0035 00       		.byte	0
 708 0036 05       		.uleb128 0x5
 709 0037 35       		.uleb128 0x35
 710 0038 00       		.byte	0
 711 0039 49       		.uleb128 0x49
 712 003a 13       		.uleb128 0x13
 713 003b 00       		.byte	0
 714 003c 00       		.byte	0
 715 003d 06       		.uleb128 0x6
 716 003e 13       		.uleb128 0x13
 717 003f 01       		.byte	0x1
 718 0040 0B       		.uleb128 0xb
 719 0041 0B       		.uleb128 0xb
 720 0042 3A       		.uleb128 0x3a
 721 0043 0B       		.uleb128 0xb
 722 0044 3B       		.uleb128 0x3b
 723 0045 0B       		.uleb128 0xb
 724 0046 01       		.uleb128 0x1
 725 0047 13       		.uleb128 0x13
ARM GAS  C:\Users\legoc\AppData\Local\Temp\ccPDrfCD.s 			page 20


 726 0048 00       		.byte	0
 727 0049 00       		.byte	0
 728 004a 07       		.uleb128 0x7
 729 004b 0D       		.uleb128 0xd
 730 004c 00       		.byte	0
 731 004d 03       		.uleb128 0x3
 732 004e 0E       		.uleb128 0xe
 733 004f 3A       		.uleb128 0x3a
 734 0050 0B       		.uleb128 0xb
 735 0051 3B       		.uleb128 0x3b
 736 0052 0B       		.uleb128 0xb
 737 0053 49       		.uleb128 0x49
 738 0054 13       		.uleb128 0x13
 739 0055 38       		.uleb128 0x38
 740 0056 0B       		.uleb128 0xb
 741 0057 00       		.byte	0
 742 0058 00       		.byte	0
 743 0059 08       		.uleb128 0x8
 744 005a 0D       		.uleb128 0xd
 745 005b 00       		.byte	0
 746 005c 03       		.uleb128 0x3
 747 005d 08       		.uleb128 0x8
 748 005e 3A       		.uleb128 0x3a
 749 005f 0B       		.uleb128 0xb
 750 0060 3B       		.uleb128 0x3b
 751 0061 0B       		.uleb128 0xb
 752 0062 49       		.uleb128 0x49
 753 0063 13       		.uleb128 0x13
 754 0064 38       		.uleb128 0x38
 755 0065 0B       		.uleb128 0xb
 756 0066 00       		.byte	0
 757 0067 00       		.byte	0
 758 0068 09       		.uleb128 0x9
 759 0069 16       		.uleb128 0x16
 760 006a 00       		.byte	0
 761 006b 03       		.uleb128 0x3
 762 006c 0E       		.uleb128 0xe
 763 006d 3A       		.uleb128 0x3a
 764 006e 0B       		.uleb128 0xb
 765 006f 3B       		.uleb128 0x3b
 766 0070 0B       		.uleb128 0xb
 767 0071 49       		.uleb128 0x49
 768 0072 13       		.uleb128 0x13
 769 0073 00       		.byte	0
 770 0074 00       		.byte	0
 771 0075 0A       		.uleb128 0xa
 772 0076 2E       		.uleb128 0x2e
 773 0077 00       		.byte	0
 774 0078 3F       		.uleb128 0x3f
 775 0079 19       		.uleb128 0x19
 776 007a 03       		.uleb128 0x3
 777 007b 0E       		.uleb128 0xe
 778 007c 3A       		.uleb128 0x3a
 779 007d 0B       		.uleb128 0xb
 780 007e 3B       		.uleb128 0x3b
 781 007f 0B       		.uleb128 0xb
 782 0080 27       		.uleb128 0x27
ARM GAS  C:\Users\legoc\AppData\Local\Temp\ccPDrfCD.s 			page 21


 783 0081 19       		.uleb128 0x19
 784 0082 20       		.uleb128 0x20
 785 0083 0B       		.uleb128 0xb
 786 0084 00       		.byte	0
 787 0085 00       		.byte	0
 788 0086 0B       		.uleb128 0xb
 789 0087 2E       		.uleb128 0x2e
 790 0088 01       		.byte	0x1
 791 0089 3F       		.uleb128 0x3f
 792 008a 19       		.uleb128 0x19
 793 008b 03       		.uleb128 0x3
 794 008c 0E       		.uleb128 0xe
 795 008d 3A       		.uleb128 0x3a
 796 008e 0B       		.uleb128 0xb
 797 008f 3B       		.uleb128 0x3b
 798 0090 0B       		.uleb128 0xb
 799 0091 27       		.uleb128 0x27
 800 0092 19       		.uleb128 0x19
 801 0093 20       		.uleb128 0x20
 802 0094 0B       		.uleb128 0xb
 803 0095 01       		.uleb128 0x1
 804 0096 13       		.uleb128 0x13
 805 0097 00       		.byte	0
 806 0098 00       		.byte	0
 807 0099 0C       		.uleb128 0xc
 808 009a 34       		.uleb128 0x34
 809 009b 00       		.byte	0
 810 009c 03       		.uleb128 0x3
 811 009d 0E       		.uleb128 0xe
 812 009e 3A       		.uleb128 0x3a
 813 009f 0B       		.uleb128 0xb
 814 00a0 3B       		.uleb128 0x3b
 815 00a1 0B       		.uleb128 0xb
 816 00a2 49       		.uleb128 0x49
 817 00a3 13       		.uleb128 0x13
 818 00a4 00       		.byte	0
 819 00a5 00       		.byte	0
 820 00a6 0D       		.uleb128 0xd
 821 00a7 2E       		.uleb128 0x2e
 822 00a8 00       		.byte	0
 823 00a9 31       		.uleb128 0x31
 824 00aa 13       		.uleb128 0x13
 825 00ab 11       		.uleb128 0x11
 826 00ac 01       		.uleb128 0x1
 827 00ad 12       		.uleb128 0x12
 828 00ae 06       		.uleb128 0x6
 829 00af 40       		.uleb128 0x40
 830 00b0 18       		.uleb128 0x18
 831 00b1 9742     		.uleb128 0x2117
 832 00b3 19       		.uleb128 0x19
 833 00b4 00       		.byte	0
 834 00b5 00       		.byte	0
 835 00b6 0E       		.uleb128 0xe
 836 00b7 2E       		.uleb128 0x2e
 837 00b8 01       		.byte	0x1
 838 00b9 3F       		.uleb128 0x3f
 839 00ba 19       		.uleb128 0x19
ARM GAS  C:\Users\legoc\AppData\Local\Temp\ccPDrfCD.s 			page 22


 840 00bb 03       		.uleb128 0x3
 841 00bc 0E       		.uleb128 0xe
 842 00bd 3A       		.uleb128 0x3a
 843 00be 0B       		.uleb128 0xb
 844 00bf 3B       		.uleb128 0x3b
 845 00c0 0B       		.uleb128 0xb
 846 00c1 27       		.uleb128 0x27
 847 00c2 19       		.uleb128 0x19
 848 00c3 11       		.uleb128 0x11
 849 00c4 01       		.uleb128 0x1
 850 00c5 12       		.uleb128 0x12
 851 00c6 06       		.uleb128 0x6
 852 00c7 40       		.uleb128 0x40
 853 00c8 18       		.uleb128 0x18
 854 00c9 9742     		.uleb128 0x2117
 855 00cb 19       		.uleb128 0x19
 856 00cc 01       		.uleb128 0x1
 857 00cd 13       		.uleb128 0x13
 858 00ce 00       		.byte	0
 859 00cf 00       		.byte	0
 860 00d0 0F       		.uleb128 0xf
 861 00d1 1D       		.uleb128 0x1d
 862 00d2 00       		.byte	0
 863 00d3 31       		.uleb128 0x31
 864 00d4 13       		.uleb128 0x13
 865 00d5 11       		.uleb128 0x11
 866 00d6 01       		.uleb128 0x1
 867 00d7 12       		.uleb128 0x12
 868 00d8 06       		.uleb128 0x6
 869 00d9 58       		.uleb128 0x58
 870 00da 0B       		.uleb128 0xb
 871 00db 59       		.uleb128 0x59
 872 00dc 0B       		.uleb128 0xb
 873 00dd 00       		.byte	0
 874 00de 00       		.byte	0
 875 00df 10       		.uleb128 0x10
 876 00e0 898201   		.uleb128 0x4109
 877 00e3 00       		.byte	0
 878 00e4 11       		.uleb128 0x11
 879 00e5 01       		.uleb128 0x1
 880 00e6 31       		.uleb128 0x31
 881 00e7 13       		.uleb128 0x13
 882 00e8 00       		.byte	0
 883 00e9 00       		.byte	0
 884 00ea 11       		.uleb128 0x11
 885 00eb 2E       		.uleb128 0x2e
 886 00ec 01       		.byte	0x1
 887 00ed 31       		.uleb128 0x31
 888 00ee 13       		.uleb128 0x13
 889 00ef 11       		.uleb128 0x11
 890 00f0 01       		.uleb128 0x1
 891 00f1 12       		.uleb128 0x12
 892 00f2 06       		.uleb128 0x6
 893 00f3 40       		.uleb128 0x40
 894 00f4 18       		.uleb128 0x18
 895 00f5 9742     		.uleb128 0x2117
 896 00f7 19       		.uleb128 0x19
ARM GAS  C:\Users\legoc\AppData\Local\Temp\ccPDrfCD.s 			page 23


 897 00f8 01       		.uleb128 0x1
 898 00f9 13       		.uleb128 0x13
 899 00fa 00       		.byte	0
 900 00fb 00       		.byte	0
 901 00fc 12       		.uleb128 0x12
 902 00fd 34       		.uleb128 0x34
 903 00fe 00       		.byte	0
 904 00ff 31       		.uleb128 0x31
 905 0100 13       		.uleb128 0x13
 906 0101 00       		.byte	0
 907 0102 00       		.byte	0
 908 0103 13       		.uleb128 0x13
 909 0104 0B       		.uleb128 0xb
 910 0105 01       		.byte	0x1
 911 0106 11       		.uleb128 0x11
 912 0107 01       		.uleb128 0x1
 913 0108 12       		.uleb128 0x12
 914 0109 06       		.uleb128 0x6
 915 010a 00       		.byte	0
 916 010b 00       		.byte	0
 917 010c 14       		.uleb128 0x14
 918 010d 34       		.uleb128 0x34
 919 010e 00       		.byte	0
 920 010f 31       		.uleb128 0x31
 921 0110 13       		.uleb128 0x13
 922 0111 02       		.uleb128 0x2
 923 0112 17       		.uleb128 0x17
 924 0113 00       		.byte	0
 925 0114 00       		.byte	0
 926 0115 15       		.uleb128 0x15
 927 0116 2E       		.uleb128 0x2e
 928 0117 01       		.byte	0x1
 929 0118 3F       		.uleb128 0x3f
 930 0119 19       		.uleb128 0x19
 931 011a 03       		.uleb128 0x3
 932 011b 0E       		.uleb128 0xe
 933 011c 3A       		.uleb128 0x3a
 934 011d 0B       		.uleb128 0xb
 935 011e 3B       		.uleb128 0x3b
 936 011f 05       		.uleb128 0x5
 937 0120 27       		.uleb128 0x27
 938 0121 19       		.uleb128 0x19
 939 0122 11       		.uleb128 0x11
 940 0123 01       		.uleb128 0x1
 941 0124 12       		.uleb128 0x12
 942 0125 06       		.uleb128 0x6
 943 0126 40       		.uleb128 0x40
 944 0127 18       		.uleb128 0x18
 945 0128 9742     		.uleb128 0x2117
 946 012a 19       		.uleb128 0x19
 947 012b 01       		.uleb128 0x1
 948 012c 13       		.uleb128 0x13
 949 012d 00       		.byte	0
 950 012e 00       		.byte	0
 951 012f 16       		.uleb128 0x16
 952 0130 1D       		.uleb128 0x1d
 953 0131 01       		.byte	0x1
ARM GAS  C:\Users\legoc\AppData\Local\Temp\ccPDrfCD.s 			page 24


 954 0132 31       		.uleb128 0x31
 955 0133 13       		.uleb128 0x13
 956 0134 52       		.uleb128 0x52
 957 0135 01       		.uleb128 0x1
 958 0136 55       		.uleb128 0x55
 959 0137 17       		.uleb128 0x17
 960 0138 58       		.uleb128 0x58
 961 0139 0B       		.uleb128 0xb
 962 013a 59       		.uleb128 0x59
 963 013b 05       		.uleb128 0x5
 964 013c 01       		.uleb128 0x1
 965 013d 13       		.uleb128 0x13
 966 013e 00       		.byte	0
 967 013f 00       		.byte	0
 968 0140 17       		.uleb128 0x17
 969 0141 0B       		.uleb128 0xb
 970 0142 01       		.byte	0x1
 971 0143 55       		.uleb128 0x55
 972 0144 17       		.uleb128 0x17
 973 0145 00       		.byte	0
 974 0146 00       		.byte	0
 975 0147 18       		.uleb128 0x18
 976 0148 34       		.uleb128 0x34
 977 0149 00       		.byte	0
 978 014a 03       		.uleb128 0x3
 979 014b 0E       		.uleb128 0xe
 980 014c 3A       		.uleb128 0x3a
 981 014d 0B       		.uleb128 0xb
 982 014e 3B       		.uleb128 0x3b
 983 014f 0B       		.uleb128 0xb
 984 0150 49       		.uleb128 0x49
 985 0151 13       		.uleb128 0x13
 986 0152 3F       		.uleb128 0x3f
 987 0153 19       		.uleb128 0x19
 988 0154 02       		.uleb128 0x2
 989 0155 18       		.uleb128 0x18
 990 0156 00       		.byte	0
 991 0157 00       		.byte	0
 992 0158 19       		.uleb128 0x19
 993 0159 2E       		.uleb128 0x2e
 994 015a 00       		.byte	0
 995 015b 3F       		.uleb128 0x3f
 996 015c 19       		.uleb128 0x19
 997 015d 3C       		.uleb128 0x3c
 998 015e 19       		.uleb128 0x19
 999 015f 6E       		.uleb128 0x6e
 1000 0160 0E       		.uleb128 0xe
 1001 0161 03       		.uleb128 0x3
 1002 0162 0E       		.uleb128 0xe
 1003 0163 3A       		.uleb128 0x3a
 1004 0164 0B       		.uleb128 0xb
 1005 0165 3B       		.uleb128 0x3b
 1006 0166 0B       		.uleb128 0xb
 1007 0167 00       		.byte	0
 1008 0168 00       		.byte	0
 1009 0169 00       		.byte	0
 1010              		.section	.debug_loc,"",%progbits
ARM GAS  C:\Users\legoc\AppData\Local\Temp\ccPDrfCD.s 			page 25


 1011              	.Ldebug_loc0:
 1012              	.LLST0:
 1013 0000 32000000 		.4byte	.LVL1
 1014 0004 3D000000 		.4byte	.LVL2-1
 1015 0008 0100     		.2byte	0x1
 1016 000a 50       		.byte	0x50
 1017 000b 00000000 		.4byte	0
 1018 000f 00000000 		.4byte	0
 1019              	.LLST1:
 1020 0013 3A000000 		.4byte	.LVL4
 1021 0017 45000000 		.4byte	.LVL5-1
 1022 001b 0100     		.2byte	0x1
 1023 001d 50       		.byte	0x50
 1024 001e 00000000 		.4byte	0
 1025 0022 00000000 		.4byte	0
 1026              		.section	.debug_aranges,"",%progbits
 1027 0000 34000000 		.4byte	0x34
 1028 0004 0200     		.2byte	0x2
 1029 0006 00000000 		.4byte	.Ldebug_info0
 1030 000a 04       		.byte	0x4
 1031 000b 00       		.byte	0
 1032 000c 0000     		.2byte	0
 1033 000e 0000     		.2byte	0
 1034 0010 00000000 		.4byte	.LFB0
 1035 0014 40000000 		.4byte	.LFE0-.LFB0
 1036 0018 00000000 		.4byte	.LFB1
 1037 001c 58000000 		.4byte	.LFE1-.LFB1
 1038 0020 00000000 		.4byte	.LFB2
 1039 0024 60000000 		.4byte	.LFE2-.LFB2
 1040 0028 00000000 		.4byte	.LFB3
 1041 002c 64000000 		.4byte	.LFE3-.LFB3
 1042 0030 00000000 		.4byte	0
 1043 0034 00000000 		.4byte	0
 1044              		.section	.debug_ranges,"",%progbits
 1045              	.Ldebug_ranges0:
 1046 0000 02000000 		.4byte	.LBB14
 1047 0004 24000000 		.4byte	.LBE14
 1048 0008 36000000 		.4byte	.LBB19
 1049 000c 64000000 		.4byte	.LBE19
 1050 0010 00000000 		.4byte	0
 1051 0014 00000000 		.4byte	0
 1052 0018 00000000 		.4byte	.LFB0
 1053 001c 40000000 		.4byte	.LFE0
 1054 0020 00000000 		.4byte	.LFB1
 1055 0024 58000000 		.4byte	.LFE1
 1056 0028 00000000 		.4byte	.LFB2
 1057 002c 60000000 		.4byte	.LFE2
 1058 0030 00000000 		.4byte	.LFB3
 1059 0034 64000000 		.4byte	.LFE3
 1060 0038 00000000 		.4byte	0
 1061 003c 00000000 		.4byte	0
 1062              		.section	.debug_line,"",%progbits
 1063              	.Ldebug_line0:
 1064 0000 F6000000 		.section	.debug_str,"MS",%progbits,1
 1064      02005700 
 1064      00000201 
 1064      FB0E0D00 
ARM GAS  C:\Users\legoc\AppData\Local\Temp\ccPDrfCD.s 			page 26


 1064      01010101 
 1065              	.LASF26:
 1066 0000 4932435F 		.ascii	"I2C_Wakeup\000"
 1066      57616B65 
 1066      757000
 1067              	.LASF25:
 1068 000b 4932435F 		.ascii	"I2C_Sleep\000"
 1068      536C6565 
 1068      7000
 1069              	.LASF16:
 1070 0015 72656733 		.ascii	"reg32\000"
 1070      3200
 1071              	.LASF31:
 1072 001b 474E5520 		.ascii	"GNU C11 5.4.1 20160609 (release) [ARM/embedded-5-br"
 1072      43313120 
 1072      352E342E 
 1072      31203230 
 1072      31363036 
 1073 004e 616E6368 		.ascii	"anch revision 237715] -mcpu=cortex-m3 -mthumb -g -O"
 1073      20726576 
 1073      6973696F 
 1073      6E203233 
 1073      37373135 
 1074 0081 33202D66 		.ascii	"3 -ffunction-sections -ffat-lto-objects\000"
 1074      66756E63 
 1074      74696F6E 
 1074      2D736563 
 1074      74696F6E 
 1075              	.LASF37:
 1076 00a9 4932435F 		.ascii	"I2C_backup\000"
 1076      6261636B 
 1076      757000
 1077              	.LASF3:
 1078 00b4 73686F72 		.ascii	"short unsigned int\000"
 1078      7420756E 
 1078      7369676E 
 1078      65642069 
 1078      6E7400
 1079              	.LASF34:
 1080 00c7 4932435F 		.ascii	"I2C_SaveConfig\000"
 1080      53617665 
 1080      436F6E66 
 1080      696700
 1081              	.LASF12:
 1082 00d6 666C6F61 		.ascii	"float\000"
 1082      7400
 1083              	.LASF7:
 1084 00dc 6C6F6E67 		.ascii	"long long unsigned int\000"
 1084      206C6F6E 
 1084      6720756E 
 1084      7369676E 
 1084      65642069 
 1085              	.LASF1:
 1086 00f3 756E7369 		.ascii	"unsigned char\000"
 1086      676E6564 
 1086      20636861 
 1086      7200
ARM GAS  C:\Users\legoc\AppData\Local\Temp\ccPDrfCD.s 			page 27


 1087              	.LASF15:
 1088 0101 72656738 		.ascii	"reg8\000"
 1088      00
 1089              	.LASF5:
 1090 0106 6C6F6E67 		.ascii	"long unsigned int\000"
 1090      20756E73 
 1090      69676E65 
 1090      6420696E 
 1090      7400
 1091              	.LASF21:
 1092 0118 61646472 		.ascii	"addr\000"
 1092      00
 1093              	.LASF30:
 1094 011d 4932435F 		.ascii	"I2C_Enable\000"
 1094      456E6162 
 1094      6C6500
 1095              	.LASF13:
 1096 0128 646F7562 		.ascii	"double\000"
 1096      6C6500
 1097              	.LASF10:
 1098 012f 75696E74 		.ascii	"uint16\000"
 1098      313600
 1099              	.LASF33:
 1100 0136 433A5C55 		.ascii	"C:\\Users\\legoc\\Documents\\School\\Senior Year\\S"
 1100      73657273 
 1100      5C6C6567 
 1100      6F635C44 
 1100      6F63756D 
 1101 0163 656E696F 		.ascii	"enior Project\\Senior Project Integrated\\Senior Pr"
 1101      72205072 
 1101      6F6A6563 
 1101      745C5365 
 1101      6E696F72 
 1102 0194 6F6A6563 		.ascii	"oject Integrated\\Design01.cydsn\000"
 1102      7420496E 
 1102      74656772 
 1102      61746564 
 1102      5C446573 
 1103              	.LASF11:
 1104 01b4 75696E74 		.ascii	"uint32\000"
 1104      333200
 1105              	.LASF36:
 1106 01bb 696E7453 		.ascii	"intState\000"
 1106      74617465 
 1106      00
 1107              	.LASF8:
 1108 01c4 756E7369 		.ascii	"unsigned int\000"
 1108      676E6564 
 1108      20696E74 
 1108      00
 1109              	.LASF29:
 1110 01d1 43794578 		.ascii	"CyExitCriticalSection\000"
 1110      69744372 
 1110      69746963 
 1110      616C5365 
 1110      6374696F 
 1111              	.LASF22:
ARM GAS  C:\Users\legoc\AppData\Local\Temp\ccPDrfCD.s 			page 28


 1112 01e7 636C6B44 		.ascii	"clkDiv1\000"
 1112      69763100 
 1113              	.LASF23:
 1114 01ef 636C6B44 		.ascii	"clkDiv2\000"
 1114      69763200 
 1115              	.LASF28:
 1116 01f7 4379456E 		.ascii	"CyEnterCriticalSection\000"
 1116      74657243 
 1116      72697469 
 1116      63616C53 
 1116      65637469 
 1117              	.LASF18:
 1118 020e 73697A65 		.ascii	"sizetype\000"
 1118      74797065 
 1118      00
 1119              	.LASF6:
 1120 0217 6C6F6E67 		.ascii	"long long int\000"
 1120      206C6F6E 
 1120      6720696E 
 1120      7400
 1121              	.LASF14:
 1122 0225 63686172 		.ascii	"char\000"
 1122      00
 1123              	.LASF20:
 1124 022a 78636667 		.ascii	"xcfg\000"
 1124      00
 1125              	.LASF24:
 1126 022f 4932435F 		.ascii	"I2C_BACKUP_STRUCT\000"
 1126      4241434B 
 1126      55505F53 
 1126      54525543 
 1126      5400
 1127              	.LASF2:
 1128 0241 73686F72 		.ascii	"short int\000"
 1128      7420696E 
 1128      7400
 1129              	.LASF9:
 1130 024b 75696E74 		.ascii	"uint8\000"
 1130      3800
 1131              	.LASF4:
 1132 0251 6C6F6E67 		.ascii	"long int\000"
 1132      20696E74 
 1132      00
 1133              	.LASF19:
 1134 025a 656E6162 		.ascii	"enableState\000"
 1134      6C655374 
 1134      61746500 
 1135              	.LASF17:
 1136 0266 6C6F6E67 		.ascii	"long double\000"
 1136      20646F75 
 1136      626C6500 
 1137              	.LASF27:
 1138 0272 4932435F 		.ascii	"I2C_Stop\000"
 1138      53746F70 
 1138      00
 1139              	.LASF0:
 1140 027b 7369676E 		.ascii	"signed char\000"
ARM GAS  C:\Users\legoc\AppData\Local\Temp\ccPDrfCD.s 			page 29


 1140      65642063 
 1140      68617200 
 1141              	.LASF35:
 1142 0287 4932435F 		.ascii	"I2C_RestoreConfig\000"
 1142      52657374 
 1142      6F726543 
 1142      6F6E6669 
 1142      6700
 1143              	.LASF32:
 1144 0299 47656E65 		.ascii	"Generated_Source\\PSoC5\\I2C_PM.c\000"
 1144      72617465 
 1144      645F536F 
 1144      75726365 
 1144      5C50536F 
 1145              		.ident	"GCC: (GNU Tools for ARM Embedded Processors) 5.4.1 20160609 (release) [ARM/embedded-5-bran
