<<<<<<< HEAD
ARM GAS  C:\Users\legoc\AppData\Local\Temp\cctJzBO4.s 			page 1
=======
ARM GAS  C:\Users\JACOB-~1\AppData\Local\Temp\ccl7zogz.s 			page 1
>>>>>>> 2d7ecf86914b76bbbaff7e814c9baff7add3da2a


   1              		.syntax unified
   2              		.cpu cortex-m3
   3              		.fpu softvfp
   4              		.eabi_attribute 20, 1
   5              		.eabi_attribute 21, 1
   6              		.eabi_attribute 23, 3
   7              		.eabi_attribute 24, 1
   8              		.eabi_attribute 25, 1
   9              		.eabi_attribute 26, 1
  10              		.eabi_attribute 30, 1
  11              		.eabi_attribute 34, 1
  12              		.eabi_attribute 18, 4
  13              		.thumb
  14              		.syntax unified
  15              		.file	"MOSI.c"
  16              		.text
  17              	.Ltext0:
  18              		.cfi_sections	.debug_frame
  19              		.section	.text.MOSI_Write,"ax",%progbits
  20              		.align	2
  21              		.global	MOSI_Write
  22              		.thumb
  23              		.thumb_func
  24              		.type	MOSI_Write, %function
  25              	MOSI_Write:
  26              	.LFB0:
  27              		.file 1 "Generated_Source\\PSoC5\\MOSI.c"
   1:Generated_Source\PSoC5/MOSI.c **** /*******************************************************************************
   2:Generated_Source\PSoC5/MOSI.c **** * File Name: MOSI.c  
   3:Generated_Source\PSoC5/MOSI.c **** * Version 2.20
   4:Generated_Source\PSoC5/MOSI.c **** *
   5:Generated_Source\PSoC5/MOSI.c **** * Description:
   6:Generated_Source\PSoC5/MOSI.c **** *  This file contains API to enable firmware control of a Pins component.
   7:Generated_Source\PSoC5/MOSI.c **** *
   8:Generated_Source\PSoC5/MOSI.c **** * Note:
   9:Generated_Source\PSoC5/MOSI.c **** *
  10:Generated_Source\PSoC5/MOSI.c **** ********************************************************************************
  11:Generated_Source\PSoC5/MOSI.c **** * Copyright 2008-2015, Cypress Semiconductor Corporation.  All rights reserved.
  12:Generated_Source\PSoC5/MOSI.c **** * You may use this file only in accordance with the license, terms, conditions, 
  13:Generated_Source\PSoC5/MOSI.c **** * disclaimers, and limitations in the end user license agreement accompanying 
  14:Generated_Source\PSoC5/MOSI.c **** * the software package with which this file was provided.
  15:Generated_Source\PSoC5/MOSI.c **** *******************************************************************************/
  16:Generated_Source\PSoC5/MOSI.c **** 
  17:Generated_Source\PSoC5/MOSI.c **** #include "cytypes.h"
  18:Generated_Source\PSoC5/MOSI.c **** #include "MOSI.h"
  19:Generated_Source\PSoC5/MOSI.c **** 
  20:Generated_Source\PSoC5/MOSI.c **** /* APIs are not generated for P15[7:6] on PSoC 5 */
  21:Generated_Source\PSoC5/MOSI.c **** #if !(CY_PSOC5A &&\
  22:Generated_Source\PSoC5/MOSI.c **** 	 MOSI__PORT == 15 && ((MOSI__MASK & 0xC0) != 0))
  23:Generated_Source\PSoC5/MOSI.c **** 
  24:Generated_Source\PSoC5/MOSI.c **** 
  25:Generated_Source\PSoC5/MOSI.c **** /*******************************************************************************
  26:Generated_Source\PSoC5/MOSI.c **** * Function Name: MOSI_Write
  27:Generated_Source\PSoC5/MOSI.c **** ****************************************************************************//**
  28:Generated_Source\PSoC5/MOSI.c **** *
  29:Generated_Source\PSoC5/MOSI.c **** * \brief Writes the value to the physical port (data output register), masking
  30:Generated_Source\PSoC5/MOSI.c **** *  and shifting the bits appropriately. 
<<<<<<< HEAD
ARM GAS  C:\Users\legoc\AppData\Local\Temp\cctJzBO4.s 			page 2
=======
ARM GAS  C:\Users\JACOB-~1\AppData\Local\Temp\ccl7zogz.s 			page 2
>>>>>>> 2d7ecf86914b76bbbaff7e814c9baff7add3da2a


  31:Generated_Source\PSoC5/MOSI.c **** *
  32:Generated_Source\PSoC5/MOSI.c **** * The data output register controls the signal applied to the physical pin in 
  33:Generated_Source\PSoC5/MOSI.c **** * conjunction with the drive mode parameter. This function avoids changing 
  34:Generated_Source\PSoC5/MOSI.c **** * other bits in the port by using the appropriate method (read-modify-write or
  35:Generated_Source\PSoC5/MOSI.c **** * bit banding).
  36:Generated_Source\PSoC5/MOSI.c **** *
  37:Generated_Source\PSoC5/MOSI.c **** * <b>Note</b> This function should not be used on a hardware digital output pin 
  38:Generated_Source\PSoC5/MOSI.c **** * as it is driven by the hardware signal attached to it.
  39:Generated_Source\PSoC5/MOSI.c **** *
  40:Generated_Source\PSoC5/MOSI.c **** * \param value
  41:Generated_Source\PSoC5/MOSI.c **** *  Value to write to the component instance.
  42:Generated_Source\PSoC5/MOSI.c **** *
  43:Generated_Source\PSoC5/MOSI.c **** * \return 
  44:Generated_Source\PSoC5/MOSI.c **** *  None 
  45:Generated_Source\PSoC5/MOSI.c **** *
  46:Generated_Source\PSoC5/MOSI.c **** * \sideeffect
  47:Generated_Source\PSoC5/MOSI.c **** *  If you use read-modify-write operations that are not atomic; the Interrupt 
  48:Generated_Source\PSoC5/MOSI.c **** *  Service Routines (ISR) can cause corruption of this function. An ISR that 
  49:Generated_Source\PSoC5/MOSI.c **** *  interrupts this function and performs writes to the Pins component data 
  50:Generated_Source\PSoC5/MOSI.c **** *  register can cause corrupted port data. To avoid this issue, you should 
  51:Generated_Source\PSoC5/MOSI.c **** *  either use the Per-Pin APIs (primary method) or disable interrupts around 
  52:Generated_Source\PSoC5/MOSI.c **** *  this function.
  53:Generated_Source\PSoC5/MOSI.c **** *
  54:Generated_Source\PSoC5/MOSI.c **** * \funcusage
  55:Generated_Source\PSoC5/MOSI.c **** *  \snippet MOSI_SUT.c usage_MOSI_Write
  56:Generated_Source\PSoC5/MOSI.c **** *******************************************************************************/
  57:Generated_Source\PSoC5/MOSI.c **** void MOSI_Write(uint8 value)
  58:Generated_Source\PSoC5/MOSI.c **** {
  28              		.loc 1 58 0
  29              		.cfi_startproc
  30              		@ args = 0, pretend = 0, frame = 0
  31              		@ frame_needed = 0, uses_anonymous_args = 0
  32              		@ link register save eliminated.
  33              	.LVL0:
  59:Generated_Source\PSoC5/MOSI.c ****     uint8 staticBits = (MOSI_DR & (uint8)(~MOSI_MASK));
  34              		.loc 1 59 0
  35 0000 044A     		ldr	r2, .L2
  36 0002 1378     		ldrb	r3, [r2]	@ zero_extendqisi2
  37 0004 03F0FE03 		and	r3, r3, #254
  38              	.LVL1:
  60:Generated_Source\PSoC5/MOSI.c ****     MOSI_DR = staticBits | ((uint8)(value << MOSI_SHIFT) & MOSI_MASK);
  39              		.loc 1 60 0
  40 0008 00F00100 		and	r0, r0, #1
  41              	.LVL2:
<<<<<<< HEAD
  42 000c 1843     		orrs	r0, r0, r3
  43 000e 1070     		strb	r0, [r2]
  44 0010 7047     		bx	lr
  45              	.L3:
  46 0012 00BF     		.align	2
  47              	.L2:
  48 0014 00510040 		.word	1073762560
  49              		.cfi_endproc
  50              	.LFE0:
  51              		.size	MOSI_Write, .-MOSI_Write
  52              		.section	.text.MOSI_SetDriveMode,"ax",%progbits
  53              		.align	2
  54              		.global	MOSI_SetDriveMode
ARM GAS  C:\Users\legoc\AppData\Local\Temp\cctJzBO4.s 			page 3
=======
  42 000a 00F02000 		and	r0, r0, #32
  43 000e 1843     		orrs	r0, r0, r3
  44 0010 1070     		strb	r0, [r2]
  45 0012 7047     		bx	lr
  46              	.L3:
  47              		.align	2
  48              	.L2:
  49 0014 00510040 		.word	1073762560
  50              		.cfi_endproc
  51              	.LFE0:
  52              		.size	MOSI_Write, .-MOSI_Write
  53              		.section	.text.MOSI_SetDriveMode,"ax",%progbits
  54              		.align	2
ARM GAS  C:\Users\JACOB-~1\AppData\Local\Temp\ccl7zogz.s 			page 3
>>>>>>> 2d7ecf86914b76bbbaff7e814c9baff7add3da2a


  55              		.thumb
  56              		.thumb_func
  57              		.type	MOSI_SetDriveMode, %function
  58              	MOSI_SetDriveMode:
  59              	.LFB1:
  61:Generated_Source\PSoC5/MOSI.c **** }
  62:Generated_Source\PSoC5/MOSI.c **** 
  63:Generated_Source\PSoC5/MOSI.c **** 
  64:Generated_Source\PSoC5/MOSI.c **** /*******************************************************************************
  65:Generated_Source\PSoC5/MOSI.c **** * Function Name: MOSI_SetDriveMode
  66:Generated_Source\PSoC5/MOSI.c **** ****************************************************************************//**
  67:Generated_Source\PSoC5/MOSI.c **** *
  68:Generated_Source\PSoC5/MOSI.c **** * \brief Sets the drive mode for each of the Pins component's pins.
  69:Generated_Source\PSoC5/MOSI.c **** * 
  70:Generated_Source\PSoC5/MOSI.c **** * <b>Note</b> This affects all pins in the Pins component instance. Use the
  71:Generated_Source\PSoC5/MOSI.c **** * Per-Pin APIs if you wish to control individual pin's drive modes.
  72:Generated_Source\PSoC5/MOSI.c **** *
  73:Generated_Source\PSoC5/MOSI.c **** * \param mode
  74:Generated_Source\PSoC5/MOSI.c **** *  Mode for the selected signals. Valid options are documented in 
  75:Generated_Source\PSoC5/MOSI.c **** *  \ref driveMode.
  76:Generated_Source\PSoC5/MOSI.c **** *
  77:Generated_Source\PSoC5/MOSI.c **** * \return
  78:Generated_Source\PSoC5/MOSI.c **** *  None
  79:Generated_Source\PSoC5/MOSI.c **** *
  80:Generated_Source\PSoC5/MOSI.c **** * \sideeffect
  81:Generated_Source\PSoC5/MOSI.c **** *  If you use read-modify-write operations that are not atomic, the ISR can
  82:Generated_Source\PSoC5/MOSI.c **** *  cause corruption of this function. An ISR that interrupts this function 
  83:Generated_Source\PSoC5/MOSI.c **** *  and performs writes to the Pins component Drive Mode registers can cause 
  84:Generated_Source\PSoC5/MOSI.c **** *  corrupted port data. To avoid this issue, you should either use the Per-Pin
  85:Generated_Source\PSoC5/MOSI.c **** *  APIs (primary method) or disable interrupts around this function.
  86:Generated_Source\PSoC5/MOSI.c **** *
  87:Generated_Source\PSoC5/MOSI.c **** * \funcusage
  88:Generated_Source\PSoC5/MOSI.c **** *  \snippet MOSI_SUT.c usage_MOSI_SetDriveMode
  89:Generated_Source\PSoC5/MOSI.c **** *******************************************************************************/
  90:Generated_Source\PSoC5/MOSI.c **** void MOSI_SetDriveMode(uint8 mode)
  91:Generated_Source\PSoC5/MOSI.c **** {
  60              		.loc 1 91 0
  61              		.cfi_startproc
  62              		@ args = 0, pretend = 0, frame = 0
  63              		@ frame_needed = 0, uses_anonymous_args = 0
  64              		@ link register save eliminated.
  65              	.LVL3:
  92:Generated_Source\PSoC5/MOSI.c **** 	CyPins_SetPinDriveMode(MOSI_0, mode);
<<<<<<< HEAD
  66              		.loc 1 92 0
  67 0000 044A     		ldr	r2, .L5
  68 0002 1378     		ldrb	r3, [r2]	@ zero_extendqisi2
  69 0004 03F0F103 		and	r3, r3, #241
  70 0008 00F00E00 		and	r0, r0, #14
  71              	.LVL4:
  72 000c 1843     		orrs	r0, r0, r3
  73 000e 1070     		strb	r0, [r2]
  74 0010 7047     		bx	lr
  75              	.L6:
  76 0012 00BF     		.align	2
  77              	.L5:
  78 0014 00500040 		.word	1073762304
  79              		.cfi_endproc
ARM GAS  C:\Users\legoc\AppData\Local\Temp\cctJzBO4.s 			page 4
=======
  67              		.loc 1 92 0
  68 0000 044A     		ldr	r2, .L5
  69 0002 1378     		ldrb	r3, [r2]	@ zero_extendqisi2
  70 0004 03F0F103 		and	r3, r3, #241
  71 0008 00F00E00 		and	r0, r0, #14
  72              	.LVL4:
  73 000c 1843     		orrs	r0, r0, r3
  74 000e 1070     		strb	r0, [r2]
  75 0010 7047     		bx	lr
  76              	.L6:
  77 0012 00BF     		.align	2
  78              	.L5:
  79 0014 05500040 		.word	1073762309
ARM GAS  C:\Users\JACOB-~1\AppData\Local\Temp\ccl7zogz.s 			page 4
>>>>>>> 2d7ecf86914b76bbbaff7e814c9baff7add3da2a


  80              	.LFE1:
  81              		.size	MOSI_SetDriveMode, .-MOSI_SetDriveMode
  82              		.section	.text.MOSI_Read,"ax",%progbits
  83              		.align	2
  84              		.global	MOSI_Read
  85              		.thumb
  86              		.thumb_func
  87              		.type	MOSI_Read, %function
  88              	MOSI_Read:
  89              	.LFB2:
  93:Generated_Source\PSoC5/MOSI.c **** }
  94:Generated_Source\PSoC5/MOSI.c **** 
  95:Generated_Source\PSoC5/MOSI.c **** 
  96:Generated_Source\PSoC5/MOSI.c **** /*******************************************************************************
  97:Generated_Source\PSoC5/MOSI.c **** * Function Name: MOSI_Read
  98:Generated_Source\PSoC5/MOSI.c **** ****************************************************************************//**
  99:Generated_Source\PSoC5/MOSI.c **** *
 100:Generated_Source\PSoC5/MOSI.c **** * \brief Reads the associated physical port (pin status register) and masks 
 101:Generated_Source\PSoC5/MOSI.c **** *  the required bits according to the width and bit position of the component
 102:Generated_Source\PSoC5/MOSI.c **** *  instance. 
 103:Generated_Source\PSoC5/MOSI.c **** *
 104:Generated_Source\PSoC5/MOSI.c **** * The pin's status register returns the current logic level present on the 
 105:Generated_Source\PSoC5/MOSI.c **** * physical pin.
 106:Generated_Source\PSoC5/MOSI.c **** *
 107:Generated_Source\PSoC5/MOSI.c **** * \return 
 108:Generated_Source\PSoC5/MOSI.c **** *  The current value for the pins in the component as a right justified number.
 109:Generated_Source\PSoC5/MOSI.c **** *
 110:Generated_Source\PSoC5/MOSI.c **** * \funcusage
 111:Generated_Source\PSoC5/MOSI.c **** *  \snippet MOSI_SUT.c usage_MOSI_Read  
 112:Generated_Source\PSoC5/MOSI.c **** *******************************************************************************/
 113:Generated_Source\PSoC5/MOSI.c **** uint8 MOSI_Read(void)
 114:Generated_Source\PSoC5/MOSI.c **** {
  90              		.loc 1 114 0
  91              		.cfi_startproc
  92              		@ args = 0, pretend = 0, frame = 0
  93              		@ frame_needed = 0, uses_anonymous_args = 0
  94              		@ link register save eliminated.
 115:Generated_Source\PSoC5/MOSI.c ****     return (MOSI_PS & MOSI_MASK) >> MOSI_SHIFT;
  95              		.loc 1 115 0
  96 0000 024B     		ldr	r3, .L8
  97 0002 1878     		ldrb	r0, [r3]	@ zero_extendqisi2
 116:Generated_Source\PSoC5/MOSI.c **** }
<<<<<<< HEAD
  98              		.loc 1 116 0
  99 0004 00F00100 		and	r0, r0, #1
 100 0008 7047     		bx	lr
 101              	.L9:
 102 000a 00BF     		.align	2
 103              	.L8:
 104 000c 01510040 		.word	1073762561
 105              		.cfi_endproc
 106              	.LFE2:
 107              		.size	MOSI_Read, .-MOSI_Read
 108              		.section	.text.MOSI_ReadDataReg,"ax",%progbits
 109              		.align	2
 110              		.global	MOSI_ReadDataReg
 111              		.thumb
 112              		.thumb_func
ARM GAS  C:\Users\legoc\AppData\Local\Temp\cctJzBO4.s 			page 5
=======
  99              		.loc 1 116 0
 100 0004 C0F34010 		ubfx	r0, r0, #5, #1
 101 0008 7047     		bx	lr
 102              	.L9:
 103 000a 00BF     		.align	2
 104              	.L8:
 105 000c 01510040 		.word	1073762561
 106              		.cfi_endproc
 107              	.LFE2:
 108              		.size	MOSI_Read, .-MOSI_Read
 109              		.section	.text.MOSI_ReadDataReg,"ax",%progbits
 110              		.align	2
 111              		.global	MOSI_ReadDataReg
 112              		.thumb
ARM GAS  C:\Users\JACOB-~1\AppData\Local\Temp\ccl7zogz.s 			page 5
>>>>>>> 2d7ecf86914b76bbbaff7e814c9baff7add3da2a


 113              		.type	MOSI_ReadDataReg, %function
 114              	MOSI_ReadDataReg:
 115              	.LFB3:
 117:Generated_Source\PSoC5/MOSI.c **** 
 118:Generated_Source\PSoC5/MOSI.c **** 
 119:Generated_Source\PSoC5/MOSI.c **** /*******************************************************************************
 120:Generated_Source\PSoC5/MOSI.c **** * Function Name: MOSI_ReadDataReg
 121:Generated_Source\PSoC5/MOSI.c **** ****************************************************************************//**
 122:Generated_Source\PSoC5/MOSI.c **** *
 123:Generated_Source\PSoC5/MOSI.c **** * \brief Reads the associated physical port's data output register and masks 
 124:Generated_Source\PSoC5/MOSI.c **** *  the correct bits according to the width and bit position of the component 
 125:Generated_Source\PSoC5/MOSI.c **** *  instance. 
 126:Generated_Source\PSoC5/MOSI.c **** *
 127:Generated_Source\PSoC5/MOSI.c **** * The data output register controls the signal applied to the physical pin in 
 128:Generated_Source\PSoC5/MOSI.c **** * conjunction with the drive mode parameter. This is not the same as the 
 129:Generated_Source\PSoC5/MOSI.c **** * preferred MOSI_Read() API because the 
 130:Generated_Source\PSoC5/MOSI.c **** * MOSI_ReadDataReg() reads the data register instead of the status 
 131:Generated_Source\PSoC5/MOSI.c **** * register. For output pins this is a useful function to determine the value 
 132:Generated_Source\PSoC5/MOSI.c **** * just written to the pin.
 133:Generated_Source\PSoC5/MOSI.c **** *
 134:Generated_Source\PSoC5/MOSI.c **** * \return 
 135:Generated_Source\PSoC5/MOSI.c **** *  The current value of the data register masked and shifted into a right 
 136:Generated_Source\PSoC5/MOSI.c **** *  justified number for the component instance.
 137:Generated_Source\PSoC5/MOSI.c **** *
 138:Generated_Source\PSoC5/MOSI.c **** * \funcusage
 139:Generated_Source\PSoC5/MOSI.c **** *  \snippet MOSI_SUT.c usage_MOSI_ReadDataReg 
 140:Generated_Source\PSoC5/MOSI.c **** *******************************************************************************/
 141:Generated_Source\PSoC5/MOSI.c **** uint8 MOSI_ReadDataReg(void)
 142:Generated_Source\PSoC5/MOSI.c **** {
 116              		.loc 1 142 0
 117              		.cfi_startproc
 118              		@ args = 0, pretend = 0, frame = 0
 119              		@ frame_needed = 0, uses_anonymous_args = 0
 120              		@ link register save eliminated.
 143:Generated_Source\PSoC5/MOSI.c ****     return (MOSI_DR & MOSI_MASK) >> MOSI_SHIFT;
 121              		.loc 1 143 0
 122 0000 024B     		ldr	r3, .L11
 123 0002 1878     		ldrb	r0, [r3]	@ zero_extendqisi2
 144:Generated_Source\PSoC5/MOSI.c **** }
<<<<<<< HEAD
 124              		.loc 1 144 0
 125 0004 00F00100 		and	r0, r0, #1
 126 0008 7047     		bx	lr
 127              	.L12:
 128 000a 00BF     		.align	2
 129              	.L11:
 130 000c 00510040 		.word	1073762560
 131              		.cfi_endproc
 132              	.LFE3:
 133              		.size	MOSI_ReadDataReg, .-MOSI_ReadDataReg
 134              		.text
 135              	.Letext0:
 136              		.file 2 "Generated_Source\\PSoC5\\cytypes.h"
 137              		.section	.debug_info,"",%progbits
 138              	.Ldebug_info0:
 139 0000 1B010000 		.4byte	0x11b
 140 0004 0400     		.2byte	0x4
 141 0006 00000000 		.4byte	.Ldebug_abbrev0
ARM GAS  C:\Users\legoc\AppData\Local\Temp\cctJzBO4.s 			page 6


 142 000a 04       		.byte	0x4
 143 000b 01       		.uleb128 0x1
 144 000c 30000000 		.4byte	.LASF20
 145 0010 0C       		.byte	0xc
 146 0011 B2010000 		.4byte	.LASF21
 147 0015 EF000000 		.4byte	.LASF22
 148 0019 00000000 		.4byte	.Ldebug_ranges0+0
 149 001d 00000000 		.4byte	0
 150 0021 00000000 		.4byte	.Ldebug_line0
 151 0025 02       		.uleb128 0x2
 152 0026 01       		.byte	0x1
 153 0027 06       		.byte	0x6
 154 0028 0D020000 		.4byte	.LASF0
 155 002c 02       		.uleb128 0x2
 156 002d 01       		.byte	0x1
 157 002e 08       		.byte	0x8
 158 002f 22000000 		.4byte	.LASF1
 159 0033 02       		.uleb128 0x2
 160 0034 02       		.byte	0x2
 161 0035 05       		.byte	0x5
 162 0036 E3010000 		.4byte	.LASF2
 163 003a 02       		.uleb128 0x2
 164 003b 02       		.byte	0x2
 165 003c 07       		.byte	0x7
 166 003d D5000000 		.4byte	.LASF3
 167 0041 02       		.uleb128 0x2
 168 0042 04       		.byte	0x4
 169 0043 05       		.byte	0x5
 170 0044 F3010000 		.4byte	.LASF4
 171 0048 02       		.uleb128 0x2
 172 0049 04       		.byte	0x4
 173 004a 07       		.byte	0x7
 174 004b C3000000 		.4byte	.LASF5
 175 004f 02       		.uleb128 0x2
 176 0050 08       		.byte	0x8
 177 0051 05       		.byte	0x5
 178 0052 D0010000 		.4byte	.LASF6
 179 0056 02       		.uleb128 0x2
 180 0057 08       		.byte	0x8
 181 0058 07       		.byte	0x7
 182 0059 8C010000 		.4byte	.LASF7
 183 005d 03       		.uleb128 0x3
 184 005e 04       		.byte	0x4
 185 005f 05       		.byte	0x5
 186 0060 696E7400 		.ascii	"int\000"
 187 0064 02       		.uleb128 0x2
 188 0065 04       		.byte	0x4
 189 0066 07       		.byte	0x7
 190 0067 6D010000 		.4byte	.LASF8
 191 006b 04       		.uleb128 0x4
 192 006c ED010000 		.4byte	.LASF12
 193 0070 02       		.byte	0x2
 194 0071 E401     		.2byte	0x1e4
 195 0073 2C000000 		.4byte	0x2c
 196 0077 02       		.uleb128 0x2
 197 0078 04       		.byte	0x4
 198 0079 04       		.byte	0x4
ARM GAS  C:\Users\legoc\AppData\Local\Temp\cctJzBO4.s 			page 7


 199 007a 1C000000 		.4byte	.LASF9
 200 007e 02       		.uleb128 0x2
 201 007f 08       		.byte	0x8
 202 0080 04       		.byte	0x4
 203 0081 E8000000 		.4byte	.LASF10
 204 0085 02       		.uleb128 0x2
 205 0086 01       		.byte	0x1
 206 0087 08       		.byte	0x8
 207 0088 DE010000 		.4byte	.LASF11
 208 008c 04       		.uleb128 0x4
 209 008d BE000000 		.4byte	.LASF13
 210 0091 02       		.byte	0x2
 211 0092 8E02     		.2byte	0x28e
 212 0094 98000000 		.4byte	0x98
 213 0098 05       		.uleb128 0x5
 214 0099 6B000000 		.4byte	0x6b
 215 009d 06       		.uleb128 0x6
 216 009e 00000000 		.4byte	.LASF14
 217 00a2 01       		.byte	0x1
 218 00a3 39       		.byte	0x39
 219 00a4 00000000 		.4byte	.LFB0
 220 00a8 18000000 		.4byte	.LFE0-.LFB0
 221 00ac 01       		.uleb128 0x1
 222 00ad 9C       		.byte	0x9c
 223 00ae CF000000 		.4byte	0xcf
 224 00b2 07       		.uleb128 0x7
 225 00b3 0B000000 		.4byte	.LASF16
 226 00b7 01       		.byte	0x1
 227 00b8 39       		.byte	0x39
 228 00b9 6B000000 		.4byte	0x6b
 229 00bd 00000000 		.4byte	.LLST0
 230 00c1 08       		.uleb128 0x8
 231 00c2 11000000 		.4byte	.LASF23
 232 00c6 01       		.byte	0x1
 233 00c7 3B       		.byte	0x3b
 234 00c8 6B000000 		.4byte	0x6b
 235 00cc 01       		.uleb128 0x1
 236 00cd 53       		.byte	0x53
 237 00ce 00       		.byte	0
 238 00cf 06       		.uleb128 0x6
 239 00d0 7A010000 		.4byte	.LASF15
 240 00d4 01       		.byte	0x1
 241 00d5 5A       		.byte	0x5a
 242 00d6 00000000 		.4byte	.LFB1
 243 00da 18000000 		.4byte	.LFE1-.LFB1
 244 00de 01       		.uleb128 0x1
 245 00df 9C       		.byte	0x9c
 246 00e0 F4000000 		.4byte	0xf4
 247 00e4 07       		.uleb128 0x7
 248 00e5 A3010000 		.4byte	.LASF17
 249 00e9 01       		.byte	0x1
 250 00ea 5A       		.byte	0x5a
 251 00eb 6B000000 		.4byte	0x6b
 252 00ef 21000000 		.4byte	.LLST1
 253 00f3 00       		.byte	0
 254 00f4 09       		.uleb128 0x9
 255 00f5 A8010000 		.4byte	.LASF18
ARM GAS  C:\Users\legoc\AppData\Local\Temp\cctJzBO4.s 			page 8


 256 00f9 01       		.byte	0x1
 257 00fa 71       		.byte	0x71
 258 00fb 6B000000 		.4byte	0x6b
 259 00ff 00000000 		.4byte	.LFB2
 260 0103 10000000 		.4byte	.LFE2-.LFB2
 261 0107 01       		.uleb128 0x1
 262 0108 9C       		.byte	0x9c
 263 0109 09       		.uleb128 0x9
 264 010a FC010000 		.4byte	.LASF19
 265 010e 01       		.byte	0x1
 266 010f 8D       		.byte	0x8d
 267 0110 6B000000 		.4byte	0x6b
 268 0114 00000000 		.4byte	.LFB3
 269 0118 10000000 		.4byte	.LFE3-.LFB3
 270 011c 01       		.uleb128 0x1
 271 011d 9C       		.byte	0x9c
 272 011e 00       		.byte	0
 273              		.section	.debug_abbrev,"",%progbits
 274              	.Ldebug_abbrev0:
 275 0000 01       		.uleb128 0x1
 276 0001 11       		.uleb128 0x11
 277 0002 01       		.byte	0x1
 278 0003 25       		.uleb128 0x25
 279 0004 0E       		.uleb128 0xe
 280 0005 13       		.uleb128 0x13
 281 0006 0B       		.uleb128 0xb
 282 0007 03       		.uleb128 0x3
 283 0008 0E       		.uleb128 0xe
 284 0009 1B       		.uleb128 0x1b
 285 000a 0E       		.uleb128 0xe
 286 000b 55       		.uleb128 0x55
 287 000c 17       		.uleb128 0x17
 288 000d 11       		.uleb128 0x11
 289 000e 01       		.uleb128 0x1
 290 000f 10       		.uleb128 0x10
 291 0010 17       		.uleb128 0x17
 292 0011 00       		.byte	0
 293 0012 00       		.byte	0
 294 0013 02       		.uleb128 0x2
 295 0014 24       		.uleb128 0x24
 296 0015 00       		.byte	0
 297 0016 0B       		.uleb128 0xb
 298 0017 0B       		.uleb128 0xb
 299 0018 3E       		.uleb128 0x3e
 300 0019 0B       		.uleb128 0xb
 301 001a 03       		.uleb128 0x3
 302 001b 0E       		.uleb128 0xe
 303 001c 00       		.byte	0
 304 001d 00       		.byte	0
 305 001e 03       		.uleb128 0x3
 306 001f 24       		.uleb128 0x24
 307 0020 00       		.byte	0
 308 0021 0B       		.uleb128 0xb
 309 0022 0B       		.uleb128 0xb
 310 0023 3E       		.uleb128 0x3e
 311 0024 0B       		.uleb128 0xb
 312 0025 03       		.uleb128 0x3
ARM GAS  C:\Users\legoc\AppData\Local\Temp\cctJzBO4.s 			page 9


 313 0026 08       		.uleb128 0x8
 314 0027 00       		.byte	0
 315 0028 00       		.byte	0
 316 0029 04       		.uleb128 0x4
 317 002a 16       		.uleb128 0x16
 318 002b 00       		.byte	0
 319 002c 03       		.uleb128 0x3
 320 002d 0E       		.uleb128 0xe
 321 002e 3A       		.uleb128 0x3a
 322 002f 0B       		.uleb128 0xb
 323 0030 3B       		.uleb128 0x3b
 324 0031 05       		.uleb128 0x5
 325 0032 49       		.uleb128 0x49
 326 0033 13       		.uleb128 0x13
 327 0034 00       		.byte	0
 328 0035 00       		.byte	0
 329 0036 05       		.uleb128 0x5
 330 0037 35       		.uleb128 0x35
 331 0038 00       		.byte	0
 332 0039 49       		.uleb128 0x49
 333 003a 13       		.uleb128 0x13
 334 003b 00       		.byte	0
 335 003c 00       		.byte	0
 336 003d 06       		.uleb128 0x6
 337 003e 2E       		.uleb128 0x2e
 338 003f 01       		.byte	0x1
 339 0040 3F       		.uleb128 0x3f
 340 0041 19       		.uleb128 0x19
 341 0042 03       		.uleb128 0x3
 342 0043 0E       		.uleb128 0xe
 343 0044 3A       		.uleb128 0x3a
 344 0045 0B       		.uleb128 0xb
 345 0046 3B       		.uleb128 0x3b
 346 0047 0B       		.uleb128 0xb
 347 0048 27       		.uleb128 0x27
 348 0049 19       		.uleb128 0x19
 349 004a 11       		.uleb128 0x11
 350 004b 01       		.uleb128 0x1
 351 004c 12       		.uleb128 0x12
 352 004d 06       		.uleb128 0x6
 353 004e 40       		.uleb128 0x40
 354 004f 18       		.uleb128 0x18
 355 0050 9742     		.uleb128 0x2117
 356 0052 19       		.uleb128 0x19
 357 0053 01       		.uleb128 0x1
 358 0054 13       		.uleb128 0x13
 359 0055 00       		.byte	0
 360 0056 00       		.byte	0
 361 0057 07       		.uleb128 0x7
 362 0058 05       		.uleb128 0x5
 363 0059 00       		.byte	0
 364 005a 03       		.uleb128 0x3
 365 005b 0E       		.uleb128 0xe
 366 005c 3A       		.uleb128 0x3a
 367 005d 0B       		.uleb128 0xb
 368 005e 3B       		.uleb128 0x3b
 369 005f 0B       		.uleb128 0xb
ARM GAS  C:\Users\legoc\AppData\Local\Temp\cctJzBO4.s 			page 10


 370 0060 49       		.uleb128 0x49
 371 0061 13       		.uleb128 0x13
 372 0062 02       		.uleb128 0x2
 373 0063 17       		.uleb128 0x17
 374 0064 00       		.byte	0
 375 0065 00       		.byte	0
 376 0066 08       		.uleb128 0x8
 377 0067 34       		.uleb128 0x34
 378 0068 00       		.byte	0
 379 0069 03       		.uleb128 0x3
 380 006a 0E       		.uleb128 0xe
 381 006b 3A       		.uleb128 0x3a
 382 006c 0B       		.uleb128 0xb
 383 006d 3B       		.uleb128 0x3b
 384 006e 0B       		.uleb128 0xb
 385 006f 49       		.uleb128 0x49
 386 0070 13       		.uleb128 0x13
 387 0071 02       		.uleb128 0x2
 388 0072 18       		.uleb128 0x18
 389 0073 00       		.byte	0
 390 0074 00       		.byte	0
 391 0075 09       		.uleb128 0x9
 392 0076 2E       		.uleb128 0x2e
 393 0077 00       		.byte	0
 394 0078 3F       		.uleb128 0x3f
 395 0079 19       		.uleb128 0x19
 396 007a 03       		.uleb128 0x3
 397 007b 0E       		.uleb128 0xe
 398 007c 3A       		.uleb128 0x3a
 399 007d 0B       		.uleb128 0xb
 400 007e 3B       		.uleb128 0x3b
 401 007f 0B       		.uleb128 0xb
 402 0080 27       		.uleb128 0x27
 403 0081 19       		.uleb128 0x19
 404 0082 49       		.uleb128 0x49
 405 0083 13       		.uleb128 0x13
 406 0084 11       		.uleb128 0x11
 407 0085 01       		.uleb128 0x1
 408 0086 12       		.uleb128 0x12
 409 0087 06       		.uleb128 0x6
 410 0088 40       		.uleb128 0x40
 411 0089 18       		.uleb128 0x18
 412 008a 9742     		.uleb128 0x2117
 413 008c 19       		.uleb128 0x19
 414 008d 00       		.byte	0
 415 008e 00       		.byte	0
 416 008f 00       		.byte	0
 417              		.section	.debug_loc,"",%progbits
 418              	.Ldebug_loc0:
 419              	.LLST0:
 420 0000 00000000 		.4byte	.LVL0
 421 0004 0C000000 		.4byte	.LVL2
 422 0008 0100     		.2byte	0x1
 423 000a 50       		.byte	0x50
 424 000b 0C000000 		.4byte	.LVL2
 425 000f 18000000 		.4byte	.LFE0
 426 0013 0400     		.2byte	0x4
ARM GAS  C:\Users\legoc\AppData\Local\Temp\cctJzBO4.s 			page 11


 427 0015 F3       		.byte	0xf3
 428 0016 01       		.uleb128 0x1
 429 0017 50       		.byte	0x50
 430 0018 9F       		.byte	0x9f
 431 0019 00000000 		.4byte	0
 432 001d 00000000 		.4byte	0
 433              	.LLST1:
 434 0021 00000000 		.4byte	.LVL3
 435 0025 0C000000 		.4byte	.LVL4
 436 0029 0100     		.2byte	0x1
 437 002b 50       		.byte	0x50
 438 002c 0C000000 		.4byte	.LVL4
 439 0030 18000000 		.4byte	.LFE1
 440 0034 0400     		.2byte	0x4
 441 0036 F3       		.byte	0xf3
 442 0037 01       		.uleb128 0x1
 443 0038 50       		.byte	0x50
 444 0039 9F       		.byte	0x9f
 445 003a 00000000 		.4byte	0
 446 003e 00000000 		.4byte	0
 447              		.section	.debug_aranges,"",%progbits
 448 0000 34000000 		.4byte	0x34
 449 0004 0200     		.2byte	0x2
 450 0006 00000000 		.4byte	.Ldebug_info0
 451 000a 04       		.byte	0x4
 452 000b 00       		.byte	0
 453 000c 0000     		.2byte	0
 454 000e 0000     		.2byte	0
 455 0010 00000000 		.4byte	.LFB0
 456 0014 18000000 		.4byte	.LFE0-.LFB0
 457 0018 00000000 		.4byte	.LFB1
 458 001c 18000000 		.4byte	.LFE1-.LFB1
 459 0020 00000000 		.4byte	.LFB2
 460 0024 10000000 		.4byte	.LFE2-.LFB2
 461 0028 00000000 		.4byte	.LFB3
 462 002c 10000000 		.4byte	.LFE3-.LFB3
 463 0030 00000000 		.4byte	0
 464 0034 00000000 		.4byte	0
 465              		.section	.debug_ranges,"",%progbits
 466              	.Ldebug_ranges0:
 467 0000 00000000 		.4byte	.LFB0
 468 0004 18000000 		.4byte	.LFE0
 469 0008 00000000 		.4byte	.LFB1
 470 000c 18000000 		.4byte	.LFE1
 471 0010 00000000 		.4byte	.LFB2
 472 0014 10000000 		.4byte	.LFE2
 473 0018 00000000 		.4byte	.LFB3
 474 001c 10000000 		.4byte	.LFE3
 475 0020 00000000 		.4byte	0
 476 0024 00000000 		.4byte	0
 477              		.section	.debug_line,"",%progbits
 478              	.Ldebug_line0:
 479 0000 8D000000 		.section	.debug_str,"MS",%progbits,1
 479      02004100 
 479      00000201 
 479      FB0E0D00 
 479      01010101 
ARM GAS  C:\Users\legoc\AppData\Local\Temp\cctJzBO4.s 			page 12


 480              	.LASF14:
 481 0000 4D4F5349 		.ascii	"MOSI_Write\000"
 481      5F577269 
 481      746500
 482              	.LASF16:
 483 000b 76616C75 		.ascii	"value\000"
 483      6500
 484              	.LASF23:
 485 0011 73746174 		.ascii	"staticBits\000"
 485      69634269 
 485      747300
 486              	.LASF9:
 487 001c 666C6F61 		.ascii	"float\000"
 487      7400
 488              	.LASF1:
 489 0022 756E7369 		.ascii	"unsigned char\000"
 489      676E6564 
 489      20636861 
 489      7200
 490              	.LASF20:
 491 0030 474E5520 		.ascii	"GNU C11 5.4.1 20160609 (release) [ARM/embedded-5-br"
 491      43313120 
 491      352E342E 
 491      31203230 
 491      31363036 
 492 0063 616E6368 		.ascii	"anch revision 237715] -mcpu=cortex-m3 -mthumb -g -O"
 492      20726576 
 492      6973696F 
 492      6E203233 
 492      37373135 
 493 0096 67202D66 		.ascii	"g -ffunction-sections -ffat-lto-objects\000"
 493      66756E63 
 493      74696F6E 
 493      2D736563 
 493      74696F6E 
 494              	.LASF13:
 495 00be 72656738 		.ascii	"reg8\000"
 495      00
 496              	.LASF5:
 497 00c3 6C6F6E67 		.ascii	"long unsigned int\000"
 497      20756E73 
 497      69676E65 
 497      6420696E 
 497      7400
 498              	.LASF3:
 499 00d5 73686F72 		.ascii	"short unsigned int\000"
 499      7420756E 
 499      7369676E 
 499      65642069 
 499      6E7400
 500              	.LASF10:
 501 00e8 646F7562 		.ascii	"double\000"
 501      6C6500
 502              	.LASF22:
 503 00ef 433A5C55 		.ascii	"C:\\Users\\legoc\\Documents\\School\\Senior Year\\S"
 503      73657273 
 503      5C6C6567 
ARM GAS  C:\Users\legoc\AppData\Local\Temp\cctJzBO4.s 			page 13


 503      6F635C44 
 503      6F63756D 
 504 011c 656E696F 		.ascii	"enior Project\\Senior Project Integrated\\Senior Pr"
 504      72205072 
 504      6F6A6563 
 504      745C5365 
 504      6E696F72 
 505 014d 6F6A6563 		.ascii	"oject Integrated\\Design01.cydsn\000"
 505      7420496E 
 505      74656772 
 505      61746564 
 505      5C446573 
 506              	.LASF8:
 507 016d 756E7369 		.ascii	"unsigned int\000"
 507      676E6564 
 507      20696E74 
 507      00
 508              	.LASF15:
 509 017a 4D4F5349 		.ascii	"MOSI_SetDriveMode\000"
 509      5F536574 
 509      44726976 
 509      654D6F64 
 509      6500
 510              	.LASF7:
 511 018c 6C6F6E67 		.ascii	"long long unsigned int\000"
 511      206C6F6E 
 511      6720756E 
 511      7369676E 
 511      65642069 
 512              	.LASF17:
 513 01a3 6D6F6465 		.ascii	"mode\000"
 513      00
 514              	.LASF18:
 515 01a8 4D4F5349 		.ascii	"MOSI_Read\000"
 515      5F526561 
 515      6400
 516              	.LASF21:
 517 01b2 47656E65 		.ascii	"Generated_Source\\PSoC5\\MOSI.c\000"
 517      72617465 
 517      645F536F 
 517      75726365 
 517      5C50536F 
 518              	.LASF6:
 519 01d0 6C6F6E67 		.ascii	"long long int\000"
 519      206C6F6E 
 519      6720696E 
 519      7400
 520              	.LASF11:
 521 01de 63686172 		.ascii	"char\000"
 521      00
 522              	.LASF2:
 523 01e3 73686F72 		.ascii	"short int\000"
 523      7420696E 
 523      7400
 524              	.LASF12:
 525 01ed 75696E74 		.ascii	"uint8\000"
 525      3800
ARM GAS  C:\Users\legoc\AppData\Local\Temp\cctJzBO4.s 			page 14
=======
 125              		.loc 1 144 0
 126 0004 C0F34010 		ubfx	r0, r0, #5, #1
 127 0008 7047     		bx	lr
 128              	.L12:
 129 000a 00BF     		.align	2
 130              	.L11:
 131 000c 00510040 		.word	1073762560
 132              		.cfi_endproc
 133              	.LFE3:
 134              		.size	MOSI_ReadDataReg, .-MOSI_ReadDataReg
 135              		.text
 136              	.Letext0:
 137              		.file 2 "Generated_Source\\PSoC5\\cytypes.h"
 138              		.section	.debug_info,"",%progbits
 139              	.Ldebug_info0:
 140 0000 1B010000 		.4byte	0x11b
 141 0004 0400     		.2byte	0x4
ARM GAS  C:\Users\JACOB-~1\AppData\Local\Temp\ccl7zogz.s 			page 6


 142 0006 00000000 		.4byte	.Ldebug_abbrev0
 143 000a 04       		.byte	0x4
 144 000b 01       		.uleb128 0x1
 145 000c 30000000 		.4byte	.LASF20
 146 0010 0C       		.byte	0xc
 147 0011 AD010000 		.4byte	.LASF21
 148 0015 BE000000 		.4byte	.LASF22
 149 0019 00000000 		.4byte	.Ldebug_ranges0+0
 150 001d 00000000 		.4byte	0
 151 0021 00000000 		.4byte	.Ldebug_line0
 152 0025 02       		.uleb128 0x2
 153 0026 01       		.byte	0x1
 154 0027 06       		.byte	0x6
 155 0028 08020000 		.4byte	.LASF0
 156 002c 02       		.uleb128 0x2
 157 002d 01       		.byte	0x1
 158 002e 08       		.byte	0x8
 159 002f 22000000 		.4byte	.LASF1
 160 0033 02       		.uleb128 0x2
 161 0034 02       		.byte	0x2
 162 0035 05       		.byte	0x5
 163 0036 DE010000 		.4byte	.LASF2
 164 003a 02       		.uleb128 0x2
 165 003b 02       		.byte	0x2
 166 003c 07       		.byte	0x7
 167 003d 49010000 		.4byte	.LASF3
 168 0041 02       		.uleb128 0x2
 169 0042 04       		.byte	0x4
 170 0043 05       		.byte	0x5
 171 0044 EE010000 		.4byte	.LASF4
 172 0048 02       		.uleb128 0x2
 173 0049 04       		.byte	0x4
 174 004a 07       		.byte	0x7
 175 004b 37010000 		.4byte	.LASF5
 176 004f 02       		.uleb128 0x2
 177 0050 08       		.byte	0x8
 178 0051 05       		.byte	0x5
 179 0052 CB010000 		.4byte	.LASF6
 180 0056 02       		.uleb128 0x2
 181 0057 08       		.byte	0x8
 182 0058 07       		.byte	0x7
 183 0059 82010000 		.4byte	.LASF7
 184 005d 03       		.uleb128 0x3
 185 005e 04       		.byte	0x4
 186 005f 05       		.byte	0x5
 187 0060 696E7400 		.ascii	"int\000"
 188 0064 02       		.uleb128 0x2
 189 0065 04       		.byte	0x4
 190 0066 07       		.byte	0x7
 191 0067 63010000 		.4byte	.LASF8
 192 006b 04       		.uleb128 0x4
 193 006c E8010000 		.4byte	.LASF12
 194 0070 02       		.byte	0x2
 195 0071 E401     		.2byte	0x1e4
 196 0073 2C000000 		.4byte	0x2c
 197 0077 02       		.uleb128 0x2
 198 0078 04       		.byte	0x4
ARM GAS  C:\Users\JACOB-~1\AppData\Local\Temp\ccl7zogz.s 			page 7


 199 0079 04       		.byte	0x4
 200 007a 1C000000 		.4byte	.LASF9
 201 007e 02       		.uleb128 0x2
 202 007f 08       		.byte	0x8
 203 0080 04       		.byte	0x4
 204 0081 5C010000 		.4byte	.LASF10
 205 0085 02       		.uleb128 0x2
 206 0086 01       		.byte	0x1
 207 0087 08       		.byte	0x8
 208 0088 D9010000 		.4byte	.LASF11
 209 008c 04       		.uleb128 0x4
 210 008d 9E010000 		.4byte	.LASF13
 211 0091 02       		.byte	0x2
 212 0092 8E02     		.2byte	0x28e
 213 0094 98000000 		.4byte	0x98
 214 0098 05       		.uleb128 0x5
 215 0099 6B000000 		.4byte	0x6b
 216 009d 06       		.uleb128 0x6
 217 009e 00000000 		.4byte	.LASF14
 218 00a2 01       		.byte	0x1
 219 00a3 39       		.byte	0x39
 220 00a4 00000000 		.4byte	.LFB0
 221 00a8 18000000 		.4byte	.LFE0-.LFB0
 222 00ac 01       		.uleb128 0x1
 223 00ad 9C       		.byte	0x9c
 224 00ae CF000000 		.4byte	0xcf
 225 00b2 07       		.uleb128 0x7
 226 00b3 0B000000 		.4byte	.LASF16
 227 00b7 01       		.byte	0x1
 228 00b8 39       		.byte	0x39
 229 00b9 6B000000 		.4byte	0x6b
 230 00bd 00000000 		.4byte	.LLST0
 231 00c1 08       		.uleb128 0x8
 232 00c2 11000000 		.4byte	.LASF23
 233 00c6 01       		.byte	0x1
 234 00c7 3B       		.byte	0x3b
 235 00c8 6B000000 		.4byte	0x6b
 236 00cc 01       		.uleb128 0x1
 237 00cd 53       		.byte	0x53
 238 00ce 00       		.byte	0
 239 00cf 06       		.uleb128 0x6
 240 00d0 70010000 		.4byte	.LASF15
 241 00d4 01       		.byte	0x1
 242 00d5 5A       		.byte	0x5a
 243 00d6 00000000 		.4byte	.LFB1
 244 00da 18000000 		.4byte	.LFE1-.LFB1
 245 00de 01       		.uleb128 0x1
 246 00df 9C       		.byte	0x9c
 247 00e0 F4000000 		.4byte	0xf4
 248 00e4 07       		.uleb128 0x7
 249 00e5 99010000 		.4byte	.LASF17
 250 00e9 01       		.byte	0x1
 251 00ea 5A       		.byte	0x5a
 252 00eb 6B000000 		.4byte	0x6b
 253 00ef 21000000 		.4byte	.LLST1
 254 00f3 00       		.byte	0
 255 00f4 09       		.uleb128 0x9
ARM GAS  C:\Users\JACOB-~1\AppData\Local\Temp\ccl7zogz.s 			page 8


 256 00f5 A3010000 		.4byte	.LASF18
 257 00f9 01       		.byte	0x1
 258 00fa 71       		.byte	0x71
 259 00fb 6B000000 		.4byte	0x6b
 260 00ff 00000000 		.4byte	.LFB2
 261 0103 10000000 		.4byte	.LFE2-.LFB2
 262 0107 01       		.uleb128 0x1
 263 0108 9C       		.byte	0x9c
 264 0109 09       		.uleb128 0x9
 265 010a F7010000 		.4byte	.LASF19
 266 010e 01       		.byte	0x1
 267 010f 8D       		.byte	0x8d
 268 0110 6B000000 		.4byte	0x6b
 269 0114 00000000 		.4byte	.LFB3
 270 0118 10000000 		.4byte	.LFE3-.LFB3
 271 011c 01       		.uleb128 0x1
 272 011d 9C       		.byte	0x9c
 273 011e 00       		.byte	0
 274              		.section	.debug_abbrev,"",%progbits
 275              	.Ldebug_abbrev0:
 276 0000 01       		.uleb128 0x1
 277 0001 11       		.uleb128 0x11
 278 0002 01       		.byte	0x1
 279 0003 25       		.uleb128 0x25
 280 0004 0E       		.uleb128 0xe
 281 0005 13       		.uleb128 0x13
 282 0006 0B       		.uleb128 0xb
 283 0007 03       		.uleb128 0x3
 284 0008 0E       		.uleb128 0xe
 285 0009 1B       		.uleb128 0x1b
 286 000a 0E       		.uleb128 0xe
 287 000b 55       		.uleb128 0x55
 288 000c 17       		.uleb128 0x17
 289 000d 11       		.uleb128 0x11
 290 000e 01       		.uleb128 0x1
 291 000f 10       		.uleb128 0x10
 292 0010 17       		.uleb128 0x17
 293 0011 00       		.byte	0
 294 0012 00       		.byte	0
 295 0013 02       		.uleb128 0x2
 296 0014 24       		.uleb128 0x24
 297 0015 00       		.byte	0
 298 0016 0B       		.uleb128 0xb
 299 0017 0B       		.uleb128 0xb
 300 0018 3E       		.uleb128 0x3e
 301 0019 0B       		.uleb128 0xb
 302 001a 03       		.uleb128 0x3
 303 001b 0E       		.uleb128 0xe
 304 001c 00       		.byte	0
 305 001d 00       		.byte	0
 306 001e 03       		.uleb128 0x3
 307 001f 24       		.uleb128 0x24
 308 0020 00       		.byte	0
 309 0021 0B       		.uleb128 0xb
 310 0022 0B       		.uleb128 0xb
 311 0023 3E       		.uleb128 0x3e
 312 0024 0B       		.uleb128 0xb
ARM GAS  C:\Users\JACOB-~1\AppData\Local\Temp\ccl7zogz.s 			page 9


 313 0025 03       		.uleb128 0x3
 314 0026 08       		.uleb128 0x8
 315 0027 00       		.byte	0
 316 0028 00       		.byte	0
 317 0029 04       		.uleb128 0x4
 318 002a 16       		.uleb128 0x16
 319 002b 00       		.byte	0
 320 002c 03       		.uleb128 0x3
 321 002d 0E       		.uleb128 0xe
 322 002e 3A       		.uleb128 0x3a
 323 002f 0B       		.uleb128 0xb
 324 0030 3B       		.uleb128 0x3b
 325 0031 05       		.uleb128 0x5
 326 0032 49       		.uleb128 0x49
 327 0033 13       		.uleb128 0x13
 328 0034 00       		.byte	0
 329 0035 00       		.byte	0
 330 0036 05       		.uleb128 0x5
 331 0037 35       		.uleb128 0x35
 332 0038 00       		.byte	0
 333 0039 49       		.uleb128 0x49
 334 003a 13       		.uleb128 0x13
 335 003b 00       		.byte	0
 336 003c 00       		.byte	0
 337 003d 06       		.uleb128 0x6
 338 003e 2E       		.uleb128 0x2e
 339 003f 01       		.byte	0x1
 340 0040 3F       		.uleb128 0x3f
 341 0041 19       		.uleb128 0x19
 342 0042 03       		.uleb128 0x3
 343 0043 0E       		.uleb128 0xe
 344 0044 3A       		.uleb128 0x3a
 345 0045 0B       		.uleb128 0xb
 346 0046 3B       		.uleb128 0x3b
 347 0047 0B       		.uleb128 0xb
 348 0048 27       		.uleb128 0x27
 349 0049 19       		.uleb128 0x19
 350 004a 11       		.uleb128 0x11
 351 004b 01       		.uleb128 0x1
 352 004c 12       		.uleb128 0x12
 353 004d 06       		.uleb128 0x6
 354 004e 40       		.uleb128 0x40
 355 004f 18       		.uleb128 0x18
 356 0050 9742     		.uleb128 0x2117
 357 0052 19       		.uleb128 0x19
 358 0053 01       		.uleb128 0x1
 359 0054 13       		.uleb128 0x13
 360 0055 00       		.byte	0
 361 0056 00       		.byte	0
 362 0057 07       		.uleb128 0x7
 363 0058 05       		.uleb128 0x5
 364 0059 00       		.byte	0
 365 005a 03       		.uleb128 0x3
 366 005b 0E       		.uleb128 0xe
 367 005c 3A       		.uleb128 0x3a
 368 005d 0B       		.uleb128 0xb
 369 005e 3B       		.uleb128 0x3b
ARM GAS  C:\Users\JACOB-~1\AppData\Local\Temp\ccl7zogz.s 			page 10


 370 005f 0B       		.uleb128 0xb
 371 0060 49       		.uleb128 0x49
 372 0061 13       		.uleb128 0x13
 373 0062 02       		.uleb128 0x2
 374 0063 17       		.uleb128 0x17
 375 0064 00       		.byte	0
 376 0065 00       		.byte	0
 377 0066 08       		.uleb128 0x8
 378 0067 34       		.uleb128 0x34
 379 0068 00       		.byte	0
 380 0069 03       		.uleb128 0x3
 381 006a 0E       		.uleb128 0xe
 382 006b 3A       		.uleb128 0x3a
 383 006c 0B       		.uleb128 0xb
 384 006d 3B       		.uleb128 0x3b
 385 006e 0B       		.uleb128 0xb
 386 006f 49       		.uleb128 0x49
 387 0070 13       		.uleb128 0x13
 388 0071 02       		.uleb128 0x2
 389 0072 18       		.uleb128 0x18
 390 0073 00       		.byte	0
 391 0074 00       		.byte	0
 392 0075 09       		.uleb128 0x9
 393 0076 2E       		.uleb128 0x2e
 394 0077 00       		.byte	0
 395 0078 3F       		.uleb128 0x3f
 396 0079 19       		.uleb128 0x19
 397 007a 03       		.uleb128 0x3
 398 007b 0E       		.uleb128 0xe
 399 007c 3A       		.uleb128 0x3a
 400 007d 0B       		.uleb128 0xb
 401 007e 3B       		.uleb128 0x3b
 402 007f 0B       		.uleb128 0xb
 403 0080 27       		.uleb128 0x27
 404 0081 19       		.uleb128 0x19
 405 0082 49       		.uleb128 0x49
 406 0083 13       		.uleb128 0x13
 407 0084 11       		.uleb128 0x11
 408 0085 01       		.uleb128 0x1
 409 0086 12       		.uleb128 0x12
 410 0087 06       		.uleb128 0x6
 411 0088 40       		.uleb128 0x40
 412 0089 18       		.uleb128 0x18
 413 008a 9742     		.uleb128 0x2117
 414 008c 19       		.uleb128 0x19
 415 008d 00       		.byte	0
 416 008e 00       		.byte	0
 417 008f 00       		.byte	0
 418              		.section	.debug_loc,"",%progbits
 419              	.Ldebug_loc0:
 420              	.LLST0:
 421 0000 00000000 		.4byte	.LVL0
 422 0004 0A000000 		.4byte	.LVL2
 423 0008 0100     		.2byte	0x1
 424 000a 50       		.byte	0x50
 425 000b 0A000000 		.4byte	.LVL2
 426 000f 18000000 		.4byte	.LFE0
ARM GAS  C:\Users\JACOB-~1\AppData\Local\Temp\ccl7zogz.s 			page 11


 427 0013 0400     		.2byte	0x4
 428 0015 F3       		.byte	0xf3
 429 0016 01       		.uleb128 0x1
 430 0017 50       		.byte	0x50
 431 0018 9F       		.byte	0x9f
 432 0019 00000000 		.4byte	0
 433 001d 00000000 		.4byte	0
 434              	.LLST1:
 435 0021 00000000 		.4byte	.LVL3
 436 0025 0C000000 		.4byte	.LVL4
 437 0029 0100     		.2byte	0x1
 438 002b 50       		.byte	0x50
 439 002c 0C000000 		.4byte	.LVL4
 440 0030 18000000 		.4byte	.LFE1
 441 0034 0400     		.2byte	0x4
 442 0036 F3       		.byte	0xf3
 443 0037 01       		.uleb128 0x1
 444 0038 50       		.byte	0x50
 445 0039 9F       		.byte	0x9f
 446 003a 00000000 		.4byte	0
 447 003e 00000000 		.4byte	0
 448              		.section	.debug_aranges,"",%progbits
 449 0000 34000000 		.4byte	0x34
 450 0004 0200     		.2byte	0x2
 451 0006 00000000 		.4byte	.Ldebug_info0
 452 000a 04       		.byte	0x4
 453 000b 00       		.byte	0
 454 000c 0000     		.2byte	0
 455 000e 0000     		.2byte	0
 456 0010 00000000 		.4byte	.LFB0
 457 0014 18000000 		.4byte	.LFE0-.LFB0
 458 0018 00000000 		.4byte	.LFB1
 459 001c 18000000 		.4byte	.LFE1-.LFB1
 460 0020 00000000 		.4byte	.LFB2
 461 0024 10000000 		.4byte	.LFE2-.LFB2
 462 0028 00000000 		.4byte	.LFB3
 463 002c 10000000 		.4byte	.LFE3-.LFB3
 464 0030 00000000 		.4byte	0
 465 0034 00000000 		.4byte	0
 466              		.section	.debug_ranges,"",%progbits
 467              	.Ldebug_ranges0:
 468 0000 00000000 		.4byte	.LFB0
 469 0004 18000000 		.4byte	.LFE0
 470 0008 00000000 		.4byte	.LFB1
 471 000c 18000000 		.4byte	.LFE1
 472 0010 00000000 		.4byte	.LFB2
 473 0014 10000000 		.4byte	.LFE2
 474 0018 00000000 		.4byte	.LFB3
 475 001c 10000000 		.4byte	.LFE3
 476 0020 00000000 		.4byte	0
 477 0024 00000000 		.4byte	0
 478              		.section	.debug_line,"",%progbits
 479              	.Ldebug_line0:
 480 0000 8D000000 		.section	.debug_str,"MS",%progbits,1
 480      02004100 
 480      00000201 
 480      FB0E0D00 
ARM GAS  C:\Users\JACOB-~1\AppData\Local\Temp\ccl7zogz.s 			page 12


 480      01010101 
 481              	.LASF14:
 482 0000 4D4F5349 		.ascii	"MOSI_Write\000"
 482      5F577269 
 482      746500
 483              	.LASF16:
 484 000b 76616C75 		.ascii	"value\000"
 484      6500
 485              	.LASF23:
 486 0011 73746174 		.ascii	"staticBits\000"
 486      69634269 
 486      747300
 487              	.LASF9:
 488 001c 666C6F61 		.ascii	"float\000"
 488      7400
 489              	.LASF1:
 490 0022 756E7369 		.ascii	"unsigned char\000"
 490      676E6564 
 490      20636861 
 490      7200
 491              	.LASF20:
 492 0030 474E5520 		.ascii	"GNU C11 5.4.1 20160609 (release) [ARM/embedded-5-br"
 492      43313120 
 492      352E342E 
 492      31203230 
 492      31363036 
 493 0063 616E6368 		.ascii	"anch revision 237715] -mcpu=cortex-m3 -mthumb -g -O"
 493      20726576 
 493      6973696F 
 493      6E203233 
 493      37373135 
 494 0096 67202D66 		.ascii	"g -ffunction-sections -ffat-lto-objects\000"
 494      66756E63 
 494      74696F6E 
 494      2D736563 
 494      74696F6E 
 495              	.LASF22:
 496 00be 433A5C55 		.ascii	"C:\\Users\\Jacob-Laptop\\Documents\\PSoC Creator\\S"
 496      73657273 
 496      5C4A6163 
 496      6F622D4C 
 496      6170746F 
 497 00ec 656E696F 		.ascii	"enior Project Stuff Backup - Copy\\Senior Project I"
 497      72205072 
 497      6F6A6563 
 497      74205374 
 497      75666620 
 498 011e 6E746567 		.ascii	"ntegrated\\Design01.cydsn\000"
 498      72617465 
 498      645C4465 
 498      7369676E 
 498      30312E63 
 499              	.LASF5:
 500 0137 6C6F6E67 		.ascii	"long unsigned int\000"
 500      20756E73 
 500      69676E65 
 500      6420696E 
ARM GAS  C:\Users\JACOB-~1\AppData\Local\Temp\ccl7zogz.s 			page 13


 500      7400
 501              	.LASF3:
 502 0149 73686F72 		.ascii	"short unsigned int\000"
 502      7420756E 
 502      7369676E 
 502      65642069 
 502      6E7400
 503              	.LASF10:
 504 015c 646F7562 		.ascii	"double\000"
 504      6C6500
 505              	.LASF8:
 506 0163 756E7369 		.ascii	"unsigned int\000"
 506      676E6564 
 506      20696E74 
 506      00
 507              	.LASF15:
 508 0170 4D4F5349 		.ascii	"MOSI_SetDriveMode\000"
 508      5F536574 
 508      44726976 
 508      654D6F64 
 508      6500
 509              	.LASF7:
 510 0182 6C6F6E67 		.ascii	"long long unsigned int\000"
 510      206C6F6E 
 510      6720756E 
 510      7369676E 
 510      65642069 
 511              	.LASF17:
 512 0199 6D6F6465 		.ascii	"mode\000"
 512      00
 513              	.LASF13:
 514 019e 72656738 		.ascii	"reg8\000"
 514      00
 515              	.LASF18:
 516 01a3 4D4F5349 		.ascii	"MOSI_Read\000"
 516      5F526561 
 516      6400
 517              	.LASF21:
 518 01ad 47656E65 		.ascii	"Generated_Source\\PSoC5\\MOSI.c\000"
 518      72617465 
 518      645F536F 
 518      75726365 
 518      5C50536F 
 519              	.LASF6:
 520 01cb 6C6F6E67 		.ascii	"long long int\000"
 520      206C6F6E 
 520      6720696E 
 520      7400
 521              	.LASF11:
 522 01d9 63686172 		.ascii	"char\000"
 522      00
 523              	.LASF2:
 524 01de 73686F72 		.ascii	"short int\000"
 524      7420696E 
 524      7400
 525              	.LASF12:
 526 01e8 75696E74 		.ascii	"uint8\000"
ARM GAS  C:\Users\JACOB-~1\AppData\Local\Temp\ccl7zogz.s 			page 14
>>>>>>> 2d7ecf86914b76bbbaff7e814c9baff7add3da2a


 526              	.LASF4:
 527 01f3 6C6F6E67 		.ascii	"long int\000"
 527      20696E74 
 527      00
 528              	.LASF19:
 529 01fc 4D4F5349 		.ascii	"MOSI_ReadDataReg\000"
 529      5F526561 
 529      64446174 
 529      61526567 
 529      00
 530              	.LASF0:
 531 020d 7369676E 		.ascii	"signed char\000"
 531      65642063 
 531      68617200 
 532              		.ident	"GCC: (GNU Tools for ARM Embedded Processors) 5.4.1 20160609 (release) [ARM/embedded-5-bran
