ARM GAS  C:\Users\legoc\AppData\Local\Temp\cc9pXrvo.s 			page 1


   1              		.syntax unified
   2              		.cpu cortex-m3
   3              		.fpu softvfp
   4              		.eabi_attribute 20, 1
   5              		.eabi_attribute 21, 1
   6              		.eabi_attribute 23, 3
   7              		.eabi_attribute 24, 1
   8              		.eabi_attribute 25, 1
   9              		.eabi_attribute 26, 1
  10              		.eabi_attribute 30, 1
  11              		.eabi_attribute 34, 1
  12              		.eabi_attribute 18, 4
  13              		.thumb
  14              		.syntax unified
  15              		.file	"sd.c"
  16              		.text
  17              	.Ltext0:
  18              		.cfi_sections	.debug_frame
  19              		.section	.text.spi_device_select,"ax",%progbits
  20              		.align	2
  21              		.global	spi_device_select
  22              		.thumb
  23              		.thumb_func
  24              		.type	spi_device_select, %function
  25              	spi_device_select:
  26              	.LFB1:
  27              		.file 1 "sd.c"
   1:sd.c          **** //Jacob Thomas
   2:sd.c          **** //Senior Project TCNJ 2019
   3:sd.c          **** 
   4:sd.c          **** #include <FS.h>
   5:sd.c          **** #include <Global.h>
   6:sd.c          **** #include "string.h"
   7:sd.c          **** #include "stdio.h"
   8:sd.c          **** #include "sd.h"
   9:sd.c          **** #include "uifunctions.h"
  10:sd.c          **** #include "project.h"
  11:sd.c          **** 
  12:sd.c          **** void spi_device_select(int selection)
  13:sd.c          **** {
  28              		.loc 1 13 0
  29              		.cfi_startproc
  30              		@ args = 0, pretend = 0, frame = 0
  31              		@ frame_needed = 0, uses_anonymous_args = 0
  32              	.LVL0:
  33 0000 08B5     		push	{r3, lr}
  34              		.cfi_def_cfa_offset 8
  35              		.cfi_offset 3, -8
  36              		.cfi_offset 14, -4
  14:sd.c          ****     
  15:sd.c          ****     if(selection == SCREEN_SELECT)
  37              		.loc 1 15 0
  38 0002 0128     		cmp	r0, #1
  39 0004 0FD1     		bne	.L2
  16:sd.c          ****     {
  17:sd.c          ****         emFile_1_mosi0_SetDriveMode(emFile_1_mosi0_DM_DIG_HIZ);
  40              		.loc 1 17 0
ARM GAS  C:\Users\legoc\AppData\Local\Temp\cc9pXrvo.s 			page 2


  41 0006 0220     		movs	r0, #2
  42              	.LVL1:
  43 0008 FFF7FEFF 		bl	emFile_1_mosi0_SetDriveMode
  44              	.LVL2:
  18:sd.c          ****         //emFile_1_miso0_SetDriveMode(emFile_1_miso0_DM_DIG_HIZ);
  19:sd.c          ****         emFile_1_sclk0_SetDriveMode(emFile_1_sclk0_DM_DIG_HIZ);
  45              		.loc 1 19 0
  46 000c 0220     		movs	r0, #2
  47 000e FFF7FEFF 		bl	emFile_1_sclk0_SetDriveMode
  48              	.LVL3:
  20:sd.c          ****         
  21:sd.c          ****         
  22:sd.c          ****         MOSI_SetDriveMode(MOSI_DM_STRONG);
  49              		.loc 1 22 0
  50 0012 0C20     		movs	r0, #12
  51 0014 FFF7FEFF 		bl	MOSI_SetDriveMode
  52              	.LVL4:
  23:sd.c          ****         MISO_SetDriveMode(MISO_DM_STRONG);
  53              		.loc 1 23 0
  54 0018 0C20     		movs	r0, #12
  55 001a FFF7FEFF 		bl	MISO_SetDriveMode
  56              	.LVL5:
  24:sd.c          ****         CLK_SetDriveMode(CLK_DM_STRONG);
  57              		.loc 1 24 0
  58 001e 0C20     		movs	r0, #12
  59 0020 FFF7FEFF 		bl	CLK_SetDriveMode
  60              	.LVL6:
  61 0024 08BD     		pop	{r3, pc}
  62              	.LVL7:
  63              	.L2:
  25:sd.c          ****         
  26:sd.c          ****     } else if (selection == SD_SELECT)
  64              		.loc 1 26 0
  65 0026 0228     		cmp	r0, #2
  66 0028 0ED1     		bne	.L1
  27:sd.c          ****     {
  28:sd.c          ****         emFile_1_mosi0_SetDriveMode(emFile_1_mosi0_DM_STRONG);
  67              		.loc 1 28 0
  68 002a 0C20     		movs	r0, #12
  69              	.LVL8:
  70 002c FFF7FEFF 		bl	emFile_1_mosi0_SetDriveMode
  71              	.LVL9:
  29:sd.c          ****         //emFile_1_miso0_SetDriveMode(emFile_1_miso0_DM_DIG_HIZ);
  30:sd.c          ****         emFile_1_sclk0_SetDriveMode(emFile_1_sclk0_DM_STRONG);
  72              		.loc 1 30 0
  73 0030 0C20     		movs	r0, #12
  74 0032 FFF7FEFF 		bl	emFile_1_sclk0_SetDriveMode
  75              	.LVL10:
  31:sd.c          ****         
  32:sd.c          ****         MOSI_SetDriveMode(MOSI_DM_DIG_HIZ);
  76              		.loc 1 32 0
  77 0036 0220     		movs	r0, #2
  78 0038 FFF7FEFF 		bl	MOSI_SetDriveMode
  79              	.LVL11:
  33:sd.c          ****         MISO_SetDriveMode(MISO_DM_DIG_HIZ);
  80              		.loc 1 33 0
  81 003c 0220     		movs	r0, #2
ARM GAS  C:\Users\legoc\AppData\Local\Temp\cc9pXrvo.s 			page 3


  82 003e FFF7FEFF 		bl	MISO_SetDriveMode
  83              	.LVL12:
  34:sd.c          ****         CLK_SetDriveMode(CLK_DM_DIG_HIZ);
  84              		.loc 1 34 0
  85 0042 0220     		movs	r0, #2
  86 0044 FFF7FEFF 		bl	CLK_SetDriveMode
  87              	.LVL13:
  88              	.L1:
  89 0048 08BD     		pop	{r3, pc}
  90              		.cfi_endproc
  91              	.LFE1:
  92              		.size	spi_device_select, .-spi_device_select
  93 004a 00BF     		.section	.text.create_file_with_text,"ax",%progbits
  94              		.align	2
  95              		.global	create_file_with_text
  96              		.thumb
  97              		.thumb_func
  98              		.type	create_file_with_text, %function
  99              	create_file_with_text:
 100              	.LFB2:
  35:sd.c          ****     }
  36:sd.c          **** }
  37:sd.c          ****     
  38:sd.c          **** 
  39:sd.c          **** //This is the backend for implementing CSV support for Curve Tracer
  40:sd.c          **** 
  41:sd.c          **** //To be Implemented
  42:sd.c          **** 
  43:sd.c          **** //unsigned int move_file_with_same_name(char file_name[], unsigned int i)
  44:sd.c          **** //{
  45:sd.c          **** //    char file_name_ext[5];
  46:sd.c          **** //    char file_name_title[strlen(file_name)+1];
  47:sd.c          **** //    char new_file_name[strlen(file_name)+2];
  48:sd.c          **** //    
  49:sd.c          **** //    strcpy(file_name_ext,&file_name[strlen(file_name)-4]);
  50:sd.c          **** //    strncpy(file_name_title
  51:sd.c          **** //    //determine if file exists
  52:sd.c          **** //    strcat(new_file_name
  53:sd.c          **** //    FS_Rename(file_name,
  54:sd.c          **** //}
  55:sd.c          **** 
  56:sd.c          **** //used to create or overwrite a file
  57:sd.c          **** void create_file_with_text(char * file_name, char * text)
  58:sd.c          **** {
 101              		.loc 1 58 0
 102              		.cfi_startproc
 103              		@ args = 0, pretend = 0, frame = 0
 104              		@ frame_needed = 0, uses_anonymous_args = 0
 105              	.LVL14:
 106 0000 38B5     		push	{r3, r4, r5, lr}
 107              		.cfi_def_cfa_offset 16
 108              		.cfi_offset 3, -16
 109              		.cfi_offset 4, -12
 110              		.cfi_offset 5, -8
 111              		.cfi_offset 14, -4
 112 0002 0D46     		mov	r5, r1
  59:sd.c          ****     //char * file_name name + extension of file to be overwritten
ARM GAS  C:\Users\legoc\AppData\Local\Temp\cc9pXrvo.s 			page 4


  60:sd.c          ****     //char * text text to be written to file
  61:sd.c          ****     FS_FILE * pFile;
  62:sd.c          ****     
  63:sd.c          ****     pFile = FS_FOpen(file_name, "w+");
 113              		.loc 1 63 0
 114 0004 0749     		ldr	r1, .L7
 115              	.LVL15:
 116 0006 FFF7FEFF 		bl	FS_FOpen
 117              	.LVL16:
 118 000a 0446     		mov	r4, r0
 119              	.LVL17:
  64:sd.c          ****     FS_Write(pFile,text,strlen(text));
 120              		.loc 1 64 0
 121 000c 2846     		mov	r0, r5
 122              	.LVL18:
 123 000e FFF7FEFF 		bl	strlen
 124              	.LVL19:
 125 0012 0246     		mov	r2, r0
 126 0014 2946     		mov	r1, r5
 127 0016 2046     		mov	r0, r4
 128 0018 FFF7FEFF 		bl	FS_Write
 129              	.LVL20:
  65:sd.c          ****     FS_FClose(pFile);
 130              		.loc 1 65 0
 131 001c 2046     		mov	r0, r4
 132 001e FFF7FEFF 		bl	FS_FClose
 133              	.LVL21:
 134 0022 38BD     		pop	{r3, r4, r5, pc}
 135              	.LVL22:
 136              	.L8:
 137              		.align	2
 138              	.L7:
 139 0024 00000000 		.word	.LC0
 140              		.cfi_endproc
 141              	.LFE2:
 142              		.size	create_file_with_text, .-create_file_with_text
 143              		.section	.text.append_file,"ax",%progbits
 144              		.align	2
 145              		.global	append_file
 146              		.thumb
 147              		.thumb_func
 148              		.type	append_file, %function
 149              	append_file:
 150              	.LFB3:
  66:sd.c          **** }
  67:sd.c          **** 
  68:sd.c          **** //used to append a file
  69:sd.c          **** void append_file(char * file_name, char * text)
  70:sd.c          **** {
 151              		.loc 1 70 0
 152              		.cfi_startproc
 153              		@ args = 0, pretend = 0, frame = 0
 154              		@ frame_needed = 0, uses_anonymous_args = 0
 155              	.LVL23:
 156 0000 38B5     		push	{r3, r4, r5, lr}
 157              		.cfi_def_cfa_offset 16
 158              		.cfi_offset 3, -16
ARM GAS  C:\Users\legoc\AppData\Local\Temp\cc9pXrvo.s 			page 5


 159              		.cfi_offset 4, -12
 160              		.cfi_offset 5, -8
 161              		.cfi_offset 14, -4
 162 0002 0D46     		mov	r5, r1
  71:sd.c          ****     //char * file_name name + extension of file to be appended 
  72:sd.c          ****     //char * text text to be written to file
  73:sd.c          ****     FS_FILE * pFile;
  74:sd.c          ****     pFile = FS_FOpen(file_name, "a");
 163              		.loc 1 74 0
 164 0004 0749     		ldr	r1, .L11
 165              	.LVL24:
 166 0006 FFF7FEFF 		bl	FS_FOpen
 167              	.LVL25:
 168 000a 0446     		mov	r4, r0
 169              	.LVL26:
  75:sd.c          ****     FS_Write(pFile,text,strlen(text));
 170              		.loc 1 75 0
 171 000c 2846     		mov	r0, r5
 172              	.LVL27:
 173 000e FFF7FEFF 		bl	strlen
 174              	.LVL28:
 175 0012 0246     		mov	r2, r0
 176 0014 2946     		mov	r1, r5
 177 0016 2046     		mov	r0, r4
 178 0018 FFF7FEFF 		bl	FS_Write
 179              	.LVL29:
  76:sd.c          ****     FS_FClose(pFile);
 180              		.loc 1 76 0
 181 001c 2046     		mov	r0, r4
 182 001e FFF7FEFF 		bl	FS_FClose
 183              	.LVL30:
 184 0022 38BD     		pop	{r3, r4, r5, pc}
 185              	.LVL31:
 186              	.L12:
 187              		.align	2
 188              	.L11:
 189 0024 04000000 		.word	.LC1
 190              		.cfi_endproc
 191              	.LFE3:
 192              		.size	append_file, .-append_file
 193              		.section	.text.write_header_info,"ax",%progbits
 194              		.align	2
 195              		.global	write_header_info
 196              		.thumb
 197              		.thumb_func
 198              		.type	write_header_info, %function
 199              	write_header_info:
 200              	.LFB4:
  77:sd.c          **** }
  78:sd.c          **** //This function is exclusive to the Curve Tracer
  79:sd.c          **** //This will write the unit note for currents
  80:sd.c          **** //it will also label Vgs/Ib, Ic/Id, and Vds/Vce 
  81:sd.c          **** void write_header_info(char * file_name, unsigned char device_selection, unsigned char curve_num, d
  82:sd.c          **** {
 201              		.loc 1 82 0
 202              		.cfi_startproc
 203              		@ args = 0, pretend = 0, frame = 128
ARM GAS  C:\Users\legoc\AppData\Local\Temp\cc9pXrvo.s 			page 6


 204              		@ frame_needed = 0, uses_anonymous_args = 0
 205              	.LVL32:
 206 0000 2DE9F043 		push	{r4, r5, r6, r7, r8, r9, lr}
 207              		.cfi_def_cfa_offset 28
 208              		.cfi_offset 4, -28
 209              		.cfi_offset 5, -24
 210              		.cfi_offset 6, -20
 211              		.cfi_offset 7, -16
 212              		.cfi_offset 8, -12
 213              		.cfi_offset 9, -8
 214              		.cfi_offset 14, -4
 215 0004 A1B0     		sub	sp, sp, #132
 216              		.cfi_def_cfa_offset 160
 217 0006 0646     		mov	r6, r0
 218 0008 0F46     		mov	r7, r1
 219 000a 9146     		mov	r9, r2
 220 000c 9846     		mov	r8, r3
  83:sd.c          ****     spi_device_select(SD_SELECT);
 221              		.loc 1 83 0
 222 000e 0220     		movs	r0, #2
 223              	.LVL33:
 224 0010 FFF7FEFF 		bl	spi_device_select
 225              	.LVL34:
  84:sd.c          ****     //file_name is the char array of the file with extension to be overwritten
  85:sd.c          ****     //device_selection is the type of test (NMOS, NPN,PMOS,PNP) being run effects label
  86:sd.c          ****     //curve num is the current VGS iteration
  87:sd.c          ****     //Vgs_double is the Vgs/Ib (in reality) in double format 
  88:sd.c          ****     char y_label[2][3];
  89:sd.c          ****     strcpy(y_label[0], "Id"); //N Type Test
 226              		.loc 1 89 0
 227 0014 404B     		ldr	r3, .L16
 228 0016 1B68     		ldr	r3, [r3]
 229 0018 ADF87830 		strh	r3, [sp, #120]	@ movhi
 230 001c 1B0C     		lsrs	r3, r3, #16
 231 001e 8DF87A30 		strb	r3, [sp, #122]
  90:sd.c          ****     strcpy(y_label[1], "Ic"); //P Type Test 
 232              		.loc 1 90 0
 233 0022 3E4B     		ldr	r3, .L16+4
 234 0024 1A88     		ldrh	r2, [r3]	@ unaligned
 235 0026 9B78     		ldrb	r3, [r3, #2]	@ zero_extendqisi2
 236 0028 ADF87B20 		strh	r2, [sp, #123]	@ unaligned
 237 002c 8DF87D30 		strb	r3, [sp, #125]
  91:sd.c          ****     char x_label[2][4];
  92:sd.c          ****     strcpy(x_label[0],"Vds"); //N Type Test
 238              		.loc 1 92 0
 239 0030 3B4B     		ldr	r3, .L16+8
 240 0032 1C93     		str	r3, [sp, #112]
  93:sd.c          ****     strcpy(x_label[1],"Vce"); //P Type Test
 241              		.loc 1 93 0
 242 0034 03F1FF23 		add	r3, r3, #-16711936
 243 0038 03F57103 		add	r3, r3, #15794176
 244 003c 1D93     		str	r3, [sp, #116]
  94:sd.c          ****     char legend_label[2][4];
  95:sd.c          ****     strcpy(legend_label[0], "Vgs"); //N Type Test
 245              		.loc 1 95 0
 246 003e 03F56023 		add	r3, r3, #917504
 247 0042 03F58063 		add	r3, r3, #1024
ARM GAS  C:\Users\legoc\AppData\Local\Temp\cc9pXrvo.s 			page 7


 248 0046 1A93     		str	r3, [sp, #104]
  96:sd.c          ****     strcpy(legend_label[1], "Ib");  //P Type Test
 249              		.loc 1 96 0
 250 0048 364B     		ldr	r3, .L16+12
 251 004a 1B68     		ldr	r3, [r3]
 252 004c ADF86C30 		strh	r3, [sp, #108]	@ movhi
 253 0050 1B0C     		lsrs	r3, r3, #16
 254 0052 8DF86E30 		strb	r3, [sp, #110]
  97:sd.c          ****     char temp_str[5];
  98:sd.c          ****     char beginning_message[] = "*Note all currents are in mA, all other units are SI*\n";
 255              		.loc 1 98 0
 256 0056 0AAC     		add	r4, sp, #40
 257 0058 334D     		ldr	r5, .L16+16
 258 005a 0FCD     		ldmia	r5!, {r0, r1, r2, r3}
 259 005c 0FC4     		stmia	r4!, {r0, r1, r2, r3}
 260 005e 0FCD     		ldmia	r5!, {r0, r1, r2, r3}
 261 0060 0FC4     		stmia	r4!, {r0, r1, r2, r3}
 262 0062 0FCD     		ldmia	r5!, {r0, r1, r2, r3}
 263 0064 0FC4     		stmia	r4!, {r0, r1, r2, r3}
 264 0066 95E80300 		ldmia	r5, {r0, r1}
 265 006a 44F8040B 		str	r0, [r4], #4
 266 006e 24F8021B 		strh	r1, [r4], #2	@ movhi
 267 0072 090C     		lsrs	r1, r1, #16
 268 0074 2170     		strb	r1, [r4]
  99:sd.c          ****     char options_str[35];
 100:sd.c          ****     if(!curve_num)
 269              		.loc 1 100 0
 270 0076 B9F1000F 		cmp	r9, #0
 271 007a 17D1     		bne	.L14
 101:sd.c          ****     {
 102:sd.c          ****         create_file_with_text(file_name, beginning_message);
 272              		.loc 1 102 0
 273 007c 0AA9     		add	r1, sp, #40
 274 007e 3046     		mov	r0, r6
 275 0080 FFF7FEFF 		bl	create_file_with_text
 276              	.LVL35:
 103:sd.c          ****         sprintf(options_str,"Averages Per Point: %d\n",num_avg);
 277              		.loc 1 103 0
 278 0084 294B     		ldr	r3, .L16+20
 279 0086 1A68     		ldr	r2, [r3]
 280 0088 2949     		ldr	r1, .L16+24
 281 008a 01A8     		add	r0, sp, #4
 282 008c FFF7FEFF 		bl	sprintf
 283              	.LVL36:
 104:sd.c          ****         append_file(file_name,options_str);
 284              		.loc 1 104 0
 285 0090 01A9     		add	r1, sp, #4
 286 0092 3046     		mov	r0, r6
 287 0094 FFF7FEFF 		bl	append_file
 288              	.LVL37:
 105:sd.c          ****         sprintf(options_str,"Cooldown milliseconds: %d\n",cooldown_time);
 289              		.loc 1 105 0
 290 0098 264B     		ldr	r3, .L16+28
 291 009a 1A68     		ldr	r2, [r3]
 292 009c 2649     		ldr	r1, .L16+32
 293 009e 01A8     		add	r0, sp, #4
 294 00a0 FFF7FEFF 		bl	sprintf
ARM GAS  C:\Users\legoc\AppData\Local\Temp\cc9pXrvo.s 			page 8


 295              	.LVL38:
 106:sd.c          ****         append_file(file_name,options_str);
 296              		.loc 1 106 0
 297 00a4 01A9     		add	r1, sp, #4
 298 00a6 3046     		mov	r0, r6
 299 00a8 FFF7FEFF 		bl	append_file
 300              	.LVL39:
 301              	.L14:
 107:sd.c          ****     }
 108:sd.c          ****     //Vgs = x.xxx OR Ib = x.xxx
 109:sd.c          ****     append_file(file_name,legend_label[device_selection/2]);
 302              		.loc 1 109 0
 303 00ac 7C08     		lsrs	r4, r7, #1
 304 00ae A700     		lsls	r7, r4, #2
 305 00b0 1AAB     		add	r3, sp, #104
 306 00b2 D919     		adds	r1, r3, r7
 307 00b4 3046     		mov	r0, r6
 308 00b6 FFF7FEFF 		bl	append_file
 309              	.LVL40:
 110:sd.c          ****     append_file(file_name,"=");
 310              		.loc 1 110 0
 311 00ba 2049     		ldr	r1, .L16+36
 312 00bc 3046     		mov	r0, r6
 313 00be FFF7FEFF 		bl	append_file
 314              	.LVL41:
 111:sd.c          ****     sprintf(temp_str,"%.3f",Vgs_double[curve_num]); //write Vgs/Ib double to string
 315              		.loc 1 111 0
 316 00c2 08EBC908 		add	r8, r8, r9, lsl #3
 317              	.LVL42:
 318 00c6 D8E90023 		ldrd	r2, [r8]
 319 00ca 1D49     		ldr	r1, .L16+40
 320 00cc 18A8     		add	r0, sp, #96
 321 00ce FFF7FEFF 		bl	sprintf
 322              	.LVL43:
 112:sd.c          ****     //Id;Vds OR Ic;Vce
 113:sd.c          ****     append_file(file_name,temp_str);//print Vgs/Ib value to CSV
 323              		.loc 1 113 0
 324 00d2 18A9     		add	r1, sp, #96
 325 00d4 3046     		mov	r0, r6
 326 00d6 FFF7FEFF 		bl	append_file
 327              	.LVL44:
 114:sd.c          ****     append_file(file_name,"\n");//create new lne
 328              		.loc 1 114 0
 329 00da 1A4D     		ldr	r5, .L16+44
 330 00dc 2946     		mov	r1, r5
 331 00de 3046     		mov	r0, r6
 332 00e0 FFF7FEFF 		bl	append_file
 333              	.LVL45:
 115:sd.c          ****     append_file(file_name,y_label[device_selection/2]);
 334              		.loc 1 115 0
 335 00e4 04EB4401 		add	r1, r4, r4, lsl #1
 336 00e8 1EAB     		add	r3, sp, #120
 337 00ea 1944     		add	r1, r1, r3
 338 00ec 3046     		mov	r0, r6
 339 00ee FFF7FEFF 		bl	append_file
 340              	.LVL46:
 116:sd.c          ****     append_file(file_name,",");//comma seperation
ARM GAS  C:\Users\legoc\AppData\Local\Temp\cc9pXrvo.s 			page 9


 341              		.loc 1 116 0
 342 00f2 1549     		ldr	r1, .L16+48
 343 00f4 3046     		mov	r0, r6
 344 00f6 FFF7FEFF 		bl	append_file
 345              	.LVL47:
 117:sd.c          ****     append_file(file_name,x_label[device_selection/2]);
 346              		.loc 1 117 0
 347 00fa 1CAB     		add	r3, sp, #112
 348 00fc D919     		adds	r1, r3, r7
 349 00fe 3046     		mov	r0, r6
 350 0100 FFF7FEFF 		bl	append_file
 351              	.LVL48:
 118:sd.c          ****     append_file(file_name,"\n");//create new line
 352              		.loc 1 118 0
 353 0104 2946     		mov	r1, r5
 354 0106 3046     		mov	r0, r6
 355 0108 FFF7FEFF 		bl	append_file
 356              	.LVL49:
 119:sd.c          ****     spi_device_select(SCREEN_SELECT);
 357              		.loc 1 119 0
 358 010c 0120     		movs	r0, #1
 359 010e FFF7FEFF 		bl	spi_device_select
 360              	.LVL50:
 120:sd.c          **** }
 361              		.loc 1 120 0
 362 0112 21B0     		add	sp, sp, #132
 363              		.cfi_def_cfa_offset 28
 364              		@ sp needed
 365 0114 BDE8F083 		pop	{r4, r5, r6, r7, r8, r9, pc}
 366              	.LVL51:
 367              	.L17:
 368              		.align	2
 369              	.L16:
 370 0118 54000000 		.word	.LC2
 371 011c 58000000 		.word	.LC3
 372 0120 56647300 		.word	7562326
 373 0124 08000000 		.word	.LC4
 374 0128 5C000000 		.word	.LC5
 375 012c 00000000 		.word	num_avg
 376 0130 0C000000 		.word	.LC6
 377 0134 00000000 		.word	cooldown_time
 378 0138 24000000 		.word	.LC7
 379 013c 40000000 		.word	.LC8
 380 0140 44000000 		.word	.LC9
 381 0144 4C000000 		.word	.LC10
 382 0148 50000000 		.word	.LC11
 383              		.cfi_endproc
 384              	.LFE4:
 385              		.size	write_header_info, .-write_header_info
 386              		.global	__aeabi_i2d
 387              		.global	__aeabi_dmul
 388              		.section	.text.write_data,"ax",%progbits
 389              		.align	2
 390              		.global	write_data
 391              		.thumb
 392              		.thumb_func
 393              		.type	write_data, %function
ARM GAS  C:\Users\legoc\AppData\Local\Temp\cc9pXrvo.s 			page 10


 394              	write_data:
 395              	.LFB5:
 121:sd.c          **** 
 122:sd.c          **** void write_data(char * file_name, double Id, unsigned char Vds_code, unsigned char device_selection
 123:sd.c          **** {
 396              		.loc 1 123 0
 397              		.cfi_startproc
 398              		@ args = 8, pretend = 0, frame = 16
 399              		@ frame_needed = 0, uses_anonymous_args = 0
 400              	.LVL52:
 401 0000 2DE9F043 		push	{r4, r5, r6, r7, r8, r9, lr}
 402              		.cfi_def_cfa_offset 28
 403              		.cfi_offset 4, -28
 404              		.cfi_offset 5, -24
 405              		.cfi_offset 6, -20
 406              		.cfi_offset 7, -16
 407              		.cfi_offset 8, -12
 408              		.cfi_offset 9, -8
 409              		.cfi_offset 14, -4
 410 0004 85B0     		sub	sp, sp, #20
 411              		.cfi_def_cfa_offset 48
 412 0006 0446     		mov	r4, r0
 413 0008 1646     		mov	r6, r2
 414 000a 1F46     		mov	r7, r3
 415 000c 9DF83050 		ldrb	r5, [sp, #48]	@ zero_extendqisi2
 124:sd.c          ****     spi_device_select(SD_SELECT);
 416              		.loc 1 124 0
 417 0010 0220     		movs	r0, #2
 418              	.LVL53:
 419 0012 FFF7FEFF 		bl	spi_device_select
 420              	.LVL54:
 125:sd.c          ****     char temp_str[10];  //temp string to be used to move doubles to
 126:sd.c          ****     double Vds;         //Used to convert the VDAC code to real value
 127:sd.c          ****     if(device_selection < 2)
 421              		.loc 1 127 0
 422 0016 9DF83430 		ldrb	r3, [sp, #52]	@ zero_extendqisi2
 423 001a 012B     		cmp	r3, #1
 424 001c 12D8     		bhi	.L19
 128:sd.c          ****     {
 129:sd.c          ****         Vds = Vds_code/256.0*4.096*3; //Vds double in N Type tests
 425              		.loc 1 129 0
 426 001e 2846     		mov	r0, r5
 427 0020 FFF7FEFF 		bl	__aeabi_i2d
 428              	.LVL55:
 429 0024 0022     		movs	r2, #0
 430 0026 244B     		ldr	r3, .L22+8
 431 0028 FFF7FEFF 		bl	__aeabi_dmul
 432              	.LVL56:
 433 002c 20A3     		adr	r3, .L22
 434 002e D3E90023 		ldrd	r2, [r3]
 435 0032 FFF7FEFF 		bl	__aeabi_dmul
 436              	.LVL57:
 437 0036 0022     		movs	r2, #0
 438 0038 204B     		ldr	r3, .L22+12
 439 003a FFF7FEFF 		bl	__aeabi_dmul
 440              	.LVL58:
 441 003e 8046     		mov	r8, r0
ARM GAS  C:\Users\legoc\AppData\Local\Temp\cc9pXrvo.s 			page 11


 442 0040 8946     		mov	r9, r1
 443              	.LVL59:
 444 0042 11E0     		b	.L20
 445              	.LVL60:
 446              	.L19:
 130:sd.c          ****     }
 131:sd.c          ****     else
 132:sd.c          ****     {
 133:sd.c          ****         Vds = Vds_code/256.0*4.096*4;//Vds double in P Type Tests
 447              		.loc 1 133 0
 448 0044 2846     		mov	r0, r5
 449 0046 FFF7FEFF 		bl	__aeabi_i2d
 450              	.LVL61:
 451 004a 0022     		movs	r2, #0
 452 004c 1A4B     		ldr	r3, .L22+8
 453 004e FFF7FEFF 		bl	__aeabi_dmul
 454              	.LVL62:
 455 0052 17A3     		adr	r3, .L22
 456 0054 D3E90023 		ldrd	r2, [r3]
 457 0058 FFF7FEFF 		bl	__aeabi_dmul
 458              	.LVL63:
 459 005c 0022     		movs	r2, #0
 460 005e 184B     		ldr	r3, .L22+16
 461 0060 FFF7FEFF 		bl	__aeabi_dmul
 462              	.LVL64:
 463 0064 8046     		mov	r8, r0
 464 0066 8946     		mov	r9, r1
 465              	.LVL65:
 466              	.L20:
 134:sd.c          ****     }
 135:sd.c          ****     sprintf(temp_str,"%9f",Id);
 467              		.loc 1 135 0
 468 0068 3246     		mov	r2, r6
 469 006a 3B46     		mov	r3, r7
 470 006c 1549     		ldr	r1, .L22+20
 471 006e 01A8     		add	r0, sp, #4
 472 0070 FFF7FEFF 		bl	sprintf
 473              	.LVL66:
 136:sd.c          ****     append_file(file_name,temp_str);//print Id Value
 474              		.loc 1 136 0
 475 0074 01A9     		add	r1, sp, #4
 476 0076 2046     		mov	r0, r4
 477 0078 FFF7FEFF 		bl	append_file
 478              	.LVL67:
 137:sd.c          ****     append_file(file_name,",");//comma sepeperation
 479              		.loc 1 137 0
 480 007c 1249     		ldr	r1, .L22+24
 481 007e 2046     		mov	r0, r4
 482 0080 FFF7FEFF 		bl	append_file
 483              	.LVL68:
 138:sd.c          ****     sprintf(temp_str,"%5f",Vds);
 484              		.loc 1 138 0
 485 0084 4246     		mov	r2, r8
 486 0086 4B46     		mov	r3, r9
 487 0088 1049     		ldr	r1, .L22+28
 488 008a 01A8     		add	r0, sp, #4
 489 008c FFF7FEFF 		bl	sprintf
ARM GAS  C:\Users\legoc\AppData\Local\Temp\cc9pXrvo.s 			page 12


 490              	.LVL69:
 139:sd.c          ****     append_file(file_name,temp_str); //print Vds value
 491              		.loc 1 139 0
 492 0090 01A9     		add	r1, sp, #4
 493 0092 2046     		mov	r0, r4
 494 0094 FFF7FEFF 		bl	append_file
 495              	.LVL70:
 140:sd.c          ****     append_file(file_name,"\n");//create new line
 496              		.loc 1 140 0
 497 0098 0D49     		ldr	r1, .L22+32
 498 009a 2046     		mov	r0, r4
 499 009c FFF7FEFF 		bl	append_file
 500              	.LVL71:
 141:sd.c          ****     spi_device_select(SCREEN_SELECT);
 501              		.loc 1 141 0
 502 00a0 0120     		movs	r0, #1
 503 00a2 FFF7FEFF 		bl	spi_device_select
 504              	.LVL72:
 142:sd.c          **** }...
 505              		.loc 1 142 0
 506 00a6 05B0     		add	sp, sp, #20
 507              		.cfi_def_cfa_offset 28
 508              		@ sp needed
 509 00a8 BDE8F083 		pop	{r4, r5, r6, r7, r8, r9, pc}
 510              	.LVL73:
 511              	.L23:
 512 00ac AFF30080 		.align	3
 513              	.L22:
 514 00b0 FCA9F1D2 		.word	-755914244
 515 00b4 4D621040 		.word	1074815565
 516 00b8 0000703F 		.word	1064304640
 517 00bc 00000840 		.word	1074266112
 518 00c0 00001040 		.word	1074790400
 519 00c4 94000000 		.word	.LC12
 520 00c8 50000000 		.word	.LC11
 521 00cc 98000000 		.word	.LC13
 522 00d0 4C000000 		.word	.LC10
 523              		.cfi_endproc
 524              	.LFE5:
 525              		.size	write_data, .-write_data
 526              		.section	.rodata.str1.4,"aMS",%progbits,1
 527              		.align	2
 528              	.LC0:
 529 0000 772B00   		.ascii	"w+\000"
 530 0003 00       		.space	1
 531              	.LC1:
 532 0004 6100     		.ascii	"a\000"
 533 0006 0000     		.space	2
 534              	.LC4:
 535 0008 496200   		.ascii	"Ib\000"
 536 000b 00       		.space	1
 537              	.LC6:
 538 000c 41766572 		.ascii	"Averages Per Point: %d\012\000"
 538      61676573 
 538      20506572 
 538      20506F69 
 538      6E743A20 
ARM GAS  C:\Users\legoc\AppData\Local\Temp\cc9pXrvo.s 			page 13


 539              	.LC7:
 540 0024 436F6F6C 		.ascii	"Cooldown milliseconds: %d\012\000"
 540      646F776E 
 540      206D696C 
 540      6C697365 
 540      636F6E64 
 541 003f 00       		.space	1
 542              	.LC8:
 543 0040 3D00     		.ascii	"=\000"
 544 0042 0000     		.space	2
 545              	.LC9:
 546 0044 252E3366 		.ascii	"%.3f\000"
 546      00
 547 0049 000000   		.space	3
 548              	.LC10:
 549 004c 0A00     		.ascii	"\012\000"
 550 004e 0000     		.space	2
 551              	.LC11:
 552 0050 2C00     		.ascii	",\000"
 553 0052 0000     		.space	2
 554              	.LC2:
 555 0054 496400   		.ascii	"Id\000"
 556 0057 00       		.space	1
 557              	.LC3:
 558 0058 496300   		.ascii	"Ic\000"
 559 005b 00       		.space	1
 560              	.LC5:
 561 005c 2A4E6F74 		.ascii	"*Note all currents are in mA, all other units are S"
 561      6520616C 
 561      6C206375 
 561      7272656E 
 561      74732061 
 562 008f 492A0A00 		.ascii	"I*\012\000"
 563 0093 00       		.space	1
 564              	.LC12:
 565 0094 25396600 		.ascii	"%9f\000"
 566              	.LC13:
 567 0098 25356600 		.ascii	"%5f\000"
 568              		.text
 569              	.Letext0:
 570              		.file 2 ".\\emFile_V322c\\Code\\Include\\PSoC5/FS_Types.h"
 571              		.file 3 "Generated_Source\\PSoC5/cytypes.h"
 572              		.file 4 "uifunctions.h"
 573              		.file 5 "Generated_Source\\PSoC5/emFile_1_mosi0.h"
 574              		.file 6 "Generated_Source\\PSoC5/emFile_1_sclk0.h"
 575              		.file 7 "Generated_Source\\PSoC5/MOSI.h"
 576              		.file 8 "Generated_Source\\PSoC5/MISO.h"
 577              		.file 9 "Generated_Source\\PSoC5/CLK.h"
 578              		.file 10 ".\\emFile_V322c\\Code\\Include\\PSoC5/FS.h"
 579              		.file 11 "d:\\psoc\\psoc creator\\4.2\\psoc creator\\import\\gnu\\arm\\5.4.1\\arm-none-eabi\\inclu
 580              		.file 12 "d:\\psoc\\psoc creator\\4.2\\psoc creator\\import\\gnu\\arm\\5.4.1\\arm-none-eabi\\inclu
 581              		.section	.debug_info,"",%progbits
 582              	.Ldebug_info0:
 583 0000 61070000 		.4byte	0x761
 584 0004 0400     		.2byte	0x4
 585 0006 00000000 		.4byte	.Ldebug_abbrev0
 586 000a 04       		.byte	0x4
ARM GAS  C:\Users\legoc\AppData\Local\Temp\cc9pXrvo.s 			page 14


 587 000b 01       		.uleb128 0x1
 588 000c 95000000 		.4byte	.LASF47
 589 0010 0C       		.byte	0xc
 590 0011 CD010000 		.4byte	.LASF48
 591 0015 DC010000 		.4byte	.LASF49
 592 0019 00000000 		.4byte	.Ldebug_ranges0+0
 593 001d 00000000 		.4byte	0
 594 0021 00000000 		.4byte	.Ldebug_line0
 595 0025 02       		.uleb128 0x2
 596 0026 08       		.byte	0x8
 597 0027 04       		.byte	0x4
 598 0028 3C000000 		.4byte	.LASF0
 599 002c 03       		.uleb128 0x3
 600 002d 97020000 		.4byte	.LASF13
 601 0031 02       		.byte	0x2
 602 0032 7E       		.byte	0x7e
 603 0033 37000000 		.4byte	0x37
 604 0037 04       		.uleb128 0x4
 605 0038 97020000 		.4byte	.LASF13
 606 003c 02       		.uleb128 0x2
 607 003d 02       		.byte	0x2
 608 003e 07       		.byte	0x7
 609 003f 48010000 		.4byte	.LASF1
 610 0043 02       		.uleb128 0x2
 611 0044 04       		.byte	0x4
 612 0045 07       		.byte	0x7
 613 0046 2E010000 		.4byte	.LASF2
 614 004a 02       		.uleb128 0x2
 615 004b 04       		.byte	0x4
 616 004c 07       		.byte	0x7
 617 004d 2F000000 		.4byte	.LASF3
 618 0051 05       		.uleb128 0x5
 619 0052 04       		.byte	0x4
 620 0053 05       		.byte	0x5
 621 0054 696E7400 		.ascii	"int\000"
 622 0058 02       		.uleb128 0x2
 623 0059 01       		.byte	0x1
 624 005a 08       		.byte	0x8
 625 005b 87000000 		.4byte	.LASF4
 626 005f 02       		.uleb128 0x2
 627 0060 04       		.byte	0x4
 628 0061 07       		.byte	0x7
 629 0062 9F020000 		.4byte	.LASF5
 630 0066 02       		.uleb128 0x2
 631 0067 01       		.byte	0x1
 632 0068 08       		.byte	0x8
 633 0069 C0020000 		.4byte	.LASF6
 634 006d 02       		.uleb128 0x2
 635 006e 02       		.byte	0x2
 636 006f 05       		.byte	0x5
 637 0070 D2010000 		.4byte	.LASF7
 638 0074 06       		.uleb128 0x6
 639 0075 04       		.byte	0x4
 640 0076 66000000 		.4byte	0x66
 641 007a 06       		.uleb128 0x6
 642 007b 04       		.byte	0x4
 643 007c 2C000000 		.4byte	0x2c
ARM GAS  C:\Users\legoc\AppData\Local\Temp\cc9pXrvo.s 			page 15


 644 0080 02       		.uleb128 0x2
 645 0081 04       		.byte	0x4
 646 0082 05       		.byte	0x5
 647 0083 FC020000 		.4byte	.LASF8
 648 0087 02       		.uleb128 0x2
 649 0088 08       		.byte	0x8
 650 0089 05       		.byte	0x5
 651 008a B2020000 		.4byte	.LASF9
 652 008e 02       		.uleb128 0x2
 653 008f 08       		.byte	0x8
 654 0090 04       		.byte	0x4
 655 0091 05030000 		.4byte	.LASF10
 656 0095 02       		.uleb128 0x2
 657 0096 01       		.byte	0x1
 658 0097 06       		.byte	0x6
 659 0098 11030000 		.4byte	.LASF11
 660 009c 02       		.uleb128 0x2
 661 009d 08       		.byte	0x8
 662 009e 07       		.byte	0x7
 663 009f 77020000 		.4byte	.LASF12
 664 00a3 07       		.uleb128 0x7
 665 00a4 D7020000 		.4byte	.LASF14
 666 00a8 03       		.byte	0x3
 667 00a9 E401     		.2byte	0x1e4
 668 00ab 58000000 		.4byte	0x58
 669 00af 02       		.uleb128 0x2
 670 00b0 04       		.byte	0x4
 671 00b1 04       		.byte	0x4
 672 00b2 0A000000 		.4byte	.LASF15
 673 00b6 08       		.uleb128 0x8
 674 00b7 69000000 		.4byte	.LASF16
 675 00bb 01       		.byte	0x1
 676 00bc 0C       		.byte	0xc
 677 00bd 00000000 		.4byte	.LFB1
 678 00c1 4A000000 		.4byte	.LFE1-.LFB1
 679 00c5 01       		.uleb128 0x1
 680 00c6 9C       		.byte	0x9c
 681 00c7 95010000 		.4byte	0x195
 682 00cb 09       		.uleb128 0x9
 683 00cc 56000000 		.4byte	.LASF18
 684 00d0 01       		.byte	0x1
 685 00d1 0C       		.byte	0xc
 686 00d2 51000000 		.4byte	0x51
 687 00d6 00000000 		.4byte	.LLST0
 688 00da 0A       		.uleb128 0xa
 689 00db 0C000000 		.4byte	.LVL2
 690 00df F3060000 		.4byte	0x6f3
 691 00e3 ED000000 		.4byte	0xed
 692 00e7 0B       		.uleb128 0xb
 693 00e8 01       		.uleb128 0x1
 694 00e9 50       		.byte	0x50
 695 00ea 01       		.uleb128 0x1
 696 00eb 32       		.byte	0x32
 697 00ec 00       		.byte	0
 698 00ed 0A       		.uleb128 0xa
 699 00ee 12000000 		.4byte	.LVL3
 700 00f2 FE060000 		.4byte	0x6fe
ARM GAS  C:\Users\legoc\AppData\Local\Temp\cc9pXrvo.s 			page 16


 701 00f6 00010000 		.4byte	0x100
 702 00fa 0B       		.uleb128 0xb
 703 00fb 01       		.uleb128 0x1
 704 00fc 50       		.byte	0x50
 705 00fd 01       		.uleb128 0x1
 706 00fe 32       		.byte	0x32
 707 00ff 00       		.byte	0
 708 0100 0A       		.uleb128 0xa
 709 0101 18000000 		.4byte	.LVL4
 710 0105 09070000 		.4byte	0x709
 711 0109 13010000 		.4byte	0x113
 712 010d 0B       		.uleb128 0xb
 713 010e 01       		.uleb128 0x1
 714 010f 50       		.byte	0x50
 715 0110 01       		.uleb128 0x1
 716 0111 3C       		.byte	0x3c
 717 0112 00       		.byte	0
 718 0113 0A       		.uleb128 0xa
 719 0114 1E000000 		.4byte	.LVL5
 720 0118 14070000 		.4byte	0x714
 721 011c 26010000 		.4byte	0x126
 722 0120 0B       		.uleb128 0xb
 723 0121 01       		.uleb128 0x1
 724 0122 50       		.byte	0x50
 725 0123 01       		.uleb128 0x1
 726 0124 3C       		.byte	0x3c
 727 0125 00       		.byte	0
 728 0126 0A       		.uleb128 0xa
 729 0127 24000000 		.4byte	.LVL6
 730 012b 1F070000 		.4byte	0x71f
 731 012f 39010000 		.4byte	0x139
 732 0133 0B       		.uleb128 0xb
 733 0134 01       		.uleb128 0x1
 734 0135 50       		.byte	0x50
 735 0136 01       		.uleb128 0x1
 736 0137 3C       		.byte	0x3c
 737 0138 00       		.byte	0
 738 0139 0A       		.uleb128 0xa
 739 013a 30000000 		.4byte	.LVL9
 740 013e F3060000 		.4byte	0x6f3
 741 0142 4C010000 		.4byte	0x14c
 742 0146 0B       		.uleb128 0xb
 743 0147 01       		.uleb128 0x1
 744 0148 50       		.byte	0x50
 745 0149 01       		.uleb128 0x1
 746 014a 3C       		.byte	0x3c
 747 014b 00       		.byte	0
 748 014c 0A       		.uleb128 0xa
 749 014d 36000000 		.4byte	.LVL10
 750 0151 FE060000 		.4byte	0x6fe
 751 0155 5F010000 		.4byte	0x15f
 752 0159 0B       		.uleb128 0xb
 753 015a 01       		.uleb128 0x1
 754 015b 50       		.byte	0x50
 755 015c 01       		.uleb128 0x1
 756 015d 3C       		.byte	0x3c
 757 015e 00       		.byte	0
ARM GAS  C:\Users\legoc\AppData\Local\Temp\cc9pXrvo.s 			page 17


 758 015f 0A       		.uleb128 0xa
 759 0160 3C000000 		.4byte	.LVL11
 760 0164 09070000 		.4byte	0x709
 761 0168 72010000 		.4byte	0x172
 762 016c 0B       		.uleb128 0xb
 763 016d 01       		.uleb128 0x1
 764 016e 50       		.byte	0x50
 765 016f 01       		.uleb128 0x1
 766 0170 32       		.byte	0x32
 767 0171 00       		.byte	0
 768 0172 0A       		.uleb128 0xa
 769 0173 42000000 		.4byte	.LVL12
 770 0177 14070000 		.4byte	0x714
 771 017b 85010000 		.4byte	0x185
 772 017f 0B       		.uleb128 0xb
 773 0180 01       		.uleb128 0x1
 774 0181 50       		.byte	0x50
 775 0182 01       		.uleb128 0x1
 776 0183 32       		.byte	0x32
 777 0184 00       		.byte	0
 778 0185 0C       		.uleb128 0xc
 779 0186 48000000 		.4byte	.LVL13
 780 018a 1F070000 		.4byte	0x71f
 781 018e 0B       		.uleb128 0xb
 782 018f 01       		.uleb128 0x1
 783 0190 50       		.byte	0x50
 784 0191 01       		.uleb128 0x1
 785 0192 32       		.byte	0x32
 786 0193 00       		.byte	0
 787 0194 00       		.byte	0
 788 0195 08       		.uleb128 0x8
 789 0196 61020000 		.4byte	.LASF17
 790 019a 01       		.byte	0x1
 791 019b 39       		.byte	0x39
 792 019c 00000000 		.4byte	.LFB2
 793 01a0 28000000 		.4byte	.LFE2-.LFB2
 794 01a4 01       		.uleb128 0x1
 795 01a5 9C       		.byte	0x9c
 796 01a6 34020000 		.4byte	0x234
 797 01aa 09       		.uleb128 0x9
 798 01ab 67010000 		.4byte	.LASF19
 799 01af 01       		.byte	0x1
 800 01b0 39       		.byte	0x39
 801 01b1 74000000 		.4byte	0x74
 802 01b5 3A000000 		.4byte	.LLST1
 803 01b9 09       		.uleb128 0x9
 804 01ba 43000000 		.4byte	.LASF20
 805 01be 01       		.byte	0x1
 806 01bf 39       		.byte	0x39
 807 01c0 74000000 		.4byte	0x74
 808 01c4 5B000000 		.4byte	.LLST2
 809 01c8 0D       		.uleb128 0xd
 810 01c9 50000000 		.4byte	.LASF22
 811 01cd 01       		.byte	0x1
 812 01ce 3D       		.byte	0x3d
 813 01cf 7A000000 		.4byte	0x7a
 814 01d3 87000000 		.4byte	.LLST3
ARM GAS  C:\Users\legoc\AppData\Local\Temp\cc9pXrvo.s 			page 18


 815 01d7 0A       		.uleb128 0xa
 816 01d8 0A000000 		.4byte	.LVL16
 817 01dc 2A070000 		.4byte	0x72a
 818 01e0 F5010000 		.4byte	0x1f5
 819 01e4 0B       		.uleb128 0xb
 820 01e5 01       		.uleb128 0x1
 821 01e6 50       		.byte	0x50
 822 01e7 03       		.uleb128 0x3
 823 01e8 F3       		.byte	0xf3
 824 01e9 01       		.uleb128 0x1
 825 01ea 50       		.byte	0x50
 826 01eb 0B       		.uleb128 0xb
 827 01ec 01       		.uleb128 0x1
 828 01ed 51       		.byte	0x51
 829 01ee 05       		.uleb128 0x5
 830 01ef 03       		.byte	0x3
 831 01f0 00000000 		.4byte	.LC0
 832 01f4 00       		.byte	0
 833 01f5 0A       		.uleb128 0xa
 834 01f6 12000000 		.4byte	.LVL19
 835 01fa 36070000 		.4byte	0x736
 836 01fe 09020000 		.4byte	0x209
 837 0202 0B       		.uleb128 0xb
 838 0203 01       		.uleb128 0x1
 839 0204 50       		.byte	0x50
 840 0205 02       		.uleb128 0x2
 841 0206 75       		.byte	0x75
 842 0207 00       		.sleb128 0
 843 0208 00       		.byte	0
 844 0209 0A       		.uleb128 0xa
 845 020a 1C000000 		.4byte	.LVL20
 846 020e 41070000 		.4byte	0x741
 847 0212 23020000 		.4byte	0x223
 848 0216 0B       		.uleb128 0xb
 849 0217 01       		.uleb128 0x1
 850 0218 50       		.byte	0x50
 851 0219 02       		.uleb128 0x2
 852 021a 74       		.byte	0x74
 853 021b 00       		.sleb128 0
 854 021c 0B       		.uleb128 0xb
 855 021d 01       		.uleb128 0x1
 856 021e 51       		.byte	0x51
 857 021f 02       		.uleb128 0x2
 858 0220 75       		.byte	0x75
 859 0221 00       		.sleb128 0
 860 0222 00       		.byte	0
 861 0223 0C       		.uleb128 0xc
 862 0224 22000000 		.4byte	.LVL21
 863 0228 4D070000 		.4byte	0x74d
 864 022c 0B       		.uleb128 0xb
 865 022d 01       		.uleb128 0x1
 866 022e 50       		.byte	0x50
 867 022f 02       		.uleb128 0x2
 868 0230 74       		.byte	0x74
 869 0231 00       		.sleb128 0
 870 0232 00       		.byte	0
 871 0233 00       		.byte	0
ARM GAS  C:\Users\legoc\AppData\Local\Temp\cc9pXrvo.s 			page 19


 872 0234 08       		.uleb128 0x8
 873 0235 5B010000 		.4byte	.LASF21
 874 0239 01       		.byte	0x1
 875 023a 45       		.byte	0x45
 876 023b 00000000 		.4byte	.LFB3
 877 023f 28000000 		.4byte	.LFE3-.LFB3
 878 0243 01       		.uleb128 0x1
 879 0244 9C       		.byte	0x9c
 880 0245 D3020000 		.4byte	0x2d3
 881 0249 09       		.uleb128 0x9
 882 024a 67010000 		.4byte	.LASF19
 883 024e 01       		.byte	0x1
 884 024f 45       		.byte	0x45
 885 0250 74000000 		.4byte	0x74
 886 0254 A5000000 		.4byte	.LLST4
 887 0258 09       		.uleb128 0x9
 888 0259 43000000 		.4byte	.LASF20
 889 025d 01       		.byte	0x1
 890 025e 45       		.byte	0x45
 891 025f 74000000 		.4byte	0x74
 892 0263 C6000000 		.4byte	.LLST5
 893 0267 0D       		.uleb128 0xd
 894 0268 50000000 		.4byte	.LASF22
 895 026c 01       		.byte	0x1
 896 026d 49       		.byte	0x49
 897 026e 7A000000 		.4byte	0x7a
 898 0272 F2000000 		.4byte	.LLST6
 899 0276 0A       		.uleb128 0xa
 900 0277 0A000000 		.4byte	.LVL25
 901 027b 2A070000 		.4byte	0x72a
 902 027f 94020000 		.4byte	0x294
 903 0283 0B       		.uleb128 0xb
 904 0284 01       		.uleb128 0x1
 905 0285 50       		.byte	0x50
 906 0286 03       		.uleb128 0x3
 907 0287 F3       		.byte	0xf3
 908 0288 01       		.uleb128 0x1
 909 0289 50       		.byte	0x50
 910 028a 0B       		.uleb128 0xb
 911 028b 01       		.uleb128 0x1
 912 028c 51       		.byte	0x51
 913 028d 05       		.uleb128 0x5
 914 028e 03       		.byte	0x3
 915 028f 04000000 		.4byte	.LC1
 916 0293 00       		.byte	0
 917 0294 0A       		.uleb128 0xa
 918 0295 12000000 		.4byte	.LVL28
 919 0299 36070000 		.4byte	0x736
 920 029d A8020000 		.4byte	0x2a8
 921 02a1 0B       		.uleb128 0xb
 922 02a2 01       		.uleb128 0x1
 923 02a3 50       		.byte	0x50
 924 02a4 02       		.uleb128 0x2
 925 02a5 75       		.byte	0x75
 926 02a6 00       		.sleb128 0
 927 02a7 00       		.byte	0
 928 02a8 0A       		.uleb128 0xa
ARM GAS  C:\Users\legoc\AppData\Local\Temp\cc9pXrvo.s 			page 20


 929 02a9 1C000000 		.4byte	.LVL29
 930 02ad 41070000 		.4byte	0x741
 931 02b1 C2020000 		.4byte	0x2c2
 932 02b5 0B       		.uleb128 0xb
 933 02b6 01       		.uleb128 0x1
 934 02b7 50       		.byte	0x50
 935 02b8 02       		.uleb128 0x2
 936 02b9 74       		.byte	0x74
 937 02ba 00       		.sleb128 0
 938 02bb 0B       		.uleb128 0xb
 939 02bc 01       		.uleb128 0x1
 940 02bd 51       		.byte	0x51
 941 02be 02       		.uleb128 0x2
 942 02bf 75       		.byte	0x75
 943 02c0 00       		.sleb128 0
 944 02c1 00       		.byte	0
 945 02c2 0C       		.uleb128 0xc
 946 02c3 22000000 		.4byte	.LVL30
 947 02c7 4D070000 		.4byte	0x74d
 948 02cb 0B       		.uleb128 0xb
 949 02cc 01       		.uleb128 0x1
 950 02cd 50       		.byte	0x50
 951 02ce 02       		.uleb128 0x2
 952 02cf 74       		.byte	0x74
 953 02d0 00       		.sleb128 0
 954 02d1 00       		.byte	0
 955 02d2 00       		.byte	0
 956 02d3 08       		.uleb128 0x8
 957 02d4 C5020000 		.4byte	.LASF23
 958 02d8 01       		.byte	0x1
 959 02d9 51       		.byte	0x51
 960 02da 00000000 		.4byte	.LFB4
 961 02de 4C010000 		.4byte	.LFE4-.LFB4
 962 02e2 01       		.uleb128 0x1
 963 02e3 9C       		.byte	0x9c
 964 02e4 33050000 		.4byte	0x533
 965 02e8 09       		.uleb128 0x9
 966 02e9 67010000 		.4byte	.LASF19
 967 02ed 01       		.byte	0x1
 968 02ee 51       		.byte	0x51
 969 02ef 74000000 		.4byte	0x74
 970 02f3 10010000 		.4byte	.LLST7
 971 02f7 09       		.uleb128 0x9
 972 02f8 83010000 		.4byte	.LASF24
 973 02fc 01       		.byte	0x1
 974 02fd 51       		.byte	0x51
 975 02fe 58000000 		.4byte	0x58
 976 0302 3C010000 		.4byte	.LLST8
 977 0306 09       		.uleb128 0x9
 978 0307 A8020000 		.4byte	.LASF25
 979 030b 01       		.byte	0x1
 980 030c 51       		.byte	0x51
 981 030d 58000000 		.4byte	0x58
 982 0311 5D010000 		.4byte	.LLST9
 983 0315 09       		.uleb128 0x9
 984 0316 23010000 		.4byte	.LASF26
 985 031a 01       		.byte	0x1
ARM GAS  C:\Users\legoc\AppData\Local\Temp\cc9pXrvo.s 			page 21


 986 031b 51       		.byte	0x51
 987 031c 33050000 		.4byte	0x533
 988 0320 7E010000 		.4byte	.LLST10
 989 0324 0E       		.uleb128 0xe
 990 0325 1D030000 		.4byte	.LASF27
 991 0329 01       		.byte	0x1
 992 032a 58       		.byte	0x58
 993 032b 39050000 		.4byte	0x539
 994 032f 02       		.uleb128 0x2
 995 0330 91       		.byte	0x91
 996 0331 58       		.sleb128 -40
 997 0332 0E       		.uleb128 0xe
 998 0333 40010000 		.4byte	.LASF28
 999 0337 01       		.byte	0x1
 1000 0338 5B       		.byte	0x5b
 1001 0339 4F050000 		.4byte	0x54f
 1002 033d 02       		.uleb128 0x2
 1003 033e 91       		.byte	0x91
 1004 033f 50       		.sleb128 -48
 1005 0340 0E       		.uleb128 0xe
 1006 0341 EF020000 		.4byte	.LASF29
 1007 0345 01       		.byte	0x1
 1008 0346 5E       		.byte	0x5e
 1009 0347 4F050000 		.4byte	0x54f
 1010 034b 02       		.uleb128 0x2
 1011 034c 91       		.byte	0x91
 1012 034d 48       		.sleb128 -56
 1013 034e 0E       		.uleb128 0xe
 1014 034f 60000000 		.4byte	.LASF30
 1015 0353 01       		.byte	0x1
 1016 0354 61       		.byte	0x61
 1017 0355 65050000 		.4byte	0x565
 1018 0359 02       		.uleb128 0x2
 1019 035a 91       		.byte	0x91
 1020 035b 40       		.sleb128 -64
 1021 035c 0E       		.uleb128 0xe
 1022 035d 25030000 		.4byte	.LASF31
 1023 0361 01       		.byte	0x1
 1024 0362 62       		.byte	0x62
 1025 0363 75050000 		.4byte	0x575
 1026 0367 03       		.uleb128 0x3
 1027 0368 91       		.byte	0x91
 1028 0369 887F     		.sleb128 -120
 1029 036b 0E       		.uleb128 0xe
 1030 036c 7B000000 		.4byte	.LASF32
 1031 0370 01       		.byte	0x1
 1032 0371 63       		.byte	0x63
 1033 0372 85050000 		.4byte	0x585
 1034 0376 03       		.uleb128 0x3
 1035 0377 91       		.byte	0x91
 1036 0378 E47E     		.sleb128 -156
 1037 037a 0A       		.uleb128 0xa
 1038 037b 14000000 		.4byte	.LVL34
 1039 037f B6000000 		.4byte	0xb6
 1040 0383 8D030000 		.4byte	0x38d
 1041 0387 0B       		.uleb128 0xb
 1042 0388 01       		.uleb128 0x1
ARM GAS  C:\Users\legoc\AppData\Local\Temp\cc9pXrvo.s 			page 22


 1043 0389 50       		.byte	0x50
 1044 038a 01       		.uleb128 0x1
 1045 038b 32       		.byte	0x32
 1046 038c 00       		.byte	0
 1047 038d 0A       		.uleb128 0xa
 1048 038e 84000000 		.4byte	.LVL35
 1049 0392 95010000 		.4byte	0x195
 1050 0396 A7030000 		.4byte	0x3a7
 1051 039a 0B       		.uleb128 0xb
 1052 039b 01       		.uleb128 0x1
 1053 039c 50       		.byte	0x50
 1054 039d 02       		.uleb128 0x2
 1055 039e 76       		.byte	0x76
 1056 039f 00       		.sleb128 0
 1057 03a0 0B       		.uleb128 0xb
 1058 03a1 01       		.uleb128 0x1
 1059 03a2 51       		.byte	0x51
 1060 03a3 02       		.uleb128 0x2
 1061 03a4 74       		.byte	0x74
 1062 03a5 4A       		.sleb128 -54
 1063 03a6 00       		.byte	0
 1064 03a7 0A       		.uleb128 0xa
 1065 03a8 90000000 		.4byte	.LVL36
 1066 03ac 59070000 		.4byte	0x759
 1067 03b0 C5030000 		.4byte	0x3c5
 1068 03b4 0B       		.uleb128 0xb
 1069 03b5 01       		.uleb128 0x1
 1070 03b6 50       		.byte	0x50
 1071 03b7 03       		.uleb128 0x3
 1072 03b8 91       		.byte	0x91
 1073 03b9 E47E     		.sleb128 -156
 1074 03bb 0B       		.uleb128 0xb
 1075 03bc 01       		.uleb128 0x1
 1076 03bd 51       		.byte	0x51
 1077 03be 05       		.uleb128 0x5
 1078 03bf 03       		.byte	0x3
 1079 03c0 0C000000 		.4byte	.LC6
 1080 03c4 00       		.byte	0
 1081 03c5 0A       		.uleb128 0xa
 1082 03c6 98000000 		.4byte	.LVL37
 1083 03ca 34020000 		.4byte	0x234
 1084 03ce E0030000 		.4byte	0x3e0
 1085 03d2 0B       		.uleb128 0xb
 1086 03d3 01       		.uleb128 0x1
 1087 03d4 50       		.byte	0x50
 1088 03d5 02       		.uleb128 0x2
 1089 03d6 76       		.byte	0x76
 1090 03d7 00       		.sleb128 0
 1091 03d8 0B       		.uleb128 0xb
 1092 03d9 01       		.uleb128 0x1
 1093 03da 51       		.byte	0x51
 1094 03db 03       		.uleb128 0x3
 1095 03dc 91       		.byte	0x91
 1096 03dd E47E     		.sleb128 -156
 1097 03df 00       		.byte	0
 1098 03e0 0A       		.uleb128 0xa
 1099 03e1 A4000000 		.4byte	.LVL38
ARM GAS  C:\Users\legoc\AppData\Local\Temp\cc9pXrvo.s 			page 23


 1100 03e5 59070000 		.4byte	0x759
 1101 03e9 FE030000 		.4byte	0x3fe
 1102 03ed 0B       		.uleb128 0xb
 1103 03ee 01       		.uleb128 0x1
 1104 03ef 50       		.byte	0x50
 1105 03f0 03       		.uleb128 0x3
 1106 03f1 91       		.byte	0x91
 1107 03f2 E47E     		.sleb128 -156
 1108 03f4 0B       		.uleb128 0xb
 1109 03f5 01       		.uleb128 0x1
 1110 03f6 51       		.byte	0x51
 1111 03f7 05       		.uleb128 0x5
 1112 03f8 03       		.byte	0x3
 1113 03f9 24000000 		.4byte	.LC7
 1114 03fd 00       		.byte	0
 1115 03fe 0A       		.uleb128 0xa
 1116 03ff AC000000 		.4byte	.LVL39
 1117 0403 34020000 		.4byte	0x234
 1118 0407 19040000 		.4byte	0x419
 1119 040b 0B       		.uleb128 0xb
 1120 040c 01       		.uleb128 0x1
 1121 040d 50       		.byte	0x50
 1122 040e 02       		.uleb128 0x2
 1123 040f 76       		.byte	0x76
 1124 0410 00       		.sleb128 0
 1125 0411 0B       		.uleb128 0xb
 1126 0412 01       		.uleb128 0x1
 1127 0413 51       		.byte	0x51
 1128 0414 03       		.uleb128 0x3
 1129 0415 91       		.byte	0x91
 1130 0416 E47E     		.sleb128 -156
 1131 0418 00       		.byte	0
 1132 0419 0A       		.uleb128 0xa
 1133 041a BA000000 		.4byte	.LVL40
 1134 041e 34020000 		.4byte	0x234
 1135 0422 39040000 		.4byte	0x439
 1136 0426 0B       		.uleb128 0xb
 1137 0427 01       		.uleb128 0x1
 1138 0428 50       		.byte	0x50
 1139 0429 02       		.uleb128 0x2
 1140 042a 76       		.byte	0x76
 1141 042b 00       		.sleb128 0
 1142 042c 0B       		.uleb128 0xb
 1143 042d 01       		.uleb128 0x1
 1144 042e 51       		.byte	0x51
 1145 042f 08       		.uleb128 0x8
 1146 0430 91       		.byte	0x91
 1147 0431 00       		.sleb128 0
 1148 0432 77       		.byte	0x77
 1149 0433 00       		.sleb128 0
 1150 0434 22       		.byte	0x22
 1151 0435 08       		.byte	0x8
 1152 0436 38       		.byte	0x38
 1153 0437 1C       		.byte	0x1c
 1154 0438 00       		.byte	0
 1155 0439 0A       		.uleb128 0xa
 1156 043a C2000000 		.4byte	.LVL41
ARM GAS  C:\Users\legoc\AppData\Local\Temp\cc9pXrvo.s 			page 24


 1157 043e 34020000 		.4byte	0x234
 1158 0442 56040000 		.4byte	0x456
 1159 0446 0B       		.uleb128 0xb
 1160 0447 01       		.uleb128 0x1
 1161 0448 50       		.byte	0x50
 1162 0449 02       		.uleb128 0x2
 1163 044a 76       		.byte	0x76
 1164 044b 00       		.sleb128 0
 1165 044c 0B       		.uleb128 0xb
 1166 044d 01       		.uleb128 0x1
 1167 044e 51       		.byte	0x51
 1168 044f 05       		.uleb128 0x5
 1169 0450 03       		.byte	0x3
 1170 0451 40000000 		.4byte	.LC8
 1171 0455 00       		.byte	0
 1172 0456 0A       		.uleb128 0xa
 1173 0457 D2000000 		.4byte	.LVL43
 1174 045b 59070000 		.4byte	0x759
 1175 045f 73040000 		.4byte	0x473
 1176 0463 0B       		.uleb128 0xb
 1177 0464 01       		.uleb128 0x1
 1178 0465 50       		.byte	0x50
 1179 0466 02       		.uleb128 0x2
 1180 0467 91       		.byte	0x91
 1181 0468 40       		.sleb128 -64
 1182 0469 0B       		.uleb128 0xb
 1183 046a 01       		.uleb128 0x1
 1184 046b 51       		.byte	0x51
 1185 046c 05       		.uleb128 0x5
 1186 046d 03       		.byte	0x3
 1187 046e 44000000 		.4byte	.LC9
 1188 0472 00       		.byte	0
 1189 0473 0A       		.uleb128 0xa
 1190 0474 DA000000 		.4byte	.LVL44
 1191 0478 34020000 		.4byte	0x234
 1192 047c 8D040000 		.4byte	0x48d
 1193 0480 0B       		.uleb128 0xb
 1194 0481 01       		.uleb128 0x1
 1195 0482 50       		.byte	0x50
 1196 0483 02       		.uleb128 0x2
 1197 0484 76       		.byte	0x76
 1198 0485 00       		.sleb128 0
 1199 0486 0B       		.uleb128 0xb
 1200 0487 01       		.uleb128 0x1
 1201 0488 51       		.byte	0x51
 1202 0489 02       		.uleb128 0x2
 1203 048a 91       		.byte	0x91
 1204 048b 40       		.sleb128 -64
 1205 048c 00       		.byte	0
 1206 048d 0A       		.uleb128 0xa
 1207 048e E4000000 		.4byte	.LVL45
 1208 0492 34020000 		.4byte	0x234
 1209 0496 A7040000 		.4byte	0x4a7
 1210 049a 0B       		.uleb128 0xb
 1211 049b 01       		.uleb128 0x1
 1212 049c 50       		.byte	0x50
 1213 049d 02       		.uleb128 0x2
ARM GAS  C:\Users\legoc\AppData\Local\Temp\cc9pXrvo.s 			page 25


 1214 049e 76       		.byte	0x76
 1215 049f 00       		.sleb128 0
 1216 04a0 0B       		.uleb128 0xb
 1217 04a1 01       		.uleb128 0x1
 1218 04a2 51       		.byte	0x51
 1219 04a3 02       		.uleb128 0x2
 1220 04a4 75       		.byte	0x75
 1221 04a5 00       		.sleb128 0
 1222 04a6 00       		.byte	0
 1223 04a7 0A       		.uleb128 0xa
 1224 04a8 F2000000 		.4byte	.LVL46
 1225 04ac 34020000 		.4byte	0x234
 1226 04b0 CC040000 		.4byte	0x4cc
 1227 04b4 0B       		.uleb128 0xb
 1228 04b5 01       		.uleb128 0x1
 1229 04b6 50       		.byte	0x50
 1230 04b7 02       		.uleb128 0x2
 1231 04b8 76       		.byte	0x76
 1232 04b9 00       		.sleb128 0
 1233 04ba 0B       		.uleb128 0xb
 1234 04bb 01       		.uleb128 0x1
 1235 04bc 51       		.byte	0x51
 1236 04bd 0D       		.uleb128 0xd
 1237 04be 74       		.byte	0x74
 1238 04bf 00       		.sleb128 0
 1239 04c0 31       		.byte	0x31
 1240 04c1 24       		.byte	0x24
 1241 04c2 91       		.byte	0x91
 1242 04c3 00       		.sleb128 0
 1243 04c4 22       		.byte	0x22
 1244 04c5 74       		.byte	0x74
 1245 04c6 00       		.sleb128 0
 1246 04c7 22       		.byte	0x22
 1247 04c8 08       		.byte	0x8
 1248 04c9 28       		.byte	0x28
 1249 04ca 1C       		.byte	0x1c
 1250 04cb 00       		.byte	0
 1251 04cc 0A       		.uleb128 0xa
 1252 04cd FA000000 		.4byte	.LVL47
 1253 04d1 34020000 		.4byte	0x234
 1254 04d5 E9040000 		.4byte	0x4e9
 1255 04d9 0B       		.uleb128 0xb
 1256 04da 01       		.uleb128 0x1
 1257 04db 50       		.byte	0x50
 1258 04dc 02       		.uleb128 0x2
 1259 04dd 76       		.byte	0x76
 1260 04de 00       		.sleb128 0
 1261 04df 0B       		.uleb128 0xb
 1262 04e0 01       		.uleb128 0x1
 1263 04e1 51       		.byte	0x51
 1264 04e2 05       		.uleb128 0x5
 1265 04e3 03       		.byte	0x3
 1266 04e4 50000000 		.4byte	.LC11
 1267 04e8 00       		.byte	0
 1268 04e9 0A       		.uleb128 0xa
 1269 04ea 04010000 		.4byte	.LVL48
 1270 04ee 34020000 		.4byte	0x234
ARM GAS  C:\Users\legoc\AppData\Local\Temp\cc9pXrvo.s 			page 26


 1271 04f2 09050000 		.4byte	0x509
 1272 04f6 0B       		.uleb128 0xb
 1273 04f7 01       		.uleb128 0x1
 1274 04f8 50       		.byte	0x50
 1275 04f9 02       		.uleb128 0x2
 1276 04fa 76       		.byte	0x76
 1277 04fb 00       		.sleb128 0
 1278 04fc 0B       		.uleb128 0xb
 1279 04fd 01       		.uleb128 0x1
 1280 04fe 51       		.byte	0x51
 1281 04ff 08       		.uleb128 0x8
 1282 0500 91       		.byte	0x91
 1283 0501 00       		.sleb128 0
 1284 0502 77       		.byte	0x77
 1285 0503 00       		.sleb128 0
 1286 0504 22       		.byte	0x22
 1287 0505 08       		.byte	0x8
 1288 0506 30       		.byte	0x30
 1289 0507 1C       		.byte	0x1c
 1290 0508 00       		.byte	0
 1291 0509 0A       		.uleb128 0xa
 1292 050a 0C010000 		.4byte	.LVL49
 1293 050e 34020000 		.4byte	0x234
 1294 0512 23050000 		.4byte	0x523
 1295 0516 0B       		.uleb128 0xb
 1296 0517 01       		.uleb128 0x1
 1297 0518 50       		.byte	0x50
 1298 0519 02       		.uleb128 0x2
 1299 051a 76       		.byte	0x76
 1300 051b 00       		.sleb128 0
 1301 051c 0B       		.uleb128 0xb
 1302 051d 01       		.uleb128 0x1
 1303 051e 51       		.byte	0x51
 1304 051f 02       		.uleb128 0x2
 1305 0520 75       		.byte	0x75
 1306 0521 00       		.sleb128 0
 1307 0522 00       		.byte	0
 1308 0523 0C       		.uleb128 0xc
 1309 0524 12010000 		.4byte	.LVL50
 1310 0528 B6000000 		.4byte	0xb6
 1311 052c 0B       		.uleb128 0xb
 1312 052d 01       		.uleb128 0x1
 1313 052e 50       		.byte	0x50
 1314 052f 01       		.uleb128 0x1
 1315 0530 31       		.byte	0x31
 1316 0531 00       		.byte	0
 1317 0532 00       		.byte	0
 1318 0533 06       		.uleb128 0x6
 1319 0534 04       		.byte	0x4
 1320 0535 25000000 		.4byte	0x25
 1321 0539 0F       		.uleb128 0xf
 1322 053a 66000000 		.4byte	0x66
 1323 053e 4F050000 		.4byte	0x54f
 1324 0542 10       		.uleb128 0x10
 1325 0543 5F000000 		.4byte	0x5f
 1326 0547 01       		.byte	0x1
 1327 0548 10       		.uleb128 0x10
ARM GAS  C:\Users\legoc\AppData\Local\Temp\cc9pXrvo.s 			page 27


 1328 0549 5F000000 		.4byte	0x5f
 1329 054d 02       		.byte	0x2
 1330 054e 00       		.byte	0
 1331 054f 0F       		.uleb128 0xf
 1332 0550 66000000 		.4byte	0x66
 1333 0554 65050000 		.4byte	0x565
 1334 0558 10       		.uleb128 0x10
 1335 0559 5F000000 		.4byte	0x5f
 1336 055d 01       		.byte	0x1
 1337 055e 10       		.uleb128 0x10
 1338 055f 5F000000 		.4byte	0x5f
 1339 0563 03       		.byte	0x3
 1340 0564 00       		.byte	0
 1341 0565 0F       		.uleb128 0xf
 1342 0566 66000000 		.4byte	0x66
 1343 056a 75050000 		.4byte	0x575
 1344 056e 10       		.uleb128 0x10
 1345 056f 5F000000 		.4byte	0x5f
 1346 0573 04       		.byte	0x4
 1347 0574 00       		.byte	0
 1348 0575 0F       		.uleb128 0xf
 1349 0576 66000000 		.4byte	0x66
 1350 057a 85050000 		.4byte	0x585
 1351 057e 10       		.uleb128 0x10
 1352 057f 5F000000 		.4byte	0x5f
 1353 0583 36       		.byte	0x36
 1354 0584 00       		.byte	0
 1355 0585 0F       		.uleb128 0xf
 1356 0586 66000000 		.4byte	0x66
 1357 058a 95050000 		.4byte	0x595
 1358 058e 10       		.uleb128 0x10
 1359 058f 5F000000 		.4byte	0x5f
 1360 0593 22       		.byte	0x22
 1361 0594 00       		.byte	0
 1362 0595 11       		.uleb128 0x11
 1363 0596 94010000 		.4byte	.LASF33
 1364 059a 01       		.byte	0x1
 1365 059b 7A       		.byte	0x7a
 1366 059c 00000000 		.4byte	.LFB5
 1367 05a0 D4000000 		.4byte	.LFE5-.LFB5
 1368 05a4 01       		.uleb128 0x1
 1369 05a5 9C       		.byte	0x9c
 1370 05a6 CD060000 		.4byte	0x6cd
 1371 05aa 09       		.uleb128 0x9
 1372 05ab 67010000 		.4byte	.LASF19
 1373 05af 01       		.byte	0x1
 1374 05b0 7A       		.byte	0x7a
 1375 05b1 74000000 		.4byte	0x74
 1376 05b5 AA010000 		.4byte	.LLST11
 1377 05b9 12       		.uleb128 0x12
 1378 05ba 496400   		.ascii	"Id\000"
 1379 05bd 01       		.byte	0x1
 1380 05be 7A       		.byte	0x7a
 1381 05bf 25000000 		.4byte	0x25
 1382 05c3 D6010000 		.4byte	.LLST12
 1383 05c7 09       		.uleb128 0x9
 1384 05c8 8E020000 		.4byte	.LASF34
ARM GAS  C:\Users\legoc\AppData\Local\Temp\cc9pXrvo.s 			page 28


 1385 05cc 01       		.byte	0x1
 1386 05cd 7A       		.byte	0x7a
 1387 05ce 58000000 		.4byte	0x58
 1388 05d2 FE010000 		.4byte	.LLST13
 1389 05d6 09       		.uleb128 0x9
 1390 05d7 83010000 		.4byte	.LASF24
 1391 05db 01       		.byte	0x1
 1392 05dc 7A       		.byte	0x7a
 1393 05dd 58000000 		.4byte	0x58
 1394 05e1 1E020000 		.4byte	.LLST14
 1395 05e5 0E       		.uleb128 0xe
 1396 05e6 60000000 		.4byte	.LASF30
 1397 05ea 01       		.byte	0x1
 1398 05eb 7D       		.byte	0x7d
 1399 05ec CD060000 		.4byte	0x6cd
 1400 05f0 02       		.uleb128 0x2
 1401 05f1 91       		.byte	0x91
 1402 05f2 54       		.sleb128 -44
 1403 05f3 13       		.uleb128 0x13
 1404 05f4 56647300 		.ascii	"Vds\000"
 1405 05f8 01       		.byte	0x1
 1406 05f9 7E       		.byte	0x7e
 1407 05fa 25000000 		.4byte	0x25
 1408 05fe 3E020000 		.4byte	.LLST15
 1409 0602 0A       		.uleb128 0xa
 1410 0603 16000000 		.4byte	.LVL54
 1411 0607 B6000000 		.4byte	0xb6
 1412 060b 15060000 		.4byte	0x615
 1413 060f 0B       		.uleb128 0xb
 1414 0610 01       		.uleb128 0x1
 1415 0611 50       		.byte	0x50
 1416 0612 01       		.uleb128 0x1
 1417 0613 32       		.byte	0x32
 1418 0614 00       		.byte	0
 1419 0615 0A       		.uleb128 0xa
 1420 0616 74000000 		.4byte	.LVL66
 1421 061a 59070000 		.4byte	0x759
 1422 061e 32060000 		.4byte	0x632
 1423 0622 0B       		.uleb128 0xb
 1424 0623 01       		.uleb128 0x1
 1425 0624 50       		.byte	0x50
 1426 0625 02       		.uleb128 0x2
 1427 0626 91       		.byte	0x91
 1428 0627 54       		.sleb128 -44
 1429 0628 0B       		.uleb128 0xb
 1430 0629 01       		.uleb128 0x1
 1431 062a 51       		.byte	0x51
 1432 062b 05       		.uleb128 0x5
 1433 062c 03       		.byte	0x3
 1434 062d 94000000 		.4byte	.LC12
 1435 0631 00       		.byte	0
 1436 0632 0A       		.uleb128 0xa
 1437 0633 7C000000 		.4byte	.LVL67
 1438 0637 34020000 		.4byte	0x234
 1439 063b 4C060000 		.4byte	0x64c
 1440 063f 0B       		.uleb128 0xb
 1441 0640 01       		.uleb128 0x1
ARM GAS  C:\Users\legoc\AppData\Local\Temp\cc9pXrvo.s 			page 29


 1442 0641 50       		.byte	0x50
 1443 0642 02       		.uleb128 0x2
 1444 0643 74       		.byte	0x74
 1445 0644 00       		.sleb128 0
 1446 0645 0B       		.uleb128 0xb
 1447 0646 01       		.uleb128 0x1
 1448 0647 51       		.byte	0x51
 1449 0648 02       		.uleb128 0x2
 1450 0649 91       		.byte	0x91
 1451 064a 54       		.sleb128 -44
 1452 064b 00       		.byte	0
 1453 064c 0A       		.uleb128 0xa
 1454 064d 84000000 		.4byte	.LVL68
 1455 0651 34020000 		.4byte	0x234
 1456 0655 69060000 		.4byte	0x669
 1457 0659 0B       		.uleb128 0xb
 1458 065a 01       		.uleb128 0x1
 1459 065b 50       		.byte	0x50
 1460 065c 02       		.uleb128 0x2
 1461 065d 74       		.byte	0x74
 1462 065e 00       		.sleb128 0
 1463 065f 0B       		.uleb128 0xb
 1464 0660 01       		.uleb128 0x1
 1465 0661 51       		.byte	0x51
 1466 0662 05       		.uleb128 0x5
 1467 0663 03       		.byte	0x3
 1468 0664 50000000 		.4byte	.LC11
 1469 0668 00       		.byte	0
 1470 0669 0A       		.uleb128 0xa
 1471 066a 90000000 		.4byte	.LVL69
 1472 066e 59070000 		.4byte	0x759
 1473 0672 86060000 		.4byte	0x686
 1474 0676 0B       		.uleb128 0xb
 1475 0677 01       		.uleb128 0x1
 1476 0678 50       		.byte	0x50
 1477 0679 02       		.uleb128 0x2
 1478 067a 91       		.byte	0x91
 1479 067b 54       		.sleb128 -44
 1480 067c 0B       		.uleb128 0xb
 1481 067d 01       		.uleb128 0x1
 1482 067e 51       		.byte	0x51
 1483 067f 05       		.uleb128 0x5
 1484 0680 03       		.byte	0x3
 1485 0681 98000000 		.4byte	.LC13
 1486 0685 00       		.byte	0
 1487 0686 0A       		.uleb128 0xa
 1488 0687 98000000 		.4byte	.LVL70
 1489 068b 34020000 		.4byte	0x234
 1490 068f A0060000 		.4byte	0x6a0
 1491 0693 0B       		.uleb128 0xb
 1492 0694 01       		.uleb128 0x1
 1493 0695 50       		.byte	0x50
 1494 0696 02       		.uleb128 0x2
 1495 0697 74       		.byte	0x74
 1496 0698 00       		.sleb128 0
 1497 0699 0B       		.uleb128 0xb
 1498 069a 01       		.uleb128 0x1
ARM GAS  C:\Users\legoc\AppData\Local\Temp\cc9pXrvo.s 			page 30


 1499 069b 51       		.byte	0x51
 1500 069c 02       		.uleb128 0x2
 1501 069d 91       		.byte	0x91
 1502 069e 54       		.sleb128 -44
 1503 069f 00       		.byte	0
 1504 06a0 0A       		.uleb128 0xa
 1505 06a1 A0000000 		.4byte	.LVL71
 1506 06a5 34020000 		.4byte	0x234
 1507 06a9 BD060000 		.4byte	0x6bd
 1508 06ad 0B       		.uleb128 0xb
 1509 06ae 01       		.uleb128 0x1
 1510 06af 50       		.byte	0x50
 1511 06b0 02       		.uleb128 0x2
 1512 06b1 74       		.byte	0x74
 1513 06b2 00       		.sleb128 0
 1514 06b3 0B       		.uleb128 0xb
 1515 06b4 01       		.uleb128 0x1
 1516 06b5 51       		.byte	0x51
 1517 06b6 05       		.uleb128 0x5
 1518 06b7 03       		.byte	0x3
 1519 06b8 4C000000 		.4byte	.LC10
 1520 06bc 00       		.byte	0
 1521 06bd 0C       		.uleb128 0xc
 1522 06be A6000000 		.4byte	.LVL72
 1523 06c2 B6000000 		.4byte	0xb6
 1524 06c6 0B       		.uleb128 0xb
 1525 06c7 01       		.uleb128 0x1
 1526 06c8 50       		.byte	0x50
 1527 06c9 01       		.uleb128 0x1
 1528 06ca 31       		.byte	0x31
 1529 06cb 00       		.byte	0
 1530 06cc 00       		.byte	0
 1531 06cd 0F       		.uleb128 0xf
 1532 06ce 66000000 		.4byte	0x66
 1533 06d2 DD060000 		.4byte	0x6dd
 1534 06d6 10       		.uleb128 0x10
 1535 06d7 5F000000 		.4byte	0x5f
 1536 06db 09       		.byte	0x9
 1537 06dc 00       		.byte	0
 1538 06dd 14       		.uleb128 0x14
 1539 06de 48000000 		.4byte	.LASF35
 1540 06e2 04       		.byte	0x4
 1541 06e3 0B       		.byte	0xb
 1542 06e4 51000000 		.4byte	0x51
 1543 06e8 14       		.uleb128 0x14
 1544 06e9 21000000 		.4byte	.LASF36
 1545 06ed 04       		.byte	0x4
 1546 06ee 0F       		.byte	0xf
 1547 06ef 51000000 		.4byte	0x51
 1548 06f3 15       		.uleb128 0x15
 1549 06f4 3F030000 		.4byte	.LASF37
 1550 06f8 3F030000 		.4byte	.LASF37
 1551 06fc 05       		.byte	0x5
 1552 06fd 29       		.byte	0x29
 1553 06fe 15       		.uleb128 0x15
 1554 06ff 9F010000 		.4byte	.LASF38
 1555 0703 9F010000 		.4byte	.LASF38
ARM GAS  C:\Users\legoc\AppData\Local\Temp\cc9pXrvo.s 			page 31


 1556 0707 06       		.byte	0x6
 1557 0708 29       		.byte	0x29
 1558 0709 15       		.uleb128 0x15
 1559 070a DD020000 		.4byte	.LASF39
 1560 070e DD020000 		.4byte	.LASF39
 1561 0712 07       		.byte	0x7
 1562 0713 27       		.byte	0x27
 1563 0714 15       		.uleb128 0x15
 1564 0715 71010000 		.4byte	.LASF40
 1565 0719 71010000 		.4byte	.LASF40
 1566 071d 08       		.byte	0x8
 1567 071e 27       		.byte	0x27
 1568 071f 15       		.uleb128 0x15
 1569 0720 10000000 		.4byte	.LASF41
 1570 0724 10000000 		.4byte	.LASF41
 1571 0728 09       		.byte	0x9
 1572 0729 27       		.byte	0x27
 1573 072a 16       		.uleb128 0x16
 1574 072b BB010000 		.4byte	.LASF42
 1575 072f BB010000 		.4byte	.LASF42
 1576 0733 0A       		.byte	0xa
 1577 0734 3A01     		.2byte	0x13a
 1578 0736 15       		.uleb128 0x15
 1579 0737 5A020000 		.4byte	.LASF43
 1580 073b 5A020000 		.4byte	.LASF43
 1581 073f 0B       		.byte	0xb
 1582 0740 21       		.byte	0x21
 1583 0741 16       		.uleb128 0x16
 1584 0742 C4010000 		.4byte	.LASF44
 1585 0746 C4010000 		.4byte	.LASF44
 1586 074a 0A       		.byte	0xa
 1587 074b 4401     		.2byte	0x144
 1588 074d 16       		.uleb128 0x16
 1589 074e 00000000 		.4byte	.LASF45
 1590 0752 00000000 		.4byte	.LASF45
 1591 0756 0A       		.byte	0xa
 1592 0757 3B01     		.2byte	0x13b
 1593 0759 15       		.uleb128 0x15
 1594 075a 37030000 		.4byte	.LASF46
 1595 075e 37030000 		.4byte	.LASF46
 1596 0762 0C       		.byte	0xc
 1597 0763 E7       		.byte	0xe7
 1598 0764 00       		.byte	0
 1599              		.section	.debug_abbrev,"",%progbits
 1600              	.Ldebug_abbrev0:
 1601 0000 01       		.uleb128 0x1
 1602 0001 11       		.uleb128 0x11
 1603 0002 01       		.byte	0x1
 1604 0003 25       		.uleb128 0x25
 1605 0004 0E       		.uleb128 0xe
 1606 0005 13       		.uleb128 0x13
 1607 0006 0B       		.uleb128 0xb
 1608 0007 03       		.uleb128 0x3
 1609 0008 0E       		.uleb128 0xe
 1610 0009 1B       		.uleb128 0x1b
 1611 000a 0E       		.uleb128 0xe
 1612 000b 55       		.uleb128 0x55
ARM GAS  C:\Users\legoc\AppData\Local\Temp\cc9pXrvo.s 			page 32


 1613 000c 17       		.uleb128 0x17
 1614 000d 11       		.uleb128 0x11
 1615 000e 01       		.uleb128 0x1
 1616 000f 10       		.uleb128 0x10
 1617 0010 17       		.uleb128 0x17
 1618 0011 00       		.byte	0
 1619 0012 00       		.byte	0
 1620 0013 02       		.uleb128 0x2
 1621 0014 24       		.uleb128 0x24
 1622 0015 00       		.byte	0
 1623 0016 0B       		.uleb128 0xb
 1624 0017 0B       		.uleb128 0xb
 1625 0018 3E       		.uleb128 0x3e
 1626 0019 0B       		.uleb128 0xb
 1627 001a 03       		.uleb128 0x3
 1628 001b 0E       		.uleb128 0xe
 1629 001c 00       		.byte	0
 1630 001d 00       		.byte	0
 1631 001e 03       		.uleb128 0x3
 1632 001f 16       		.uleb128 0x16
 1633 0020 00       		.byte	0
 1634 0021 03       		.uleb128 0x3
 1635 0022 0E       		.uleb128 0xe
 1636 0023 3A       		.uleb128 0x3a
 1637 0024 0B       		.uleb128 0xb
 1638 0025 3B       		.uleb128 0x3b
 1639 0026 0B       		.uleb128 0xb
 1640 0027 49       		.uleb128 0x49
 1641 0028 13       		.uleb128 0x13
 1642 0029 00       		.byte	0
 1643 002a 00       		.byte	0
 1644 002b 04       		.uleb128 0x4
 1645 002c 13       		.uleb128 0x13
 1646 002d 00       		.byte	0
 1647 002e 03       		.uleb128 0x3
 1648 002f 0E       		.uleb128 0xe
 1649 0030 3C       		.uleb128 0x3c
 1650 0031 19       		.uleb128 0x19
 1651 0032 00       		.byte	0
 1652 0033 00       		.byte	0
 1653 0034 05       		.uleb128 0x5
 1654 0035 24       		.uleb128 0x24
 1655 0036 00       		.byte	0
 1656 0037 0B       		.uleb128 0xb
 1657 0038 0B       		.uleb128 0xb
 1658 0039 3E       		.uleb128 0x3e
 1659 003a 0B       		.uleb128 0xb
 1660 003b 03       		.uleb128 0x3
 1661 003c 08       		.uleb128 0x8
 1662 003d 00       		.byte	0
 1663 003e 00       		.byte	0
 1664 003f 06       		.uleb128 0x6
 1665 0040 0F       		.uleb128 0xf
 1666 0041 00       		.byte	0
 1667 0042 0B       		.uleb128 0xb
 1668 0043 0B       		.uleb128 0xb
 1669 0044 49       		.uleb128 0x49
ARM GAS  C:\Users\legoc\AppData\Local\Temp\cc9pXrvo.s 			page 33


 1670 0045 13       		.uleb128 0x13
 1671 0046 00       		.byte	0
 1672 0047 00       		.byte	0
 1673 0048 07       		.uleb128 0x7
 1674 0049 16       		.uleb128 0x16
 1675 004a 00       		.byte	0
 1676 004b 03       		.uleb128 0x3
 1677 004c 0E       		.uleb128 0xe
 1678 004d 3A       		.uleb128 0x3a
 1679 004e 0B       		.uleb128 0xb
 1680 004f 3B       		.uleb128 0x3b
 1681 0050 05       		.uleb128 0x5
 1682 0051 49       		.uleb128 0x49
 1683 0052 13       		.uleb128 0x13
 1684 0053 00       		.byte	0
 1685 0054 00       		.byte	0
 1686 0055 08       		.uleb128 0x8
 1687 0056 2E       		.uleb128 0x2e
 1688 0057 01       		.byte	0x1
 1689 0058 3F       		.uleb128 0x3f
 1690 0059 19       		.uleb128 0x19
 1691 005a 03       		.uleb128 0x3
 1692 005b 0E       		.uleb128 0xe
 1693 005c 3A       		.uleb128 0x3a
 1694 005d 0B       		.uleb128 0xb
 1695 005e 3B       		.uleb128 0x3b
 1696 005f 0B       		.uleb128 0xb
 1697 0060 27       		.uleb128 0x27
 1698 0061 19       		.uleb128 0x19
 1699 0062 11       		.uleb128 0x11
 1700 0063 01       		.uleb128 0x1
 1701 0064 12       		.uleb128 0x12
 1702 0065 06       		.uleb128 0x6
 1703 0066 40       		.uleb128 0x40
 1704 0067 18       		.uleb128 0x18
 1705 0068 9742     		.uleb128 0x2117
 1706 006a 19       		.uleb128 0x19
 1707 006b 01       		.uleb128 0x1
 1708 006c 13       		.uleb128 0x13
 1709 006d 00       		.byte	0
 1710 006e 00       		.byte	0
 1711 006f 09       		.uleb128 0x9
 1712 0070 05       		.uleb128 0x5
 1713 0071 00       		.byte	0
 1714 0072 03       		.uleb128 0x3
 1715 0073 0E       		.uleb128 0xe
 1716 0074 3A       		.uleb128 0x3a
 1717 0075 0B       		.uleb128 0xb
 1718 0076 3B       		.uleb128 0x3b
 1719 0077 0B       		.uleb128 0xb
 1720 0078 49       		.uleb128 0x49
 1721 0079 13       		.uleb128 0x13
 1722 007a 02       		.uleb128 0x2
 1723 007b 17       		.uleb128 0x17
 1724 007c 00       		.byte	0
 1725 007d 00       		.byte	0
 1726 007e 0A       		.uleb128 0xa
ARM GAS  C:\Users\legoc\AppData\Local\Temp\cc9pXrvo.s 			page 34


 1727 007f 898201   		.uleb128 0x4109
 1728 0082 01       		.byte	0x1
 1729 0083 11       		.uleb128 0x11
 1730 0084 01       		.uleb128 0x1
 1731 0085 31       		.uleb128 0x31
 1732 0086 13       		.uleb128 0x13
 1733 0087 01       		.uleb128 0x1
 1734 0088 13       		.uleb128 0x13
 1735 0089 00       		.byte	0
 1736 008a 00       		.byte	0
 1737 008b 0B       		.uleb128 0xb
 1738 008c 8A8201   		.uleb128 0x410a
 1739 008f 00       		.byte	0
 1740 0090 02       		.uleb128 0x2
 1741 0091 18       		.uleb128 0x18
 1742 0092 9142     		.uleb128 0x2111
 1743 0094 18       		.uleb128 0x18
 1744 0095 00       		.byte	0
 1745 0096 00       		.byte	0
 1746 0097 0C       		.uleb128 0xc
 1747 0098 898201   		.uleb128 0x4109
 1748 009b 01       		.byte	0x1
 1749 009c 11       		.uleb128 0x11
 1750 009d 01       		.uleb128 0x1
 1751 009e 31       		.uleb128 0x31
 1752 009f 13       		.uleb128 0x13
 1753 00a0 00       		.byte	0
 1754 00a1 00       		.byte	0
 1755 00a2 0D       		.uleb128 0xd
 1756 00a3 34       		.uleb128 0x34
 1757 00a4 00       		.byte	0
 1758 00a5 03       		.uleb128 0x3
 1759 00a6 0E       		.uleb128 0xe
 1760 00a7 3A       		.uleb128 0x3a
 1761 00a8 0B       		.uleb128 0xb
 1762 00a9 3B       		.uleb128 0x3b
 1763 00aa 0B       		.uleb128 0xb
 1764 00ab 49       		.uleb128 0x49
 1765 00ac 13       		.uleb128 0x13
 1766 00ad 02       		.uleb128 0x2
 1767 00ae 17       		.uleb128 0x17
 1768 00af 00       		.byte	0
 1769 00b0 00       		.byte	0
 1770 00b1 0E       		.uleb128 0xe
 1771 00b2 34       		.uleb128 0x34
 1772 00b3 00       		.byte	0
 1773 00b4 03       		.uleb128 0x3
 1774 00b5 0E       		.uleb128 0xe
 1775 00b6 3A       		.uleb128 0x3a
 1776 00b7 0B       		.uleb128 0xb
 1777 00b8 3B       		.uleb128 0x3b
 1778 00b9 0B       		.uleb128 0xb
 1779 00ba 49       		.uleb128 0x49
 1780 00bb 13       		.uleb128 0x13
 1781 00bc 02       		.uleb128 0x2
 1782 00bd 18       		.uleb128 0x18
 1783 00be 00       		.byte	0
ARM GAS  C:\Users\legoc\AppData\Local\Temp\cc9pXrvo.s 			page 35


 1784 00bf 00       		.byte	0
 1785 00c0 0F       		.uleb128 0xf
 1786 00c1 01       		.uleb128 0x1
 1787 00c2 01       		.byte	0x1
 1788 00c3 49       		.uleb128 0x49
 1789 00c4 13       		.uleb128 0x13
 1790 00c5 01       		.uleb128 0x1
 1791 00c6 13       		.uleb128 0x13
 1792 00c7 00       		.byte	0
 1793 00c8 00       		.byte	0
 1794 00c9 10       		.uleb128 0x10
 1795 00ca 21       		.uleb128 0x21
 1796 00cb 00       		.byte	0
 1797 00cc 49       		.uleb128 0x49
 1798 00cd 13       		.uleb128 0x13
 1799 00ce 2F       		.uleb128 0x2f
 1800 00cf 0B       		.uleb128 0xb
 1801 00d0 00       		.byte	0
 1802 00d1 00       		.byte	0
 1803 00d2 11       		.uleb128 0x11
 1804 00d3 2E       		.uleb128 0x2e
 1805 00d4 01       		.byte	0x1
 1806 00d5 3F       		.uleb128 0x3f
 1807 00d6 19       		.uleb128 0x19
 1808 00d7 03       		.uleb128 0x3
 1809 00d8 0E       		.uleb128 0xe
 1810 00d9 3A       		.uleb128 0x3a
 1811 00da 0B       		.uleb128 0xb
 1812 00db 3B       		.uleb128 0x3b
 1813 00dc 0B       		.uleb128 0xb
 1814 00dd 27       		.uleb128 0x27
 1815 00de 19       		.uleb128 0x19
 1816 00df 11       		.uleb128 0x11
 1817 00e0 01       		.uleb128 0x1
 1818 00e1 12       		.uleb128 0x12
 1819 00e2 06       		.uleb128 0x6
 1820 00e3 40       		.uleb128 0x40
 1821 00e4 18       		.uleb128 0x18
 1822 00e5 9642     		.uleb128 0x2116
 1823 00e7 19       		.uleb128 0x19
 1824 00e8 01       		.uleb128 0x1
 1825 00e9 13       		.uleb128 0x13
 1826 00ea 00       		.byte	0
 1827 00eb 00       		.byte	0
 1828 00ec 12       		.uleb128 0x12
 1829 00ed 05       		.uleb128 0x5
 1830 00ee 00       		.byte	0
 1831 00ef 03       		.uleb128 0x3
 1832 00f0 08       		.uleb128 0x8
 1833 00f1 3A       		.uleb128 0x3a
 1834 00f2 0B       		.uleb128 0xb
 1835 00f3 3B       		.uleb128 0x3b
 1836 00f4 0B       		.uleb128 0xb
 1837 00f5 49       		.uleb128 0x49
 1838 00f6 13       		.uleb128 0x13
 1839 00f7 02       		.uleb128 0x2
 1840 00f8 17       		.uleb128 0x17
ARM GAS  C:\Users\legoc\AppData\Local\Temp\cc9pXrvo.s 			page 36


 1841 00f9 00       		.byte	0
 1842 00fa 00       		.byte	0
 1843 00fb 13       		.uleb128 0x13
 1844 00fc 34       		.uleb128 0x34
 1845 00fd 00       		.byte	0
 1846 00fe 03       		.uleb128 0x3
 1847 00ff 08       		.uleb128 0x8
 1848 0100 3A       		.uleb128 0x3a
 1849 0101 0B       		.uleb128 0xb
 1850 0102 3B       		.uleb128 0x3b
 1851 0103 0B       		.uleb128 0xb
 1852 0104 49       		.uleb128 0x49
 1853 0105 13       		.uleb128 0x13
 1854 0106 02       		.uleb128 0x2
 1855 0107 17       		.uleb128 0x17
 1856 0108 00       		.byte	0
 1857 0109 00       		.byte	0
 1858 010a 14       		.uleb128 0x14
 1859 010b 34       		.uleb128 0x34
 1860 010c 00       		.byte	0
 1861 010d 03       		.uleb128 0x3
 1862 010e 0E       		.uleb128 0xe
 1863 010f 3A       		.uleb128 0x3a
 1864 0110 0B       		.uleb128 0xb
 1865 0111 3B       		.uleb128 0x3b
 1866 0112 0B       		.uleb128 0xb
 1867 0113 49       		.uleb128 0x49
 1868 0114 13       		.uleb128 0x13
 1869 0115 3F       		.uleb128 0x3f
 1870 0116 19       		.uleb128 0x19
 1871 0117 3C       		.uleb128 0x3c
 1872 0118 19       		.uleb128 0x19
 1873 0119 00       		.byte	0
 1874 011a 00       		.byte	0
 1875 011b 15       		.uleb128 0x15
 1876 011c 2E       		.uleb128 0x2e
 1877 011d 00       		.byte	0
 1878 011e 3F       		.uleb128 0x3f
 1879 011f 19       		.uleb128 0x19
 1880 0120 3C       		.uleb128 0x3c
 1881 0121 19       		.uleb128 0x19
 1882 0122 6E       		.uleb128 0x6e
 1883 0123 0E       		.uleb128 0xe
 1884 0124 03       		.uleb128 0x3
 1885 0125 0E       		.uleb128 0xe
 1886 0126 3A       		.uleb128 0x3a
 1887 0127 0B       		.uleb128 0xb
 1888 0128 3B       		.uleb128 0x3b
 1889 0129 0B       		.uleb128 0xb
 1890 012a 00       		.byte	0
 1891 012b 00       		.byte	0
 1892 012c 16       		.uleb128 0x16
 1893 012d 2E       		.uleb128 0x2e
 1894 012e 00       		.byte	0
 1895 012f 3F       		.uleb128 0x3f
 1896 0130 19       		.uleb128 0x19
 1897 0131 3C       		.uleb128 0x3c
ARM GAS  C:\Users\legoc\AppData\Local\Temp\cc9pXrvo.s 			page 37


 1898 0132 19       		.uleb128 0x19
 1899 0133 6E       		.uleb128 0x6e
 1900 0134 0E       		.uleb128 0xe
 1901 0135 03       		.uleb128 0x3
 1902 0136 0E       		.uleb128 0xe
 1903 0137 3A       		.uleb128 0x3a
 1904 0138 0B       		.uleb128 0xb
 1905 0139 3B       		.uleb128 0x3b
 1906 013a 05       		.uleb128 0x5
 1907 013b 00       		.byte	0
 1908 013c 00       		.byte	0
 1909 013d 00       		.byte	0
 1910              		.section	.debug_loc,"",%progbits
 1911              	.Ldebug_loc0:
 1912              	.LLST0:
 1913 0000 00000000 		.4byte	.LVL0
 1914 0004 08000000 		.4byte	.LVL1
 1915 0008 0100     		.2byte	0x1
 1916 000a 50       		.byte	0x50
 1917 000b 08000000 		.4byte	.LVL1
 1918 000f 26000000 		.4byte	.LVL7
 1919 0013 0400     		.2byte	0x4
 1920 0015 F3       		.byte	0xf3
 1921 0016 01       		.uleb128 0x1
 1922 0017 50       		.byte	0x50
 1923 0018 9F       		.byte	0x9f
 1924 0019 26000000 		.4byte	.LVL7
 1925 001d 2C000000 		.4byte	.LVL8
 1926 0021 0100     		.2byte	0x1
 1927 0023 50       		.byte	0x50
 1928 0024 2C000000 		.4byte	.LVL8
 1929 0028 4A000000 		.4byte	.LFE1
 1930 002c 0400     		.2byte	0x4
 1931 002e F3       		.byte	0xf3
 1932 002f 01       		.uleb128 0x1
 1933 0030 50       		.byte	0x50
 1934 0031 9F       		.byte	0x9f
 1935 0032 00000000 		.4byte	0
 1936 0036 00000000 		.4byte	0
 1937              	.LLST1:
 1938 003a 00000000 		.4byte	.LVL14
 1939 003e 09000000 		.4byte	.LVL16-1
 1940 0042 0100     		.2byte	0x1
 1941 0044 50       		.byte	0x50
 1942 0045 09000000 		.4byte	.LVL16-1
 1943 0049 28000000 		.4byte	.LFE2
 1944 004d 0400     		.2byte	0x4
 1945 004f F3       		.byte	0xf3
 1946 0050 01       		.uleb128 0x1
 1947 0051 50       		.byte	0x50
 1948 0052 9F       		.byte	0x9f
 1949 0053 00000000 		.4byte	0
 1950 0057 00000000 		.4byte	0
 1951              	.LLST2:
 1952 005b 00000000 		.4byte	.LVL14
 1953 005f 06000000 		.4byte	.LVL15
 1954 0063 0100     		.2byte	0x1
ARM GAS  C:\Users\legoc\AppData\Local\Temp\cc9pXrvo.s 			page 38


 1955 0065 51       		.byte	0x51
 1956 0066 06000000 		.4byte	.LVL15
 1957 006a 24000000 		.4byte	.LVL22
 1958 006e 0100     		.2byte	0x1
 1959 0070 55       		.byte	0x55
 1960 0071 24000000 		.4byte	.LVL22
 1961 0075 28000000 		.4byte	.LFE2
 1962 0079 0400     		.2byte	0x4
 1963 007b F3       		.byte	0xf3
 1964 007c 01       		.uleb128 0x1
 1965 007d 51       		.byte	0x51
 1966 007e 9F       		.byte	0x9f
 1967 007f 00000000 		.4byte	0
 1968 0083 00000000 		.4byte	0
 1969              	.LLST3:
 1970 0087 0C000000 		.4byte	.LVL17
 1971 008b 0E000000 		.4byte	.LVL18
 1972 008f 0100     		.2byte	0x1
 1973 0091 50       		.byte	0x50
 1974 0092 0E000000 		.4byte	.LVL18
 1975 0096 24000000 		.4byte	.LVL22
 1976 009a 0100     		.2byte	0x1
 1977 009c 54       		.byte	0x54
 1978 009d 00000000 		.4byte	0
 1979 00a1 00000000 		.4byte	0
 1980              	.LLST4:
 1981 00a5 00000000 		.4byte	.LVL23
 1982 00a9 09000000 		.4byte	.LVL25-1
 1983 00ad 0100     		.2byte	0x1
 1984 00af 50       		.byte	0x50
 1985 00b0 09000000 		.4byte	.LVL25-1
 1986 00b4 28000000 		.4byte	.LFE3
 1987 00b8 0400     		.2byte	0x4
 1988 00ba F3       		.byte	0xf3
 1989 00bb 01       		.uleb128 0x1
 1990 00bc 50       		.byte	0x50
 1991 00bd 9F       		.byte	0x9f
 1992 00be 00000000 		.4byte	0
 1993 00c2 00000000 		.4byte	0
 1994              	.LLST5:
 1995 00c6 00000000 		.4byte	.LVL23
 1996 00ca 06000000 		.4byte	.LVL24
 1997 00ce 0100     		.2byte	0x1
 1998 00d0 51       		.byte	0x51
 1999 00d1 06000000 		.4byte	.LVL24
 2000 00d5 24000000 		.4byte	.LVL31
 2001 00d9 0100     		.2byte	0x1
 2002 00db 55       		.byte	0x55
 2003 00dc 24000000 		.4byte	.LVL31
 2004 00e0 28000000 		.4byte	.LFE3
 2005 00e4 0400     		.2byte	0x4
 2006 00e6 F3       		.byte	0xf3
 2007 00e7 01       		.uleb128 0x1
 2008 00e8 51       		.byte	0x51
 2009 00e9 9F       		.byte	0x9f
 2010 00ea 00000000 		.4byte	0
 2011 00ee 00000000 		.4byte	0
ARM GAS  C:\Users\legoc\AppData\Local\Temp\cc9pXrvo.s 			page 39


 2012              	.LLST6:
 2013 00f2 0C000000 		.4byte	.LVL26
 2014 00f6 0E000000 		.4byte	.LVL27
 2015 00fa 0100     		.2byte	0x1
 2016 00fc 50       		.byte	0x50
 2017 00fd 0E000000 		.4byte	.LVL27
 2018 0101 24000000 		.4byte	.LVL31
 2019 0105 0100     		.2byte	0x1
 2020 0107 54       		.byte	0x54
 2021 0108 00000000 		.4byte	0
 2022 010c 00000000 		.4byte	0
 2023              	.LLST7:
 2024 0110 00000000 		.4byte	.LVL32
 2025 0114 10000000 		.4byte	.LVL33
 2026 0118 0100     		.2byte	0x1
 2027 011a 50       		.byte	0x50
 2028 011b 10000000 		.4byte	.LVL33
 2029 011f 18010000 		.4byte	.LVL51
 2030 0123 0100     		.2byte	0x1
 2031 0125 56       		.byte	0x56
 2032 0126 18010000 		.4byte	.LVL51
 2033 012a 4C010000 		.4byte	.LFE4
 2034 012e 0400     		.2byte	0x4
 2035 0130 F3       		.byte	0xf3
 2036 0131 01       		.uleb128 0x1
 2037 0132 50       		.byte	0x50
 2038 0133 9F       		.byte	0x9f
 2039 0134 00000000 		.4byte	0
 2040 0138 00000000 		.4byte	0
 2041              	.LLST8:
 2042 013c 00000000 		.4byte	.LVL32
 2043 0140 13000000 		.4byte	.LVL34-1
 2044 0144 0100     		.2byte	0x1
 2045 0146 51       		.byte	0x51
 2046 0147 13000000 		.4byte	.LVL34-1
 2047 014b 4C010000 		.4byte	.LFE4
 2048 014f 0400     		.2byte	0x4
 2049 0151 F3       		.byte	0xf3
 2050 0152 01       		.uleb128 0x1
 2051 0153 51       		.byte	0x51
 2052 0154 9F       		.byte	0x9f
 2053 0155 00000000 		.4byte	0
 2054 0159 00000000 		.4byte	0
 2055              	.LLST9:
 2056 015d 00000000 		.4byte	.LVL32
 2057 0161 13000000 		.4byte	.LVL34-1
 2058 0165 0100     		.2byte	0x1
 2059 0167 52       		.byte	0x52
 2060 0168 13000000 		.4byte	.LVL34-1
 2061 016c 4C010000 		.4byte	.LFE4
 2062 0170 0400     		.2byte	0x4
 2063 0172 F3       		.byte	0xf3
 2064 0173 01       		.uleb128 0x1
 2065 0174 52       		.byte	0x52
 2066 0175 9F       		.byte	0x9f
 2067 0176 00000000 		.4byte	0
 2068 017a 00000000 		.4byte	0
ARM GAS  C:\Users\legoc\AppData\Local\Temp\cc9pXrvo.s 			page 40


 2069              	.LLST10:
 2070 017e 00000000 		.4byte	.LVL32
 2071 0182 13000000 		.4byte	.LVL34-1
 2072 0186 0100     		.2byte	0x1
 2073 0188 53       		.byte	0x53
 2074 0189 13000000 		.4byte	.LVL34-1
 2075 018d C6000000 		.4byte	.LVL42
 2076 0191 0100     		.2byte	0x1
 2077 0193 58       		.byte	0x58
 2078 0194 C6000000 		.4byte	.LVL42
 2079 0198 4C010000 		.4byte	.LFE4
 2080 019c 0400     		.2byte	0x4
 2081 019e F3       		.byte	0xf3
 2082 019f 01       		.uleb128 0x1
 2083 01a0 53       		.byte	0x53
 2084 01a1 9F       		.byte	0x9f
 2085 01a2 00000000 		.4byte	0
 2086 01a6 00000000 		.4byte	0
 2087              	.LLST11:
 2088 01aa 00000000 		.4byte	.LVL52
 2089 01ae 12000000 		.4byte	.LVL53
 2090 01b2 0100     		.2byte	0x1
 2091 01b4 50       		.byte	0x50
 2092 01b5 12000000 		.4byte	.LVL53
 2093 01b9 AC000000 		.4byte	.LVL73
 2094 01bd 0100     		.2byte	0x1
 2095 01bf 54       		.byte	0x54
 2096 01c0 AC000000 		.4byte	.LVL73
 2097 01c4 D4000000 		.4byte	.LFE5
 2098 01c8 0400     		.2byte	0x4
 2099 01ca F3       		.byte	0xf3
 2100 01cb 01       		.uleb128 0x1
 2101 01cc 50       		.byte	0x50
 2102 01cd 9F       		.byte	0x9f
 2103 01ce 00000000 		.4byte	0
 2104 01d2 00000000 		.4byte	0
 2105              	.LLST12:
 2106 01d6 00000000 		.4byte	.LVL52
 2107 01da 15000000 		.4byte	.LVL54-1
 2108 01de 0600     		.2byte	0x6
 2109 01e0 52       		.byte	0x52
 2110 01e1 93       		.byte	0x93
 2111 01e2 04       		.uleb128 0x4
 2112 01e3 53       		.byte	0x53
 2113 01e4 93       		.byte	0x93
 2114 01e5 04       		.uleb128 0x4
 2115 01e6 15000000 		.4byte	.LVL54-1
 2116 01ea D4000000 		.4byte	.LFE5
 2117 01ee 0600     		.2byte	0x6
 2118 01f0 F3       		.byte	0xf3
 2119 01f1 03       		.uleb128 0x3
 2120 01f2 F5       		.byte	0xf5
 2121 01f3 02       		.uleb128 0x2
 2122 01f4 25       		.uleb128 0x25
 2123 01f5 9F       		.byte	0x9f
 2124 01f6 00000000 		.4byte	0
 2125 01fa 00000000 		.4byte	0
ARM GAS  C:\Users\legoc\AppData\Local\Temp\cc9pXrvo.s 			page 41


 2126              	.LLST13:
 2127 01fe 00000000 		.4byte	.LVL52
 2128 0202 AC000000 		.4byte	.LVL73
 2129 0206 0200     		.2byte	0x2
 2130 0208 91       		.byte	0x91
 2131 0209 00       		.sleb128 0
 2132 020a AC000000 		.4byte	.LVL73
 2133 020e D4000000 		.4byte	.LFE5
 2134 0212 0200     		.2byte	0x2
 2135 0214 7D       		.byte	0x7d
 2136 0215 00       		.sleb128 0
 2137 0216 00000000 		.4byte	0
 2138 021a 00000000 		.4byte	0
 2139              	.LLST14:
 2140 021e 00000000 		.4byte	.LVL52
 2141 0222 AC000000 		.4byte	.LVL73
 2142 0226 0200     		.2byte	0x2
 2143 0228 91       		.byte	0x91
 2144 0229 04       		.sleb128 4
 2145 022a AC000000 		.4byte	.LVL73
 2146 022e D4000000 		.4byte	.LFE5
 2147 0232 0200     		.2byte	0x2
 2148 0234 7D       		.byte	0x7d
 2149 0235 04       		.sleb128 4
 2150 0236 00000000 		.4byte	0
 2151 023a 00000000 		.4byte	0
 2152              	.LLST15:
 2153 023e 42000000 		.4byte	.LVL59
 2154 0242 44000000 		.4byte	.LVL60
 2155 0246 0600     		.2byte	0x6
 2156 0248 58       		.byte	0x58
 2157 0249 93       		.byte	0x93
 2158 024a 04       		.uleb128 0x4
 2159 024b 59       		.byte	0x59
 2160 024c 93       		.byte	0x93
 2161 024d 04       		.uleb128 0x4
 2162 024e 68000000 		.4byte	.LVL65
 2163 0252 AC000000 		.4byte	.LVL73
 2164 0256 0600     		.2byte	0x6
 2165 0258 58       		.byte	0x58
 2166 0259 93       		.byte	0x93
 2167 025a 04       		.uleb128 0x4
 2168 025b 59       		.byte	0x59
 2169 025c 93       		.byte	0x93
 2170 025d 04       		.uleb128 0x4
 2171 025e 00000000 		.4byte	0
 2172 0262 00000000 		.4byte	0
 2173              		.section	.debug_aranges,"",%progbits
 2174 0000 3C000000 		.4byte	0x3c
 2175 0004 0200     		.2byte	0x2
 2176 0006 00000000 		.4byte	.Ldebug_info0
 2177 000a 04       		.byte	0x4
 2178 000b 00       		.byte	0
 2179 000c 0000     		.2byte	0
 2180 000e 0000     		.2byte	0
 2181 0010 00000000 		.4byte	.LFB1
 2182 0014 4A000000 		.4byte	.LFE1-.LFB1
ARM GAS  C:\Users\legoc\AppData\Local\Temp\cc9pXrvo.s 			page 42


 2183 0018 00000000 		.4byte	.LFB2
 2184 001c 28000000 		.4byte	.LFE2-.LFB2
 2185 0020 00000000 		.4byte	.LFB3
 2186 0024 28000000 		.4byte	.LFE3-.LFB3
 2187 0028 00000000 		.4byte	.LFB4
 2188 002c 4C010000 		.4byte	.LFE4-.LFB4
 2189 0030 00000000 		.4byte	.LFB5
 2190 0034 D4000000 		.4byte	.LFE5-.LFB5
 2191 0038 00000000 		.4byte	0
 2192 003c 00000000 		.4byte	0
 2193              		.section	.debug_ranges,"",%progbits
 2194              	.Ldebug_ranges0:
 2195 0000 00000000 		.4byte	.LFB1
 2196 0004 4A000000 		.4byte	.LFE1
 2197 0008 00000000 		.4byte	.LFB2
 2198 000c 28000000 		.4byte	.LFE2
 2199 0010 00000000 		.4byte	.LFB3
 2200 0014 28000000 		.4byte	.LFE3
 2201 0018 00000000 		.4byte	.LFB4
 2202 001c 4C010000 		.4byte	.LFE4
 2203 0020 00000000 		.4byte	.LFB5
 2204 0024 D4000000 		.4byte	.LFE5
 2205 0028 00000000 		.4byte	0
 2206 002c 00000000 		.4byte	0
 2207              		.section	.debug_line,"",%progbits
 2208              	.Ldebug_line0:
 2209 0000 C2010000 		.section	.debug_str,"MS",%progbits,1
 2209      02003501 
 2209      00000201 
 2209      FB0E0D00 
 2209      01010101 
 2210              	.LASF45:
 2211 0000 46535F46 		.ascii	"FS_FClose\000"
 2211      436C6F73 
 2211      6500
 2212              	.LASF15:
 2213 000a 666C6F61 		.ascii	"float\000"
 2213      7400
 2214              	.LASF41:
 2215 0010 434C4B5F 		.ascii	"CLK_SetDriveMode\000"
 2215      53657444 
 2215      72697665 
 2215      4D6F6465 
 2215      00
 2216              	.LASF36:
 2217 0021 636F6F6C 		.ascii	"cooldown_time\000"
 2217      646F776E 
 2217      5F74696D 
 2217      6500
 2218              	.LASF3:
 2219 002f 756E7369 		.ascii	"unsigned int\000"
 2219      676E6564 
 2219      20696E74 
 2219      00
 2220              	.LASF0:
 2221 003c 646F7562 		.ascii	"double\000"
 2221      6C6500
ARM GAS  C:\Users\legoc\AppData\Local\Temp\cc9pXrvo.s 			page 43


 2222              	.LASF20:
 2223 0043 74657874 		.ascii	"text\000"
 2223      00
 2224              	.LASF35:
 2225 0048 6E756D5F 		.ascii	"num_avg\000"
 2225      61766700 
 2226              	.LASF22:
 2227 0050 7046696C 		.ascii	"pFile\000"
 2227      6500
 2228              	.LASF18:
 2229 0056 73656C65 		.ascii	"selection\000"
 2229      6374696F 
 2229      6E00
 2230              	.LASF30:
 2231 0060 74656D70 		.ascii	"temp_str\000"
 2231      5F737472 
 2231      00
 2232              	.LASF16:
 2233 0069 7370695F 		.ascii	"spi_device_select\000"
 2233      64657669 
 2233      63655F73 
 2233      656C6563 
 2233      7400
 2234              	.LASF32:
 2235 007b 6F707469 		.ascii	"options_str\000"
 2235      6F6E735F 
 2235      73747200 
 2236              	.LASF4:
 2237 0087 756E7369 		.ascii	"unsigned char\000"
 2237      676E6564 
 2237      20636861 
 2237      7200
 2238              	.LASF47:
 2239 0095 474E5520 		.ascii	"GNU C11 5.4.1 20160609 (release) [ARM/embedded-5-br"
 2239      43313120 
 2239      352E342E 
 2239      31203230 
 2239      31363036 
 2240 00c8 616E6368 		.ascii	"anch revision 237715] -mcpu=cortex-m3 -mthumb -g -O"
 2240      20726576 
 2240      6973696F 
 2240      6E203233 
 2240      37373135 
 2241 00fb 67202D66 		.ascii	"g -ffunction-sections -ffat-lto-objects\000"
 2241      66756E63 
 2241      74696F6E 
 2241      2D736563 
 2241      74696F6E 
 2242              	.LASF26:
 2243 0123 5667735F 		.ascii	"Vgs_double\000"
 2243      646F7562 
 2243      6C6500
 2244              	.LASF2:
 2245 012e 6C6F6E67 		.ascii	"long unsigned int\000"
 2245      20756E73 
 2245      69676E65 
 2245      6420696E 
ARM GAS  C:\Users\legoc\AppData\Local\Temp\cc9pXrvo.s 			page 44


 2245      7400
 2246              	.LASF28:
 2247 0140 785F6C61 		.ascii	"x_label\000"
 2247      62656C00 
 2248              	.LASF1:
 2249 0148 73686F72 		.ascii	"short unsigned int\000"
 2249      7420756E 
 2249      7369676E 
 2249      65642069 
 2249      6E7400
 2250              	.LASF21:
 2251 015b 61707065 		.ascii	"append_file\000"
 2251      6E645F66 
 2251      696C6500 
 2252              	.LASF19:
 2253 0167 66696C65 		.ascii	"file_name\000"
 2253      5F6E616D 
 2253      6500
 2254              	.LASF40:
 2255 0171 4D49534F 		.ascii	"MISO_SetDriveMode\000"
 2255      5F536574 
 2255      44726976 
 2255      654D6F64 
 2255      6500
 2256              	.LASF24:
 2257 0183 64657669 		.ascii	"device_selection\000"
 2257      63655F73 
 2257      656C6563 
 2257      74696F6E 
 2257      00
 2258              	.LASF33:
 2259 0194 77726974 		.ascii	"write_data\000"
 2259      655F6461 
 2259      746100
 2260              	.LASF38:
 2261 019f 656D4669 		.ascii	"emFile_1_sclk0_SetDriveMode\000"
 2261      6C655F31 
 2261      5F73636C 
 2261      6B305F53 
 2261      65744472 
 2262              	.LASF42:
 2263 01bb 46535F46 		.ascii	"FS_FOpen\000"
 2263      4F70656E 
 2263      00
 2264              	.LASF44:
 2265 01c4 46535F57 		.ascii	"FS_Write\000"
 2265      72697465 
 2265      00
 2266              	.LASF48:
 2267 01cd 73642E63 		.ascii	"sd.c\000"
 2267      00
 2268              	.LASF7:
 2269 01d2 73686F72 		.ascii	"short int\000"
 2269      7420696E 
 2269      7400
 2270              	.LASF49:
 2271 01dc 433A5C55 		.ascii	"C:\\Users\\legoc\\Documents\\School\\Senior Year\\S"
ARM GAS  C:\Users\legoc\AppData\Local\Temp\cc9pXrvo.s 			page 45


 2271      73657273 
 2271      5C6C6567 
 2271      6F635C44 
 2271      6F63756D 
 2272 0209 656E696F 		.ascii	"enior Project\\Senior Project Integrated\\Senior Pr"
 2272      72205072 
 2272      6F6A6563 
 2272      745C5365 
 2272      6E696F72 
 2273 023a 6F6A6563 		.ascii	"oject Integrated\\Design01.cydsn\000"
 2273      7420496E 
 2273      74656772 
 2273      61746564 
 2273      5C446573 
 2274              	.LASF43:
 2275 025a 7374726C 		.ascii	"strlen\000"
 2275      656E00
 2276              	.LASF17:
 2277 0261 63726561 		.ascii	"create_file_with_text\000"
 2277      74655F66 
 2277      696C655F 
 2277      77697468 
 2277      5F746578 
 2278              	.LASF12:
 2279 0277 6C6F6E67 		.ascii	"long long unsigned int\000"
 2279      206C6F6E 
 2279      6720756E 
 2279      7369676E 
 2279      65642069 
 2280              	.LASF34:
 2281 028e 5664735F 		.ascii	"Vds_code\000"
 2281      636F6465 
 2281      00
 2282              	.LASF13:
 2283 0297 46535F46 		.ascii	"FS_FILE\000"
 2283      494C4500 
 2284              	.LASF5:
 2285 029f 73697A65 		.ascii	"sizetype\000"
 2285      74797065 
 2285      00
 2286              	.LASF25:
 2287 02a8 63757276 		.ascii	"curve_num\000"
 2287      655F6E75 
 2287      6D00
 2288              	.LASF9:
 2289 02b2 6C6F6E67 		.ascii	"long long int\000"
 2289      206C6F6E 
 2289      6720696E 
 2289      7400
 2290              	.LASF6:
 2291 02c0 63686172 		.ascii	"char\000"
 2291      00
 2292              	.LASF23:
 2293 02c5 77726974 		.ascii	"write_header_info\000"
 2293      655F6865 
 2293      61646572 
 2293      5F696E66 
ARM GAS  C:\Users\legoc\AppData\Local\Temp\cc9pXrvo.s 			page 46


 2293      6F00
 2294              	.LASF14:
 2295 02d7 75696E74 		.ascii	"uint8\000"
 2295      3800
 2296              	.LASF39:
 2297 02dd 4D4F5349 		.ascii	"MOSI_SetDriveMode\000"
 2297      5F536574 
 2297      44726976 
 2297      654D6F64 
 2297      6500
 2298              	.LASF29:
 2299 02ef 6C656765 		.ascii	"legend_label\000"
 2299      6E645F6C 
 2299      6162656C 
 2299      00
 2300              	.LASF8:
 2301 02fc 6C6F6E67 		.ascii	"long int\000"
 2301      20696E74 
 2301      00
 2302              	.LASF10:
 2303 0305 6C6F6E67 		.ascii	"long double\000"
 2303      20646F75 
 2303      626C6500 
 2304              	.LASF11:
 2305 0311 7369676E 		.ascii	"signed char\000"
 2305      65642063 
 2305      68617200 
 2306              	.LASF27:
 2307 031d 795F6C61 		.ascii	"y_label\000"
 2307      62656C00 
 2308              	.LASF31:
 2309 0325 62656769 		.ascii	"beginning_message\000"
 2309      6E6E696E 
 2309      675F6D65 
 2309      73736167 
 2309      6500
 2310              	.LASF46:
 2311 0337 73707269 		.ascii	"sprintf\000"
 2311      6E746600 
 2312              	.LASF37:
 2313 033f 656D4669 		.ascii	"emFile_1_mosi0_SetDriveMode\000"
 2313      6C655F31 
 2313      5F6D6F73 
 2313      69305F53 
 2313      65744472 
 2314              		.ident	"GCC: (GNU Tools for ARM Embedded Processors) 5.4.1 20160609 (release) [ARM/embedded-5-bran
