ARM GAS  C:\Users\legoc\AppData\Local\Temp\ccL3RfGh.s 			page 1


   1              		.syntax unified
   2              		.cpu cortex-m3
   3              		.fpu softvfp
   4              		.eabi_attribute 20, 1
   5              		.eabi_attribute 21, 1
   6              		.eabi_attribute 23, 3
   7              		.eabi_attribute 24, 1
   8              		.eabi_attribute 25, 1
   9              		.eabi_attribute 26, 1
  10              		.eabi_attribute 30, 2
  11              		.eabi_attribute 34, 1
  12              		.eabi_attribute 18, 4
  13              		.thumb
  14              		.syntax unified
  15              		.file	"VDAC8_GS.c"
  16              		.text
  17              	.Ltext0:
  18              		.cfi_sections	.debug_frame
  19              		.section	.text.VDAC8_GS_Init,"ax",%progbits
  20              		.align	2
  21              		.global	VDAC8_GS_Init
  22              		.thumb
  23              		.thumb_func
  24              		.type	VDAC8_GS_Init, %function
  25              	VDAC8_GS_Init:
  26              	.LFB0:
  27              		.file 1 "Generated_Source\\PSoC5\\VDAC8_GS.c"
   1:Generated_Source\PSoC5/VDAC8_GS.c **** /*******************************************************************************
   2:Generated_Source\PSoC5/VDAC8_GS.c **** * File Name: VDAC8_GS.c  
   3:Generated_Source\PSoC5/VDAC8_GS.c **** * Version 1.90
   4:Generated_Source\PSoC5/VDAC8_GS.c **** *
   5:Generated_Source\PSoC5/VDAC8_GS.c **** * Description:
   6:Generated_Source\PSoC5/VDAC8_GS.c **** *  This file provides the source code to the API for the 8-bit Voltage DAC 
   7:Generated_Source\PSoC5/VDAC8_GS.c **** *  (VDAC8) User Module.
   8:Generated_Source\PSoC5/VDAC8_GS.c **** *
   9:Generated_Source\PSoC5/VDAC8_GS.c **** * Note:
  10:Generated_Source\PSoC5/VDAC8_GS.c **** *  Any unusual or non-standard behavior should be noted here. Other-
  11:Generated_Source\PSoC5/VDAC8_GS.c **** *  wise, this section should remain blank.
  12:Generated_Source\PSoC5/VDAC8_GS.c **** *
  13:Generated_Source\PSoC5/VDAC8_GS.c **** ********************************************************************************
  14:Generated_Source\PSoC5/VDAC8_GS.c **** * Copyright 2008-2012, Cypress Semiconductor Corporation.  All rights reserved.
  15:Generated_Source\PSoC5/VDAC8_GS.c **** * You may use this file only in accordance with the license, terms, conditions, 
  16:Generated_Source\PSoC5/VDAC8_GS.c **** * disclaimers, and limitations in the end user license agreement accompanying 
  17:Generated_Source\PSoC5/VDAC8_GS.c **** * the software package with which this file was provided.
  18:Generated_Source\PSoC5/VDAC8_GS.c **** *******************************************************************************/
  19:Generated_Source\PSoC5/VDAC8_GS.c **** 
  20:Generated_Source\PSoC5/VDAC8_GS.c **** #include "cytypes.h"
  21:Generated_Source\PSoC5/VDAC8_GS.c **** #include "VDAC8_GS.h"
  22:Generated_Source\PSoC5/VDAC8_GS.c **** 
  23:Generated_Source\PSoC5/VDAC8_GS.c **** #if (CY_PSOC5A)
  24:Generated_Source\PSoC5/VDAC8_GS.c **** #include <CyLib.h>
  25:Generated_Source\PSoC5/VDAC8_GS.c **** #endif /* CY_PSOC5A */
  26:Generated_Source\PSoC5/VDAC8_GS.c **** 
  27:Generated_Source\PSoC5/VDAC8_GS.c **** uint8 VDAC8_GS_initVar = 0u;
  28:Generated_Source\PSoC5/VDAC8_GS.c **** 
  29:Generated_Source\PSoC5/VDAC8_GS.c **** #if (CY_PSOC5A)
  30:Generated_Source\PSoC5/VDAC8_GS.c ****     static uint8 VDAC8_GS_restoreVal = 0u;
ARM GAS  C:\Users\legoc\AppData\Local\Temp\ccL3RfGh.s 			page 2


  31:Generated_Source\PSoC5/VDAC8_GS.c **** #endif /* CY_PSOC5A */
  32:Generated_Source\PSoC5/VDAC8_GS.c **** 
  33:Generated_Source\PSoC5/VDAC8_GS.c **** #if (CY_PSOC5A)
  34:Generated_Source\PSoC5/VDAC8_GS.c ****     static VDAC8_GS_backupStruct VDAC8_GS_backup;
  35:Generated_Source\PSoC5/VDAC8_GS.c **** #endif /* CY_PSOC5A */
  36:Generated_Source\PSoC5/VDAC8_GS.c **** 
  37:Generated_Source\PSoC5/VDAC8_GS.c **** 
  38:Generated_Source\PSoC5/VDAC8_GS.c **** /*******************************************************************************
  39:Generated_Source\PSoC5/VDAC8_GS.c **** * Function Name: VDAC8_GS_Init
  40:Generated_Source\PSoC5/VDAC8_GS.c **** ********************************************************************************
  41:Generated_Source\PSoC5/VDAC8_GS.c **** * Summary:
  42:Generated_Source\PSoC5/VDAC8_GS.c **** *  Initialize to the schematic state.
  43:Generated_Source\PSoC5/VDAC8_GS.c **** * 
  44:Generated_Source\PSoC5/VDAC8_GS.c **** * Parameters:
  45:Generated_Source\PSoC5/VDAC8_GS.c **** *  void:
  46:Generated_Source\PSoC5/VDAC8_GS.c **** *
  47:Generated_Source\PSoC5/VDAC8_GS.c **** * Return:
  48:Generated_Source\PSoC5/VDAC8_GS.c **** *  void
  49:Generated_Source\PSoC5/VDAC8_GS.c **** *
  50:Generated_Source\PSoC5/VDAC8_GS.c **** * Theory:
  51:Generated_Source\PSoC5/VDAC8_GS.c **** *
  52:Generated_Source\PSoC5/VDAC8_GS.c **** * Side Effects:
  53:Generated_Source\PSoC5/VDAC8_GS.c **** *
  54:Generated_Source\PSoC5/VDAC8_GS.c **** *******************************************************************************/
  55:Generated_Source\PSoC5/VDAC8_GS.c **** void VDAC8_GS_Init(void) 
  56:Generated_Source\PSoC5/VDAC8_GS.c **** {
  28              		.loc 1 56 0
  29              		.cfi_startproc
  30              		@ args = 0, pretend = 0, frame = 0
  31              		@ frame_needed = 0, uses_anonymous_args = 0
  32              		@ link register save eliminated.
  57:Generated_Source\PSoC5/VDAC8_GS.c ****     VDAC8_GS_CR0 = (VDAC8_GS_MODE_V );
  33              		.loc 1 57 0
  34 0000 104B     		ldr	r3, .L2
  58:Generated_Source\PSoC5/VDAC8_GS.c **** 
  59:Generated_Source\PSoC5/VDAC8_GS.c ****     /* Set default data source */
  60:Generated_Source\PSoC5/VDAC8_GS.c ****     #if(VDAC8_GS_DEFAULT_DATA_SRC != 0 )
  61:Generated_Source\PSoC5/VDAC8_GS.c ****         VDAC8_GS_CR1 = (VDAC8_GS_DEFAULT_CNTL | VDAC8_GS_DACBUS_ENABLE) ;
  62:Generated_Source\PSoC5/VDAC8_GS.c ****     #else
  63:Generated_Source\PSoC5/VDAC8_GS.c ****         VDAC8_GS_CR1 = (VDAC8_GS_DEFAULT_CNTL | VDAC8_GS_DACBUS_DISABLE) ;
  35              		.loc 1 63 0
  36 0002 1149     		ldr	r1, .L2+4
  57:Generated_Source\PSoC5/VDAC8_GS.c ****     VDAC8_GS_CR0 = (VDAC8_GS_MODE_V );
  37              		.loc 1 57 0
  38 0004 0022     		movs	r2, #0
  39 0006 1A70     		strb	r2, [r3]
  40              		.loc 1 63 0
  41 0008 0A70     		strb	r2, [r1]
  42              	.LVL0:
  43              	.LBB20:
  44              	.LBB21:
  64:Generated_Source\PSoC5/VDAC8_GS.c ****     #endif /* (VDAC8_GS_DEFAULT_DATA_SRC != 0 ) */
  65:Generated_Source\PSoC5/VDAC8_GS.c **** 
  66:Generated_Source\PSoC5/VDAC8_GS.c ****     /* Set default strobe mode */
  67:Generated_Source\PSoC5/VDAC8_GS.c ****     #if(VDAC8_GS_DEFAULT_STRB != 0)
  68:Generated_Source\PSoC5/VDAC8_GS.c ****         VDAC8_GS_Strobe |= VDAC8_GS_STRB_EN ;
  69:Generated_Source\PSoC5/VDAC8_GS.c ****     #endif/* (VDAC8_GS_DEFAULT_STRB != 0) */
ARM GAS  C:\Users\legoc\AppData\Local\Temp\ccL3RfGh.s 			page 3


  70:Generated_Source\PSoC5/VDAC8_GS.c **** 
  71:Generated_Source\PSoC5/VDAC8_GS.c ****     /* Set default range */
  72:Generated_Source\PSoC5/VDAC8_GS.c ****     VDAC8_GS_SetRange(VDAC8_GS_DEFAULT_RANGE); 
  73:Generated_Source\PSoC5/VDAC8_GS.c **** 
  74:Generated_Source\PSoC5/VDAC8_GS.c ****     /* Set default speed */
  75:Generated_Source\PSoC5/VDAC8_GS.c ****     VDAC8_GS_SetSpeed(VDAC8_GS_DEFAULT_SPEED);
  76:Generated_Source\PSoC5/VDAC8_GS.c **** }
  77:Generated_Source\PSoC5/VDAC8_GS.c **** 
  78:Generated_Source\PSoC5/VDAC8_GS.c **** 
  79:Generated_Source\PSoC5/VDAC8_GS.c **** /*******************************************************************************
  80:Generated_Source\PSoC5/VDAC8_GS.c **** * Function Name: VDAC8_GS_Enable
  81:Generated_Source\PSoC5/VDAC8_GS.c **** ********************************************************************************
  82:Generated_Source\PSoC5/VDAC8_GS.c **** * Summary:
  83:Generated_Source\PSoC5/VDAC8_GS.c **** *  Enable the VDAC8
  84:Generated_Source\PSoC5/VDAC8_GS.c **** * 
  85:Generated_Source\PSoC5/VDAC8_GS.c **** * Parameters:
  86:Generated_Source\PSoC5/VDAC8_GS.c **** *  void
  87:Generated_Source\PSoC5/VDAC8_GS.c **** *
  88:Generated_Source\PSoC5/VDAC8_GS.c **** * Return:
  89:Generated_Source\PSoC5/VDAC8_GS.c **** *  void
  90:Generated_Source\PSoC5/VDAC8_GS.c **** *
  91:Generated_Source\PSoC5/VDAC8_GS.c **** * Theory:
  92:Generated_Source\PSoC5/VDAC8_GS.c **** *
  93:Generated_Source\PSoC5/VDAC8_GS.c **** * Side Effects:
  94:Generated_Source\PSoC5/VDAC8_GS.c **** *
  95:Generated_Source\PSoC5/VDAC8_GS.c **** *******************************************************************************/
  96:Generated_Source\PSoC5/VDAC8_GS.c **** void VDAC8_GS_Enable(void) 
  97:Generated_Source\PSoC5/VDAC8_GS.c **** {
  98:Generated_Source\PSoC5/VDAC8_GS.c ****     VDAC8_GS_PWRMGR |= VDAC8_GS_ACT_PWR_EN;
  99:Generated_Source\PSoC5/VDAC8_GS.c ****     VDAC8_GS_STBY_PWRMGR |= VDAC8_GS_STBY_PWR_EN;
 100:Generated_Source\PSoC5/VDAC8_GS.c **** 
 101:Generated_Source\PSoC5/VDAC8_GS.c ****     /*This is to restore the value of register CR0 ,
 102:Generated_Source\PSoC5/VDAC8_GS.c ****     which is modified  in Stop API , this prevents misbehaviour of VDAC */
 103:Generated_Source\PSoC5/VDAC8_GS.c ****     #if (CY_PSOC5A)
 104:Generated_Source\PSoC5/VDAC8_GS.c ****         if(VDAC8_GS_restoreVal == 1u) 
 105:Generated_Source\PSoC5/VDAC8_GS.c ****         {
 106:Generated_Source\PSoC5/VDAC8_GS.c ****              VDAC8_GS_CR0 = VDAC8_GS_backup.data_value;
 107:Generated_Source\PSoC5/VDAC8_GS.c ****              VDAC8_GS_restoreVal = 0u;
 108:Generated_Source\PSoC5/VDAC8_GS.c ****         }
 109:Generated_Source\PSoC5/VDAC8_GS.c ****     #endif /* CY_PSOC5A */
 110:Generated_Source\PSoC5/VDAC8_GS.c **** }
 111:Generated_Source\PSoC5/VDAC8_GS.c **** 
 112:Generated_Source\PSoC5/VDAC8_GS.c **** 
 113:Generated_Source\PSoC5/VDAC8_GS.c **** /*******************************************************************************
 114:Generated_Source\PSoC5/VDAC8_GS.c **** * Function Name: VDAC8_GS_Start
 115:Generated_Source\PSoC5/VDAC8_GS.c **** ********************************************************************************
 116:Generated_Source\PSoC5/VDAC8_GS.c **** *
 117:Generated_Source\PSoC5/VDAC8_GS.c **** * Summary:
 118:Generated_Source\PSoC5/VDAC8_GS.c **** *  The start function initializes the voltage DAC with the default values, 
 119:Generated_Source\PSoC5/VDAC8_GS.c **** *  and sets the power to the given level.  A power level of 0, is the same as
 120:Generated_Source\PSoC5/VDAC8_GS.c **** *  executing the stop function.
 121:Generated_Source\PSoC5/VDAC8_GS.c **** *
 122:Generated_Source\PSoC5/VDAC8_GS.c **** * Parameters:
 123:Generated_Source\PSoC5/VDAC8_GS.c **** *  Power: Sets power level between off (0) and (3) high power
 124:Generated_Source\PSoC5/VDAC8_GS.c **** *
 125:Generated_Source\PSoC5/VDAC8_GS.c **** * Return:
 126:Generated_Source\PSoC5/VDAC8_GS.c **** *  void 
ARM GAS  C:\Users\legoc\AppData\Local\Temp\ccL3RfGh.s 			page 4


 127:Generated_Source\PSoC5/VDAC8_GS.c **** *
 128:Generated_Source\PSoC5/VDAC8_GS.c **** * Global variables:
 129:Generated_Source\PSoC5/VDAC8_GS.c **** *  VDAC8_GS_initVar: Is modified when this function is called for the 
 130:Generated_Source\PSoC5/VDAC8_GS.c **** *  first time. Is used to ensure that initialization happens only once.
 131:Generated_Source\PSoC5/VDAC8_GS.c **** *
 132:Generated_Source\PSoC5/VDAC8_GS.c **** *******************************************************************************/
 133:Generated_Source\PSoC5/VDAC8_GS.c **** void VDAC8_GS_Start(void)  
 134:Generated_Source\PSoC5/VDAC8_GS.c **** {
 135:Generated_Source\PSoC5/VDAC8_GS.c ****     /* Hardware initiazation only needs to occure the first time */
 136:Generated_Source\PSoC5/VDAC8_GS.c ****     if(VDAC8_GS_initVar == 0u)
 137:Generated_Source\PSoC5/VDAC8_GS.c ****     { 
 138:Generated_Source\PSoC5/VDAC8_GS.c ****         VDAC8_GS_Init();
 139:Generated_Source\PSoC5/VDAC8_GS.c ****         VDAC8_GS_initVar = 1u;
 140:Generated_Source\PSoC5/VDAC8_GS.c ****     }
 141:Generated_Source\PSoC5/VDAC8_GS.c **** 
 142:Generated_Source\PSoC5/VDAC8_GS.c ****     /* Enable power to DAC */
 143:Generated_Source\PSoC5/VDAC8_GS.c ****     VDAC8_GS_Enable();
 144:Generated_Source\PSoC5/VDAC8_GS.c **** 
 145:Generated_Source\PSoC5/VDAC8_GS.c ****     /* Set default value */
 146:Generated_Source\PSoC5/VDAC8_GS.c ****     VDAC8_GS_SetValue(VDAC8_GS_DEFAULT_DATA); 
 147:Generated_Source\PSoC5/VDAC8_GS.c **** }
 148:Generated_Source\PSoC5/VDAC8_GS.c **** 
 149:Generated_Source\PSoC5/VDAC8_GS.c **** 
 150:Generated_Source\PSoC5/VDAC8_GS.c **** /*******************************************************************************
 151:Generated_Source\PSoC5/VDAC8_GS.c **** * Function Name: VDAC8_GS_Stop
 152:Generated_Source\PSoC5/VDAC8_GS.c **** ********************************************************************************
 153:Generated_Source\PSoC5/VDAC8_GS.c **** *
 154:Generated_Source\PSoC5/VDAC8_GS.c **** * Summary:
 155:Generated_Source\PSoC5/VDAC8_GS.c **** *  Powers down DAC to lowest power state.
 156:Generated_Source\PSoC5/VDAC8_GS.c **** *
 157:Generated_Source\PSoC5/VDAC8_GS.c **** * Parameters:
 158:Generated_Source\PSoC5/VDAC8_GS.c **** *  void
 159:Generated_Source\PSoC5/VDAC8_GS.c **** *
 160:Generated_Source\PSoC5/VDAC8_GS.c **** * Return:
 161:Generated_Source\PSoC5/VDAC8_GS.c **** *  void
 162:Generated_Source\PSoC5/VDAC8_GS.c **** *
 163:Generated_Source\PSoC5/VDAC8_GS.c **** * Theory:
 164:Generated_Source\PSoC5/VDAC8_GS.c **** *
 165:Generated_Source\PSoC5/VDAC8_GS.c **** * Side Effects:
 166:Generated_Source\PSoC5/VDAC8_GS.c **** *
 167:Generated_Source\PSoC5/VDAC8_GS.c **** *******************************************************************************/
 168:Generated_Source\PSoC5/VDAC8_GS.c **** void VDAC8_GS_Stop(void) 
 169:Generated_Source\PSoC5/VDAC8_GS.c **** {
 170:Generated_Source\PSoC5/VDAC8_GS.c ****     /* Disble power to DAC */
 171:Generated_Source\PSoC5/VDAC8_GS.c ****     VDAC8_GS_PWRMGR &= (uint8)(~VDAC8_GS_ACT_PWR_EN);
 172:Generated_Source\PSoC5/VDAC8_GS.c ****     VDAC8_GS_STBY_PWRMGR &= (uint8)(~VDAC8_GS_STBY_PWR_EN);
 173:Generated_Source\PSoC5/VDAC8_GS.c **** 
 174:Generated_Source\PSoC5/VDAC8_GS.c ****     /* This is a work around for PSoC5A  ,
 175:Generated_Source\PSoC5/VDAC8_GS.c ****     this sets VDAC to current mode with output off */
 176:Generated_Source\PSoC5/VDAC8_GS.c ****     #if (CY_PSOC5A)
 177:Generated_Source\PSoC5/VDAC8_GS.c ****         VDAC8_GS_backup.data_value = VDAC8_GS_CR0;
 178:Generated_Source\PSoC5/VDAC8_GS.c ****         VDAC8_GS_CR0 = VDAC8_GS_CUR_MODE_OUT_OFF;
 179:Generated_Source\PSoC5/VDAC8_GS.c ****         VDAC8_GS_restoreVal = 1u;
 180:Generated_Source\PSoC5/VDAC8_GS.c ****     #endif /* CY_PSOC5A */
 181:Generated_Source\PSoC5/VDAC8_GS.c **** }
 182:Generated_Source\PSoC5/VDAC8_GS.c **** 
 183:Generated_Source\PSoC5/VDAC8_GS.c **** 
ARM GAS  C:\Users\legoc\AppData\Local\Temp\ccL3RfGh.s 			page 5


 184:Generated_Source\PSoC5/VDAC8_GS.c **** /*******************************************************************************
 185:Generated_Source\PSoC5/VDAC8_GS.c **** * Function Name: VDAC8_GS_SetSpeed
 186:Generated_Source\PSoC5/VDAC8_GS.c **** ********************************************************************************
 187:Generated_Source\PSoC5/VDAC8_GS.c **** *
 188:Generated_Source\PSoC5/VDAC8_GS.c **** * Summary:
 189:Generated_Source\PSoC5/VDAC8_GS.c **** *  Set DAC speed
 190:Generated_Source\PSoC5/VDAC8_GS.c **** *
 191:Generated_Source\PSoC5/VDAC8_GS.c **** * Parameters:
 192:Generated_Source\PSoC5/VDAC8_GS.c **** *  power: Sets speed value
 193:Generated_Source\PSoC5/VDAC8_GS.c **** *
 194:Generated_Source\PSoC5/VDAC8_GS.c **** * Return:
 195:Generated_Source\PSoC5/VDAC8_GS.c **** *  void
 196:Generated_Source\PSoC5/VDAC8_GS.c **** *
 197:Generated_Source\PSoC5/VDAC8_GS.c **** * Theory:
 198:Generated_Source\PSoC5/VDAC8_GS.c **** *
 199:Generated_Source\PSoC5/VDAC8_GS.c **** * Side Effects:
 200:Generated_Source\PSoC5/VDAC8_GS.c **** *
 201:Generated_Source\PSoC5/VDAC8_GS.c **** *******************************************************************************/
 202:Generated_Source\PSoC5/VDAC8_GS.c **** void VDAC8_GS_SetSpeed(uint8 speed) 
 203:Generated_Source\PSoC5/VDAC8_GS.c **** {
 204:Generated_Source\PSoC5/VDAC8_GS.c ****     /* Clear power mask then write in new value */
 205:Generated_Source\PSoC5/VDAC8_GS.c ****     VDAC8_GS_CR0 &= (uint8)(~VDAC8_GS_HS_MASK);
 206:Generated_Source\PSoC5/VDAC8_GS.c ****     VDAC8_GS_CR0 |=  (speed & VDAC8_GS_HS_MASK);
 207:Generated_Source\PSoC5/VDAC8_GS.c **** }
 208:Generated_Source\PSoC5/VDAC8_GS.c **** 
 209:Generated_Source\PSoC5/VDAC8_GS.c **** 
 210:Generated_Source\PSoC5/VDAC8_GS.c **** /*******************************************************************************
 211:Generated_Source\PSoC5/VDAC8_GS.c **** * Function Name: VDAC8_GS_SetRange
 212:Generated_Source\PSoC5/VDAC8_GS.c **** ********************************************************************************
 213:Generated_Source\PSoC5/VDAC8_GS.c **** *
 214:Generated_Source\PSoC5/VDAC8_GS.c **** * Summary:
 215:Generated_Source\PSoC5/VDAC8_GS.c **** *  Set one of three current ranges.
 216:Generated_Source\PSoC5/VDAC8_GS.c **** *
 217:Generated_Source\PSoC5/VDAC8_GS.c **** * Parameters:
 218:Generated_Source\PSoC5/VDAC8_GS.c **** *  Range: Sets one of Three valid ranges.
 219:Generated_Source\PSoC5/VDAC8_GS.c **** *
 220:Generated_Source\PSoC5/VDAC8_GS.c **** * Return:
 221:Generated_Source\PSoC5/VDAC8_GS.c **** *  void 
 222:Generated_Source\PSoC5/VDAC8_GS.c **** *
 223:Generated_Source\PSoC5/VDAC8_GS.c **** * Theory:
 224:Generated_Source\PSoC5/VDAC8_GS.c **** *
 225:Generated_Source\PSoC5/VDAC8_GS.c **** * Side Effects:
 226:Generated_Source\PSoC5/VDAC8_GS.c **** *
 227:Generated_Source\PSoC5/VDAC8_GS.c **** *******************************************************************************/
 228:Generated_Source\PSoC5/VDAC8_GS.c **** void VDAC8_GS_SetRange(uint8 range) 
 229:Generated_Source\PSoC5/VDAC8_GS.c **** {
 230:Generated_Source\PSoC5/VDAC8_GS.c ****     VDAC8_GS_CR0 &= (uint8)(~VDAC8_GS_RANGE_MASK);      /* Clear existing mode */
  45              		.loc 1 230 0
  46 000a 1A78     		ldrb	r2, [r3]	@ zero_extendqisi2
  47              	.LBB22:
  48              	.LBB23:
 231:Generated_Source\PSoC5/VDAC8_GS.c ****     VDAC8_GS_CR0 |= (range & VDAC8_GS_RANGE_MASK);      /*  Set Range  */
 232:Generated_Source\PSoC5/VDAC8_GS.c ****     VDAC8_GS_DacTrim();
 233:Generated_Source\PSoC5/VDAC8_GS.c **** }
 234:Generated_Source\PSoC5/VDAC8_GS.c **** 
 235:Generated_Source\PSoC5/VDAC8_GS.c **** 
 236:Generated_Source\PSoC5/VDAC8_GS.c **** /*******************************************************************************
ARM GAS  C:\Users\legoc\AppData\Local\Temp\ccL3RfGh.s 			page 6


 237:Generated_Source\PSoC5/VDAC8_GS.c **** * Function Name: VDAC8_GS_SetValue
 238:Generated_Source\PSoC5/VDAC8_GS.c **** ********************************************************************************
 239:Generated_Source\PSoC5/VDAC8_GS.c **** *
 240:Generated_Source\PSoC5/VDAC8_GS.c **** * Summary:
 241:Generated_Source\PSoC5/VDAC8_GS.c **** *  Set 8-bit DAC value
 242:Generated_Source\PSoC5/VDAC8_GS.c **** *
 243:Generated_Source\PSoC5/VDAC8_GS.c **** * Parameters:  
 244:Generated_Source\PSoC5/VDAC8_GS.c **** *  value:  Sets DAC value between 0 and 255.
 245:Generated_Source\PSoC5/VDAC8_GS.c **** *
 246:Generated_Source\PSoC5/VDAC8_GS.c **** * Return: 
 247:Generated_Source\PSoC5/VDAC8_GS.c **** *  void 
 248:Generated_Source\PSoC5/VDAC8_GS.c **** *
 249:Generated_Source\PSoC5/VDAC8_GS.c **** * Theory: 
 250:Generated_Source\PSoC5/VDAC8_GS.c **** *
 251:Generated_Source\PSoC5/VDAC8_GS.c **** * Side Effects:
 252:Generated_Source\PSoC5/VDAC8_GS.c **** *
 253:Generated_Source\PSoC5/VDAC8_GS.c **** *******************************************************************************/
 254:Generated_Source\PSoC5/VDAC8_GS.c **** void VDAC8_GS_SetValue(uint8 value) 
 255:Generated_Source\PSoC5/VDAC8_GS.c **** {
 256:Generated_Source\PSoC5/VDAC8_GS.c ****     #if (CY_PSOC5A)
 257:Generated_Source\PSoC5/VDAC8_GS.c ****         uint8 VDAC8_GS_intrStatus = CyEnterCriticalSection();
 258:Generated_Source\PSoC5/VDAC8_GS.c ****     #endif /* CY_PSOC5A */
 259:Generated_Source\PSoC5/VDAC8_GS.c **** 
 260:Generated_Source\PSoC5/VDAC8_GS.c ****     VDAC8_GS_Data = value;                /*  Set Value  */
 261:Generated_Source\PSoC5/VDAC8_GS.c **** 
 262:Generated_Source\PSoC5/VDAC8_GS.c ****     /* PSOC5A requires a double write */
 263:Generated_Source\PSoC5/VDAC8_GS.c ****     /* Exit Critical Section */
 264:Generated_Source\PSoC5/VDAC8_GS.c ****     #if (CY_PSOC5A)
 265:Generated_Source\PSoC5/VDAC8_GS.c ****         VDAC8_GS_Data = value;
 266:Generated_Source\PSoC5/VDAC8_GS.c ****         CyExitCriticalSection(VDAC8_GS_intrStatus);
 267:Generated_Source\PSoC5/VDAC8_GS.c ****     #endif /* CY_PSOC5A */
 268:Generated_Source\PSoC5/VDAC8_GS.c **** }
 269:Generated_Source\PSoC5/VDAC8_GS.c **** 
 270:Generated_Source\PSoC5/VDAC8_GS.c **** 
 271:Generated_Source\PSoC5/VDAC8_GS.c **** /*******************************************************************************
 272:Generated_Source\PSoC5/VDAC8_GS.c **** * Function Name: VDAC8_GS_DacTrim
 273:Generated_Source\PSoC5/VDAC8_GS.c **** ********************************************************************************
 274:Generated_Source\PSoC5/VDAC8_GS.c **** *
 275:Generated_Source\PSoC5/VDAC8_GS.c **** * Summary:
 276:Generated_Source\PSoC5/VDAC8_GS.c **** *  Set the trim value for the given range.
 277:Generated_Source\PSoC5/VDAC8_GS.c **** *
 278:Generated_Source\PSoC5/VDAC8_GS.c **** * Parameters:
 279:Generated_Source\PSoC5/VDAC8_GS.c **** *  range:  1V or 4V range.  See constants.
 280:Generated_Source\PSoC5/VDAC8_GS.c **** *
 281:Generated_Source\PSoC5/VDAC8_GS.c **** * Return:
 282:Generated_Source\PSoC5/VDAC8_GS.c **** *  void
 283:Generated_Source\PSoC5/VDAC8_GS.c **** *
 284:Generated_Source\PSoC5/VDAC8_GS.c **** * Theory: 
 285:Generated_Source\PSoC5/VDAC8_GS.c **** *
 286:Generated_Source\PSoC5/VDAC8_GS.c **** * Side Effects:
 287:Generated_Source\PSoC5/VDAC8_GS.c **** *
 288:Generated_Source\PSoC5/VDAC8_GS.c **** *******************************************************************************/
 289:Generated_Source\PSoC5/VDAC8_GS.c **** void VDAC8_GS_DacTrim(void) 
 290:Generated_Source\PSoC5/VDAC8_GS.c **** {
 291:Generated_Source\PSoC5/VDAC8_GS.c ****     uint8 mode;
 292:Generated_Source\PSoC5/VDAC8_GS.c **** 
 293:Generated_Source\PSoC5/VDAC8_GS.c ****     mode = (uint8)((VDAC8_GS_CR0 & VDAC8_GS_RANGE_MASK) >> 2) + VDAC8_GS_TRIM_M7_1V_RNG_OFFSET;
ARM GAS  C:\Users\legoc\AppData\Local\Temp\ccL3RfGh.s 			page 7


 294:Generated_Source\PSoC5/VDAC8_GS.c ****     VDAC8_GS_TR = CY_GET_XTND_REG8((uint8 *)(VDAC8_GS_DAC_TRIM_BASE + mode));
  49              		.loc 1 294 0
  50 000c A1F59051 		sub	r1, r1, #4608
  51              	.LBE23:
  52              	.LBE22:
 230:Generated_Source\PSoC5/VDAC8_GS.c ****     VDAC8_GS_CR0 |= (range & VDAC8_GS_RANGE_MASK);      /*  Set Range  */
  53              		.loc 1 230 0
  54 0010 02F0F302 		and	r2, r2, #243
  55 0014 1A70     		strb	r2, [r3]
 231:Generated_Source\PSoC5/VDAC8_GS.c ****     VDAC8_GS_CR0 |= (range & VDAC8_GS_RANGE_MASK);      /*  Set Range  */
  56              		.loc 1 231 0
  57 0016 1A78     		ldrb	r2, [r3]	@ zero_extendqisi2
  58              	.LBB26:
  59              	.LBB24:
  60              		.loc 1 294 0
  61 0018 1C39     		subs	r1, r1, #28
  62              	.LBE24:
  63              	.LBE26:
 231:Generated_Source\PSoC5/VDAC8_GS.c ****     VDAC8_GS_CR0 |= (range & VDAC8_GS_RANGE_MASK);      /*  Set Range  */
  64              		.loc 1 231 0
  65 001a 42F00402 		orr	r2, r2, #4
  66 001e 1A70     		strb	r2, [r3]
  67              	.LBB27:
  68              	.LBB25:
 293:Generated_Source\PSoC5/VDAC8_GS.c ****     VDAC8_GS_TR = CY_GET_XTND_REG8((uint8 *)(VDAC8_GS_DAC_TRIM_BASE + mode));
  69              		.loc 1 293 0
  70 0020 1A78     		ldrb	r2, [r3]	@ zero_extendqisi2
  71              	.LVL1:
  72              		.loc 1 294 0
  73 0022 C2F38102 		ubfx	r2, r2, #2, #2
  74              	.LVL2:
  75 0026 02F19242 		add	r2, r2, #1224736768
  76 002a 0632     		adds	r2, r2, #6
  77 002c 92F83021 		ldrb	r2, [r2, #304]	@ zero_extendqisi2
  78 0030 D2B2     		uxtb	r2, r2
  79 0032 0A70     		strb	r2, [r1]
  80              	.LVL3:
  81              	.LBE25:
  82              	.LBE27:
  83              	.LBE21:
  84              	.LBE20:
  85              	.LBB28:
  86              	.LBB29:
 205:Generated_Source\PSoC5/VDAC8_GS.c ****     VDAC8_GS_CR0 |=  (speed & VDAC8_GS_HS_MASK);
  87              		.loc 1 205 0
  88 0034 1A78     		ldrb	r2, [r3]	@ zero_extendqisi2
  89 0036 02F0FD02 		and	r2, r2, #253
  90 003a 1A70     		strb	r2, [r3]
 206:Generated_Source\PSoC5/VDAC8_GS.c **** }
  91              		.loc 1 206 0
  92 003c 1A78     		ldrb	r2, [r3]	@ zero_extendqisi2
  93 003e D2B2     		uxtb	r2, r2
  94 0040 1A70     		strb	r2, [r3]
  95              	.LVL4:
  96 0042 7047     		bx	lr
  97              	.L3:
  98              		.align	2
ARM GAS  C:\Users\legoc\AppData\Local\Temp\ccL3RfGh.s 			page 8


  99              	.L2:
 100 0044 24580040 		.word	1073764388
 101 0048 25580040 		.word	1073764389
 102              	.LBE29:
 103              	.LBE28:
 104              		.cfi_endproc
 105              	.LFE0:
 106              		.size	VDAC8_GS_Init, .-VDAC8_GS_Init
 107              		.section	.text.VDAC8_GS_Enable,"ax",%progbits
 108              		.align	2
 109              		.global	VDAC8_GS_Enable
 110              		.thumb
 111              		.thumb_func
 112              		.type	VDAC8_GS_Enable, %function
 113              	VDAC8_GS_Enable:
 114              	.LFB1:
  97:Generated_Source\PSoC5/VDAC8_GS.c ****     VDAC8_GS_PWRMGR |= VDAC8_GS_ACT_PWR_EN;
 115              		.loc 1 97 0
 116              		.cfi_startproc
 117              		@ args = 0, pretend = 0, frame = 0
 118              		@ frame_needed = 0, uses_anonymous_args = 0
 119              		@ link register save eliminated.
  98:Generated_Source\PSoC5/VDAC8_GS.c ****     VDAC8_GS_STBY_PWRMGR |= VDAC8_GS_STBY_PWR_EN;
 120              		.loc 1 98 0
 121 0000 0549     		ldr	r1, .L5
  99:Generated_Source\PSoC5/VDAC8_GS.c **** 
 122              		.loc 1 99 0
 123 0002 064A     		ldr	r2, .L5+4
  98:Generated_Source\PSoC5/VDAC8_GS.c ****     VDAC8_GS_STBY_PWRMGR |= VDAC8_GS_STBY_PWR_EN;
 124              		.loc 1 98 0
 125 0004 0B78     		ldrb	r3, [r1]	@ zero_extendqisi2
 126 0006 43F00203 		orr	r3, r3, #2
 127 000a 0B70     		strb	r3, [r1]
  99:Generated_Source\PSoC5/VDAC8_GS.c **** 
 128              		.loc 1 99 0
 129 000c 1378     		ldrb	r3, [r2]	@ zero_extendqisi2
 130 000e 43F00203 		orr	r3, r3, #2
 131 0012 1370     		strb	r3, [r2]
 132 0014 7047     		bx	lr
 133              	.L6:
 134 0016 00BF     		.align	2
 135              	.L5:
 136 0018 A8430040 		.word	1073759144
 137 001c B8430040 		.word	1073759160
 138              		.cfi_endproc
 139              	.LFE1:
 140              		.size	VDAC8_GS_Enable, .-VDAC8_GS_Enable
 141              		.section	.text.VDAC8_GS_Start,"ax",%progbits
 142              		.align	2
 143              		.global	VDAC8_GS_Start
 144              		.thumb
 145              		.thumb_func
 146              		.type	VDAC8_GS_Start, %function
 147              	VDAC8_GS_Start:
 148              	.LFB2:
 134:Generated_Source\PSoC5/VDAC8_GS.c ****     /* Hardware initiazation only needs to occure the first time */
 149              		.loc 1 134 0
ARM GAS  C:\Users\legoc\AppData\Local\Temp\ccL3RfGh.s 			page 9


 150              		.cfi_startproc
 151              		@ args = 0, pretend = 0, frame = 0
 152              		@ frame_needed = 0, uses_anonymous_args = 0
 153              		@ link register save eliminated.
 154 0000 10B4     		push	{r4}
 155              		.cfi_def_cfa_offset 4
 156              		.cfi_offset 4, -4
 136:Generated_Source\PSoC5/VDAC8_GS.c ****     { 
 157              		.loc 1 136 0
 158 0002 1949     		ldr	r1, .L11
 159 0004 0A78     		ldrb	r2, [r1]	@ zero_extendqisi2
 160 0006 FAB9     		cbnz	r2, .L8
 161              	.LBB42:
 162              	.LBB43:
  57:Generated_Source\PSoC5/VDAC8_GS.c **** 
 163              		.loc 1 57 0
 164 0008 184B     		ldr	r3, .L11+4
  63:Generated_Source\PSoC5/VDAC8_GS.c ****     #endif /* (VDAC8_GS_DEFAULT_DATA_SRC != 0 ) */
 165              		.loc 1 63 0
 166 000a 1948     		ldr	r0, .L11+8
  57:Generated_Source\PSoC5/VDAC8_GS.c **** 
 167              		.loc 1 57 0
 168 000c 1A70     		strb	r2, [r3]
  63:Generated_Source\PSoC5/VDAC8_GS.c ****     #endif /* (VDAC8_GS_DEFAULT_DATA_SRC != 0 ) */
 169              		.loc 1 63 0
 170 000e 0270     		strb	r2, [r0]
 171              	.LVL5:
 172              	.LBB44:
 173              	.LBB45:
 230:Generated_Source\PSoC5/VDAC8_GS.c ****     VDAC8_GS_CR0 |= (range & VDAC8_GS_RANGE_MASK);      /*  Set Range  */
 174              		.loc 1 230 0
 175 0010 1A78     		ldrb	r2, [r3]	@ zero_extendqisi2
 176              	.LBB46:
 177              	.LBB47:
 178              		.loc 1 294 0
 179 0012 184C     		ldr	r4, .L11+12
 180              	.LBE47:
 181              	.LBE46:
 230:Generated_Source\PSoC5/VDAC8_GS.c ****     VDAC8_GS_CR0 |= (range & VDAC8_GS_RANGE_MASK);      /*  Set Range  */
 182              		.loc 1 230 0
 183 0014 02F0F302 		and	r2, r2, #243
 184 0018 1A70     		strb	r2, [r3]
 231:Generated_Source\PSoC5/VDAC8_GS.c ****     VDAC8_GS_DacTrim();
 185              		.loc 1 231 0
 186 001a 1A78     		ldrb	r2, [r3]	@ zero_extendqisi2
 187              	.LBE45:
 188              	.LBE44:
 189              	.LBE43:
 190              	.LBE42:
 139:Generated_Source\PSoC5/VDAC8_GS.c ****     }
 191              		.loc 1 139 0
 192 001c 0120     		movs	r0, #1
 193              	.LBB55:
 194              	.LBB54:
 195              	.LBB51:
 196              	.LBB50:
 231:Generated_Source\PSoC5/VDAC8_GS.c ****     VDAC8_GS_DacTrim();
ARM GAS  C:\Users\legoc\AppData\Local\Temp\ccL3RfGh.s 			page 10


 197              		.loc 1 231 0
 198 001e 42F00402 		orr	r2, r2, #4
 199 0022 1A70     		strb	r2, [r3]
 200              	.LBB49:
 201              	.LBB48:
 293:Generated_Source\PSoC5/VDAC8_GS.c ****     VDAC8_GS_TR = CY_GET_XTND_REG8((uint8 *)(VDAC8_GS_DAC_TRIM_BASE + mode));
 202              		.loc 1 293 0
 203 0024 1A78     		ldrb	r2, [r3]	@ zero_extendqisi2
 204              	.LVL6:
 205              		.loc 1 294 0
 206 0026 C2F38102 		ubfx	r2, r2, #2, #2
 207              	.LVL7:
 208 002a 02F19242 		add	r2, r2, #1224736768
 209 002e 0632     		adds	r2, r2, #6
 210 0030 92F83021 		ldrb	r2, [r2, #304]	@ zero_extendqisi2
 211 0034 D2B2     		uxtb	r2, r2
 212 0036 2270     		strb	r2, [r4]
 213              	.LVL8:
 214              	.LBE48:
 215              	.LBE49:
 216              	.LBE50:
 217              	.LBE51:
 218              	.LBB52:
 219              	.LBB53:
 205:Generated_Source\PSoC5/VDAC8_GS.c ****     VDAC8_GS_CR0 |=  (speed & VDAC8_GS_HS_MASK);
 220              		.loc 1 205 0
 221 0038 1A78     		ldrb	r2, [r3]	@ zero_extendqisi2
 222 003a 02F0FD02 		and	r2, r2, #253
 223 003e 1A70     		strb	r2, [r3]
 206:Generated_Source\PSoC5/VDAC8_GS.c **** }
 224              		.loc 1 206 0
 225 0040 1A78     		ldrb	r2, [r3]	@ zero_extendqisi2
 226 0042 D2B2     		uxtb	r2, r2
 227 0044 1A70     		strb	r2, [r3]
 228              	.LVL9:
 229              	.LBE53:
 230              	.LBE52:
 231              	.LBE54:
 232              	.LBE55:
 139:Generated_Source\PSoC5/VDAC8_GS.c ****     }
 233              		.loc 1 139 0
 234 0046 0870     		strb	r0, [r1]
 235              	.L8:
 236              	.LBB56:
 237              	.LBB57:
  98:Generated_Source\PSoC5/VDAC8_GS.c ****     VDAC8_GS_STBY_PWRMGR |= VDAC8_GS_STBY_PWR_EN;
 238              		.loc 1 98 0
 239 0048 0B49     		ldr	r1, .L11+16
  99:Generated_Source\PSoC5/VDAC8_GS.c **** 
 240              		.loc 1 99 0
 241 004a 0C4A     		ldr	r2, .L11+20
  98:Generated_Source\PSoC5/VDAC8_GS.c ****     VDAC8_GS_STBY_PWRMGR |= VDAC8_GS_STBY_PWR_EN;
 242              		.loc 1 98 0
 243 004c 0B78     		ldrb	r3, [r1]	@ zero_extendqisi2
 244              	.LBE57:
 245              	.LBE56:
 246              	.LBB60:
ARM GAS  C:\Users\legoc\AppData\Local\Temp\ccL3RfGh.s 			page 11


 247              	.LBB61:
 260:Generated_Source\PSoC5/VDAC8_GS.c **** 
 248              		.loc 1 260 0
 249 004e 0C48     		ldr	r0, .L11+24
 250              	.LBE61:
 251              	.LBE60:
 252              	.LBB64:
 253              	.LBB58:
  98:Generated_Source\PSoC5/VDAC8_GS.c ****     VDAC8_GS_STBY_PWRMGR |= VDAC8_GS_STBY_PWR_EN;
 254              		.loc 1 98 0
 255 0050 43F00203 		orr	r3, r3, #2
 256 0054 0B70     		strb	r3, [r1]
  99:Generated_Source\PSoC5/VDAC8_GS.c **** 
 257              		.loc 1 99 0
 258 0056 1378     		ldrb	r3, [r2]	@ zero_extendqisi2
 259              	.LBE58:
 260              	.LBE64:
 261              	.LBB65:
 262              	.LBB62:
 260:Generated_Source\PSoC5/VDAC8_GS.c **** 
 263              		.loc 1 260 0
 264 0058 6421     		movs	r1, #100
 265              	.LBE62:
 266              	.LBE65:
 267              	.LBB66:
 268              	.LBB59:
  99:Generated_Source\PSoC5/VDAC8_GS.c **** 
 269              		.loc 1 99 0
 270 005a 43F00203 		orr	r3, r3, #2
 271 005e 1370     		strb	r3, [r2]
 272              	.LVL10:
 273              	.LBE59:
 274              	.LBE66:
 275              	.LBB67:
 276              	.LBB63:
 260:Generated_Source\PSoC5/VDAC8_GS.c **** 
 277              		.loc 1 260 0
 278 0060 0170     		strb	r1, [r0]
 279              	.LVL11:
 280              	.LBE63:
 281              	.LBE67:
 147:Generated_Source\PSoC5/VDAC8_GS.c **** 
 282              		.loc 1 147 0
 283 0062 10BC     		pop	{r4}
 284              		.cfi_restore 4
 285              		.cfi_def_cfa_offset 0
 286 0064 7047     		bx	lr
 287              	.L12:
 288 0066 00BF     		.align	2
 289              	.L11:
 290 0068 00000000 		.word	.LANCHOR0
 291 006c 24580040 		.word	1073764388
 292 0070 25580040 		.word	1073764389
 293 0074 09460040 		.word	1073759753
 294 0078 A8430040 		.word	1073759144
 295 007c B8430040 		.word	1073759160
 296 0080 815B0040 		.word	1073765249
ARM GAS  C:\Users\legoc\AppData\Local\Temp\ccL3RfGh.s 			page 12


 297              		.cfi_endproc
 298              	.LFE2:
 299              		.size	VDAC8_GS_Start, .-VDAC8_GS_Start
 300              		.section	.text.VDAC8_GS_Stop,"ax",%progbits
 301              		.align	2
 302              		.global	VDAC8_GS_Stop
 303              		.thumb
 304              		.thumb_func
 305              		.type	VDAC8_GS_Stop, %function
 306              	VDAC8_GS_Stop:
 307              	.LFB3:
 169:Generated_Source\PSoC5/VDAC8_GS.c ****     /* Disble power to DAC */
 308              		.loc 1 169 0
 309              		.cfi_startproc
 310              		@ args = 0, pretend = 0, frame = 0
 311              		@ frame_needed = 0, uses_anonymous_args = 0
 312              		@ link register save eliminated.
 171:Generated_Source\PSoC5/VDAC8_GS.c ****     VDAC8_GS_STBY_PWRMGR &= (uint8)(~VDAC8_GS_STBY_PWR_EN);
 313              		.loc 1 171 0
 314 0000 0549     		ldr	r1, .L14
 172:Generated_Source\PSoC5/VDAC8_GS.c **** 
 315              		.loc 1 172 0
 316 0002 064A     		ldr	r2, .L14+4
 171:Generated_Source\PSoC5/VDAC8_GS.c ****     VDAC8_GS_STBY_PWRMGR &= (uint8)(~VDAC8_GS_STBY_PWR_EN);
 317              		.loc 1 171 0
 318 0004 0B78     		ldrb	r3, [r1]	@ zero_extendqisi2
 319 0006 03F0FD03 		and	r3, r3, #253
 320 000a 0B70     		strb	r3, [r1]
 172:Generated_Source\PSoC5/VDAC8_GS.c **** 
 321              		.loc 1 172 0
 322 000c 1378     		ldrb	r3, [r2]	@ zero_extendqisi2
 323 000e 03F0FD03 		and	r3, r3, #253
 324 0012 1370     		strb	r3, [r2]
 325 0014 7047     		bx	lr
 326              	.L15:
 327 0016 00BF     		.align	2
 328              	.L14:
 329 0018 A8430040 		.word	1073759144
 330 001c B8430040 		.word	1073759160
 331              		.cfi_endproc
 332              	.LFE3:
 333              		.size	VDAC8_GS_Stop, .-VDAC8_GS_Stop
 334              		.section	.text.VDAC8_GS_SetSpeed,"ax",%progbits
 335              		.align	2
 336              		.global	VDAC8_GS_SetSpeed
 337              		.thumb
 338              		.thumb_func
 339              		.type	VDAC8_GS_SetSpeed, %function
 340              	VDAC8_GS_SetSpeed:
 341              	.LFB4:
 203:Generated_Source\PSoC5/VDAC8_GS.c ****     /* Clear power mask then write in new value */
 342              		.loc 1 203 0
 343              		.cfi_startproc
 344              		@ args = 0, pretend = 0, frame = 0
 345              		@ frame_needed = 0, uses_anonymous_args = 0
 346              		@ link register save eliminated.
 347              	.LVL12:
ARM GAS  C:\Users\legoc\AppData\Local\Temp\ccL3RfGh.s 			page 13


 205:Generated_Source\PSoC5/VDAC8_GS.c ****     VDAC8_GS_CR0 |=  (speed & VDAC8_GS_HS_MASK);
 348              		.loc 1 205 0
 349 0000 054B     		ldr	r3, .L17
 206:Generated_Source\PSoC5/VDAC8_GS.c **** }
 350              		.loc 1 206 0
 351 0002 00F00200 		and	r0, r0, #2
 352              	.LVL13:
 205:Generated_Source\PSoC5/VDAC8_GS.c ****     VDAC8_GS_CR0 |=  (speed & VDAC8_GS_HS_MASK);
 353              		.loc 1 205 0
 354 0006 1A78     		ldrb	r2, [r3]	@ zero_extendqisi2
 355 0008 02F0FD02 		and	r2, r2, #253
 356 000c 1A70     		strb	r2, [r3]
 206:Generated_Source\PSoC5/VDAC8_GS.c **** }
 357              		.loc 1 206 0
 358 000e 1A78     		ldrb	r2, [r3]	@ zero_extendqisi2
 359 0010 1043     		orrs	r0, r0, r2
 360 0012 1870     		strb	r0, [r3]
 361 0014 7047     		bx	lr
 362              	.L18:
 363 0016 00BF     		.align	2
 364              	.L17:
 365 0018 24580040 		.word	1073764388
 366              		.cfi_endproc
 367              	.LFE4:
 368              		.size	VDAC8_GS_SetSpeed, .-VDAC8_GS_SetSpeed
 369              		.section	.text.VDAC8_GS_SetRange,"ax",%progbits
 370              		.align	2
 371              		.global	VDAC8_GS_SetRange
 372              		.thumb
 373              		.thumb_func
 374              		.type	VDAC8_GS_SetRange, %function
 375              	VDAC8_GS_SetRange:
 376              	.LFB5:
 229:Generated_Source\PSoC5/VDAC8_GS.c ****     VDAC8_GS_CR0 &= (uint8)(~VDAC8_GS_RANGE_MASK);      /* Clear existing mode */
 377              		.loc 1 229 0
 378              		.cfi_startproc
 379              		@ args = 0, pretend = 0, frame = 0
 380              		@ frame_needed = 0, uses_anonymous_args = 0
 381              		@ link register save eliminated.
 382              	.LVL14:
 230:Generated_Source\PSoC5/VDAC8_GS.c ****     VDAC8_GS_CR0 |= (range & VDAC8_GS_RANGE_MASK);      /*  Set Range  */
 383              		.loc 1 230 0
 384 0000 0A4B     		ldr	r3, .L20
 231:Generated_Source\PSoC5/VDAC8_GS.c ****     VDAC8_GS_DacTrim();
 385              		.loc 1 231 0
 386 0002 00F00C00 		and	r0, r0, #12
 387              	.LVL15:
 230:Generated_Source\PSoC5/VDAC8_GS.c ****     VDAC8_GS_CR0 |= (range & VDAC8_GS_RANGE_MASK);      /*  Set Range  */
 388              		.loc 1 230 0
 389 0006 1A78     		ldrb	r2, [r3]	@ zero_extendqisi2
 390              	.LBB68:
 391              	.LBB69:
 392              		.loc 1 294 0
 393 0008 0949     		ldr	r1, .L20+4
 394              	.LBE69:
 395              	.LBE68:
 230:Generated_Source\PSoC5/VDAC8_GS.c ****     VDAC8_GS_CR0 |= (range & VDAC8_GS_RANGE_MASK);      /*  Set Range  */
ARM GAS  C:\Users\legoc\AppData\Local\Temp\ccL3RfGh.s 			page 14


 396              		.loc 1 230 0
 397 000a 02F0F302 		and	r2, r2, #243
 398 000e 1A70     		strb	r2, [r3]
 231:Generated_Source\PSoC5/VDAC8_GS.c ****     VDAC8_GS_DacTrim();
 399              		.loc 1 231 0
 400 0010 1A78     		ldrb	r2, [r3]	@ zero_extendqisi2
 401 0012 1043     		orrs	r0, r0, r2
 402 0014 1870     		strb	r0, [r3]
 403              	.LBB71:
 404              	.LBB70:
 293:Generated_Source\PSoC5/VDAC8_GS.c ****     VDAC8_GS_TR = CY_GET_XTND_REG8((uint8 *)(VDAC8_GS_DAC_TRIM_BASE + mode));
 405              		.loc 1 293 0
 406 0016 1B78     		ldrb	r3, [r3]	@ zero_extendqisi2
 407              	.LVL16:
 408              		.loc 1 294 0
 409 0018 C3F38103 		ubfx	r3, r3, #2, #2
 410              	.LVL17:
 411 001c 03F19243 		add	r3, r3, #1224736768
 412 0020 0633     		adds	r3, r3, #6
 413 0022 93F83031 		ldrb	r3, [r3, #304]	@ zero_extendqisi2
 414 0026 DBB2     		uxtb	r3, r3
 415 0028 0B70     		strb	r3, [r1]
 416 002a 7047     		bx	lr
 417              	.L21:
 418              		.align	2
 419              	.L20:
 420 002c 24580040 		.word	1073764388
 421 0030 09460040 		.word	1073759753
 422              	.LBE70:
 423              	.LBE71:
 424              		.cfi_endproc
 425              	.LFE5:
 426              		.size	VDAC8_GS_SetRange, .-VDAC8_GS_SetRange
 427              		.section	.text.VDAC8_GS_SetValue,"ax",%progbits
 428              		.align	2
 429              		.global	VDAC8_GS_SetValue
 430              		.thumb
 431              		.thumb_func
 432              		.type	VDAC8_GS_SetValue, %function
 433              	VDAC8_GS_SetValue:
 434              	.LFB6:
 255:Generated_Source\PSoC5/VDAC8_GS.c ****     #if (CY_PSOC5A)
 435              		.loc 1 255 0
 436              		.cfi_startproc
 437              		@ args = 0, pretend = 0, frame = 0
 438              		@ frame_needed = 0, uses_anonymous_args = 0
 439              		@ link register save eliminated.
 440              	.LVL18:
 260:Generated_Source\PSoC5/VDAC8_GS.c **** 
 441              		.loc 1 260 0
 442 0000 014B     		ldr	r3, .L23
 443 0002 1870     		strb	r0, [r3]
 444 0004 7047     		bx	lr
 445              	.L24:
 446 0006 00BF     		.align	2
 447              	.L23:
 448 0008 815B0040 		.word	1073765249
ARM GAS  C:\Users\legoc\AppData\Local\Temp\ccL3RfGh.s 			page 15


 449              		.cfi_endproc
 450              	.LFE6:
 451              		.size	VDAC8_GS_SetValue, .-VDAC8_GS_SetValue
 452              		.section	.text.VDAC8_GS_DacTrim,"ax",%progbits
 453              		.align	2
 454              		.global	VDAC8_GS_DacTrim
 455              		.thumb
 456              		.thumb_func
 457              		.type	VDAC8_GS_DacTrim, %function
 458              	VDAC8_GS_DacTrim:
 459              	.LFB7:
 290:Generated_Source\PSoC5/VDAC8_GS.c ****     uint8 mode;
 460              		.loc 1 290 0
 461              		.cfi_startproc
 462              		@ args = 0, pretend = 0, frame = 0
 463              		@ frame_needed = 0, uses_anonymous_args = 0
 464              		@ link register save eliminated.
 293:Generated_Source\PSoC5/VDAC8_GS.c ****     VDAC8_GS_TR = CY_GET_XTND_REG8((uint8 *)(VDAC8_GS_DAC_TRIM_BASE + mode));
 465              		.loc 1 293 0
 466 0000 064B     		ldr	r3, .L26
 467              		.loc 1 294 0
 468 0002 074A     		ldr	r2, .L26+4
 293:Generated_Source\PSoC5/VDAC8_GS.c ****     VDAC8_GS_TR = CY_GET_XTND_REG8((uint8 *)(VDAC8_GS_DAC_TRIM_BASE + mode));
 469              		.loc 1 293 0
 470 0004 1B78     		ldrb	r3, [r3]	@ zero_extendqisi2
 471              	.LVL19:
 472              		.loc 1 294 0
 473 0006 C3F38103 		ubfx	r3, r3, #2, #2
 474              	.LVL20:
 475 000a 03F19243 		add	r3, r3, #1224736768
 476 000e 0633     		adds	r3, r3, #6
 477 0010 93F83031 		ldrb	r3, [r3, #304]	@ zero_extendqisi2
 478 0014 DBB2     		uxtb	r3, r3
 479 0016 1370     		strb	r3, [r2]
 480 0018 7047     		bx	lr
 481              	.L27:
 482 001a 00BF     		.align	2
 483              	.L26:
 484 001c 24580040 		.word	1073764388
 485 0020 09460040 		.word	1073759753
 486              		.cfi_endproc
 487              	.LFE7:
 488              		.size	VDAC8_GS_DacTrim, .-VDAC8_GS_DacTrim
 489              		.global	VDAC8_GS_initVar
 490              		.bss
 491              		.set	.LANCHOR0,. + 0
 492              		.type	VDAC8_GS_initVar, %object
 493              		.size	VDAC8_GS_initVar, 1
 494              	VDAC8_GS_initVar:
 495 0000 00       		.space	1
 496              		.text
 497              	.Letext0:
 498              		.file 2 "Generated_Source\\PSoC5\\cytypes.h"
 499              		.section	.debug_info,"",%progbits
 500              	.Ldebug_info0:
 501 0000 DE020000 		.4byte	0x2de
 502 0004 0400     		.2byte	0x4
ARM GAS  C:\Users\legoc\AppData\Local\Temp\ccL3RfGh.s 			page 16


 503 0006 00000000 		.4byte	.Ldebug_abbrev0
 504 000a 04       		.byte	0x4
 505 000b 01       		.uleb128 0x1
 506 000c 53000000 		.4byte	.LASF23
 507 0010 0C       		.byte	0xc
 508 0011 11000000 		.4byte	.LASF24
 509 0015 63010000 		.4byte	.LASF25
 510 0019 C0000000 		.4byte	.Ldebug_ranges0+0xc0
 511 001d 00000000 		.4byte	0
 512 0021 00000000 		.4byte	.Ldebug_line0
 513 0025 02       		.uleb128 0x2
 514 0026 01       		.byte	0x1
 515 0027 06       		.byte	0x6
 516 0028 6D020000 		.4byte	.LASF0
 517 002c 02       		.uleb128 0x2
 518 002d 01       		.byte	0x1
 519 002e 08       		.byte	0x8
 520 002f ED000000 		.4byte	.LASF1
 521 0033 02       		.uleb128 0x2
 522 0034 02       		.byte	0x2
 523 0035 05       		.byte	0x5
 524 0036 54020000 		.4byte	.LASF2
 525 003a 02       		.uleb128 0x2
 526 003b 02       		.byte	0x2
 527 003c 07       		.byte	0x7
 528 003d 23010000 		.4byte	.LASF3
 529 0041 02       		.uleb128 0x2
 530 0042 04       		.byte	0x4
 531 0043 05       		.byte	0x5
 532 0044 64020000 		.4byte	.LASF4
 533 0048 02       		.uleb128 0x2
 534 0049 04       		.byte	0x4
 535 004a 07       		.byte	0x7
 536 004b 11010000 		.4byte	.LASF5
 537 004f 02       		.uleb128 0x2
 538 0050 08       		.byte	0x8
 539 0051 05       		.byte	0x5
 540 0052 22020000 		.4byte	.LASF6
 541 0056 02       		.uleb128 0x2
 542 0057 08       		.byte	0x8
 543 0058 07       		.byte	0x7
 544 0059 EE010000 		.4byte	.LASF7
 545 005d 03       		.uleb128 0x3
 546 005e 04       		.byte	0x4
 547 005f 05       		.byte	0x5
 548 0060 696E7400 		.ascii	"int\000"
 549 0064 02       		.uleb128 0x2
 550 0065 04       		.byte	0x4
 551 0066 07       		.byte	0x7
 552 0067 E1010000 		.4byte	.LASF8
 553 006b 04       		.uleb128 0x4
 554 006c 5E020000 		.4byte	.LASF12
 555 0070 02       		.byte	0x2
 556 0071 E401     		.2byte	0x1e4
 557 0073 2C000000 		.4byte	0x2c
 558 0077 02       		.uleb128 0x2
 559 0078 04       		.byte	0x4
ARM GAS  C:\Users\legoc\AppData\Local\Temp\ccL3RfGh.s 			page 17


 560 0079 04       		.byte	0x4
 561 007a E7000000 		.4byte	.LASF9
 562 007e 02       		.uleb128 0x2
 563 007f 08       		.byte	0x8
 564 0080 04       		.byte	0x4
 565 0081 5C010000 		.4byte	.LASF10
 566 0085 02       		.uleb128 0x2
 567 0086 01       		.byte	0x1
 568 0087 08       		.byte	0x8
 569 0088 3F020000 		.4byte	.LASF11
 570 008c 04       		.uleb128 0x4
 571 008d FB000000 		.4byte	.LASF13
 572 0091 02       		.byte	0x2
 573 0092 8E02     		.2byte	0x28e
 574 0094 98000000 		.4byte	0x98
 575 0098 05       		.uleb128 0x5
 576 0099 6B000000 		.4byte	0x6b
 577 009d 06       		.uleb128 0x6
 578 009e 00000000 		.4byte	.LASF14
 579 00a2 01       		.byte	0x1
 580 00a3 2101     		.2byte	0x121
 581 00a5 01       		.byte	0x1
 582 00a6 B7000000 		.4byte	0xb7
 583 00aa 07       		.uleb128 0x7
 584 00ab 05020000 		.4byte	.LASF26
 585 00af 01       		.byte	0x1
 586 00b0 2301     		.2byte	0x123
 587 00b2 6B000000 		.4byte	0x6b
 588 00b6 00       		.byte	0
 589 00b7 08       		.uleb128 0x8
 590 00b8 0A020000 		.4byte	.LASF15
 591 00bc 01       		.byte	0x1
 592 00bd CA       		.byte	0xca
 593 00be 01       		.byte	0x1
 594 00bf CF000000 		.4byte	0xcf
 595 00c3 09       		.uleb128 0x9
 596 00c4 1C020000 		.4byte	.LASF17
 597 00c8 01       		.byte	0x1
 598 00c9 CA       		.byte	0xca
 599 00ca 6B000000 		.4byte	0x6b
 600 00ce 00       		.byte	0
 601 00cf 08       		.uleb128 0x8
 602 00d0 36010000 		.4byte	.LASF16
 603 00d4 01       		.byte	0x1
 604 00d5 E4       		.byte	0xe4
 605 00d6 01       		.byte	0x1
 606 00d7 E7000000 		.4byte	0xe7
 607 00db 09       		.uleb128 0x9
 608 00dc 48010000 		.4byte	.LASF18
 609 00e0 01       		.byte	0x1
 610 00e1 E4       		.byte	0xe4
 611 00e2 6B000000 		.4byte	0x6b
 612 00e6 00       		.byte	0
 613 00e7 08       		.uleb128 0x8
 614 00e8 41000000 		.4byte	.LASF19
 615 00ec 01       		.byte	0x1
 616 00ed FE       		.byte	0xfe
ARM GAS  C:\Users\legoc\AppData\Local\Temp\ccL3RfGh.s 			page 18


 617 00ee 01       		.byte	0x1
 618 00ef FF000000 		.4byte	0xff
 619 00f3 09       		.uleb128 0x9
 620 00f4 E1000000 		.4byte	.LASF20
 621 00f8 01       		.byte	0x1
 622 00f9 FE       		.byte	0xfe
 623 00fa 6B000000 		.4byte	0x6b
 624 00fe 00       		.byte	0
 625 00ff 0A       		.uleb128 0xa
 626 0100 44020000 		.4byte	.LASF21
 627 0104 01       		.byte	0x1
 628 0105 60       		.byte	0x60
 629 0106 01       		.byte	0x1
 630 0107 0A       		.uleb128 0xa
 631 0108 33000000 		.4byte	.LASF22
 632 010c 01       		.byte	0x1
 633 010d 37       		.byte	0x37
 634 010e 01       		.byte	0x1
 635 010f 0B       		.uleb128 0xb
 636 0110 07010000 		.4byte	0x107
 637 0114 00000000 		.4byte	.LFB0
 638 0118 4C000000 		.4byte	.LFE0-.LFB0
 639 011c 01       		.uleb128 0x1
 640 011d 9C       		.byte	0x9c
 641 011e 78010000 		.4byte	0x178
 642 0122 0C       		.uleb128 0xc
 643 0123 CF000000 		.4byte	0xcf
 644 0127 0A000000 		.4byte	.LBB20
 645 012b 2A000000 		.4byte	.LBE20-.LBB20
 646 012f 01       		.byte	0x1
 647 0130 48       		.byte	0x48
 648 0131 5E010000 		.4byte	0x15e
 649 0135 0D       		.uleb128 0xd
 650 0136 DB000000 		.4byte	0xdb
 651 013a 00000000 		.4byte	.LLST0
 652 013e 0E       		.uleb128 0xe
 653 013f 9D000000 		.4byte	0x9d
 654 0143 0C000000 		.4byte	.LBB22
 655 0147 00000000 		.4byte	.Ldebug_ranges0+0
 656 014b 01       		.byte	0x1
 657 014c E8       		.byte	0xe8
 658 014d 0F       		.uleb128 0xf
 659 014e 00000000 		.4byte	.Ldebug_ranges0+0
 660 0152 10       		.uleb128 0x10
 661 0153 AA000000 		.4byte	0xaa
 662 0157 14000000 		.4byte	.LLST1
 663 015b 00       		.byte	0
 664 015c 00       		.byte	0
 665 015d 00       		.byte	0
 666 015e 11       		.uleb128 0x11
 667 015f B7000000 		.4byte	0xb7
 668 0163 34000000 		.4byte	.LBB28
 669 0167 18000000 		.4byte	.LBE28-.LBB28
 670 016b 01       		.byte	0x1
 671 016c 4B       		.byte	0x4b
 672 016d 0D       		.uleb128 0xd
 673 016e C3000000 		.4byte	0xc3
ARM GAS  C:\Users\legoc\AppData\Local\Temp\ccL3RfGh.s 			page 19


 674 0172 2F000000 		.4byte	.LLST2
 675 0176 00       		.byte	0
 676 0177 00       		.byte	0
 677 0178 12       		.uleb128 0x12
 678 0179 FF000000 		.4byte	0xff
 679 017d 00000000 		.4byte	.LFB1
 680 0181 20000000 		.4byte	.LFE1-.LFB1
 681 0185 01       		.uleb128 0x1
 682 0186 9C       		.byte	0x9c
 683 0187 13       		.uleb128 0x13
 684 0188 30020000 		.4byte	.LASF27
 685 018c 01       		.byte	0x1
 686 018d 85       		.byte	0x85
 687 018e 00000000 		.4byte	.LFB2
 688 0192 84000000 		.4byte	.LFE2-.LFB2
 689 0196 01       		.uleb128 0x1
 690 0197 9C       		.byte	0x9c
 691 0198 2E020000 		.4byte	0x22e
 692 019c 14       		.uleb128 0x14
 693 019d 07010000 		.4byte	0x107
 694 01a1 08000000 		.4byte	.LBB42
 695 01a5 20000000 		.4byte	.Ldebug_ranges0+0x20
 696 01a9 01       		.byte	0x1
 697 01aa 8A       		.byte	0x8a
 698 01ab 05020000 		.4byte	0x205
 699 01af 14       		.uleb128 0x14
 700 01b0 CF000000 		.4byte	0xcf
 701 01b4 10000000 		.4byte	.LBB44
 702 01b8 38000000 		.4byte	.Ldebug_ranges0+0x38
 703 01bc 01       		.byte	0x1
 704 01bd 48       		.byte	0x48
 705 01be EB010000 		.4byte	0x1eb
 706 01c2 0D       		.uleb128 0xd
 707 01c3 DB000000 		.4byte	0xdb
 708 01c7 43000000 		.4byte	.LLST3
 709 01cb 0E       		.uleb128 0xe
 710 01cc 9D000000 		.4byte	0x9d
 711 01d0 12000000 		.4byte	.LBB46
 712 01d4 50000000 		.4byte	.Ldebug_ranges0+0x50
 713 01d8 01       		.byte	0x1
 714 01d9 E8       		.byte	0xe8
 715 01da 0F       		.uleb128 0xf
 716 01db 50000000 		.4byte	.Ldebug_ranges0+0x50
 717 01df 10       		.uleb128 0x10
 718 01e0 AA000000 		.4byte	0xaa
 719 01e4 57000000 		.4byte	.LLST4
 720 01e8 00       		.byte	0
 721 01e9 00       		.byte	0
 722 01ea 00       		.byte	0
 723 01eb 11       		.uleb128 0x11
 724 01ec B7000000 		.4byte	0xb7
 725 01f0 38000000 		.4byte	.LBB52
 726 01f4 0E000000 		.4byte	.LBE52-.LBB52
 727 01f8 01       		.byte	0x1
 728 01f9 4B       		.byte	0x4b
 729 01fa 0D       		.uleb128 0xd
 730 01fb C3000000 		.4byte	0xc3
ARM GAS  C:\Users\legoc\AppData\Local\Temp\ccL3RfGh.s 			page 20


 731 01ff 72000000 		.4byte	.LLST5
 732 0203 00       		.byte	0
 733 0204 00       		.byte	0
 734 0205 15       		.uleb128 0x15
 735 0206 FF000000 		.4byte	0xff
 736 020a 48000000 		.4byte	.LBB56
 737 020e 68000000 		.4byte	.Ldebug_ranges0+0x68
 738 0212 01       		.byte	0x1
 739 0213 8F       		.byte	0x8f
 740 0214 0E       		.uleb128 0xe
 741 0215 E7000000 		.4byte	0xe7
 742 0219 4E000000 		.4byte	.LBB60
 743 021d 88000000 		.4byte	.Ldebug_ranges0+0x88
 744 0221 01       		.byte	0x1
 745 0222 92       		.byte	0x92
 746 0223 0D       		.uleb128 0xd
 747 0224 F3000000 		.4byte	0xf3
 748 0228 86000000 		.4byte	.LLST6
 749 022c 00       		.byte	0
 750 022d 00       		.byte	0
 751 022e 16       		.uleb128 0x16
 752 022f 4E010000 		.4byte	.LASF28
 753 0233 01       		.byte	0x1
 754 0234 A8       		.byte	0xa8
 755 0235 00000000 		.4byte	.LFB3
 756 0239 20000000 		.4byte	.LFE3-.LFB3
 757 023d 01       		.uleb128 0x1
 758 023e 9C       		.byte	0x9c
 759 023f 0B       		.uleb128 0xb
 760 0240 B7000000 		.4byte	0xb7
 761 0244 00000000 		.4byte	.LFB4
 762 0248 1C000000 		.4byte	.LFE4-.LFB4
 763 024c 01       		.uleb128 0x1
 764 024d 9C       		.byte	0x9c
 765 024e 5C020000 		.4byte	0x25c
 766 0252 0D       		.uleb128 0xd
 767 0253 C3000000 		.4byte	0xc3
 768 0257 9B000000 		.4byte	.LLST7
 769 025b 00       		.byte	0
 770 025c 0B       		.uleb128 0xb
 771 025d CF000000 		.4byte	0xcf
 772 0261 00000000 		.4byte	.LFB5
 773 0265 34000000 		.4byte	.LFE5-.LFB5
 774 0269 01       		.uleb128 0x1
 775 026a 9C       		.byte	0x9c
 776 026b 98020000 		.4byte	0x298
 777 026f 0D       		.uleb128 0xd
 778 0270 DB000000 		.4byte	0xdb
 779 0274 BC000000 		.4byte	.LLST8
 780 0278 0E       		.uleb128 0xe
 781 0279 9D000000 		.4byte	0x9d
 782 027d 08000000 		.4byte	.LBB68
 783 0281 A8000000 		.4byte	.Ldebug_ranges0+0xa8
 784 0285 01       		.byte	0x1
 785 0286 E8       		.byte	0xe8
 786 0287 0F       		.uleb128 0xf
 787 0288 A8000000 		.4byte	.Ldebug_ranges0+0xa8
ARM GAS  C:\Users\legoc\AppData\Local\Temp\ccL3RfGh.s 			page 21


 788 028c 10       		.uleb128 0x10
 789 028d AA000000 		.4byte	0xaa
 790 0291 DD000000 		.4byte	.LLST9
 791 0295 00       		.byte	0
 792 0296 00       		.byte	0
 793 0297 00       		.byte	0
 794 0298 0B       		.uleb128 0xb
 795 0299 E7000000 		.4byte	0xe7
 796 029d 00000000 		.4byte	.LFB6
 797 02a1 0C000000 		.4byte	.LFE6-.LFB6
 798 02a5 01       		.uleb128 0x1
 799 02a6 9C       		.byte	0x9c
 800 02a7 B3020000 		.4byte	0x2b3
 801 02ab 17       		.uleb128 0x17
 802 02ac F3000000 		.4byte	0xf3
 803 02b0 01       		.uleb128 0x1
 804 02b1 50       		.byte	0x50
 805 02b2 00       		.byte	0
 806 02b3 0B       		.uleb128 0xb
 807 02b4 9D000000 		.4byte	0x9d
 808 02b8 00000000 		.4byte	.LFB7
 809 02bc 24000000 		.4byte	.LFE7-.LFB7
 810 02c0 01       		.uleb128 0x1
 811 02c1 9C       		.byte	0x9c
 812 02c2 D0020000 		.4byte	0x2d0
 813 02c6 10       		.uleb128 0x10
 814 02c7 AA000000 		.4byte	0xaa
 815 02cb F8000000 		.4byte	.LLST10
 816 02cf 00       		.byte	0
 817 02d0 18       		.uleb128 0x18
 818 02d1 00010000 		.4byte	.LASF29
 819 02d5 01       		.byte	0x1
 820 02d6 1B       		.byte	0x1b
 821 02d7 6B000000 		.4byte	0x6b
 822 02db 05       		.uleb128 0x5
 823 02dc 03       		.byte	0x3
 824 02dd 00000000 		.4byte	VDAC8_GS_initVar
 825 02e1 00       		.byte	0
 826              		.section	.debug_abbrev,"",%progbits
 827              	.Ldebug_abbrev0:
 828 0000 01       		.uleb128 0x1
 829 0001 11       		.uleb128 0x11
 830 0002 01       		.byte	0x1
 831 0003 25       		.uleb128 0x25
 832 0004 0E       		.uleb128 0xe
 833 0005 13       		.uleb128 0x13
 834 0006 0B       		.uleb128 0xb
 835 0007 03       		.uleb128 0x3
 836 0008 0E       		.uleb128 0xe
 837 0009 1B       		.uleb128 0x1b
 838 000a 0E       		.uleb128 0xe
 839 000b 55       		.uleb128 0x55
 840 000c 17       		.uleb128 0x17
 841 000d 11       		.uleb128 0x11
 842 000e 01       		.uleb128 0x1
 843 000f 10       		.uleb128 0x10
 844 0010 17       		.uleb128 0x17
ARM GAS  C:\Users\legoc\AppData\Local\Temp\ccL3RfGh.s 			page 22


 845 0011 00       		.byte	0
 846 0012 00       		.byte	0
 847 0013 02       		.uleb128 0x2
 848 0014 24       		.uleb128 0x24
 849 0015 00       		.byte	0
 850 0016 0B       		.uleb128 0xb
 851 0017 0B       		.uleb128 0xb
 852 0018 3E       		.uleb128 0x3e
 853 0019 0B       		.uleb128 0xb
 854 001a 03       		.uleb128 0x3
 855 001b 0E       		.uleb128 0xe
 856 001c 00       		.byte	0
 857 001d 00       		.byte	0
 858 001e 03       		.uleb128 0x3
 859 001f 24       		.uleb128 0x24
 860 0020 00       		.byte	0
 861 0021 0B       		.uleb128 0xb
 862 0022 0B       		.uleb128 0xb
 863 0023 3E       		.uleb128 0x3e
 864 0024 0B       		.uleb128 0xb
 865 0025 03       		.uleb128 0x3
 866 0026 08       		.uleb128 0x8
 867 0027 00       		.byte	0
 868 0028 00       		.byte	0
 869 0029 04       		.uleb128 0x4
 870 002a 16       		.uleb128 0x16
 871 002b 00       		.byte	0
 872 002c 03       		.uleb128 0x3
 873 002d 0E       		.uleb128 0xe
 874 002e 3A       		.uleb128 0x3a
 875 002f 0B       		.uleb128 0xb
 876 0030 3B       		.uleb128 0x3b
 877 0031 05       		.uleb128 0x5
 878 0032 49       		.uleb128 0x49
 879 0033 13       		.uleb128 0x13
 880 0034 00       		.byte	0
 881 0035 00       		.byte	0
 882 0036 05       		.uleb128 0x5
 883 0037 35       		.uleb128 0x35
 884 0038 00       		.byte	0
 885 0039 49       		.uleb128 0x49
 886 003a 13       		.uleb128 0x13
 887 003b 00       		.byte	0
 888 003c 00       		.byte	0
 889 003d 06       		.uleb128 0x6
 890 003e 2E       		.uleb128 0x2e
 891 003f 01       		.byte	0x1
 892 0040 3F       		.uleb128 0x3f
 893 0041 19       		.uleb128 0x19
 894 0042 03       		.uleb128 0x3
 895 0043 0E       		.uleb128 0xe
 896 0044 3A       		.uleb128 0x3a
 897 0045 0B       		.uleb128 0xb
 898 0046 3B       		.uleb128 0x3b
 899 0047 05       		.uleb128 0x5
 900 0048 27       		.uleb128 0x27
 901 0049 19       		.uleb128 0x19
ARM GAS  C:\Users\legoc\AppData\Local\Temp\ccL3RfGh.s 			page 23


 902 004a 20       		.uleb128 0x20
 903 004b 0B       		.uleb128 0xb
 904 004c 01       		.uleb128 0x1
 905 004d 13       		.uleb128 0x13
 906 004e 00       		.byte	0
 907 004f 00       		.byte	0
 908 0050 07       		.uleb128 0x7
 909 0051 34       		.uleb128 0x34
 910 0052 00       		.byte	0
 911 0053 03       		.uleb128 0x3
 912 0054 0E       		.uleb128 0xe
 913 0055 3A       		.uleb128 0x3a
 914 0056 0B       		.uleb128 0xb
 915 0057 3B       		.uleb128 0x3b
 916 0058 05       		.uleb128 0x5
 917 0059 49       		.uleb128 0x49
 918 005a 13       		.uleb128 0x13
 919 005b 00       		.byte	0
 920 005c 00       		.byte	0
 921 005d 08       		.uleb128 0x8
 922 005e 2E       		.uleb128 0x2e
 923 005f 01       		.byte	0x1
 924 0060 3F       		.uleb128 0x3f
 925 0061 19       		.uleb128 0x19
 926 0062 03       		.uleb128 0x3
 927 0063 0E       		.uleb128 0xe
 928 0064 3A       		.uleb128 0x3a
 929 0065 0B       		.uleb128 0xb
 930 0066 3B       		.uleb128 0x3b
 931 0067 0B       		.uleb128 0xb
 932 0068 27       		.uleb128 0x27
 933 0069 19       		.uleb128 0x19
 934 006a 20       		.uleb128 0x20
 935 006b 0B       		.uleb128 0xb
 936 006c 01       		.uleb128 0x1
 937 006d 13       		.uleb128 0x13
 938 006e 00       		.byte	0
 939 006f 00       		.byte	0
 940 0070 09       		.uleb128 0x9
 941 0071 05       		.uleb128 0x5
 942 0072 00       		.byte	0
 943 0073 03       		.uleb128 0x3
 944 0074 0E       		.uleb128 0xe
 945 0075 3A       		.uleb128 0x3a
 946 0076 0B       		.uleb128 0xb
 947 0077 3B       		.uleb128 0x3b
 948 0078 0B       		.uleb128 0xb
 949 0079 49       		.uleb128 0x49
 950 007a 13       		.uleb128 0x13
 951 007b 00       		.byte	0
 952 007c 00       		.byte	0
 953 007d 0A       		.uleb128 0xa
 954 007e 2E       		.uleb128 0x2e
 955 007f 00       		.byte	0
 956 0080 3F       		.uleb128 0x3f
 957 0081 19       		.uleb128 0x19
 958 0082 03       		.uleb128 0x3
ARM GAS  C:\Users\legoc\AppData\Local\Temp\ccL3RfGh.s 			page 24


 959 0083 0E       		.uleb128 0xe
 960 0084 3A       		.uleb128 0x3a
 961 0085 0B       		.uleb128 0xb
 962 0086 3B       		.uleb128 0x3b
 963 0087 0B       		.uleb128 0xb
 964 0088 27       		.uleb128 0x27
 965 0089 19       		.uleb128 0x19
 966 008a 20       		.uleb128 0x20
 967 008b 0B       		.uleb128 0xb
 968 008c 00       		.byte	0
 969 008d 00       		.byte	0
 970 008e 0B       		.uleb128 0xb
 971 008f 2E       		.uleb128 0x2e
 972 0090 01       		.byte	0x1
 973 0091 31       		.uleb128 0x31
 974 0092 13       		.uleb128 0x13
 975 0093 11       		.uleb128 0x11
 976 0094 01       		.uleb128 0x1
 977 0095 12       		.uleb128 0x12
 978 0096 06       		.uleb128 0x6
 979 0097 40       		.uleb128 0x40
 980 0098 18       		.uleb128 0x18
 981 0099 9742     		.uleb128 0x2117
 982 009b 19       		.uleb128 0x19
 983 009c 01       		.uleb128 0x1
 984 009d 13       		.uleb128 0x13
 985 009e 00       		.byte	0
 986 009f 00       		.byte	0
 987 00a0 0C       		.uleb128 0xc
 988 00a1 1D       		.uleb128 0x1d
 989 00a2 01       		.byte	0x1
 990 00a3 31       		.uleb128 0x31
 991 00a4 13       		.uleb128 0x13
 992 00a5 11       		.uleb128 0x11
 993 00a6 01       		.uleb128 0x1
 994 00a7 12       		.uleb128 0x12
 995 00a8 06       		.uleb128 0x6
 996 00a9 58       		.uleb128 0x58
 997 00aa 0B       		.uleb128 0xb
 998 00ab 59       		.uleb128 0x59
 999 00ac 0B       		.uleb128 0xb
 1000 00ad 01       		.uleb128 0x1
 1001 00ae 13       		.uleb128 0x13
 1002 00af 00       		.byte	0
 1003 00b0 00       		.byte	0
 1004 00b1 0D       		.uleb128 0xd
 1005 00b2 05       		.uleb128 0x5
 1006 00b3 00       		.byte	0
 1007 00b4 31       		.uleb128 0x31
 1008 00b5 13       		.uleb128 0x13
 1009 00b6 02       		.uleb128 0x2
 1010 00b7 17       		.uleb128 0x17
 1011 00b8 00       		.byte	0
 1012 00b9 00       		.byte	0
 1013 00ba 0E       		.uleb128 0xe
 1014 00bb 1D       		.uleb128 0x1d
 1015 00bc 01       		.byte	0x1
ARM GAS  C:\Users\legoc\AppData\Local\Temp\ccL3RfGh.s 			page 25


 1016 00bd 31       		.uleb128 0x31
 1017 00be 13       		.uleb128 0x13
 1018 00bf 52       		.uleb128 0x52
 1019 00c0 01       		.uleb128 0x1
 1020 00c1 55       		.uleb128 0x55
 1021 00c2 17       		.uleb128 0x17
 1022 00c3 58       		.uleb128 0x58
 1023 00c4 0B       		.uleb128 0xb
 1024 00c5 59       		.uleb128 0x59
 1025 00c6 0B       		.uleb128 0xb
 1026 00c7 00       		.byte	0
 1027 00c8 00       		.byte	0
 1028 00c9 0F       		.uleb128 0xf
 1029 00ca 0B       		.uleb128 0xb
 1030 00cb 01       		.byte	0x1
 1031 00cc 55       		.uleb128 0x55
 1032 00cd 17       		.uleb128 0x17
 1033 00ce 00       		.byte	0
 1034 00cf 00       		.byte	0
 1035 00d0 10       		.uleb128 0x10
 1036 00d1 34       		.uleb128 0x34
 1037 00d2 00       		.byte	0
 1038 00d3 31       		.uleb128 0x31
 1039 00d4 13       		.uleb128 0x13
 1040 00d5 02       		.uleb128 0x2
 1041 00d6 17       		.uleb128 0x17
 1042 00d7 00       		.byte	0
 1043 00d8 00       		.byte	0
 1044 00d9 11       		.uleb128 0x11
 1045 00da 1D       		.uleb128 0x1d
 1046 00db 01       		.byte	0x1
 1047 00dc 31       		.uleb128 0x31
 1048 00dd 13       		.uleb128 0x13
 1049 00de 11       		.uleb128 0x11
 1050 00df 01       		.uleb128 0x1
 1051 00e0 12       		.uleb128 0x12
 1052 00e1 06       		.uleb128 0x6
 1053 00e2 58       		.uleb128 0x58
 1054 00e3 0B       		.uleb128 0xb
 1055 00e4 59       		.uleb128 0x59
 1056 00e5 0B       		.uleb128 0xb
 1057 00e6 00       		.byte	0
 1058 00e7 00       		.byte	0
 1059 00e8 12       		.uleb128 0x12
 1060 00e9 2E       		.uleb128 0x2e
 1061 00ea 00       		.byte	0
 1062 00eb 31       		.uleb128 0x31
 1063 00ec 13       		.uleb128 0x13
 1064 00ed 11       		.uleb128 0x11
 1065 00ee 01       		.uleb128 0x1
 1066 00ef 12       		.uleb128 0x12
 1067 00f0 06       		.uleb128 0x6
 1068 00f1 40       		.uleb128 0x40
 1069 00f2 18       		.uleb128 0x18
 1070 00f3 9742     		.uleb128 0x2117
 1071 00f5 19       		.uleb128 0x19
 1072 00f6 00       		.byte	0
ARM GAS  C:\Users\legoc\AppData\Local\Temp\ccL3RfGh.s 			page 26


 1073 00f7 00       		.byte	0
 1074 00f8 13       		.uleb128 0x13
 1075 00f9 2E       		.uleb128 0x2e
 1076 00fa 01       		.byte	0x1
 1077 00fb 3F       		.uleb128 0x3f
 1078 00fc 19       		.uleb128 0x19
 1079 00fd 03       		.uleb128 0x3
 1080 00fe 0E       		.uleb128 0xe
 1081 00ff 3A       		.uleb128 0x3a
 1082 0100 0B       		.uleb128 0xb
 1083 0101 3B       		.uleb128 0x3b
 1084 0102 0B       		.uleb128 0xb
 1085 0103 27       		.uleb128 0x27
 1086 0104 19       		.uleb128 0x19
 1087 0105 11       		.uleb128 0x11
 1088 0106 01       		.uleb128 0x1
 1089 0107 12       		.uleb128 0x12
 1090 0108 06       		.uleb128 0x6
 1091 0109 40       		.uleb128 0x40
 1092 010a 18       		.uleb128 0x18
 1093 010b 9742     		.uleb128 0x2117
 1094 010d 19       		.uleb128 0x19
 1095 010e 01       		.uleb128 0x1
 1096 010f 13       		.uleb128 0x13
 1097 0110 00       		.byte	0
 1098 0111 00       		.byte	0
 1099 0112 14       		.uleb128 0x14
 1100 0113 1D       		.uleb128 0x1d
 1101 0114 01       		.byte	0x1
 1102 0115 31       		.uleb128 0x31
 1103 0116 13       		.uleb128 0x13
 1104 0117 52       		.uleb128 0x52
 1105 0118 01       		.uleb128 0x1
 1106 0119 55       		.uleb128 0x55
 1107 011a 17       		.uleb128 0x17
 1108 011b 58       		.uleb128 0x58
 1109 011c 0B       		.uleb128 0xb
 1110 011d 59       		.uleb128 0x59
 1111 011e 0B       		.uleb128 0xb
 1112 011f 01       		.uleb128 0x1
 1113 0120 13       		.uleb128 0x13
 1114 0121 00       		.byte	0
 1115 0122 00       		.byte	0
 1116 0123 15       		.uleb128 0x15
 1117 0124 1D       		.uleb128 0x1d
 1118 0125 00       		.byte	0
 1119 0126 31       		.uleb128 0x31
 1120 0127 13       		.uleb128 0x13
 1121 0128 52       		.uleb128 0x52
 1122 0129 01       		.uleb128 0x1
 1123 012a 55       		.uleb128 0x55
 1124 012b 17       		.uleb128 0x17
 1125 012c 58       		.uleb128 0x58
 1126 012d 0B       		.uleb128 0xb
 1127 012e 59       		.uleb128 0x59
 1128 012f 0B       		.uleb128 0xb
 1129 0130 00       		.byte	0
ARM GAS  C:\Users\legoc\AppData\Local\Temp\ccL3RfGh.s 			page 27


 1130 0131 00       		.byte	0
 1131 0132 16       		.uleb128 0x16
 1132 0133 2E       		.uleb128 0x2e
 1133 0134 00       		.byte	0
 1134 0135 3F       		.uleb128 0x3f
 1135 0136 19       		.uleb128 0x19
 1136 0137 03       		.uleb128 0x3
 1137 0138 0E       		.uleb128 0xe
 1138 0139 3A       		.uleb128 0x3a
 1139 013a 0B       		.uleb128 0xb
 1140 013b 3B       		.uleb128 0x3b
 1141 013c 0B       		.uleb128 0xb
 1142 013d 27       		.uleb128 0x27
 1143 013e 19       		.uleb128 0x19
 1144 013f 11       		.uleb128 0x11
 1145 0140 01       		.uleb128 0x1
 1146 0141 12       		.uleb128 0x12
 1147 0142 06       		.uleb128 0x6
 1148 0143 40       		.uleb128 0x40
 1149 0144 18       		.uleb128 0x18
 1150 0145 9742     		.uleb128 0x2117
 1151 0147 19       		.uleb128 0x19
 1152 0148 00       		.byte	0
 1153 0149 00       		.byte	0
 1154 014a 17       		.uleb128 0x17
 1155 014b 05       		.uleb128 0x5
 1156 014c 00       		.byte	0
 1157 014d 31       		.uleb128 0x31
 1158 014e 13       		.uleb128 0x13
 1159 014f 02       		.uleb128 0x2
 1160 0150 18       		.uleb128 0x18
 1161 0151 00       		.byte	0
 1162 0152 00       		.byte	0
 1163 0153 18       		.uleb128 0x18
 1164 0154 34       		.uleb128 0x34
 1165 0155 00       		.byte	0
 1166 0156 03       		.uleb128 0x3
 1167 0157 0E       		.uleb128 0xe
 1168 0158 3A       		.uleb128 0x3a
 1169 0159 0B       		.uleb128 0xb
 1170 015a 3B       		.uleb128 0x3b
 1171 015b 0B       		.uleb128 0xb
 1172 015c 49       		.uleb128 0x49
 1173 015d 13       		.uleb128 0x13
 1174 015e 3F       		.uleb128 0x3f
 1175 015f 19       		.uleb128 0x19
 1176 0160 02       		.uleb128 0x2
 1177 0161 18       		.uleb128 0x18
 1178 0162 00       		.byte	0
 1179 0163 00       		.byte	0
 1180 0164 00       		.byte	0
 1181              		.section	.debug_loc,"",%progbits
 1182              	.Ldebug_loc0:
 1183              	.LLST0:
 1184 0000 0A000000 		.4byte	.LVL0
 1185 0004 34000000 		.4byte	.LVL3
 1186 0008 0200     		.2byte	0x2
ARM GAS  C:\Users\legoc\AppData\Local\Temp\ccL3RfGh.s 			page 28


 1187 000a 34       		.byte	0x34
 1188 000b 9F       		.byte	0x9f
 1189 000c 00000000 		.4byte	0
 1190 0010 00000000 		.4byte	0
 1191              	.LLST1:
 1192 0014 22000000 		.4byte	.LVL1
 1193 0018 26000000 		.4byte	.LVL2
 1194 001c 0900     		.2byte	0x9
 1195 001e 72       		.byte	0x72
 1196 001f 00       		.sleb128 0
 1197 0020 3C       		.byte	0x3c
 1198 0021 1A       		.byte	0x1a
 1199 0022 32       		.byte	0x32
 1200 0023 25       		.byte	0x25
 1201 0024 23       		.byte	0x23
 1202 0025 06       		.uleb128 0x6
 1203 0026 9F       		.byte	0x9f
 1204 0027 00000000 		.4byte	0
 1205 002b 00000000 		.4byte	0
 1206              	.LLST2:
 1207 002f 34000000 		.4byte	.LVL3
 1208 0033 42000000 		.4byte	.LVL4
 1209 0037 0200     		.2byte	0x2
 1210 0039 30       		.byte	0x30
 1211 003a 9F       		.byte	0x9f
 1212 003b 00000000 		.4byte	0
 1213 003f 00000000 		.4byte	0
 1214              	.LLST3:
 1215 0043 10000000 		.4byte	.LVL5
 1216 0047 38000000 		.4byte	.LVL8
 1217 004b 0200     		.2byte	0x2
 1218 004d 34       		.byte	0x34
 1219 004e 9F       		.byte	0x9f
 1220 004f 00000000 		.4byte	0
 1221 0053 00000000 		.4byte	0
 1222              	.LLST4:
 1223 0057 26000000 		.4byte	.LVL6
 1224 005b 2A000000 		.4byte	.LVL7
 1225 005f 0900     		.2byte	0x9
 1226 0061 72       		.byte	0x72
 1227 0062 00       		.sleb128 0
 1228 0063 3C       		.byte	0x3c
 1229 0064 1A       		.byte	0x1a
 1230 0065 32       		.byte	0x32
 1231 0066 25       		.byte	0x25
 1232 0067 23       		.byte	0x23
 1233 0068 06       		.uleb128 0x6
 1234 0069 9F       		.byte	0x9f
 1235 006a 00000000 		.4byte	0
 1236 006e 00000000 		.4byte	0
 1237              	.LLST5:
 1238 0072 38000000 		.4byte	.LVL8
 1239 0076 46000000 		.4byte	.LVL9
 1240 007a 0200     		.2byte	0x2
 1241 007c 30       		.byte	0x30
 1242 007d 9F       		.byte	0x9f
 1243 007e 00000000 		.4byte	0
ARM GAS  C:\Users\legoc\AppData\Local\Temp\ccL3RfGh.s 			page 29


 1244 0082 00000000 		.4byte	0
 1245              	.LLST6:
 1246 0086 60000000 		.4byte	.LVL10
 1247 008a 62000000 		.4byte	.LVL11
 1248 008e 0300     		.2byte	0x3
 1249 0090 08       		.byte	0x8
 1250 0091 64       		.byte	0x64
 1251 0092 9F       		.byte	0x9f
 1252 0093 00000000 		.4byte	0
 1253 0097 00000000 		.4byte	0
 1254              	.LLST7:
 1255 009b 00000000 		.4byte	.LVL12
 1256 009f 06000000 		.4byte	.LVL13
 1257 00a3 0100     		.2byte	0x1
 1258 00a5 50       		.byte	0x50
 1259 00a6 06000000 		.4byte	.LVL13
 1260 00aa 1C000000 		.4byte	.LFE4
 1261 00ae 0400     		.2byte	0x4
 1262 00b0 F3       		.byte	0xf3
 1263 00b1 01       		.uleb128 0x1
 1264 00b2 50       		.byte	0x50
 1265 00b3 9F       		.byte	0x9f
 1266 00b4 00000000 		.4byte	0
 1267 00b8 00000000 		.4byte	0
 1268              	.LLST8:
 1269 00bc 00000000 		.4byte	.LVL14
 1270 00c0 06000000 		.4byte	.LVL15
 1271 00c4 0100     		.2byte	0x1
 1272 00c6 50       		.byte	0x50
 1273 00c7 06000000 		.4byte	.LVL15
 1274 00cb 34000000 		.4byte	.LFE5
 1275 00cf 0400     		.2byte	0x4
 1276 00d1 F3       		.byte	0xf3
 1277 00d2 01       		.uleb128 0x1
 1278 00d3 50       		.byte	0x50
 1279 00d4 9F       		.byte	0x9f
 1280 00d5 00000000 		.4byte	0
 1281 00d9 00000000 		.4byte	0
 1282              	.LLST9:
 1283 00dd 18000000 		.4byte	.LVL16
 1284 00e1 1C000000 		.4byte	.LVL17
 1285 00e5 0900     		.2byte	0x9
 1286 00e7 73       		.byte	0x73
 1287 00e8 00       		.sleb128 0
 1288 00e9 3C       		.byte	0x3c
 1289 00ea 1A       		.byte	0x1a
 1290 00eb 32       		.byte	0x32
 1291 00ec 25       		.byte	0x25
 1292 00ed 23       		.byte	0x23
 1293 00ee 06       		.uleb128 0x6
 1294 00ef 9F       		.byte	0x9f
 1295 00f0 00000000 		.4byte	0
 1296 00f4 00000000 		.4byte	0
 1297              	.LLST10:
 1298 00f8 06000000 		.4byte	.LVL19
 1299 00fc 0A000000 		.4byte	.LVL20
 1300 0100 0900     		.2byte	0x9
ARM GAS  C:\Users\legoc\AppData\Local\Temp\ccL3RfGh.s 			page 30


 1301 0102 73       		.byte	0x73
 1302 0103 00       		.sleb128 0
 1303 0104 3C       		.byte	0x3c
 1304 0105 1A       		.byte	0x1a
 1305 0106 32       		.byte	0x32
 1306 0107 25       		.byte	0x25
 1307 0108 23       		.byte	0x23
 1308 0109 06       		.uleb128 0x6
 1309 010a 9F       		.byte	0x9f
 1310 010b 00000000 		.4byte	0
 1311 010f 00000000 		.4byte	0
 1312              		.section	.debug_aranges,"",%progbits
 1313 0000 54000000 		.4byte	0x54
 1314 0004 0200     		.2byte	0x2
 1315 0006 00000000 		.4byte	.Ldebug_info0
 1316 000a 04       		.byte	0x4
 1317 000b 00       		.byte	0
 1318 000c 0000     		.2byte	0
 1319 000e 0000     		.2byte	0
 1320 0010 00000000 		.4byte	.LFB0
 1321 0014 4C000000 		.4byte	.LFE0-.LFB0
 1322 0018 00000000 		.4byte	.LFB1
 1323 001c 20000000 		.4byte	.LFE1-.LFB1
 1324 0020 00000000 		.4byte	.LFB2
 1325 0024 84000000 		.4byte	.LFE2-.LFB2
 1326 0028 00000000 		.4byte	.LFB3
 1327 002c 20000000 		.4byte	.LFE3-.LFB3
 1328 0030 00000000 		.4byte	.LFB4
 1329 0034 1C000000 		.4byte	.LFE4-.LFB4
 1330 0038 00000000 		.4byte	.LFB5
 1331 003c 34000000 		.4byte	.LFE5-.LFB5
 1332 0040 00000000 		.4byte	.LFB6
 1333 0044 0C000000 		.4byte	.LFE6-.LFB6
 1334 0048 00000000 		.4byte	.LFB7
 1335 004c 24000000 		.4byte	.LFE7-.LFB7
 1336 0050 00000000 		.4byte	0
 1337 0054 00000000 		.4byte	0
 1338              		.section	.debug_ranges,"",%progbits
 1339              	.Ldebug_ranges0:
 1340 0000 0C000000 		.4byte	.LBB22
 1341 0004 10000000 		.4byte	.LBE22
 1342 0008 18000000 		.4byte	.LBB26
 1343 000c 1A000000 		.4byte	.LBE26
 1344 0010 20000000 		.4byte	.LBB27
 1345 0014 34000000 		.4byte	.LBE27
 1346 0018 00000000 		.4byte	0
 1347 001c 00000000 		.4byte	0
 1348 0020 08000000 		.4byte	.LBB42
 1349 0024 1C000000 		.4byte	.LBE42
 1350 0028 1E000000 		.4byte	.LBB55
 1351 002c 46000000 		.4byte	.LBE55
 1352 0030 00000000 		.4byte	0
 1353 0034 00000000 		.4byte	0
 1354 0038 10000000 		.4byte	.LBB44
 1355 003c 1C000000 		.4byte	.LBE44
 1356 0040 1E000000 		.4byte	.LBB51
 1357 0044 38000000 		.4byte	.LBE51
ARM GAS  C:\Users\legoc\AppData\Local\Temp\ccL3RfGh.s 			page 31


 1358 0048 00000000 		.4byte	0
 1359 004c 00000000 		.4byte	0
 1360 0050 12000000 		.4byte	.LBB46
 1361 0054 14000000 		.4byte	.LBE46
 1362 0058 24000000 		.4byte	.LBB49
 1363 005c 38000000 		.4byte	.LBE49
 1364 0060 00000000 		.4byte	0
 1365 0064 00000000 		.4byte	0
 1366 0068 48000000 		.4byte	.LBB56
 1367 006c 4E000000 		.4byte	.LBE56
 1368 0070 50000000 		.4byte	.LBB64
 1369 0074 58000000 		.4byte	.LBE64
 1370 0078 5A000000 		.4byte	.LBB66
 1371 007c 60000000 		.4byte	.LBE66
 1372 0080 00000000 		.4byte	0
 1373 0084 00000000 		.4byte	0
 1374 0088 4E000000 		.4byte	.LBB60
 1375 008c 50000000 		.4byte	.LBE60
 1376 0090 58000000 		.4byte	.LBB65
 1377 0094 5A000000 		.4byte	.LBE65
 1378 0098 60000000 		.4byte	.LBB67
 1379 009c 62000000 		.4byte	.LBE67
 1380 00a0 00000000 		.4byte	0
 1381 00a4 00000000 		.4byte	0
 1382 00a8 08000000 		.4byte	.LBB68
 1383 00ac 0A000000 		.4byte	.LBE68
 1384 00b0 16000000 		.4byte	.LBB71
 1385 00b4 34000000 		.4byte	.LBE71
 1386 00b8 00000000 		.4byte	0
 1387 00bc 00000000 		.4byte	0
 1388 00c0 00000000 		.4byte	.LFB0
 1389 00c4 4C000000 		.4byte	.LFE0
 1390 00c8 00000000 		.4byte	.LFB1
 1391 00cc 20000000 		.4byte	.LFE1
 1392 00d0 00000000 		.4byte	.LFB2
 1393 00d4 84000000 		.4byte	.LFE2
 1394 00d8 00000000 		.4byte	.LFB3
 1395 00dc 20000000 		.4byte	.LFE3
 1396 00e0 00000000 		.4byte	.LFB4
 1397 00e4 1C000000 		.4byte	.LFE4
 1398 00e8 00000000 		.4byte	.LFB5
 1399 00ec 34000000 		.4byte	.LFE5
 1400 00f0 00000000 		.4byte	.LFB6
 1401 00f4 0C000000 		.4byte	.LFE6
 1402 00f8 00000000 		.4byte	.LFB7
 1403 00fc 24000000 		.4byte	.LFE7
 1404 0100 00000000 		.4byte	0
 1405 0104 00000000 		.4byte	0
 1406              		.section	.debug_line,"",%progbits
 1407              	.Ldebug_line0:
 1408 0000 53010000 		.section	.debug_str,"MS",%progbits,1
 1408      02004500 
 1408      00000201 
 1408      FB0E0D00 
 1408      01010101 
 1409              	.LASF14:
 1410 0000 56444143 		.ascii	"VDAC8_GS_DacTrim\000"
ARM GAS  C:\Users\legoc\AppData\Local\Temp\ccL3RfGh.s 			page 32


 1410      385F4753 
 1410      5F446163 
 1410      5472696D 
 1410      00
 1411              	.LASF24:
 1412 0011 47656E65 		.ascii	"Generated_Source\\PSoC5\\VDAC8_GS.c\000"
 1412      72617465 
 1412      645F536F 
 1412      75726365 
 1412      5C50536F 
 1413              	.LASF22:
 1414 0033 56444143 		.ascii	"VDAC8_GS_Init\000"
 1414      385F4753 
 1414      5F496E69 
 1414      7400
 1415              	.LASF19:
 1416 0041 56444143 		.ascii	"VDAC8_GS_SetValue\000"
 1416      385F4753 
 1416      5F536574 
 1416      56616C75 
 1416      6500
 1417              	.LASF23:
 1418 0053 474E5520 		.ascii	"GNU C11 5.4.1 20160609 (release) [ARM/embedded-5-br"
 1418      43313120 
 1418      352E342E 
 1418      31203230 
 1418      31363036 
 1419 0086 616E6368 		.ascii	"anch revision 237715] -mcpu=cortex-m3 -mthumb -g -O"
 1419      20726576 
 1419      6973696F 
 1419      6E203233 
 1419      37373135 
 1420 00b9 33202D66 		.ascii	"3 -ffunction-sections -ffat-lto-objects\000"
 1420      66756E63 
 1420      74696F6E 
 1420      2D736563 
 1420      74696F6E 
 1421              	.LASF20:
 1422 00e1 76616C75 		.ascii	"value\000"
 1422      6500
 1423              	.LASF9:
 1424 00e7 666C6F61 		.ascii	"float\000"
 1424      7400
 1425              	.LASF1:
 1426 00ed 756E7369 		.ascii	"unsigned char\000"
 1426      676E6564 
 1426      20636861 
 1426      7200
 1427              	.LASF13:
 1428 00fb 72656738 		.ascii	"reg8\000"
 1428      00
 1429              	.LASF29:
 1430 0100 56444143 		.ascii	"VDAC8_GS_initVar\000"
 1430      385F4753 
 1430      5F696E69 
 1430      74566172 
 1430      00
ARM GAS  C:\Users\legoc\AppData\Local\Temp\ccL3RfGh.s 			page 33


 1431              	.LASF5:
 1432 0111 6C6F6E67 		.ascii	"long unsigned int\000"
 1432      20756E73 
 1432      69676E65 
 1432      6420696E 
 1432      7400
 1433              	.LASF3:
 1434 0123 73686F72 		.ascii	"short unsigned int\000"
 1434      7420756E 
 1434      7369676E 
 1434      65642069 
 1434      6E7400
 1435              	.LASF16:
 1436 0136 56444143 		.ascii	"VDAC8_GS_SetRange\000"
 1436      385F4753 
 1436      5F536574 
 1436      52616E67 
 1436      6500
 1437              	.LASF18:
 1438 0148 72616E67 		.ascii	"range\000"
 1438      6500
 1439              	.LASF28:
 1440 014e 56444143 		.ascii	"VDAC8_GS_Stop\000"
 1440      385F4753 
 1440      5F53746F 
 1440      7000
 1441              	.LASF10:
 1442 015c 646F7562 		.ascii	"double\000"
 1442      6C6500
 1443              	.LASF25:
 1444 0163 433A5C55 		.ascii	"C:\\Users\\legoc\\Documents\\School\\Senior Year\\S"
 1444      73657273 
 1444      5C6C6567 
 1444      6F635C44 
 1444      6F63756D 
 1445 0190 656E696F 		.ascii	"enior Project\\Senior Project Integrated\\Senior Pr"
 1445      72205072 
 1445      6F6A6563 
 1445      745C5365 
 1445      6E696F72 
 1446 01c1 6F6A6563 		.ascii	"oject Integrated\\Design01.cydsn\000"
 1446      7420496E 
 1446      74656772 
 1446      61746564 
 1446      5C446573 
 1447              	.LASF8:
 1448 01e1 756E7369 		.ascii	"unsigned int\000"
 1448      676E6564 
 1448      20696E74 
 1448      00
 1449              	.LASF7:
 1450 01ee 6C6F6E67 		.ascii	"long long unsigned int\000"
 1450      206C6F6E 
 1450      6720756E 
 1450      7369676E 
 1450      65642069 
 1451              	.LASF26:
ARM GAS  C:\Users\legoc\AppData\Local\Temp\ccL3RfGh.s 			page 34


 1452 0205 6D6F6465 		.ascii	"mode\000"
 1452      00
 1453              	.LASF15:
 1454 020a 56444143 		.ascii	"VDAC8_GS_SetSpeed\000"
 1454      385F4753 
 1454      5F536574 
 1454      53706565 
 1454      6400
 1455              	.LASF17:
 1456 021c 73706565 		.ascii	"speed\000"
 1456      6400
 1457              	.LASF6:
 1458 0222 6C6F6E67 		.ascii	"long long int\000"
 1458      206C6F6E 
 1458      6720696E 
 1458      7400
 1459              	.LASF27:
 1460 0230 56444143 		.ascii	"VDAC8_GS_Start\000"
 1460      385F4753 
 1460      5F537461 
 1460      727400
 1461              	.LASF11:
 1462 023f 63686172 		.ascii	"char\000"
 1462      00
 1463              	.LASF21:
 1464 0244 56444143 		.ascii	"VDAC8_GS_Enable\000"
 1464      385F4753 
 1464      5F456E61 
 1464      626C6500 
 1465              	.LASF2:
 1466 0254 73686F72 		.ascii	"short int\000"
 1466      7420696E 
 1466      7400
 1467              	.LASF12:
 1468 025e 75696E74 		.ascii	"uint8\000"
 1468      3800
 1469              	.LASF4:
 1470 0264 6C6F6E67 		.ascii	"long int\000"
 1470      20696E74 
 1470      00
 1471              	.LASF0:
 1472 026d 7369676E 		.ascii	"signed char\000"
 1472      65642063 
 1472      68617200 
 1473              		.ident	"GCC: (GNU Tools for ARM Embedded Processors) 5.4.1 20160609 (release) [ARM/embedded-5-bran
