--------------- Rebuild Started: 04/18/2019 17:40:25 Project: Design01, Configuration: ARM GCC 5.4-2016-q2-update Debug ---------------
Deleting file ".\CortexM3\ARM_GCC_541\Debug\main.o"
Deleting file ".\CortexM3\ARM_GCC_541\Debug\screen.o"
Deleting file ".\CortexM3\ARM_GCC_541\Debug\font.o"
Deleting file ".\CortexM3\ARM_GCC_541\Debug\sd.o"
Deleting file ".\CortexM3\ARM_GCC_541\Debug\uifunctions.o"
Deleting file ".\CortexM3\ARM_GCC_541\Debug\cyfitter_cfg.o"
Deleting file ".\CortexM3\ARM_GCC_541\Debug\cymetadata.o"
Deleting file ".\CortexM3\ARM_GCC_541\Debug\Cm3Start.o"
Deleting file ".\CortexM3\ARM_GCC_541\Debug\CyBootAsmGnu.o"
Deleting file ".\CortexM3\ARM_GCC_541\Debug\CyDmac.o"
Deleting file ".\CortexM3\ARM_GCC_541\Debug\CyFlash.o"
Deleting file ".\CortexM3\ARM_GCC_541\Debug\CyLib.o"
Deleting file ".\CortexM3\ARM_GCC_541\Debug\cyPm.o"
Deleting file ".\CortexM3\ARM_GCC_541\Debug\CySpc.o"
Deleting file ".\CortexM3\ARM_GCC_541\Debug\cyutils.o"
Deleting file ".\CortexM3\ARM_GCC_541\Debug\cy_em_eeprom.o"
Deleting file ".\CortexM3\ARM_GCC_541\Debug\MOSI.o"
Deleting file ".\CortexM3\ARM_GCC_541\Debug\CLK.o"
Deleting file ".\CortexM3\ARM_GCC_541\Debug\SS.o"
Deleting file ".\CortexM3\ARM_GCC_541\Debug\MISO.o"
Deleting file ".\CortexM3\ARM_GCC_541\Debug\D_C.o"
Deleting file ".\CortexM3\ARM_GCC_541\Debug\Reset.o"
Deleting file ".\CortexM3\ARM_GCC_541\Debug\Clock.o"
Deleting file ".\CortexM3\ARM_GCC_541\Debug\SPIM.o"
Deleting file ".\CortexM3\ARM_GCC_541\Debug\SPIM_PM.o"
Deleting file ".\CortexM3\ARM_GCC_541\Debug\SPIM_INT.o"
Deleting file ".\CortexM3\ARM_GCC_541\Debug\VDAC8_DS.o"
Deleting file ".\CortexM3\ARM_GCC_541\Debug\VDAC8_DS_PM.o"
Deleting file ".\CortexM3\ARM_GCC_541\Debug\Pin_DS.o"
Deleting file ".\CortexM3\ARM_GCC_541\Debug\VDAC8_GS.o"
Deleting file ".\CortexM3\ARM_GCC_541\Debug\VDAC8_GS_PM.o"
Deleting file ".\CortexM3\ARM_GCC_541\Debug\Pin_GS.o"
Deleting file ".\CortexM3\ARM_GCC_541\Debug\ADC_SAR_1.o"
Deleting file ".\CortexM3\ARM_GCC_541\Debug\ADC_SAR_1_INT.o"
Deleting file ".\CortexM3\ARM_GCC_541\Debug\ADC_SAR_1_PM.o"
Deleting file ".\CortexM3\ARM_GCC_541\Debug\Pin_ID.o"
Deleting file ".\CortexM3\ARM_GCC_541\Debug\ADC_SAR_1_IRQ.o"
Deleting file ".\CortexM3\ARM_GCC_541\Debug\ADC_SAR_1_theACLK.o"
Deleting file ".\CortexM3\ARM_GCC_541\Debug\I2C.o"
Deleting file ".\CortexM3\ARM_GCC_541\Debug\I2C_BOOT.o"
Deleting file ".\CortexM3\ARM_GCC_541\Debug\I2C_INT.o"
Deleting file ".\CortexM3\ARM_GCC_541\Debug\I2C_PM.o"
Deleting file ".\CortexM3\ARM_GCC_541\Debug\I2C_SLAVE.o"
Deleting file ".\CortexM3\ARM_GCC_541\Debug\I2C_MASTER.o"
Deleting file ".\CortexM3\ARM_GCC_541\Debug\scl.o"
Deleting file ".\CortexM3\ARM_GCC_541\Debug\sda.o"
Deleting file ".\CortexM3\ARM_GCC_541\Debug\isr.o"
Deleting file ".\CortexM3\ARM_GCC_541\Debug\IRQ.o"
Deleting file ".\CortexM3\ARM_GCC_541\Debug\AMux_1.o"
Deleting file ".\CortexM3\ARM_GCC_541\Debug\Pin_GS_P.o"
Deleting file ".\CortexM3\ARM_GCC_541\Debug\Pin_DS_P.o"
Deleting file ".\CortexM3\ARM_GCC_541\Debug\AMux_2.o"
Deleting file ".\CortexM3\ARM_GCC_541\Debug\AMux_3.o"
Deleting file ".\CortexM3\ARM_GCC_541\Debug\Pin_ID_P.o"
Deleting file ".\CortexM3\ARM_GCC_541\Debug\emFile_1_ConfigMMC_SPI.o"
Deleting file ".\CortexM3\ARM_GCC_541\Debug\emFile_1_MMC_HW_SPI.o"
Deleting file ".\CortexM3\ARM_GCC_541\Debug\emFile_1_PM.o"
Deleting file ".\CortexM3\ARM_GCC_541\Debug\emFile_1_SPI0.o"
Deleting file ".\CortexM3\ARM_GCC_541\Debug\emFile_1_SPI0_PM.o"
Deleting file ".\CortexM3\ARM_GCC_541\Debug\emFile_1_SPI0_INT.o"
Deleting file ".\CortexM3\ARM_GCC_541\Debug\emFile_1_mosi0.o"
Deleting file ".\CortexM3\ARM_GCC_541\Debug\emFile_1_Clock_1.o"
Deleting file ".\CortexM3\ARM_GCC_541\Debug\emFile_1_miso0.o"
Deleting file ".\CortexM3\ARM_GCC_541\Debug\emFile_1_sclk0.o"
Deleting file ".\CortexM3\ARM_GCC_541\Debug\emFile_1_SPI0_CS.o"
Deleting file ".\CortexM3\ARM_GCC_541\Debug\Design01.hex"
Deleting file ".\CortexM3\ARM_GCC_541\Debug\Design01.elf"
Deleting file ".\CortexM3\ARM_GCC_541\Debug\Design01.map"
Deleting file ".\Design01.cycdx"
Deleting file ".\Design01.svd"
Deleting file ".\Design01.rpt"
Deleting file ".\Design01_timing.html"
Deleting file ".\CortexM3\ARM_GCC_541\Debug\.deps\SOURCE_C__ARM_GCC_GENERIC.P"
Deleting file ".\CortexM3\ARM_GCC_541\Debug\.deps\SOURCE_ASM__ARM_GCC_GENERIC.P"
cydsfit.exe -.appdatapath "C:\Users\legoc\AppData\Local\Cypress Semiconductor\PSoC Creator\4.2" -.fdsnotice -.fdswarpdepfile=warp_dependencies.txt -.fdselabdepfile=elab_dependencies.txt -.fdsbldfile=generated_files.txt -.fdsreffile=referenced_files.txt -p "C:\Users\legoc\Documents\School\Senior Year\Senior Project\Senior Project Integrated\Senior Project Integrated\Design01.cydsn\Design01.cyprj" -d CY8C5888LTI-LP097 -s "C:\Users\legoc\Documents\School\Senior Year\Senior Project\Senior Project Integrated\Senior Project Integrated\Design01.cydsn\Generated_Source\PSoC5" -- -yv2 -q10 -ygs -o2 -v3 -.fftcfgtype=LE
Elaborating Design...
ADD: fit.M0032: warning: Clock Warning: (Clock's accuracy range '24 MHz +/- 1%, (23.76 MHz - 24.24 MHz)' is not within the specified tolerance range '40 MHz +/- 5%, (38 MHz - 42 MHz)'.).
 * C:\Users\legoc\Documents\School\Senior Year\Senior Project\Senior Project Integrated\Senior Project Integrated\Design01.cydsn\Design01.cydwr (Clock)
 * C:\Users\legoc\Documents\School\Senior Year\Senior Project\Senior Project Integrated\Senior Project Integrated\Design01.cydsn\TopDesign\TopDesign.cysch (Instance:Clock)
HDL Generation...
Synthesis...
Tech Mapping...
ADD: pft.M0040: information: The following 7 pin(s) will be assigned a location by the fitter: \emFile_1:miso0(0)\, \emFile_1:mosi0(0)\, \emFile_1:sclk0(0)\, \emFile_1:SPI0_CS(0)\, Pin_DS_P(0), Pin_GS_P(0), Pin_ID_P(0)
Analog Placement...
Log: apr.M0058: The analog placement iterative improvement is 43% done. (App=cydsfit)
Log: apr.M0058: The analog placement iterative improvement is 67% done. (App=cydsfit)
Analog Routing...
Analog Code Generation...
Digital Placement...
Digital Routing...
Bitstream Generation...
Bitstream Verification...
Static timing analysis...
API Generation...
Dependency Generation...
Cleanup...
arm-none-eabi-gcc.exe -mcpu=cortex-m3 -mthumb -I.\emFile_V322c\Code\Include\PSoC5 -I.\emFile_V322c\Code\Include\PSoC5\emf16nOS -I. -IGenerated_Source\PSoC5 -Wa,-alh=.\CortexM3\ARM_GCC_541\Debug/main.lst -g -D DEBUG -D CY_CORE_ID=0 -Wall -ffunction-sections -ffat-lto-objects -O3 -c main.c -o .\CortexM3\ARM_GCC_541\Debug\main.o
main.c: In function 'single_test':
main.c:47:9: warning: unused variable 'i' [-Wunused-variable]
     int i;
         ^
main.c:46:12: warning: unused variable 'Output_avg' [-Wunused-variable]
     double Output_avg;
            ^
main.c: In function 'run_test':
main.c:143:9: warning: implicit declaration of function 'write_header_info' [-Wimplicit-function-declaration]
         write_header_info("data.txt",device_selection,i,Vgs_double); 
         ^
main.c:166:13: warning: implicit declaration of function 'write_data' [-Wimplicit-function-declaration]
             write_data("data.txt",Id_avg,j,device_selection);//update CSV File with new Id/Ic
             ^
main.c:172:17: warning: implicit declaration of function 'draw_line' [-Wimplicit-function-declaration]
                 draw_line(x_pixel_prev+30,y_pixel_prev+10,x_pixel+30,y_pixel+10,curve_color[i]);
                 ^
main.c:193:9: warning: implicit declaration of function 'draw_string' [-Wimplicit-function-declaration]
         draw_string(x_pixel_prev+35,y_pixel_prev+10,WHITE,print_string,1);
         ^
main.c: In function 'main':
main.c:219:5: warning: implicit declaration of function 'StartScreen' [-Wimplicit-function-declaration]
     StartScreen();
     ^
main.c:255:5: error: variable-sized object may not be initialized
     double Output_data_y[CURVE_NUM][VDS_NMOS_LENGTH] = {0};     //The output data of Id NMOS trace in mA
     ^
main.c:255:5: warning: excess elements in array initializer
main.c:255:5: note: (near initialization for 'Output_data_y')
main.c:278:9: warning: implicit declaration of function 'draw_choose_screen' [-Wimplicit-function-declaration]
         draw_choose_screen();
         ^
main.c:300:13: warning: implicit declaration of function 'fill_screen' [-Wimplicit-function-declaration]
             fill_screen(BLACK);
             ^
main.c:302:13: warning: implicit declaration of function 'create_file_with_text' [-Wimplicit-function-declaration]
             create_file_with_text("log.txt", "No Threshold Voltage found, check power supplies");
             ^
main.c:364:9: warning: implicit declaration of function 'draw_coordinates' [-Wimplicit-function-declaration]
         draw_coordinates(y_max_calc,device_selection);
         ^
main.c:259:9: warning: variable 'debug' set but not used [-Wunused-but-set-variable]
     int debug;
         ^
main.c:256:12: warning: variable 'Output_data_x' set but not used [-Wunused-but-set-variable]
     double Output_data_x[VDS_NMOS_LENGTH];                      //The Vds points used. Used for plottings
            ^
main.c:255:12: warning: unused variable 'Output_data_y' [-Wunused-variable]
     double Output_data_y[CURVE_NUM][VDS_NMOS_LENGTH] = {0};     //The output data of Id NMOS trace in mA
            ^
main.c:248:9: warning: unused variable 'y_pixel_prev' [-Wunused-variable]
     int y_pixel_prev;
         ^
main.c:247:9: warning: unused variable 'x_pixel_prev' [-Wunused-variable]
     int x_pixel_prev;
         ^
main.c:246:9: warning: unused variable 'y_pixel' [-Wunused-variable]
     int y_pixel;
         ^
main.c:245:9: warning: unused variable 'x_pixel' [-Wunused-variable]
     int x_pixel;
         ^
main.c:241:12: warning: unused variable 'x_max_mV' [-Wunused-variable]
     double x_max_mV = 10000;                   //the highest plottable Vds in mV
            ^
main.c:238:9: warning: unused variable 'k' [-Wunused-variable]
     int k;  //used for for loop iterations
         ^
main.c:237:9: warning: unused variable 'j' [-Wunused-variable]
     int j;  //used for for loop iterations
         ^
main.c:234:9: warning: unused variable 'return_code' [-Wunused-variable]
     int return_code;    //Going to be used for error displays
         ^
main.c: In function 'run_test':
main.c:196:1: warning: control reaches end of non-void function [-Wreturn-type]
 }
 ^
The command 'arm-none-eabi-gcc.exe' failed with exit code '1'.
--------------- Rebuild Failed: 04/18/2019 17:40:43 ---------------
