--------------- Build Started: 10/20/2018 12:58:14 Project: Senior Project Stuff, Configuration: ARM GCC 5.4-2016-q2-update Debug ---------------
The code generation step is up to date.
arm-none-eabi-gcc.exe -mcpu=cortex-m3 -mthumb -I. -IGenerated_Source\PSoC5 -Wa,-alh=.\CortexM3\ARM_GCC_541\Debug/main.lst -g -D DEBUG -D CY_CORE_ID=0 -Wall -ffunction-sections -ffat-lto-objects -Og -c main.c -o .\CortexM3\ARM_GCC_541\Debug\main.o
main.c: In function 'vgs_th_find':
main.c:27:12: warning: unused variable 'Id_th' [-Wunused-variable]
     double Id_th = 20;
            ^
main.c:26:12: warning: unused variable 'Id' [-Wunused-variable]
     double Id;
            ^
main.c:25:9: warning: unused variable 'ADC_code' [-Wunused-variable]
     int ADC_code;
         ^
main.c:23:19: warning: unused variable 'Vgs' [-Wunused-variable]
     unsigned char Vgs;
                   ^
main.c: In function 'main':
main.c:160:13: warning: variable 'data' set but not used [-Wunused-but-set-variable]
     double *data;
             ^
arm-none-eabi-ar.exe -rs ".\CortexM3\ARM_GCC_541\Debug\Senior Project Stuff.a" .\CortexM3\ARM_GCC_541\Debug\Pin_0.o .\CortexM3\ARM_GCC_541\Debug\Pin_1.o .\CortexM3\ARM_GCC_541\Debug\CyDmac.o .\CortexM3\ARM_GCC_541\Debug\CyFlash.o .\CortexM3\ARM_GCC_541\Debug\CyLib.o .\CortexM3\ARM_GCC_541\Debug\cyPm.o .\CortexM3\ARM_GCC_541\Debug\CySpc.o .\CortexM3\ARM_GCC_541\Debug\cyutils.o .\CortexM3\ARM_GCC_541\Debug\cy_em_eeprom.o .\CortexM3\ARM_GCC_541\Debug\ADC_SAR_1.o .\CortexM3\ARM_GCC_541\Debug\ADC_SAR_1_INT.o .\CortexM3\ARM_GCC_541\Debug\ADC_SAR_1_PM.o .\CortexM3\ARM_GCC_541\Debug\Pin_2.o .\CortexM3\ARM_GCC_541\Debug\ADC_SAR_1_IRQ.o .\CortexM3\ARM_GCC_541\Debug\ADC_SAR_1_theACLK.o .\CortexM3\ARM_GCC_541\Debug\VDAC8_DS.o .\CortexM3\ARM_GCC_541\Debug\VDAC8_DS_PM.o .\CortexM3\ARM_GCC_541\Debug\VDAC8_GS.o .\CortexM3\ARM_GCC_541\Debug\VDAC8_GS_PM.o .\CortexM3\ARM_GCC_541\Debug\CyBootAsmGnu.o
arm-none-eabi-ar.exe: creating .\CortexM3\ARM_GCC_541\Debug\Senior Project Stuff.a
arm-none-eabi-gcc.exe -Wl,--start-group -o "C:\Users\Jacob-Laptop\Documents\PSoC Creator\Senior Project Stuff\Senior Project Stuff.cydsn\CortexM3\ARM_GCC_541\Debug\Senior Project Stuff.elf" .\CortexM3\ARM_GCC_541\Debug\main.o .\CortexM3\ARM_GCC_541\Debug\cyfitter_cfg.o .\CortexM3\ARM_GCC_541\Debug\cymetadata.o .\CortexM3\ARM_GCC_541\Debug\Cm3Start.o ".\CortexM3\ARM_GCC_541\Debug\Senior Project Stuff.a" "C:\Program Files (x86)\Cypress\PSoC Creator\4.2\PSoC Creator\psoc\content\cycomponentlibrary\CyComponentLibrary.cylib\CortexM3\ARM_GCC_541\Debug\CyComponentLibrary.a" -mcpu=cortex-m3 -mthumb -L Generated_Source\PSoC5 "-Wl,-Map,.\CortexM3\ARM_GCC_541\Debug/Senior Project Stuff.map" -T Generated_Source\PSoC5\cm3gcc.ld -specs=nano.specs -Wl,--gc-sections -g -ffunction-sections -Og -ffat-lto-objects -Wl,--end-group
cyelftool.exe -C "C:\Users\Jacob-Laptop\Documents\PSoC Creator\Senior Project Stuff\Senior Project Stuff.cydsn\CortexM3\ARM_GCC_541\Debug\Senior Project Stuff.elf" --flash_row_size 256 --flash_size 262144 --flash_offset 0x00000000
No ELF section .cychecksum found, creating one
Application checksum calculated and stored in ELF section .cychecksum
Checksum calculated and stored in ELF section .cymeta
cyelftool.exe -S "C:\Users\Jacob-Laptop\Documents\PSoC Creator\Senior Project Stuff\Senior Project Stuff.cydsn\CortexM3\ARM_GCC_541\Debug\Senior Project Stuff.elf"
Flash used: 4702 of 262144 bytes (1.8%).
SRAM used: 2537 of 65536 bytes (3.9%). Stack: 2048 bytes. Heap: 128 bytes.
--------------- Build Succeeded: 10/20/2018 12:58:16 ---------------
