Loading plugins phase: Elapsed time ==> 0s.099ms
<CYPRESSTAG name="CyDsfit arguments...">
cydsfit arguments: -.fdsnotice -.fdswarpdepfile=warp_dependencies.txt -.fdselabdepfile=elab_dependencies.txt -.fdsbldfile=generated_files.txt -.fdsreffile=referenced_files.txt -p C:\Users\legoc\Documents\School\Senior Year\Senior Project\Senior Project Integrated\Senior Project Integrated\Design01.cydsn\Design01.cyprj -d CY8C5888LTI-LP097 -s C:\Users\legoc\Documents\School\Senior Year\Senior Project\Senior Project Integrated\Senior Project Integrated\Design01.cydsn\Generated_Source\PSoC5 -- -yv2 -q10 -ygs -o2 -v3 -.fftcfgtype=LE
</CYPRESSTAG>
<CYPRESSTAG name="Design elaboration results...">
ADD: fit.M0032: warning: Clock Warning: (Clock's accuracy range '12 MHz +/- 1%, (11.88 MHz - 12.12 MHz)' is not within the specified tolerance range '10 MHz +/- 5%, (9.5 MHz - 10.5 MHz)'.).
 * C:\Users\legoc\Documents\School\Senior Year\Senior Project\Senior Project Integrated\Senior Project Integrated\Design01.cydsn\Design01.cydwr (Clock)
 * C:\Users\legoc\Documents\School\Senior Year\Senior Project\Senior Project Integrated\Senior Project Integrated\Design01.cydsn\TopDesign\TopDesign.cysch (Instance:Clock)

</CYPRESSTAG>
Elaboration phase: Elapsed time ==> 1s.230ms
<CYPRESSTAG name="HDL generation results...">
</CYPRESSTAG>
HDL generation phase: Elapsed time ==> 0s.048ms
<CYPRESSTAG name="Synthesis results...">

     | | | | | | |
   _________________
  -|               |-
  -|               |-
  -|               |-
  -|    CYPRESS    |-
  -|               |-
  -|               |-   Warp Verilog Synthesis Compiler: Version 6.3 IR 41
  -|               |-   Copyright (C) 1991-2001 Cypress Semiconductor
   |_______________|
     | | | | | | |

======================================================================
Compiling:  Design01.v
Program  :   D:\PSoC\PSoC Creator\4.2\PSoC Creator\warp\bin\warp.exe
Options  :    -yv2 -q10 -ygs -o2 -v3 -.fftcfgtype=LE -ya -.fftprj=C:\Users\legoc\Documents\School\Senior Year\Senior Project\Senior Project Integrated\Senior Project Integrated\Design01.cydsn\Design01.cyprj -dcpsoc3 Design01.v -verilog
======================================================================

======================================================================
Compiling:  Design01.v
Program  :   D:\PSoC\PSoC Creator\4.2\PSoC Creator\warp\bin\warp.exe
Options  :    -yv2 -q10 -ygs -o2 -v3 -.fftcfgtype=LE -ya -.fftprj=C:\Users\legoc\Documents\School\Senior Year\Senior Project\Senior Project Integrated\Senior Project Integrated\Design01.cydsn\Design01.cyprj -dcpsoc3 Design01.v -verilog
======================================================================

======================================================================
Compiling:  Design01.v
Program  :   vlogfe
Options  :    -yv2 -q10 -ygs -o2 -v3 -.fftcfgtype=LE -ya -.fftprj=C:\Users\legoc\Documents\School\Senior Year\Senior Project\Senior Project Integrated\Senior Project Integrated\Design01.cydsn\Design01.cyprj -dcpsoc3 -verilog Design01.v
======================================================================

vlogfe V6.3 IR 41:  Verilog parser
Tue Apr 02 15:59:03 2019


======================================================================
Compiling:  Design01.v
Program  :   vpp
Options  :    -yv2 -q10 Design01.v
======================================================================

vpp V6.3 IR 41:  Verilog Pre-Processor
Tue Apr 02 15:59:03 2019

Flattening file 'D:\PSoC\PSoC Creator\4.2\PSoC Creator\psoc\content\CyPrimitives\cyprimitives.cylib\cy_virtualmux_v1_0\cy_virtualmux_v1_0.v'
Flattening file 'D:\PSoC\PSoC Creator\4.2\PSoC Creator\psoc\content\CyComponentLibrary\CyComponentLibrary.cylib\B_SPI_Master_v2_50\B_SPI_Master_v2_50.v'
Flattening file 'D:\PSoC\PSoC Creator\4.2\PSoC Creator\warp\lib\common\cypress.v'
Flattening file 'D:\PSoC\PSoC Creator\4.2\PSoC Creator\warp\lib\common\cy_psoc3_inc.v'
Flattening file 'D:\PSoC\PSoC Creator\4.2\PSoC Creator\psoc\content\CyPrimitives\cyprimitives.cylib\ZeroTerminal\ZeroTerminal.v'
Flattening file 'D:\PSoC\PSoC Creator\4.2\PSoC Creator\psoc\content\CyPrimitives\cyprimitives.cylib\cy_analog_virtualmux_v1_0\cy_analog_virtualmux_v1_0.v'
Flattening file 'D:\PSoC\PSoC Creator\4.2\PSoC Creator\psoc\content\CyPrimitives\cyprimitives.cylib\cy_vref_v1_70\cy_vref_v1_70.v'
Flattening file 'D:\PSoC\PSoC Creator\4.2\PSoC Creator\psoc\content\CyPrimitives\cyprimitives.cylib\or_v1_0\or_v1_0.v'
Flattening file 'D:\PSoC\PSoC Creator\4.2\PSoC Creator\psoc\content\CyPrimitives\cyprimitives.cylib\cy_constant_v1_0\cy_constant_v1_0.v'
Flattening file 'D:\PSoC\PSoC Creator\4.2\PSoC Creator\psoc\content\CyPrimitives\cyprimitives.cylib\OneTerminal\OneTerminal.v'

vpp:  No errors.

Library 'work' => directory 'lcpsoc3'
General_symbol_table
General_symbol_table
Linking 'D:\PSoC\PSoC Creator\4.2\PSoC Creator\warp\lib\common\std.vhd'.
Linking 'D:\PSoC\PSoC Creator\4.2\PSoC Creator\warp\lib\common\cypress.vhd'.
Linking 'D:\PSoC\PSoC Creator\4.2\PSoC Creator\warp\lib\common\work\cypress.vif'.
Linking 'D:\PSoC\PSoC Creator\4.2\PSoC Creator\warp\lib\ieee\work\stdlogic.vif'.
Linking 'D:\PSoC\PSoC Creator\4.2\PSoC Creator\warp\lib\common\stdlogic\lpmpkg.vif'.
Linking 'D:\PSoC\PSoC Creator\4.2\PSoC Creator\warp\lib\common\stdlogic\rtlpkg.vif'.
Linking 'D:\PSoC\PSoC Creator\4.2\PSoC Creator\warp\lib\common\stdlogic\mod_cnst.vif'.
Linking 'D:\PSoC\PSoC Creator\4.2\PSoC Creator\warp\lib\common\stdlogic\mod_mthv.vif'.
Linking 'D:\PSoC\PSoC Creator\4.2\PSoC Creator\warp\lib\common\stdlogic\mod_genv.vif'.
Using control file 'Design01.ctl'.
Linking 'D:\PSoC\PSoC Creator\4.2\PSoC Creator\warp\lib\common\stdlogic\cy_psoc3pkg.vif'.
Linking 'D:\PSoC\PSoC Creator\4.2\PSoC Creator\warp\lib\common\stdlogic\cy_psoc3.vif'.

vlogfe:  No errors.


======================================================================
Compiling:  Design01.v
Program  :   tovif
Options  :    -yv2 -q10 -ygs -o2 -v3 -.fftcfgtype=LE -ya -.fftprj=C:\Users\legoc\Documents\School\Senior Year\Senior Project\Senior Project Integrated\Senior Project Integrated\Design01.cydsn\Design01.cyprj -dcpsoc3 -verilog Design01.v
======================================================================

tovif V6.3 IR 41:  High-level synthesis
Tue Apr 02 15:59:03 2019

Linking 'D:\PSoC\PSoC Creator\4.2\PSoC Creator\warp\lib\common\std.vhd'.
Linking 'D:\PSoC\PSoC Creator\4.2\PSoC Creator\warp\lib\common\cypress.vhd'.
Linking 'D:\PSoC\PSoC Creator\4.2\PSoC Creator\warp\lib\common\work\cypress.vif'.
Linking 'D:\PSoC\PSoC Creator\4.2\PSoC Creator\warp\lib\ieee\work\stdlogic.vif'.
Linking 'D:\PSoC\PSoC Creator\4.2\PSoC Creator\warp\lib\common\stdlogic\lpmpkg.vif'.
Linking 'D:\PSoC\PSoC Creator\4.2\PSoC Creator\warp\lib\common\stdlogic\rtlpkg.vif'.
Linking 'D:\PSoC\PSoC Creator\4.2\PSoC Creator\warp\lib\common\stdlogic\mod_cnst.vif'.
Linking 'D:\PSoC\PSoC Creator\4.2\PSoC Creator\warp\lib\common\stdlogic\mod_mthv.vif'.
Linking 'D:\PSoC\PSoC Creator\4.2\PSoC Creator\warp\lib\common\stdlogic\mod_genv.vif'.
Linking 'C:\Users\legoc\Documents\School\Senior Year\Senior Project\Senior Project Integrated\Senior Project Integrated\Design01.cydsn\codegentemp\Design01.ctl'.
Linking 'D:\PSoC\PSoC Creator\4.2\PSoC Creator\psoc\content\CyPrimitives\cyprimitives.cylib\cy_virtualmux_v1_0\cy_virtualmux_v1_0.v'.
Linking 'C:\Users\legoc\Documents\School\Senior Year\Senior Project\Senior Project Integrated\Senior Project Integrated\Design01.cydsn\codegentemp\Design01.v'.
Linking 'D:\PSoC\PSoC Creator\4.2\PSoC Creator\psoc\content\CyComponentLibrary\CyComponentLibrary.cylib\B_SPI_Master_v2_50\B_SPI_Master_v2_50.v'.
Linking 'D:\PSoC\PSoC Creator\4.2\PSoC Creator\warp\lib\common\cypress.v'.
Linking 'D:\PSoC\PSoC Creator\4.2\PSoC Creator\warp\lib\common\cy_psoc3_inc.v'.
Linking 'D:\PSoC\PSoC Creator\4.2\PSoC Creator\psoc\content\CyPrimitives\cyprimitives.cylib\ZeroTerminal\ZeroTerminal.v'.
Linking 'D:\PSoC\PSoC Creator\4.2\PSoC Creator\psoc\content\CyPrimitives\cyprimitives.cylib\cy_analog_virtualmux_v1_0\cy_analog_virtualmux_v1_0.v'.
Linking 'D:\PSoC\PSoC Creator\4.2\PSoC Creator\psoc\content\CyPrimitives\cyprimitives.cylib\cy_vref_v1_70\cy_vref_v1_70.v'.
Linking 'D:\PSoC\PSoC Creator\4.2\PSoC Creator\psoc\content\CyPrimitives\cyprimitives.cylib\or_v1_0\or_v1_0.v'.
Linking 'D:\PSoC\PSoC Creator\4.2\PSoC Creator\psoc\content\CyPrimitives\cyprimitives.cylib\cy_constant_v1_0\cy_constant_v1_0.v'.
Linking 'D:\PSoC\PSoC Creator\4.2\PSoC Creator\psoc\content\CyPrimitives\cyprimitives.cylib\OneTerminal\OneTerminal.v'.
Linking 'D:\PSoC\PSoC Creator\4.2\PSoC Creator\warp\lib\common\stdlogic\cy_psoc3pkg.vif'.
Linking 'D:\PSoC\PSoC Creator\4.2\PSoC Creator\warp\lib\common\stdlogic\cy_psoc3.vif'.

tovif:  No errors.


======================================================================
Compiling:  Design01.v
Program  :   topld
Options  :    -yv2 -q10 -ygs -o2 -v3 -.fftcfgtype=LE -ya -.fftprj=C:\Users\legoc\Documents\School\Senior Year\Senior Project\Senior Project Integrated\Senior Project Integrated\Design01.cydsn\Design01.cyprj -dcpsoc3 -verilog Design01.v
======================================================================

topld V6.3 IR 41:  Synthesis and optimization
Tue Apr 02 15:59:03 2019

Linking 'D:\PSoC\PSoC Creator\4.2\PSoC Creator\warp\lib\common\std.vhd'.
Linking 'D:\PSoC\PSoC Creator\4.2\PSoC Creator\warp\lib\common\cypress.vhd'.
Linking 'D:\PSoC\PSoC Creator\4.2\PSoC Creator\warp\lib\common\work\cypress.vif'.
Linking 'D:\PSoC\PSoC Creator\4.2\PSoC Creator\warp\lib\ieee\work\stdlogic.vif'.
Linking 'D:\PSoC\PSoC Creator\4.2\PSoC Creator\warp\lib\common\stdlogic\lpmpkg.vif'.
Linking 'D:\PSoC\PSoC Creator\4.2\PSoC Creator\warp\lib\common\stdlogic\rtlpkg.vif'.
Linking 'D:\PSoC\PSoC Creator\4.2\PSoC Creator\warp\lib\common\stdlogic\mod_cnst.vif'.
Linking 'D:\PSoC\PSoC Creator\4.2\PSoC Creator\warp\lib\common\stdlogic\mod_mthv.vif'.
Linking 'D:\PSoC\PSoC Creator\4.2\PSoC Creator\warp\lib\common\stdlogic\mod_genv.vif'.
Linking 'C:\Users\legoc\Documents\School\Senior Year\Senior Project\Senior Project Integrated\Senior Project Integrated\Design01.cydsn\codegentemp\Design01.ctl'.
Linking 'D:\PSoC\PSoC Creator\4.2\PSoC Creator\psoc\content\CyPrimitives\cyprimitives.cylib\cy_virtualmux_v1_0\cy_virtualmux_v1_0.v'.
Linking 'C:\Users\legoc\Documents\School\Senior Year\Senior Project\Senior Project Integrated\Senior Project Integrated\Design01.cydsn\codegentemp\Design01.v'.
Linking 'D:\PSoC\PSoC Creator\4.2\PSoC Creator\psoc\content\CyComponentLibrary\CyComponentLibrary.cylib\B_SPI_Master_v2_50\B_SPI_Master_v2_50.v'.
Linking 'D:\PSoC\PSoC Creator\4.2\PSoC Creator\warp\lib\common\cypress.v'.
Linking 'D:\PSoC\PSoC Creator\4.2\PSoC Creator\warp\lib\common\cy_psoc3_inc.v'.
Linking 'D:\PSoC\PSoC Creator\4.2\PSoC Creator\psoc\content\CyPrimitives\cyprimitives.cylib\ZeroTerminal\ZeroTerminal.v'.
Linking 'D:\PSoC\PSoC Creator\4.2\PSoC Creator\psoc\content\CyPrimitives\cyprimitives.cylib\cy_analog_virtualmux_v1_0\cy_analog_virtualmux_v1_0.v'.
Linking 'D:\PSoC\PSoC Creator\4.2\PSoC Creator\psoc\content\CyPrimitives\cyprimitives.cylib\cy_vref_v1_70\cy_vref_v1_70.v'.
Linking 'D:\PSoC\PSoC Creator\4.2\PSoC Creator\psoc\content\CyPrimitives\cyprimitives.cylib\or_v1_0\or_v1_0.v'.
Linking 'D:\PSoC\PSoC Creator\4.2\PSoC Creator\psoc\content\CyPrimitives\cyprimitives.cylib\cy_constant_v1_0\cy_constant_v1_0.v'.
Linking 'D:\PSoC\PSoC Creator\4.2\PSoC Creator\psoc\content\CyPrimitives\cyprimitives.cylib\OneTerminal\OneTerminal.v'.
Linking 'D:\PSoC\PSoC Creator\4.2\PSoC Creator\warp\lib\common\stdlogic\cy_psoc3pkg.vif'.
Linking 'D:\PSoC\PSoC Creator\4.2\PSoC Creator\warp\lib\common\stdlogic\cy_psoc3.vif'.
Linking 'D:\PSoC\PSoC Creator\4.2\PSoC Creator\warp\lib\lcpsoc3\stdlogic\cpsoc3.vif'.

----------------------------------------------------------
Detecting unused logic.
----------------------------------------------------------
    User names
	\SPIM:BSPIM:mosi_after_ld\
	\SPIM:BSPIM:so_send\
	\SPIM:BSPIM:mosi_fin\
	\SPIM:BSPIM:mosi_cpha_0\
	\SPIM:BSPIM:mosi_cpha_1\
	\SPIM:BSPIM:pre_mosi\
	\SPIM:BSPIM:dpcounter_zero\
	\SPIM:BSPIM:control_7\
	\SPIM:BSPIM:control_6\
	\SPIM:BSPIM:control_5\
	\SPIM:BSPIM:control_4\
	\SPIM:BSPIM:control_3\
	\SPIM:BSPIM:control_2\
	\SPIM:BSPIM:control_1\
	\SPIM:BSPIM:control_0\
	\SPIM:Net_294\
	\I2C:udb_clk\
	Net_220
	\I2C:Net_973\
	Net_221
	\I2C:Net_974\
	\I2C:timeout_clk\
	Net_226
	\I2C:Net_975\
	Net_224
	Net_225


Deleted 26 User equations/components.
Deleted 0 Synthesized equations/components.

------------------------------------------------------
Alias Detection
------------------------------------------------------
Aliasing one to tmpOE__MOSI_net_0
Aliasing \SPIM:BSPIM:pol_supprt\ to zero
Aliasing \SPIM:BSPIM:tx_status_3\ to \SPIM:BSPIM:load_rx_data\
Aliasing \SPIM:BSPIM:tx_status_6\ to zero
Aliasing \SPIM:BSPIM:tx_status_5\ to zero
Aliasing \SPIM:BSPIM:rx_status_3\ to zero
Aliasing \SPIM:BSPIM:rx_status_2\ to zero
Aliasing \SPIM:BSPIM:rx_status_1\ to zero
Aliasing \SPIM:BSPIM:rx_status_0\ to zero
Aliasing \SPIM:Net_289\ to zero
Aliasing tmpOE__CLK_net_0 to tmpOE__MOSI_net_0
Aliasing tmpOE__SS_net_0 to tmpOE__MOSI_net_0
Aliasing tmpOE__MISO_net_0 to tmpOE__MOSI_net_0
Aliasing tmpOE__D_C_net_0 to tmpOE__MOSI_net_0
Aliasing tmpOE__Reset_net_0 to tmpOE__MOSI_net_0
Aliasing \VDAC8_DS:Net_83\ to zero
Aliasing \VDAC8_DS:Net_81\ to zero
Aliasing \VDAC8_DS:Net_82\ to zero
Aliasing tmpOE__Pin_DS_net_0 to tmpOE__MOSI_net_0
Aliasing \VDAC8_GS:Net_83\ to zero
Aliasing \VDAC8_GS:Net_81\ to zero
Aliasing \VDAC8_GS:Net_82\ to zero
Aliasing tmpOE__Pin_GS_net_0 to tmpOE__MOSI_net_0
Aliasing \ADC_SAR_1:vp_ctl_0\ to zero
Aliasing \ADC_SAR_1:vp_ctl_2\ to zero
Aliasing \ADC_SAR_1:vn_ctl_1\ to zero
Aliasing \ADC_SAR_1:vn_ctl_3\ to zero
Aliasing \ADC_SAR_1:vp_ctl_1\ to zero
Aliasing \ADC_SAR_1:vp_ctl_3\ to zero
Aliasing \ADC_SAR_1:vn_ctl_0\ to zero
Aliasing \ADC_SAR_1:vn_ctl_2\ to zero
Aliasing \ADC_SAR_1:soc\ to zero
Aliasing \ADC_SAR_1:Net_383\ to zero
Aliasing tmpOE__Pin_ID_net_0 to tmpOE__MOSI_net_0
Aliasing \I2C:Net_969\ to tmpOE__MOSI_net_0
Aliasing \I2C:Net_968\ to tmpOE__MOSI_net_0
Aliasing tmpOE__scl_net_0 to tmpOE__MOSI_net_0
Aliasing tmpOE__sda_net_0 to tmpOE__MOSI_net_0
Aliasing tmpOE__IRQ_net_0 to tmpOE__MOSI_net_0
Aliasing \SPIM:BSPIM:so_send_reg\\D\ to zero
Aliasing \SPIM:BSPIM:mosi_pre_reg\\D\ to zero
Aliasing \SPIM:BSPIM:dpcounter_one_reg\\D\ to \SPIM:BSPIM:load_rx_data\
Removing Rhs of wire Net_5[2] = \SPIM:BSPIM:mosi_reg\[21]
Removing Lhs of wire one[7] = tmpOE__MOSI_net_0[1]
Removing Lhs of wire \SPIM:Net_276\[9] = Net_9[10]
Removing Rhs of wire \SPIM:BSPIM:load_rx_data\[13] = \SPIM:BSPIM:dpcounter_one\[14]
Removing Lhs of wire \SPIM:BSPIM:pol_supprt\[15] = zero[6]
Removing Lhs of wire \SPIM:BSPIM:miso_to_dp\[16] = \SPIM:Net_244\[17]
Removing Lhs of wire \SPIM:Net_244\[17] = Net_8[109]
Removing Rhs of wire \SPIM:BSPIM:tx_status_1\[43] = \SPIM:BSPIM:dpMOSI_fifo_empty\[44]
Removing Rhs of wire \SPIM:BSPIM:tx_status_2\[45] = \SPIM:BSPIM:dpMOSI_fifo_not_full\[46]
Removing Lhs of wire \SPIM:BSPIM:tx_status_3\[47] = \SPIM:BSPIM:load_rx_data\[13]
Removing Rhs of wire \SPIM:BSPIM:rx_status_4\[49] = \SPIM:BSPIM:dpMISO_fifo_full\[50]
Removing Rhs of wire \SPIM:BSPIM:rx_status_5\[51] = \SPIM:BSPIM:dpMISO_fifo_not_empty\[52]
Removing Lhs of wire \SPIM:BSPIM:tx_status_6\[54] = zero[6]
Removing Lhs of wire \SPIM:BSPIM:tx_status_5\[55] = zero[6]
Removing Lhs of wire \SPIM:BSPIM:rx_status_3\[56] = zero[6]
Removing Lhs of wire \SPIM:BSPIM:rx_status_2\[57] = zero[6]
Removing Lhs of wire \SPIM:BSPIM:rx_status_1\[58] = zero[6]
Removing Lhs of wire \SPIM:BSPIM:rx_status_0\[59] = zero[6]
Removing Lhs of wire \SPIM:Net_273\[69] = zero[6]
Removing Lhs of wire \SPIM:Net_289\[110] = zero[6]
Removing Lhs of wire tmpOE__CLK_net_0[112] = tmpOE__MOSI_net_0[1]
Removing Lhs of wire tmpOE__SS_net_0[118] = tmpOE__MOSI_net_0[1]
Removing Lhs of wire tmpOE__MISO_net_0[124] = tmpOE__MOSI_net_0[1]
Removing Lhs of wire tmpOE__D_C_net_0[129] = tmpOE__MOSI_net_0[1]
Removing Lhs of wire tmpOE__Reset_net_0[135] = tmpOE__MOSI_net_0[1]
Removing Lhs of wire \VDAC8_DS:Net_83\[142] = zero[6]
Removing Lhs of wire \VDAC8_DS:Net_81\[143] = zero[6]
Removing Lhs of wire \VDAC8_DS:Net_82\[144] = zero[6]
Removing Lhs of wire tmpOE__Pin_DS_net_0[149] = tmpOE__MOSI_net_0[1]
Removing Lhs of wire \VDAC8_GS:Net_83\[155] = zero[6]
Removing Lhs of wire \VDAC8_GS:Net_81\[156] = zero[6]
Removing Lhs of wire \VDAC8_GS:Net_82\[157] = zero[6]
Removing Lhs of wire tmpOE__Pin_GS_net_0[162] = tmpOE__MOSI_net_0[1]
Removing Lhs of wire \ADC_SAR_1:vp_ctl_0\[172] = zero[6]
Removing Lhs of wire \ADC_SAR_1:vp_ctl_2\[173] = zero[6]
Removing Lhs of wire \ADC_SAR_1:vn_ctl_1\[174] = zero[6]
Removing Lhs of wire \ADC_SAR_1:vn_ctl_3\[175] = zero[6]
Removing Lhs of wire \ADC_SAR_1:vp_ctl_1\[176] = zero[6]
Removing Lhs of wire \ADC_SAR_1:vp_ctl_3\[177] = zero[6]
Removing Lhs of wire \ADC_SAR_1:vn_ctl_0\[178] = zero[6]
Removing Lhs of wire \ADC_SAR_1:vn_ctl_2\[179] = zero[6]
Removing Rhs of wire \ADC_SAR_1:Net_188\[183] = \ADC_SAR_1:Net_221\[184]
Removing Lhs of wire \ADC_SAR_1:soc\[190] = zero[6]
Removing Lhs of wire \ADC_SAR_1:Net_383\[216] = zero[6]
Removing Lhs of wire tmpOE__Pin_ID_net_0[218] = tmpOE__MOSI_net_0[1]
Removing Rhs of wire \I2C:sda_x_wire\[223] = \I2C:Net_643_1\[224]
Removing Rhs of wire \I2C:Net_697\[226] = \I2C:Net_643_2\[232]
Removing Rhs of wire \I2C:Net_1109_0\[229] = \I2C:scl_yfb\[242]
Removing Rhs of wire \I2C:Net_1109_1\[230] = \I2C:sda_yfb\[243]
Removing Lhs of wire \I2C:scl_x_wire\[233] = \I2C:Net_643_0\[231]
Removing Lhs of wire \I2C:Net_969\[234] = tmpOE__MOSI_net_0[1]
Removing Lhs of wire \I2C:Net_968\[235] = tmpOE__MOSI_net_0[1]
Removing Lhs of wire \I2C:tmpOE__Bufoe_scl_net_0\[245] = tmpOE__MOSI_net_0[1]
Removing Lhs of wire \I2C:tmpOE__Bufoe_sda_net_0\[248] = tmpOE__MOSI_net_0[1]
Removing Lhs of wire tmpOE__scl_net_0[256] = tmpOE__MOSI_net_0[1]
Removing Lhs of wire tmpOE__sda_net_0[261] = tmpOE__MOSI_net_0[1]
Removing Lhs of wire tmpOE__IRQ_net_0[268] = tmpOE__MOSI_net_0[1]
Removing Lhs of wire \SPIM:BSPIM:so_send_reg\\D\[272] = zero[6]
Removing Lhs of wire \SPIM:BSPIM:mosi_pre_reg\\D\[278] = zero[6]
Removing Lhs of wire \SPIM:BSPIM:dpcounter_one_reg\\D\[280] = \SPIM:BSPIM:load_rx_data\[13]
Removing Lhs of wire \SPIM:BSPIM:mosi_from_dp_reg\\D\[281] = \SPIM:BSPIM:mosi_from_dp\[27]

------------------------------------------------------
Aliased 0 equations, 61 wires.
------------------------------------------------------

----------------------------------------------------------
Circuit simplification
----------------------------------------------------------

Substituting virtuals - pass 1:

Note:  Expanding virtual equation for 'zero' (cost = 0):
zero <=  ('0') ;

Note:  Expanding virtual equation for '\SPIM:BSPIM:load_rx_data\' (cost = 1):
\SPIM:BSPIM:load_rx_data\ <= ((not \SPIM:BSPIM:count_4\ and not \SPIM:BSPIM:count_3\ and not \SPIM:BSPIM:count_2\ and not \SPIM:BSPIM:count_1\ and \SPIM:BSPIM:count_0\));


Substituting virtuals - pass 2:


----------------------------------------------------------
Circuit simplification results:

	Expanded 2 signals.
	Turned 0 signals into soft nodes.
	Maximum default expansion cost was set at 3.
----------------------------------------------------------

------------------------------------------------------
Alias Detection
------------------------------------------------------
Removing Lhs of wire \ADC_SAR_1:Net_188\[183] = \ADC_SAR_1:Net_385\[181]

------------------------------------------------------
Aliased 0 equations, 1 wires.
------------------------------------------------------

----------------------------------------------------------
Circuit simplification
----------------------------------------------------------

Eliminating unused logic - pass 1:


Eliminating unused logic - pass 2:


Substituting virtuals - pass 1:


----------------------------------------------------------
Circuit simplification results:

	Expanded 0 signals.
	Turned 0 signals into soft nodes.
	Maximum default expansion cost was set at 3.
----------------------------------------------------------

topld:  No errors.

CYPRESS_DIR    : D:\PSoC\PSoC Creator\4.2\PSoC Creator\warp
Warp Program   : D:\PSoC\PSoC Creator\4.2\PSoC Creator\warp\bin\warp.exe
Warp Arguments : -yv2 -q10 -ygs -o2 -v3 -.fftcfgtype=LE -ya "-.fftprj=C:\Users\legoc\Documents\School\Senior Year\Senior Project\Senior Project Integrated\Senior Project Integrated\Design01.cydsn\Design01.cyprj" -dcpsoc3 Design01.v -verilog
</CYPRESSTAG>
Warp synthesis phase: Elapsed time ==> 0s.485ms
<CYPRESSTAG name="Fitter results...">
<CYPRESSTAG name="Fitter startup details...">
cyp3fit: V4.2.0.641, Family: PSoC3, Started at: Tuesday, 02 April 2019 15:59:03
Options: -yv2 -q10 -ygs -o2 -v3 -.fftcfgtype=LE -ya -.fftprj=C:\Users\legoc\Documents\School\Senior Year\Senior Project\Senior Project Integrated\Senior Project Integrated\Design01.cydsn\Design01.cyprj -d CY8C5888LTI-LP097 Design01.v -verilog
</CYPRESSTAG>
<CYPRESSTAG name="Design parsing">
Design parsing phase: Elapsed time ==> 0s.007ms
</CYPRESSTAG>
<CYPRESSTAG name="Tech Mapping">
<CYPRESSTAG name="Initial Mapping" icon="FILE_RPT_TECHM">
    Converted constant MacroCell: \SPIM:BSPIM:so_send_reg\ from registered to combinatorial
    Converted constant MacroCell: \SPIM:BSPIM:mosi_pre_reg\ from registered to combinatorial
Assigning clock I2C_BusClock to clock BUS_CLK because it is a pass-through
<CYPRESSTAG name="Global Clock Selection" icon="FILE_RPT_TECHM">
    Digital Clock 0: Automatic-assigning  clock 'Clock'. Fanout=1, Signal=Net_9
    Analog  Clock 0: Automatic-assigning  clock 'ADC_SAR_1_theACLK'. Fanout=2, Signal=\ADC_SAR_1:Net_385\
</CYPRESSTAG>

Removing unused cells resulting from optimization
Done removing unused cells.
<CYPRESSTAG name="UDB Clock/Enable Remapping Results">
    UDB Clk/Enable \SPIM:BSPIM:ClkEn\: with output requested to be synchronous
        ClockIn: Clock was determined to be a global clock that is synchronous to BUS_CLK
        EnableIn: Constant 1 was determined to be synchronous to ClockIn
        ClockOut: Clock, EnableOut: Constant 1
</CYPRESSTAG>

Removing unused cells resulting from optimization
Done removing unused cells.
<CYPRESSTAG name="Duplicate Macrocell detection">
</CYPRESSTAG>
</CYPRESSTAG>
<CYPRESSTAG name="Duplicate Macrocell detection">
</CYPRESSTAG>
<CYPRESSTAG name="Design Equations" icon="FILE_RPT_EQUATION">

------------------------------------------------------------
Design Equations
------------------------------------------------------------
    <CYPRESSTAG name="Pin listing">

    ------------------------------------------------------------
    Pin listing
    ------------------------------------------------------------

    Pin : Name = MOSI(0)
        Attributes:
            In Group/Port: True
            In Sync Option: AUTO
            Out Sync Option: NOSYNC
            Interrupt generated: False
            Interrupt mode: NONE
            Drive mode: CMOS_OUT
            VTrip: EITHER
            Slew: FAST
            Input Sync needed: False
            Output Sync needed: False
            SC shield enabled: False
            POR State: ANY
            LCD Mode: COMMON
            Register Mode: RegComb
            CaSense Mode: NEITHER
            Treat as pin: True
            Is OE Registered: False
            Uses Analog: False
            Can contain Digital: True
            Is SIO: False
            SIO Output Buf: NONREGULATED
            SIO Input Buf: SINGLE_ENDED
            SIO HiFreq: LOW
            SIO Hyst: DISABLED
            SIO Vtrip: MULTIPLIER_0_5
            SIO Multiplier Index: 0
            SIO RefSel: VCC_IO
            Required Capabilities: DIGITAL, ROUTABLE
            Initial Value: 0
            IO Voltage: 0
        PORT MAP (
            pa_out => MOSI(0)__PA ,
            pin_input => Net_5 ,
            pad => MOSI(0)_PAD );
        Properties:
        {
        }

    Pin : Name = CLK(0)
        Attributes:
            In Group/Port: True
            In Sync Option: AUTO
            Out Sync Option: NOSYNC
            Interrupt generated: False
            Interrupt mode: NONE
            Drive mode: CMOS_OUT
            VTrip: EITHER
            Slew: FAST
            Input Sync needed: False
            Output Sync needed: False
            SC shield enabled: False
            POR State: ANY
            LCD Mode: COMMON
            Register Mode: RegComb
            CaSense Mode: NEITHER
            Treat as pin: True
            Is OE Registered: False
            Uses Analog: False
            Can contain Digital: True
            Is SIO: False
            SIO Output Buf: NONREGULATED
            SIO Input Buf: SINGLE_ENDED
            SIO HiFreq: LOW
            SIO Hyst: DISABLED
            SIO Vtrip: MULTIPLIER_0_5
            SIO Multiplier Index: 0
            SIO RefSel: VCC_IO
            Required Capabilities: DIGITAL, ROUTABLE
            Initial Value: 0
            IO Voltage: 0
        PORT MAP (
            pa_out => CLK(0)__PA ,
            pin_input => Net_6 ,
            pad => CLK(0)_PAD );
        Properties:
        {
        }

    Pin : Name = SS(0)
        Attributes:
            In Group/Port: True
            In Sync Option: AUTO
            Out Sync Option: NOSYNC
            Interrupt generated: False
            Interrupt mode: NONE
            Drive mode: CMOS_OUT
            VTrip: EITHER
            Slew: FAST
            Input Sync needed: False
            Output Sync needed: False
            SC shield enabled: False
            POR State: ANY
            LCD Mode: COMMON
            Register Mode: RegComb
            CaSense Mode: NEITHER
            Treat as pin: True
            Is OE Registered: False
            Uses Analog: False
            Can contain Digital: True
            Is SIO: False
            SIO Output Buf: NONREGULATED
            SIO Input Buf: SINGLE_ENDED
            SIO HiFreq: LOW
            SIO Hyst: DISABLED
            SIO Vtrip: MULTIPLIER_0_5
            SIO Multiplier Index: 0
            SIO RefSel: VCC_IO
            Required Capabilities: DIGITAL, ROUTABLE
            Initial Value: 0
            IO Voltage: 0
        PORT MAP (
            pa_out => SS(0)__PA ,
            pin_input => Net_7 ,
            pad => SS(0)_PAD );
        Properties:
        {
        }

    Pin : Name = MISO(0)
        Attributes:
            In Group/Port: True
            In Sync Option: NOSYNC
            Out Sync Option: AUTO
            Interrupt generated: False
            Interrupt mode: NONE
            Drive mode: HI_Z_DIGITAL
            VTrip: CMOS
            Slew: FAST
            Input Sync needed: False
            Output Sync needed: False
            SC shield enabled: False
            POR State: ANY
            LCD Mode: COMMON
            Register Mode: RegComb
            CaSense Mode: NEITHER
            Treat as pin: True
            Is OE Registered: False
            Uses Analog: False
            Can contain Digital: True
            Is SIO: False
            SIO Output Buf: NONREGULATED
            SIO Input Buf: SINGLE_ENDED
            SIO HiFreq: LOW
            SIO Hyst: DISABLED
            SIO Vtrip: MULTIPLIER_0_5
            SIO Multiplier Index: 0
            SIO RefSel: VCC_IO
            Required Capabilities: DIGITAL, ROUTABLE
            Initial Value: 0
            IO Voltage: 0
        PORT MAP (
            pa_out => MISO(0)__PA ,
            fb => Net_8 ,
            pad => MISO(0)_PAD );
        Properties:
        {
        }

    Pin : Name = D_C(0)
        Attributes:
            In Group/Port: True
            In Sync Option: AUTO
            Out Sync Option: NOSYNC
            Interrupt generated: False
            Interrupt mode: NONE
            Drive mode: CMOS_OUT
            VTrip: EITHER
            Slew: FAST
            Input Sync needed: False
            Output Sync needed: False
            SC shield enabled: False
            POR State: ANY
            LCD Mode: COMMON
            Register Mode: RegComb
            CaSense Mode: NEITHER
            Treat as pin: True
            Is OE Registered: False
            Uses Analog: False
            Can contain Digital: True
            Is SIO: False
            SIO Output Buf: NONREGULATED
            SIO Input Buf: SINGLE_ENDED
            SIO HiFreq: LOW
            SIO Hyst: DISABLED
            SIO Vtrip: MULTIPLIER_0_5
            SIO Multiplier Index: 0
            SIO RefSel: VCC_IO
            Required Capabilities: DIGITAL
            Initial Value: 0
            IO Voltage: 0
        PORT MAP (
            pa_out => D_C(0)__PA ,
            pad => D_C(0)_PAD );
        Properties:
        {
        }

    Pin : Name = Reset(0)
        Attributes:
            In Group/Port: True
            In Sync Option: AUTO
            Out Sync Option: NOSYNC
            Interrupt generated: False
            Interrupt mode: NONE
            Drive mode: CMOS_OUT
            VTrip: EITHER
            Slew: FAST
            Input Sync needed: False
            Output Sync needed: False
            SC shield enabled: False
            POR State: ANY
            LCD Mode: COMMON
            Register Mode: RegComb
            CaSense Mode: NEITHER
            Treat as pin: True
            Is OE Registered: False
            Uses Analog: False
            Can contain Digital: True
            Is SIO: False
            SIO Output Buf: NONREGULATED
            SIO Input Buf: SINGLE_ENDED
            SIO HiFreq: LOW
            SIO Hyst: DISABLED
            SIO Vtrip: MULTIPLIER_0_5
            SIO Multiplier Index: 0
            SIO RefSel: VCC_IO
            Required Capabilities: DIGITAL
            Initial Value: 0
            IO Voltage: 0
        PORT MAP (
            pa_out => Reset(0)__PA ,
            pad => Reset(0)_PAD );
        Properties:
        {
        }

    Pin : Name = Pin_DS(0)
        Attributes:
            In Group/Port: True
            In Sync Option: AUTO
            Out Sync Option: AUTO
            Interrupt generated: False
            Interrupt mode: NONE
            Drive mode: HI_Z_ANALOG
            VTrip: EITHER
            Slew: FAST
            Input Sync needed: False
            Output Sync needed: False
            SC shield enabled: False
            POR State: ANY
            LCD Mode: COMMON
            Register Mode: RegComb
            CaSense Mode: NEITHER
            Treat as pin: True
            Is OE Registered: False
            Uses Analog: True
            Can contain Digital: False
            Is SIO: False
            SIO Output Buf: NONREGULATED
            SIO Input Buf: SINGLE_ENDED
            SIO HiFreq: LOW
            SIO Hyst: DISABLED
            SIO Vtrip: MULTIPLIER_0_5
            SIO Multiplier Index: 0
            SIO RefSel: VCC_IO
            Required Capabilities: ANALOG
            Initial Value: 0
            IO Voltage: 0
        PORT MAP (
            pa_out => Pin_DS(0)__PA ,
            analog_term => Net_191 ,
            pad => Pin_DS(0)_PAD );
        Properties:
        {
        }

    Pin : Name = Pin_GS(0)
        Attributes:
            In Group/Port: True
            In Sync Option: AUTO
            Out Sync Option: AUTO
            Interrupt generated: False
            Interrupt mode: NONE
            Drive mode: HI_Z_ANALOG
            VTrip: EITHER
            Slew: FAST
            Input Sync needed: False
            Output Sync needed: False
            SC shield enabled: False
            POR State: ANY
            LCD Mode: COMMON
            Register Mode: RegComb
            CaSense Mode: NEITHER
            Treat as pin: True
            Is OE Registered: False
            Uses Analog: True
            Can contain Digital: False
            Is SIO: False
            SIO Output Buf: NONREGULATED
            SIO Input Buf: SINGLE_ENDED
            SIO HiFreq: LOW
            SIO Hyst: DISABLED
            SIO Vtrip: MULTIPLIER_0_5
            SIO Multiplier Index: 0
            SIO RefSel: VCC_IO
            Required Capabilities: ANALOG
            Initial Value: 0
            IO Voltage: 0
        PORT MAP (
            pa_out => Pin_GS(0)__PA ,
            analog_term => Net_196 ,
            pad => Pin_GS(0)_PAD );
        Properties:
        {
        }

    Pin : Name = Pin_ID(0)
        Attributes:
            In Group/Port: True
            In Sync Option: AUTO
            Out Sync Option: AUTO
            Interrupt generated: False
            Interrupt mode: NONE
            Drive mode: HI_Z_ANALOG
            VTrip: EITHER
            Slew: FAST
            Input Sync needed: False
            Output Sync needed: False
            SC shield enabled: False
            POR State: ANY
            LCD Mode: COMMON
            Register Mode: RegComb
            CaSense Mode: NEITHER
            Treat as pin: True
            Is OE Registered: False
            Uses Analog: True
            Can contain Digital: False
            Is SIO: False
            SIO Output Buf: NONREGULATED
            SIO Input Buf: SINGLE_ENDED
            SIO HiFreq: LOW
            SIO Hyst: DISABLED
            SIO Vtrip: MULTIPLIER_0_5
            SIO Multiplier Index: 0
            SIO RefSel: VCC_IO
            Required Capabilities: ANALOG
            Initial Value: 0
            IO Voltage: 0
        PORT MAP (
            pa_out => Pin_ID(0)__PA ,
            analog_term => Net_198 ,
            pad => Pin_ID(0)_PAD );
        Properties:
        {
        }

    Pin : Name = scl(0)
        Attributes:
            In Group/Port: True
            In Sync Option: NOSYNC
            Out Sync Option: NOSYNC
            Interrupt generated: False
            Interrupt mode: NONE
            Drive mode: OPEN_DRAIN_LO
            VTrip: CMOS
            Slew: FAST
            Input Sync needed: False
            Output Sync needed: False
            SC shield enabled: False
            POR State: ANY
            LCD Mode: COMMON
            Register Mode: RegComb
            CaSense Mode: NEITHER
            Treat as pin: True
            Is OE Registered: False
            Uses Analog: False
            Can contain Digital: True
            Is SIO: False
            SIO Output Buf: NONREGULATED
            SIO Input Buf: SINGLE_ENDED
            SIO HiFreq: LOW
            SIO Hyst: DISABLED
            SIO Vtrip: MULTIPLIER_0_5
            SIO Multiplier Index: 0
            SIO RefSel: VCC_IO
            Required Capabilities: DIGITAL, ROUTABLE
            Initial Value: 0
            IO Voltage: 0
        PORT MAP (
            pa_out => scl(0)__PA ,
            fb => \I2C:Net_1109_0\ ,
            pin_input => \I2C:Net_643_0\ ,
            pad => scl(0)_PAD );
        Properties:
        {
        }

    Pin : Name = sda(0)
        Attributes:
            In Group/Port: True
            In Sync Option: NOSYNC
            Out Sync Option: NOSYNC
            Interrupt generated: False
            Interrupt mode: NONE
            Drive mode: OPEN_DRAIN_LO
            VTrip: CMOS
            Slew: FAST
            Input Sync needed: False
            Output Sync needed: False
            SC shield enabled: False
            POR State: ANY
            LCD Mode: COMMON
            Register Mode: RegComb
            CaSense Mode: NEITHER
            Treat as pin: True
            Is OE Registered: False
            Uses Analog: False
            Can contain Digital: True
            Is SIO: False
            SIO Output Buf: NONREGULATED
            SIO Input Buf: SINGLE_ENDED
            SIO HiFreq: LOW
            SIO Hyst: DISABLED
            SIO Vtrip: MULTIPLIER_0_5
            SIO Multiplier Index: 0
            SIO RefSel: VCC_IO
            Required Capabilities: DIGITAL, ROUTABLE
            Initial Value: 0
            IO Voltage: 0
        PORT MAP (
            pa_out => sda(0)__PA ,
            fb => \I2C:Net_1109_1\ ,
            pin_input => \I2C:sda_x_wire\ ,
            pad => sda(0)_PAD );
        Properties:
        {
        }

    Pin : Name = IRQ(0)
        Attributes:
            In Group/Port: True
            In Sync Option: NOSYNC
            Out Sync Option: AUTO
            Interrupt generated: False
            Interrupt mode: NONE
            Drive mode: HI_Z_DIGITAL
            VTrip: CMOS
            Slew: FAST
            Input Sync needed: False
            Output Sync needed: False
            SC shield enabled: False
            POR State: ANY
            LCD Mode: COMMON
            Register Mode: RegComb
            CaSense Mode: NEITHER
            Treat as pin: True
            Is OE Registered: False
            Uses Analog: False
            Can contain Digital: True
            Is SIO: False
            SIO Output Buf: NONREGULATED
            SIO Input Buf: SINGLE_ENDED
            SIO HiFreq: LOW
            SIO Hyst: DISABLED
            SIO Vtrip: MULTIPLIER_0_5
            SIO Multiplier Index: 0
            SIO RefSel: VCC_IO
            Required Capabilities: DIGITAL, ROUTABLE
            Initial Value: 0
            IO Voltage: 0
        PORT MAP (
            pa_out => IRQ(0)__PA ,
            fb => Net_228 ,
            pad => IRQ(0)_PAD );
        Properties:
        {
        }
    </CYPRESSTAG>
    <CYPRESSTAG name="Macrocell listing" icon="FILE_RPT_EQUATION">

    ------------------------------------------------------------
    Macrocell listing
    ------------------------------------------------------------

    MacroCell: Name=\SPIM:BSPIM:load_rx_data\, Mode=(Combinatorial)
        Total # of inputs        : 5
        Total # of product terms : 1
            Clock Enable: True
        Main Equation            : 1 pterm
        (
              !\SPIM:BSPIM:count_4\ * !\SPIM:BSPIM:count_3\ * 
              !\SPIM:BSPIM:count_2\ * !\SPIM:BSPIM:count_1\ * 
              \SPIM:BSPIM:count_0\
        );
        Output = \SPIM:BSPIM:load_rx_data\ (fanout=2)

    MacroCell: Name=\SPIM:BSPIM:tx_status_0\, Mode=(Combinatorial)
        Total # of inputs        : 3
        Total # of product terms : 1
            Clock Enable: True
        Main Equation            : 1 pterm
        (
              \SPIM:BSPIM:state_2\ * !\SPIM:BSPIM:state_1\ * 
              \SPIM:BSPIM:state_0\
        );
        Output = \SPIM:BSPIM:tx_status_0\ (fanout=1)

    MacroCell: Name=\SPIM:BSPIM:tx_status_4\, Mode=(Combinatorial)
        Total # of inputs        : 3
        Total # of product terms : 1
            Clock Enable: True
        Main Equation            : 1 pterm
        (
              !\SPIM:BSPIM:state_2\ * !\SPIM:BSPIM:state_1\ * 
              !\SPIM:BSPIM:state_0\
        );
        Output = \SPIM:BSPIM:tx_status_4\ (fanout=1)

    MacroCell: Name=\SPIM:BSPIM:rx_status_6\, Mode=(Combinatorial)
        Total # of inputs        : 6
        Total # of product terms : 1
            Clock Enable: True
        Main Equation            : 1 pterm
        (
              !\SPIM:BSPIM:count_4\ * !\SPIM:BSPIM:count_3\ * 
              !\SPIM:BSPIM:count_2\ * !\SPIM:BSPIM:count_1\ * 
              \SPIM:BSPIM:count_0\ * \SPIM:BSPIM:rx_status_4\
        );
        Output = \SPIM:BSPIM:rx_status_6\ (fanout=1)

    MacroCell: Name=Net_5, Mode=(D-Register)
        Total # of inputs        : 11
        Total # of product terms : 7
        List of special equations: 
            Clock  = (Net_9) => Global
            Clock Enable: True
        Main Equation            : 7 pterms
        !(
              !Net_5 * !\SPIM:BSPIM:state_2\ * \SPIM:BSPIM:state_0\
            + !\SPIM:BSPIM:state_2\ * !\SPIM:BSPIM:state_1\ * 
              !\SPIM:BSPIM:state_0\
            + !\SPIM:BSPIM:state_2\ * !\SPIM:BSPIM:state_0\ * 
              !\SPIM:BSPIM:count_4\ * !\SPIM:BSPIM:count_3\ * 
              !\SPIM:BSPIM:count_2\ * \SPIM:BSPIM:count_1\ * 
              !\SPIM:BSPIM:count_0\ * !\SPIM:BSPIM:ld_ident\
            + \SPIM:BSPIM:state_2\ * !\SPIM:BSPIM:state_1\ * 
              \SPIM:BSPIM:state_0\
            + \SPIM:BSPIM:state_2\ * \SPIM:BSPIM:state_1\ * 
              !\SPIM:BSPIM:state_0\
            + \SPIM:BSPIM:state_2\ * !\SPIM:BSPIM:mosi_from_dp\
            + !\SPIM:BSPIM:state_0\ * !\SPIM:BSPIM:mosi_from_dp\
        );
        Output = Net_5 (fanout=2)

    MacroCell: Name=\SPIM:BSPIM:state_2\, Mode=(D-Register)
        Total # of inputs        : 10
        Total # of product terms : 3
        List of special equations: 
            Clock  = (Net_9) => Global
            Clock Enable: True
        Main Equation            : 3 pterms
        (
              !\SPIM:BSPIM:state_2\ * !\SPIM:BSPIM:state_1\ * 
              \SPIM:BSPIM:state_0\
            + !\SPIM:BSPIM:state_2\ * \SPIM:BSPIM:state_1\ * 
              !\SPIM:BSPIM:state_0\ * !\SPIM:BSPIM:count_4\ * 
              !\SPIM:BSPIM:count_3\ * !\SPIM:BSPIM:count_2\ * 
              \SPIM:BSPIM:count_1\ * !\SPIM:BSPIM:count_0\ * 
              !\SPIM:BSPIM:ld_ident\
            + !\SPIM:BSPIM:state_2\ * \SPIM:BSPIM:state_0\ * 
              !\SPIM:BSPIM:count_4\ * !\SPIM:BSPIM:count_3\ * 
              \SPIM:BSPIM:count_2\ * !\SPIM:BSPIM:count_1\ * 
              \SPIM:BSPIM:count_0\ * !\SPIM:BSPIM:tx_status_1\
        );
        Output = \SPIM:BSPIM:state_2\ (fanout=12)

    MacroCell: Name=\SPIM:BSPIM:state_1\, Mode=(T-Register)
        Total # of inputs        : 10
        Total # of product terms : 4
        List of special equations: 
            Clock  = (Net_9) => Global
            Clock Enable: True
        Main Equation            : 4 pterms
        (
              !\SPIM:BSPIM:state_2\ * !\SPIM:BSPIM:state_1\ * 
              \SPIM:BSPIM:state_0\
            + !\SPIM:BSPIM:state_2\ * \SPIM:BSPIM:state_0\ * 
              !\SPIM:BSPIM:count_4\ * !\SPIM:BSPIM:count_3\ * 
              \SPIM:BSPIM:count_2\ * !\SPIM:BSPIM:count_1\ * 
              \SPIM:BSPIM:count_0\ * !\SPIM:BSPIM:tx_status_1\
            + \SPIM:BSPIM:state_2\ * !\SPIM:BSPIM:state_0\
            + \SPIM:BSPIM:state_1\ * !\SPIM:BSPIM:state_0\ * 
              !\SPIM:BSPIM:count_4\ * !\SPIM:BSPIM:count_3\ * 
              !\SPIM:BSPIM:count_2\ * \SPIM:BSPIM:count_1\ * 
              !\SPIM:BSPIM:count_0\ * !\SPIM:BSPIM:ld_ident\
        );
        Output = \SPIM:BSPIM:state_1\ (fanout=12)

    MacroCell: Name=\SPIM:BSPIM:state_0\, Mode=(T-Register)
        Total # of inputs        : 4
        Total # of product terms : 3
        List of special equations: 
            Clock  = (Net_9) => Global
            Clock Enable: True
        Main Equation            : 3 pterms
        (
              !\SPIM:BSPIM:state_2\ * \SPIM:BSPIM:state_1\
            + \SPIM:BSPIM:state_2\ * !\SPIM:BSPIM:state_1\
            + !\SPIM:BSPIM:state_1\ * !\SPIM:BSPIM:state_0\ * 
              !\SPIM:BSPIM:tx_status_1\
        );
        Output = \SPIM:BSPIM:state_0\ (fanout=12)

    MacroCell: Name=Net_7, Mode=(D-Register)
        Total # of inputs        : 4
        Total # of product terms : 4
        List of special equations: 
            Clock  = (Net_9) => Global
            Clock Enable: True
        Main Equation            : 4 pterms
        !(
              !\SPIM:BSPIM:state_2\ * !\SPIM:BSPIM:state_1\ * 
              \SPIM:BSPIM:state_0\
            + !\SPIM:BSPIM:state_2\ * \SPIM:BSPIM:state_1\ * !Net_7
            + \SPIM:BSPIM:state_2\ * !\SPIM:BSPIM:state_1\ * 
              !\SPIM:BSPIM:state_0\ * !Net_7
            + \SPIM:BSPIM:state_1\ * \SPIM:BSPIM:state_0\ * !Net_7
        );
        Output = Net_7 (fanout=2)

    MacroCell: Name=\SPIM:BSPIM:load_cond\, Mode=(T-Register)
        Total # of inputs        : 9
        Total # of product terms : 4
        List of special equations: 
            Clock  = (Net_9) => Global
            Clock Enable: True
        Main Equation            : 4 pterms
        (
              !\SPIM:BSPIM:state_2\ * !\SPIM:BSPIM:count_4\ * 
              !\SPIM:BSPIM:count_3\ * !\SPIM:BSPIM:count_2\ * 
              !\SPIM:BSPIM:count_1\ * !\SPIM:BSPIM:count_0\ * 
              \SPIM:BSPIM:load_cond\
            + \SPIM:BSPIM:state_2\ * !\SPIM:BSPIM:state_1\ * 
              !\SPIM:BSPIM:state_0\ * !\SPIM:BSPIM:load_cond\
            + \SPIM:BSPIM:state_1\ * !\SPIM:BSPIM:count_4\ * 
              !\SPIM:BSPIM:count_3\ * !\SPIM:BSPIM:count_2\ * 
              !\SPIM:BSPIM:count_1\ * !\SPIM:BSPIM:count_0\ * 
              \SPIM:BSPIM:load_cond\
            + \SPIM:BSPIM:state_0\ * !\SPIM:BSPIM:count_4\ * 
              !\SPIM:BSPIM:count_3\ * !\SPIM:BSPIM:count_2\ * 
              !\SPIM:BSPIM:count_1\ * !\SPIM:BSPIM:count_0\ * 
              \SPIM:BSPIM:load_cond\
        );
        Output = \SPIM:BSPIM:load_cond\ (fanout=1)

    MacroCell: Name=\SPIM:BSPIM:ld_ident\, Mode=(T-Register)
        Total # of inputs        : 9
        Total # of product terms : 3
        List of special equations: 
            Clock  = (Net_9) => Global
            Clock Enable: True
        Main Equation            : 3 pterms
        (
              \SPIM:BSPIM:state_2\ * !\SPIM:BSPIM:state_1\ * 
              !\SPIM:BSPIM:state_0\ * !\SPIM:BSPIM:ld_ident\
            + \SPIM:BSPIM:state_2\ * \SPIM:BSPIM:state_1\ * 
              !\SPIM:BSPIM:state_0\ * \SPIM:BSPIM:ld_ident\
            + \SPIM:BSPIM:state_1\ * !\SPIM:BSPIM:state_0\ * 
              !\SPIM:BSPIM:count_4\ * !\SPIM:BSPIM:count_3\ * 
              !\SPIM:BSPIM:count_2\ * \SPIM:BSPIM:count_1\ * 
              !\SPIM:BSPIM:count_0\ * \SPIM:BSPIM:ld_ident\
        );
        Output = \SPIM:BSPIM:ld_ident\ (fanout=4)

    MacroCell: Name=\SPIM:BSPIM:cnt_enable\, Mode=(T-Register)
        Total # of inputs        : 4
        Total # of product terms : 4
        List of special equations: 
            Clock  = (Net_9) => Global
            Clock Enable: True
        Main Equation            : 4 pterms
        (
              !\SPIM:BSPIM:state_2\ * !\SPIM:BSPIM:state_1\ * 
              !\SPIM:BSPIM:state_0\ * \SPIM:BSPIM:cnt_enable\
            + !\SPIM:BSPIM:state_2\ * \SPIM:BSPIM:state_1\ * 
              \SPIM:BSPIM:state_0\ * !\SPIM:BSPIM:cnt_enable\
            + \SPIM:BSPIM:state_2\ * !\SPIM:BSPIM:state_1\ * 
              \SPIM:BSPIM:state_0\ * \SPIM:BSPIM:cnt_enable\
            + \SPIM:BSPIM:state_2\ * \SPIM:BSPIM:state_1\ * 
              !\SPIM:BSPIM:state_0\ * \SPIM:BSPIM:cnt_enable\
        );
        Output = \SPIM:BSPIM:cnt_enable\ (fanout=2)

    MacroCell: Name=Net_6, Mode=(D-Register)
        Total # of inputs        : 4
        Total # of product terms : 2
        List of special equations: 
            Clock  = (Net_9) => Global
            Clock Enable: True
        Main Equation            : 2 pterms
        (
              !\SPIM:BSPIM:state_2\ * \SPIM:BSPIM:state_1\ * 
              \SPIM:BSPIM:state_0\
            + \SPIM:BSPIM:state_1\ * \SPIM:BSPIM:state_0\ * Net_6
        );
        Output = Net_6 (fanout=2)
    </CYPRESSTAG>
    <CYPRESSTAG name="Datapath listing">

    ------------------------------------------------------------
    Datapath listing
    ------------------------------------------------------------

    datapathcell: Name =\SPIM:BSPIM:sR8:Dp:u0\
        PORT MAP (
            clock => Net_9 ,
            cs_addr_2 => \SPIM:BSPIM:state_2\ ,
            cs_addr_1 => \SPIM:BSPIM:state_1\ ,
            cs_addr_0 => \SPIM:BSPIM:state_0\ ,
            route_si => Net_8 ,
            f1_load => \SPIM:BSPIM:load_rx_data\ ,
            so_comb => \SPIM:BSPIM:mosi_from_dp\ ,
            f0_bus_stat_comb => \SPIM:BSPIM:tx_status_2\ ,
            f0_blk_stat_comb => \SPIM:BSPIM:tx_status_1\ ,
            f1_bus_stat_comb => \SPIM:BSPIM:rx_status_5\ ,
            f1_blk_stat_comb => \SPIM:BSPIM:rx_status_4\ );
        Properties:
        {
            a0_init = "00000000"
            a1_init = "00000000"
            ce0_sync = 1
            ce1_sync = 1
            cl0_sync = 1
            cl1_sync = 1
            cmsb_sync = 1
            co_msb_sync = 1
            cy_dpconfig = "0000000000000000000000001100000000000001010000000001000100010000000000011100000000010001000000000000000101000000000000010100000011111111000000001111111111111111000000000010001000001000111100000000000000000100"
            d0_init = "00000000"
            d1_init = "00000000"
            f0_blk_sync = 1
            f0_bus_sync = 1
            f1_blk_sync = 1
            f1_bus_sync = 1
            ff0_sync = 1
            ff1_sync = 1
            ov_msb_sync = 1
            so_sync = 1
            z0_sync = 1
            z1_sync = 1
        }
        Clock Polarity: Active High
        Clock Enable: True
    </CYPRESSTAG>
    <CYPRESSTAG name="Status register listing">
    </CYPRESSTAG>
    <CYPRESSTAG name="StatusI register listing">

    ------------------------------------------------------------
    StatusI register listing
    ------------------------------------------------------------

    statusicell: Name =\SPIM:BSPIM:TxStsReg\
        PORT MAP (
            clock => Net_9 ,
            status_4 => \SPIM:BSPIM:tx_status_4\ ,
            status_3 => \SPIM:BSPIM:load_rx_data\ ,
            status_2 => \SPIM:BSPIM:tx_status_2\ ,
            status_1 => \SPIM:BSPIM:tx_status_1\ ,
            status_0 => \SPIM:BSPIM:tx_status_0\ );
        Properties:
        {
            cy_force_order = 1
            cy_int_mask = "0000000"
            cy_md_select = "0001001"
        }
        Clock Polarity: Active High
        Clock Enable: True

    statusicell: Name =\SPIM:BSPIM:RxStsReg\
        PORT MAP (
            clock => Net_9 ,
            status_6 => \SPIM:BSPIM:rx_status_6\ ,
            status_5 => \SPIM:BSPIM:rx_status_5\ ,
            status_4 => \SPIM:BSPIM:rx_status_4\ );
        Properties:
        {
            cy_force_order = 1
            cy_int_mask = "0000000"
            cy_md_select = "1000000"
        }
        Clock Polarity: Active High
        Clock Enable: True
    </CYPRESSTAG>
    <CYPRESSTAG name="Sync listing">
    </CYPRESSTAG>
    <CYPRESSTAG name="Control register listing">
    </CYPRESSTAG>
    <CYPRESSTAG name="Count7 listing">

    ------------------------------------------------------------
    Count7 listing
    ------------------------------------------------------------

    count7cell: Name =\SPIM:BSPIM:BitCounter\
        PORT MAP (
            clock => Net_9 ,
            enable => \SPIM:BSPIM:cnt_enable\ ,
            count_6 => \SPIM:BSPIM:count_6\ ,
            count_5 => \SPIM:BSPIM:count_5\ ,
            count_4 => \SPIM:BSPIM:count_4\ ,
            count_3 => \SPIM:BSPIM:count_3\ ,
            count_2 => \SPIM:BSPIM:count_2\ ,
            count_1 => \SPIM:BSPIM:count_1\ ,
            count_0 => \SPIM:BSPIM:count_0\ ,
            tc => \SPIM:BSPIM:cnt_tc\ );
        Properties:
        {
            cy_alt_mode = 0
            cy_init_value = "0000000"
            cy_period = "0001111"
            cy_route_en = 1
            cy_route_ld = 0
        }
        Clock Polarity: Active High
        Clock Enable: True
    </CYPRESSTAG>
    <CYPRESSTAG name="DRQ listing">
    </CYPRESSTAG>
    <CYPRESSTAG name="Interrupt listing">

    ------------------------------------------------------------
    Interrupt listing
    ------------------------------------------------------------

    interrupt: Name =\ADC_SAR_1:IRQ\
        PORT MAP (
            interrupt => Net_201 );
        Properties:
        {
            int_type = "10"
            is_nmi = 0
        }

    interrupt: Name =\I2C:I2C_IRQ\
        PORT MAP (
            interrupt => \I2C:Net_697\ );
        Properties:
        {
            int_type = "00"
            is_nmi = 0
        }

    interrupt: Name =isr
        PORT MAP (
            interrupt => Net_228 );
        Properties:
        {
            int_type = "00"
            is_nmi = 0
        }
    </CYPRESSTAG>
</CYPRESSTAG>
<CYPRESSTAG name="Technology mapping summary" expanded>

------------------------------------------------------------
Technology mapping summary
------------------------------------------------------------

Resource Type                 : Used : Free :  Max :  % Used
============================================================
Digital Clocks                :    1 :    7 :    8 : 12.50 %
Analog Clocks                 :    1 :    3 :    4 : 25.00 %
CapSense Buffers              :    0 :    2 :    2 :  0.00 %
Digital Filter Block          :    0 :    1 :    1 :  0.00 %
Interrupts                    :    3 :   29 :   32 :  9.38 %
IO                            :   15 :   33 :   48 : 31.25 %
Segment LCD                   :    0 :    1 :    1 :  0.00 %
CAN 2.0b                      :    0 :    1 :    1 :  0.00 %
I2C                           :    1 :    0 :    1 : 100.00 %
USB                           :    0 :    1 :    1 :  0.00 %
DMA Channels                  :    0 :   24 :   24 :  0.00 %
Timer                         :    0 :    4 :    4 :  0.00 %
UDB                           :      :      :      :        
  Macrocells                  :   13 :  179 :  192 :  6.77 %
  Unique P-terms              :   33 :  351 :  384 :  8.59 %
  Total P-terms               :   38 :      :      :        
  Datapath Cells              :    1 :   23 :   24 :  4.17 %
  Status Cells                :    3 :   21 :   24 : 12.50 %
    StatusI Registers         :    2 :      :      :        
    Routed Count7 Load/Enable :    1 :      :      :        
  Control Cells               :    1 :   23 :   24 :  4.17 %
    Count7 Cells              :    1 :      :      :        
Opamp                         :    0 :    4 :    4 :  0.00 %
Comparator                    :    0 :    4 :    4 :  0.00 %
Delta-Sigma ADC               :    0 :    1 :    1 :  0.00 %
LPF                           :    0 :    2 :    2 :  0.00 %
SAR ADC                       :    1 :    1 :    2 : 50.00 %
Analog (SC/CT) Blocks         :    0 :    4 :    4 :  0.00 %
DAC                           :      :      :      :        
  VIDAC                       :    2 :    2 :    4 : 50.00 %
</CYPRESSTAG>
Technology Mapping: Elapsed time ==> 0s.099ms
Tech Mapping phase: Elapsed time ==> 0s.150ms
</CYPRESSTAG>
<CYPRESSTAG name="Analog Placement">
Initial Analog Placement Results:
IO_7@[IOP=(0)][IoId=(7)] : CLK(0) (fixed)
IO_0@[IOP=(0)][IoId=(0)] : D_C(0) (fixed)
IO_0@[IOP=(15)][IoId=(0)] : IRQ(0) (fixed)
IO_6@[IOP=(0)][IoId=(6)] : MISO(0) (fixed)
IO_5@[IOP=(0)][IoId=(5)] : MOSI(0) (fixed)
IO_5@[IOP=(3)][IoId=(5)] : Pin_DS(0) (fixed)
IO_4@[IOP=(3)][IoId=(4)] : Pin_GS(0) (fixed)
IO_3@[IOP=(3)][IoId=(3)] : Pin_ID(0) (fixed)
IO_5@[IOP=(15)][IoId=(5)] : Reset(0) (fixed)
IO_1@[IOP=(0)][IoId=(1)] : SS(0) (fixed)
IO_7@[IOP=(3)][IoId=(7)] : scl(0) (fixed)
IO_6@[IOP=(3)][IoId=(6)] : sda(0) (fixed)
SAR[1]@[FFB(SAR,1)] : \ADC_SAR_1:ADC_SAR\
Vref[3]@[FFB(Vref,3)] : \ADC_SAR_1:vRef_1024\
VIDAC[3]@[FFB(VIDAC,3)] : \VDAC8_DS:viDAC8\
VIDAC[0]@[FFB(VIDAC,0)] : \VDAC8_GS:viDAC8\
Log: apr.M0058: The analog placement iterative improvement is 48% done. (App=cydsfit)
Log: apr.M0058: The analog placement iterative improvement is 77% done. (App=cydsfit)
Analog Placement Results:
IO_7@[IOP=(0)][IoId=(7)] : CLK(0) (fixed)
IO_0@[IOP=(0)][IoId=(0)] : D_C(0) (fixed)
IO_0@[IOP=(15)][IoId=(0)] : IRQ(0) (fixed)
IO_6@[IOP=(0)][IoId=(6)] : MISO(0) (fixed)
IO_5@[IOP=(0)][IoId=(5)] : MOSI(0) (fixed)
IO_5@[IOP=(3)][IoId=(5)] : Pin_DS(0) (fixed)
IO_4@[IOP=(3)][IoId=(4)] : Pin_GS(0) (fixed)
IO_3@[IOP=(3)][IoId=(3)] : Pin_ID(0) (fixed)
IO_5@[IOP=(15)][IoId=(5)] : Reset(0) (fixed)
IO_1@[IOP=(0)][IoId=(1)] : SS(0) (fixed)
IO_7@[IOP=(3)][IoId=(7)] : scl(0) (fixed)
IO_6@[IOP=(3)][IoId=(6)] : sda(0) (fixed)
SAR[1]@[FFB(SAR,1)] : \ADC_SAR_1:ADC_SAR\
Vref[3]@[FFB(Vref,3)] : \ADC_SAR_1:vRef_1024\
VIDAC[3]@[FFB(VIDAC,3)] : \VDAC8_DS:viDAC8\
VIDAC[2]@[FFB(VIDAC,2)] : \VDAC8_GS:viDAC8\

Analog Placement phase: Elapsed time ==> 0s.431ms
</CYPRESSTAG>
<CYPRESSTAG name="Analog Routing">
Analog Routing phase: Elapsed time ==> 0s.001ms
</CYPRESSTAG>
<CYPRESSTAG name="Analog Code Generation">
============ Analog Final Answer Routes ============
Dump of CyAnalogRoutingResultsDB
Map of net to items {
  Net: Net_191 {
    vidac_3_vout
    agr5_x_vidac_3_vout
    agr5
    agr5_x_p3_5
    p3_5
  }
  Net: Net_196 {
    vidac_2_vout
    agl4_x_vidac_2_vout
    agl4
    agl4_x_agr4
    agr4
    agr4_x_p3_4
    p3_4
  }
  Net: Net_198 {
    sar_1_vplus
    agr7_x_sar_1_vplus
    agr7
    agr7_x_p3_3
    p3_3
  }
  Net: \ADC_SAR_1:Net_126\ {
    sar_1_vrefhi
    sar_1_vminus_x_sar_1_vrefhi
    sar_1_vminus
  }
  Net: \ADC_SAR_1:Net_209\ {
  }
  Net: \ADC_SAR_1:Net_233\ {
    common_vref_1024
    sar_1_vref_1024
    sar_1_vref_x_sar_1_vref_1024
    sar_1_vref
  }
  Net: \VDAC8_DS:Net_77\ {
  }
  Net: \VDAC8_GS:Net_77\ {
  }
}
Map of item to net {
  vidac_3_vout                                     -> Net_191
  agr5_x_vidac_3_vout                              -> Net_191
  agr5                                             -> Net_191
  agr5_x_p3_5                                      -> Net_191
  p3_5                                             -> Net_191
  vidac_2_vout                                     -> Net_196
  agl4_x_vidac_2_vout                              -> Net_196
  agl4                                             -> Net_196
  agl4_x_agr4                                      -> Net_196
  agr4                                             -> Net_196
  agr4_x_p3_4                                      -> Net_196
  p3_4                                             -> Net_196
  sar_1_vplus                                      -> Net_198
  agr7_x_sar_1_vplus                               -> Net_198
  agr7                                             -> Net_198
  agr7_x_p3_3                                      -> Net_198
  p3_3                                             -> Net_198
  sar_1_vrefhi                                     -> \ADC_SAR_1:Net_126\
  sar_1_vminus_x_sar_1_vrefhi                      -> \ADC_SAR_1:Net_126\
  sar_1_vminus                                     -> \ADC_SAR_1:Net_126\
  common_vref_1024                                 -> \ADC_SAR_1:Net_233\
  sar_1_vref_1024                                  -> \ADC_SAR_1:Net_233\
  sar_1_vref_x_sar_1_vref_1024                     -> \ADC_SAR_1:Net_233\
  sar_1_vref                                       -> \ADC_SAR_1:Net_233\
}
Mux Info {
}
Dump of CyP35AnalogRoutingResultsDB
IsVddaHalfUsedForComp = False
IsVddaHalfUsedForSar0 = False
IsVddaHalfUsedForSar1 = False
Analog Code Generation phase: Elapsed time ==> 0s.220ms
</CYPRESSTAG>
<CYPRESSTAG name="Digital Placement">
<CYPRESSTAG name="Detailed placement messages">
I2076: Total run-time: 0.5 sec.

</CYPRESSTAG>
<CYPRESSTAG name="PLD Packing">
<CYPRESSTAG name="PLD Packing Summary" expanded>

------------------------------------------------------------
PLD Packing Summary
------------------------------------------------------------
            Resource Type : Used : Free :  Max :  % Used
    ====================================================
                     PLDs :    7 :   41 :   48 :  14.58%

<CYPRESSTAG name="PLD Statistics">

        PLD Resource Type :     Average/LAB
    =======================================
                   Inputs :            6.71
                   Pterms :            5.14
               Macrocells :            1.86
</CYPRESSTAG>
<CYPRESSTAG name="Packed PLD Contents">
Packed PLD Contents not displayed at this verbose level.</CYPRESSTAG>
</CYPRESSTAG>
PLD Packing: Elapsed time ==> 0s.000ms
</CYPRESSTAG>
<CYPRESSTAG name="Partitioning">
<CYPRESSTAG name="Initial Partitioning Summary">
Initial Partitioning Summary not displayed at this verbose level.</CYPRESSTAG>
<CYPRESSTAG name="Final Partitioning Summary">
Final Partitioning Summary not displayed at this verbose level.</CYPRESSTAG>
Partitioning: Elapsed time ==> 0s.018ms
</CYPRESSTAG>
<CYPRESSTAG name="Final Placement Summary">

------------------------------------------------------------
Final Placement Summary
------------------------------------------------------------

       Resource Type :      Count : Avg Inputs : Avg Outputs
    ========================================================
                 UDB :          4 :       8.25 :       3.25
<CYPRESSTAG name="Final Placement Details">
<CYPRESSTAG name="Component Details">

------------------------------------------------------------
Component Placement Details
------------------------------------------------------------
UDB [UDB=(0,0)] is empty.
UDB [UDB=(0,1)] is empty.
UDB [UDB=(0,2)] is empty.
UDB [UDB=(0,3)] is empty.
UDB [UDB=(0,4)] is empty.
UDB [UDB=(0,5)] is empty.
UDB [UDB=(1,0)] is empty.
UDB [UDB=(1,1)] is empty.
UDB [UDB=(1,2)] is empty.
UDB [UDB=(1,3)] is empty.
UDB [UDB=(1,4)] is empty.
UDB [UDB=(1,5)] is empty.
UDB [UDB=(2,0)] is empty.
UDB [UDB=(2,1)] is empty.
UDB [UDB=(2,2)] is empty.
UDB [UDB=(2,3)] is empty.
UDB [UDB=(2,4)] contents:
LAB@[UDB=(2,4)][LB=0] #macrocells=1, #inputs=4, #pterms=4
{
    [McSlotId=0]:     MacroCell: Name=Net_7, Mode=(D-Register) @ [UDB=(2,4)][LB=0][MC=0]
        Total # of inputs        : 4
        Total # of product terms : 4
        List of special equations: 
            Clock  = (Net_9) => Global
            Clock Enable: True
        Main Equation            : 4 pterms
        !(
              !\SPIM:BSPIM:state_2\ * !\SPIM:BSPIM:state_1\ * 
              \SPIM:BSPIM:state_0\
            + !\SPIM:BSPIM:state_2\ * \SPIM:BSPIM:state_1\ * !Net_7
            + \SPIM:BSPIM:state_2\ * !\SPIM:BSPIM:state_1\ * 
              !\SPIM:BSPIM:state_0\ * !Net_7
            + \SPIM:BSPIM:state_1\ * \SPIM:BSPIM:state_0\ * !Net_7
        );
        Output = Net_7 (fanout=2)
        Properties               : 
        {
        }

    [McSlotId=1]: (empty)
    [McSlotId=2]: (empty)
    [McSlotId=3]: (empty)
}

LAB@[UDB=(2,4)][LB=1] #macrocells=1, #inputs=3, #pterms=1
{
    [McSlotId=0]: (empty)
    [McSlotId=1]: (empty)
    [McSlotId=2]:     MacroCell: Name=\SPIM:BSPIM:tx_status_4\, Mode=(Combinatorial) @ [UDB=(2,4)][LB=1][MC=2]
        Total # of inputs        : 3
        Total # of product terms : 1
            Clock Enable: True
        Main Equation            : 1 pterm
        (
              !\SPIM:BSPIM:state_2\ * !\SPIM:BSPIM:state_1\ * 
              !\SPIM:BSPIM:state_0\
        );
        Output = \SPIM:BSPIM:tx_status_4\ (fanout=1)
        Properties               : 
        {
        }

    [McSlotId=3]: (empty)
}

statusicell: Name =\SPIM:BSPIM:TxStsReg\
    PORT MAP (
        clock => Net_9 ,
        status_4 => \SPIM:BSPIM:tx_status_4\ ,
        status_3 => \SPIM:BSPIM:load_rx_data\ ,
        status_2 => \SPIM:BSPIM:tx_status_2\ ,
        status_1 => \SPIM:BSPIM:tx_status_1\ ,
        status_0 => \SPIM:BSPIM:tx_status_0\ );
    Properties:
    {
        cy_force_order = 1
        cy_int_mask = "0000000"
        cy_md_select = "0001001"
    }
    Clock Polarity: Active High
    Clock Enable: True

UDB [UDB=(2,5)] contents:
LAB@[UDB=(2,5)][LB=1] #macrocells=2, #inputs=4, #pterms=4
{
    [McSlotId=0]:     MacroCell: Name=\SPIM:BSPIM:tx_status_0\, Mode=(Combinatorial) @ [UDB=(2,5)][LB=1][MC=0]
        Total # of inputs        : 3
        Total # of product terms : 1
            Clock Enable: True
        Main Equation            : 1 pterm
        (
              \SPIM:BSPIM:state_2\ * !\SPIM:BSPIM:state_1\ * 
              \SPIM:BSPIM:state_0\
        );
        Output = \SPIM:BSPIM:tx_status_0\ (fanout=1)
        Properties               : 
        {
        }

    [McSlotId=1]:     MacroCell: Name=\SPIM:BSPIM:state_0\, Mode=(T-Register) @ [UDB=(2,5)][LB=1][MC=1]
        Total # of inputs        : 4
        Total # of product terms : 3
        List of special equations: 
            Clock  = (Net_9) => Global
            Clock Enable: True
        Main Equation            : 3 pterms
        (
              !\SPIM:BSPIM:state_2\ * \SPIM:BSPIM:state_1\
            + \SPIM:BSPIM:state_2\ * !\SPIM:BSPIM:state_1\
            + !\SPIM:BSPIM:state_1\ * !\SPIM:BSPIM:state_0\ * 
              !\SPIM:BSPIM:tx_status_1\
        );
        Output = \SPIM:BSPIM:state_0\ (fanout=12)
        Properties               : 
        {
        }

    [McSlotId=2]: (empty)
    [McSlotId=3]: (empty)
}

UDB [UDB=(3,0)] is empty.
UDB [UDB=(3,1)] is empty.
UDB [UDB=(3,2)] is empty.
UDB [UDB=(3,3)] is empty.
UDB [UDB=(3,4)] contents:
LAB@[UDB=(3,4)][LB=0] #macrocells=2, #inputs=12, #pterms=8
{
    [McSlotId=0]:     MacroCell: Name=Net_5, Mode=(D-Register) @ [UDB=(3,4)][LB=0][MC=0]
        Total # of inputs        : 11
        Total # of product terms : 7
        List of special equations: 
            Clock  = (Net_9) => Global
            Clock Enable: True
        Main Equation            : 7 pterms
        !(
              !Net_5 * !\SPIM:BSPIM:state_2\ * \SPIM:BSPIM:state_0\
            + !\SPIM:BSPIM:state_2\ * !\SPIM:BSPIM:state_1\ * 
              !\SPIM:BSPIM:state_0\
            + !\SPIM:BSPIM:state_2\ * !\SPIM:BSPIM:state_0\ * 
              !\SPIM:BSPIM:count_4\ * !\SPIM:BSPIM:count_3\ * 
              !\SPIM:BSPIM:count_2\ * \SPIM:BSPIM:count_1\ * 
              !\SPIM:BSPIM:count_0\ * !\SPIM:BSPIM:ld_ident\
            + \SPIM:BSPIM:state_2\ * !\SPIM:BSPIM:state_1\ * 
              \SPIM:BSPIM:state_0\
            + \SPIM:BSPIM:state_2\ * \SPIM:BSPIM:state_1\ * 
              !\SPIM:BSPIM:state_0\
            + \SPIM:BSPIM:state_2\ * !\SPIM:BSPIM:mosi_from_dp\
            + !\SPIM:BSPIM:state_0\ * !\SPIM:BSPIM:mosi_from_dp\
        );
        Output = Net_5 (fanout=2)
        Properties               : 
        {
        }

    [McSlotId=1]: (empty)
    [McSlotId=2]:     MacroCell: Name=\SPIM:BSPIM:rx_status_6\, Mode=(Combinatorial) @ [UDB=(3,4)][LB=0][MC=2]
        Total # of inputs        : 6
        Total # of product terms : 1
            Clock Enable: True
        Main Equation            : 1 pterm
        (
              !\SPIM:BSPIM:count_4\ * !\SPIM:BSPIM:count_3\ * 
              !\SPIM:BSPIM:count_2\ * !\SPIM:BSPIM:count_1\ * 
              \SPIM:BSPIM:count_0\ * \SPIM:BSPIM:rx_status_4\
        );
        Output = \SPIM:BSPIM:rx_status_6\ (fanout=1)
        Properties               : 
        {
        }

    [McSlotId=3]: (empty)
}

LAB@[UDB=(3,4)][LB=1] #macrocells=2, #inputs=5, #pterms=6
{
    [McSlotId=0]:     MacroCell: Name=\SPIM:BSPIM:cnt_enable\, Mode=(T-Register) @ [UDB=(3,4)][LB=1][MC=0]
        Total # of inputs        : 4
        Total # of product terms : 4
        List of special equations: 
            Clock  = (Net_9) => Global
            Clock Enable: True
        Main Equation            : 4 pterms
        (
              !\SPIM:BSPIM:state_2\ * !\SPIM:BSPIM:state_1\ * 
              !\SPIM:BSPIM:state_0\ * \SPIM:BSPIM:cnt_enable\
            + !\SPIM:BSPIM:state_2\ * \SPIM:BSPIM:state_1\ * 
              \SPIM:BSPIM:state_0\ * !\SPIM:BSPIM:cnt_enable\
            + \SPIM:BSPIM:state_2\ * !\SPIM:BSPIM:state_1\ * 
              \SPIM:BSPIM:state_0\ * \SPIM:BSPIM:cnt_enable\
            + \SPIM:BSPIM:state_2\ * \SPIM:BSPIM:state_1\ * 
              !\SPIM:BSPIM:state_0\ * \SPIM:BSPIM:cnt_enable\
        );
        Output = \SPIM:BSPIM:cnt_enable\ (fanout=3)
        Properties               : 
        {
        }

    [McSlotId=1]:     MacroCell: Name=Net_6, Mode=(D-Register) @ [UDB=(3,4)][LB=1][MC=1]
        Total # of inputs        : 4
        Total # of product terms : 2
        List of special equations: 
            Clock  = (Net_9) => Global
            Clock Enable: True
        Main Equation            : 2 pterms
        (
              !\SPIM:BSPIM:state_2\ * \SPIM:BSPIM:state_1\ * 
              \SPIM:BSPIM:state_0\
            + \SPIM:BSPIM:state_1\ * \SPIM:BSPIM:state_0\ * Net_6
        );
        Output = Net_6 (fanout=2)
        Properties               : 
        {
        }

    [McSlotId=2]: (empty)
    [McSlotId=3]: (empty)
}

statusicell: Name =\SPIM:BSPIM:RxStsReg\
    PORT MAP (
        clock => Net_9 ,
        status_6 => \SPIM:BSPIM:rx_status_6\ ,
        status_5 => \SPIM:BSPIM:rx_status_5\ ,
        status_4 => \SPIM:BSPIM:rx_status_4\ );
    Properties:
    {
        cy_force_order = 1
        cy_int_mask = "0000000"
        cy_md_select = "1000000"
    }
    Clock Polarity: Active High
    Clock Enable: True

UDB [UDB=(3,5)] contents:
LAB@[UDB=(3,5)][LB=0] #macrocells=2, #inputs=9, #pterms=5
{
    [McSlotId=0]:     MacroCell: Name=\SPIM:BSPIM:load_cond\, Mode=(T-Register) @ [UDB=(3,5)][LB=0][MC=0]
        Total # of inputs        : 9
        Total # of product terms : 4
        List of special equations: 
            Clock  = (Net_9) => Global
            Clock Enable: True
        Main Equation            : 4 pterms
        (
              !\SPIM:BSPIM:state_2\ * !\SPIM:BSPIM:count_4\ * 
              !\SPIM:BSPIM:count_3\ * !\SPIM:BSPIM:count_2\ * 
              !\SPIM:BSPIM:count_1\ * !\SPIM:BSPIM:count_0\ * 
              \SPIM:BSPIM:load_cond\
            + \SPIM:BSPIM:state_2\ * !\SPIM:BSPIM:state_1\ * 
              !\SPIM:BSPIM:state_0\ * !\SPIM:BSPIM:load_cond\
            + \SPIM:BSPIM:state_1\ * !\SPIM:BSPIM:count_4\ * 
              !\SPIM:BSPIM:count_3\ * !\SPIM:BSPIM:count_2\ * 
              !\SPIM:BSPIM:count_1\ * !\SPIM:BSPIM:count_0\ * 
              \SPIM:BSPIM:load_cond\
            + \SPIM:BSPIM:state_0\ * !\SPIM:BSPIM:count_4\ * 
              !\SPIM:BSPIM:count_3\ * !\SPIM:BSPIM:count_2\ * 
              !\SPIM:BSPIM:count_1\ * !\SPIM:BSPIM:count_0\ * 
              \SPIM:BSPIM:load_cond\
        );
        Output = \SPIM:BSPIM:load_cond\ (fanout=1)
        Properties               : 
        {
        }

    [McSlotId=1]:     MacroCell: Name=\SPIM:BSPIM:load_rx_data\, Mode=(Combinatorial) @ [UDB=(3,5)][LB=0][MC=1]
        Total # of inputs        : 5
        Total # of product terms : 1
            Clock Enable: True
        Main Equation            : 1 pterm
        (
              !\SPIM:BSPIM:count_4\ * !\SPIM:BSPIM:count_3\ * 
              !\SPIM:BSPIM:count_2\ * !\SPIM:BSPIM:count_1\ * 
              \SPIM:BSPIM:count_0\
        );
        Output = \SPIM:BSPIM:load_rx_data\ (fanout=2)
        Properties               : 
        {
        }

    [McSlotId=2]: (empty)
    [McSlotId=3]: (empty)
}

LAB@[UDB=(3,5)][LB=1] #macrocells=3, #inputs=10, #pterms=8
{
    [McSlotId=0]:     MacroCell: Name=\SPIM:BSPIM:state_1\, Mode=(T-Register) @ [UDB=(3,5)][LB=1][MC=0]
        Total # of inputs        : 10
        Total # of product terms : 4
        List of special equations: 
            Clock  = (Net_9) => Global
            Clock Enable: True
        Main Equation            : 4 pterms
        (
              !\SPIM:BSPIM:state_2\ * !\SPIM:BSPIM:state_1\ * 
              \SPIM:BSPIM:state_0\
            + !\SPIM:BSPIM:state_2\ * \SPIM:BSPIM:state_0\ * 
              !\SPIM:BSPIM:count_4\ * !\SPIM:BSPIM:count_3\ * 
              \SPIM:BSPIM:count_2\ * !\SPIM:BSPIM:count_1\ * 
              \SPIM:BSPIM:count_0\ * !\SPIM:BSPIM:tx_status_1\
            + \SPIM:BSPIM:state_2\ * !\SPIM:BSPIM:state_0\
            + \SPIM:BSPIM:state_1\ * !\SPIM:BSPIM:state_0\ * 
              !\SPIM:BSPIM:count_4\ * !\SPIM:BSPIM:count_3\ * 
              !\SPIM:BSPIM:count_2\ * \SPIM:BSPIM:count_1\ * 
              !\SPIM:BSPIM:count_0\ * !\SPIM:BSPIM:ld_ident\
        );
        Output = \SPIM:BSPIM:state_1\ (fanout=12)
        Properties               : 
        {
        }

    [McSlotId=1]:     MacroCell: Name=\SPIM:BSPIM:state_2\, Mode=(D-Register) @ [UDB=(3,5)][LB=1][MC=1]
        Total # of inputs        : 10
        Total # of product terms : 3
        List of special equations: 
            Clock  = (Net_9) => Global
            Clock Enable: True
        Main Equation            : 3 pterms
        (
              !\SPIM:BSPIM:state_2\ * !\SPIM:BSPIM:state_1\ * 
              \SPIM:BSPIM:state_0\
            + !\SPIM:BSPIM:state_2\ * \SPIM:BSPIM:state_1\ * 
              !\SPIM:BSPIM:state_0\ * !\SPIM:BSPIM:count_4\ * 
              !\SPIM:BSPIM:count_3\ * !\SPIM:BSPIM:count_2\ * 
              \SPIM:BSPIM:count_1\ * !\SPIM:BSPIM:count_0\ * 
              !\SPIM:BSPIM:ld_ident\
            + !\SPIM:BSPIM:state_2\ * \SPIM:BSPIM:state_0\ * 
              !\SPIM:BSPIM:count_4\ * !\SPIM:BSPIM:count_3\ * 
              \SPIM:BSPIM:count_2\ * !\SPIM:BSPIM:count_1\ * 
              \SPIM:BSPIM:count_0\ * !\SPIM:BSPIM:tx_status_1\
        );
        Output = \SPIM:BSPIM:state_2\ (fanout=12)
        Properties               : 
        {
        }

    [McSlotId=2]:     MacroCell: Name=\SPIM:BSPIM:ld_ident\, Mode=(T-Register) @ [UDB=(3,5)][LB=1][MC=2]
        Total # of inputs        : 9
        Total # of product terms : 3
        List of special equations: 
            Clock  = (Net_9) => Global
            Clock Enable: True
        Main Equation            : 3 pterms
        (
              \SPIM:BSPIM:state_2\ * !\SPIM:BSPIM:state_1\ * 
              !\SPIM:BSPIM:state_0\ * !\SPIM:BSPIM:ld_ident\
            + \SPIM:BSPIM:state_2\ * \SPIM:BSPIM:state_1\ * 
              !\SPIM:BSPIM:state_0\ * \SPIM:BSPIM:ld_ident\
            + \SPIM:BSPIM:state_1\ * !\SPIM:BSPIM:state_0\ * 
              !\SPIM:BSPIM:count_4\ * !\SPIM:BSPIM:count_3\ * 
              !\SPIM:BSPIM:count_2\ * \SPIM:BSPIM:count_1\ * 
              !\SPIM:BSPIM:count_0\ * \SPIM:BSPIM:ld_ident\
        );
        Output = \SPIM:BSPIM:ld_ident\ (fanout=4)
        Properties               : 
        {
        }

    [McSlotId=3]: (empty)
}

datapathcell: Name =\SPIM:BSPIM:sR8:Dp:u0\
    PORT MAP (
        clock => Net_9 ,
        cs_addr_2 => \SPIM:BSPIM:state_2\ ,
        cs_addr_1 => \SPIM:BSPIM:state_1\ ,
        cs_addr_0 => \SPIM:BSPIM:state_0\ ,
        route_si => Net_8 ,
        f1_load => \SPIM:BSPIM:load_rx_data\ ,
        so_comb => \SPIM:BSPIM:mosi_from_dp\ ,
        f0_bus_stat_comb => \SPIM:BSPIM:tx_status_2\ ,
        f0_blk_stat_comb => \SPIM:BSPIM:tx_status_1\ ,
        f1_bus_stat_comb => \SPIM:BSPIM:rx_status_5\ ,
        f1_blk_stat_comb => \SPIM:BSPIM:rx_status_4\ );
    Properties:
    {
        a0_init = "00000000"
        a1_init = "00000000"
        ce0_sync = 1
        ce1_sync = 1
        cl0_sync = 1
        cl1_sync = 1
        cmsb_sync = 1
        co_msb_sync = 1
        cy_dpconfig = "0000000000000000000000001100000000000001010000000001000100010000000000011100000000010001000000000000000101000000000000010100000011111111000000001111111111111111000000000010001000001000111100000000000000000100"
        d0_init = "00000000"
        d1_init = "00000000"
        f0_blk_sync = 1
        f0_bus_sync = 1
        f1_blk_sync = 1
        f1_bus_sync = 1
        ff0_sync = 1
        ff1_sync = 1
        ov_msb_sync = 1
        so_sync = 1
        z0_sync = 1
        z1_sync = 1
    }
    Clock Polarity: Active High
    Clock Enable: True

count7cell: Name =\SPIM:BSPIM:BitCounter\
    PORT MAP (
        clock => Net_9 ,
        enable => \SPIM:BSPIM:cnt_enable\ ,
        count_6 => \SPIM:BSPIM:count_6\ ,
        count_5 => \SPIM:BSPIM:count_5\ ,
        count_4 => \SPIM:BSPIM:count_4\ ,
        count_3 => \SPIM:BSPIM:count_3\ ,
        count_2 => \SPIM:BSPIM:count_2\ ,
        count_1 => \SPIM:BSPIM:count_1\ ,
        count_0 => \SPIM:BSPIM:count_0\ ,
        tc => \SPIM:BSPIM:cnt_tc\ );
    Properties:
    {
        cy_alt_mode = 0
        cy_init_value = "0000000"
        cy_period = "0001111"
        cy_route_en = 1
        cy_route_ld = 0
    }
    Clock Polarity: Active High
    Clock Enable: True

Intr container @ [IntrContainer=(0)]: 
  Intr@ [IntrContainer=(0)][IntrId=(0)] 
    interrupt: Name =\ADC_SAR_1:IRQ\
        PORT MAP (
            interrupt => Net_201 );
        Properties:
        {
            int_type = "10"
            is_nmi = 0
        }
  Intr@ [IntrContainer=(0)][IntrId=(1)] 
    interrupt: Name =isr
        PORT MAP (
            interrupt => Net_228 );
        Properties:
        {
            int_type = "00"
            is_nmi = 0
        }
  Intr@ [IntrContainer=(0)][IntrId=(15)] 
    interrupt: Name =\I2C:I2C_IRQ\
        PORT MAP (
            interrupt => \I2C:Net_697\ );
        Properties:
        {
            int_type = "00"
            is_nmi = 0
        }
Drq container @ [DrqContainer=(0)]: empty
Port 0 contains the following IO cells:
[IoId=0]: 
Pin : Name = D_C(0)
    Attributes:
        In Group/Port: True
        In Sync Option: AUTO
        Out Sync Option: NOSYNC
        Interrupt generated: False
        Interrupt mode: NONE
        Drive mode: CMOS_OUT
        VTrip: EITHER
        Slew: FAST
        Input Sync needed: False
        Output Sync needed: False
        SC shield enabled: False
        POR State: ANY
        LCD Mode: COMMON
        Register Mode: RegComb
        CaSense Mode: NEITHER
        Treat as pin: True
        Is OE Registered: False
        Uses Analog: False
        Can contain Digital: True
        Is SIO: False
        SIO Output Buf: NONREGULATED
        SIO Input Buf: SINGLE_ENDED
        SIO HiFreq: LOW
        SIO Hyst: DISABLED
        SIO Vtrip: MULTIPLIER_0_5
        SIO Multiplier Index: 0
        SIO RefSel: VCC_IO
        Required Capabilities: DIGITAL
        Initial Value: 0
        IO Voltage: 0
    PORT MAP (
        pa_out => D_C(0)__PA ,
        pad => D_C(0)_PAD );
    Properties:
    {
    }

[IoId=1]: 
Pin : Name = SS(0)
    Attributes:
        In Group/Port: True
        In Sync Option: AUTO
        Out Sync Option: NOSYNC
        Interrupt generated: False
        Interrupt mode: NONE
        Drive mode: CMOS_OUT
        VTrip: EITHER
        Slew: FAST
        Input Sync needed: False
        Output Sync needed: False
        SC shield enabled: False
        POR State: ANY
        LCD Mode: COMMON
        Register Mode: RegComb
        CaSense Mode: NEITHER
        Treat as pin: True
        Is OE Registered: False
        Uses Analog: False
        Can contain Digital: True
        Is SIO: False
        SIO Output Buf: NONREGULATED
        SIO Input Buf: SINGLE_ENDED
        SIO HiFreq: LOW
        SIO Hyst: DISABLED
        SIO Vtrip: MULTIPLIER_0_5
        SIO Multiplier Index: 0
        SIO RefSel: VCC_IO
        Required Capabilities: DIGITAL, ROUTABLE
        Initial Value: 0
        IO Voltage: 0
    PORT MAP (
        pa_out => SS(0)__PA ,
        pin_input => Net_7 ,
        pad => SS(0)_PAD );
    Properties:
    {
    }

[IoId=5]: 
Pin : Name = MOSI(0)
    Attributes:
        In Group/Port: True
        In Sync Option: AUTO
        Out Sync Option: NOSYNC
        Interrupt generated: False
        Interrupt mode: NONE
        Drive mode: CMOS_OUT
        VTrip: EITHER
        Slew: FAST
        Input Sync needed: False
        Output Sync needed: False
        SC shield enabled: False
        POR State: ANY
        LCD Mode: COMMON
        Register Mode: RegComb
        CaSense Mode: NEITHER
        Treat as pin: True
        Is OE Registered: False
        Uses Analog: False
        Can contain Digital: True
        Is SIO: False
        SIO Output Buf: NONREGULATED
        SIO Input Buf: SINGLE_ENDED
        SIO HiFreq: LOW
        SIO Hyst: DISABLED
        SIO Vtrip: MULTIPLIER_0_5
        SIO Multiplier Index: 0
        SIO RefSel: VCC_IO
        Required Capabilities: DIGITAL, ROUTABLE
        Initial Value: 0
        IO Voltage: 0
    PORT MAP (
        pa_out => MOSI(0)__PA ,
        pin_input => Net_5 ,
        pad => MOSI(0)_PAD );
    Properties:
    {
    }

[IoId=6]: 
Pin : Name = MISO(0)
    Attributes:
        In Group/Port: True
        In Sync Option: NOSYNC
        Out Sync Option: AUTO
        Interrupt generated: False
        Interrupt mode: NONE
        Drive mode: HI_Z_DIGITAL
        VTrip: CMOS
        Slew: FAST
        Input Sync needed: False
        Output Sync needed: False
        SC shield enabled: False
        POR State: ANY
        LCD Mode: COMMON
        Register Mode: RegComb
        CaSense Mode: NEITHER
        Treat as pin: True
        Is OE Registered: False
        Uses Analog: False
        Can contain Digital: True
        Is SIO: False
        SIO Output Buf: NONREGULATED
        SIO Input Buf: SINGLE_ENDED
        SIO HiFreq: LOW
        SIO Hyst: DISABLED
        SIO Vtrip: MULTIPLIER_0_5
        SIO Multiplier Index: 0
        SIO RefSel: VCC_IO
        Required Capabilities: DIGITAL, ROUTABLE
        Initial Value: 0
        IO Voltage: 0
    PORT MAP (
        pa_out => MISO(0)__PA ,
        fb => Net_8 ,
        pad => MISO(0)_PAD );
    Properties:
    {
    }

[IoId=7]: 
Pin : Name = CLK(0)
    Attributes:
        In Group/Port: True
        In Sync Option: AUTO
        Out Sync Option: NOSYNC
        Interrupt generated: False
        Interrupt mode: NONE
        Drive mode: CMOS_OUT
        VTrip: EITHER
        Slew: FAST
        Input Sync needed: False
        Output Sync needed: False
        SC shield enabled: False
        POR State: ANY
        LCD Mode: COMMON
        Register Mode: RegComb
        CaSense Mode: NEITHER
        Treat as pin: True
        Is OE Registered: False
        Uses Analog: False
        Can contain Digital: True
        Is SIO: False
        SIO Output Buf: NONREGULATED
        SIO Input Buf: SINGLE_ENDED
        SIO HiFreq: LOW
        SIO Hyst: DISABLED
        SIO Vtrip: MULTIPLIER_0_5
        SIO Multiplier Index: 0
        SIO RefSel: VCC_IO
        Required Capabilities: DIGITAL, ROUTABLE
        Initial Value: 0
        IO Voltage: 0
    PORT MAP (
        pa_out => CLK(0)__PA ,
        pin_input => Net_6 ,
        pad => CLK(0)_PAD );
    Properties:
    {
    }

Port 1 contains the following IO cells:
Port 2 contains the following IO cells:
Port 3 contains the following IO cells:
[IoId=3]: 
Pin : Name = Pin_ID(0)
    Attributes:
        In Group/Port: True
        In Sync Option: AUTO
        Out Sync Option: AUTO
        Interrupt generated: False
        Interrupt mode: NONE
        Drive mode: HI_Z_ANALOG
        VTrip: EITHER
        Slew: FAST
        Input Sync needed: False
        Output Sync needed: False
        SC shield enabled: False
        POR State: ANY
        LCD Mode: COMMON
        Register Mode: RegComb
        CaSense Mode: NEITHER
        Treat as pin: True
        Is OE Registered: False
        Uses Analog: True
        Can contain Digital: False
        Is SIO: False
        SIO Output Buf: NONREGULATED
        SIO Input Buf: SINGLE_ENDED
        SIO HiFreq: LOW
        SIO Hyst: DISABLED
        SIO Vtrip: MULTIPLIER_0_5
        SIO Multiplier Index: 0
        SIO RefSel: VCC_IO
        Required Capabilities: ANALOG
        Initial Value: 0
        IO Voltage: 0
    PORT MAP (
        pa_out => Pin_ID(0)__PA ,
        analog_term => Net_198 ,
        pad => Pin_ID(0)_PAD );
    Properties:
    {
    }

[IoId=4]: 
Pin : Name = Pin_GS(0)
    Attributes:
        In Group/Port: True
        In Sync Option: AUTO
        Out Sync Option: AUTO
        Interrupt generated: False
        Interrupt mode: NONE
        Drive mode: HI_Z_ANALOG
        VTrip: EITHER
        Slew: FAST
        Input Sync needed: False
        Output Sync needed: False
        SC shield enabled: False
        POR State: ANY
        LCD Mode: COMMON
        Register Mode: RegComb
        CaSense Mode: NEITHER
        Treat as pin: True
        Is OE Registered: False
        Uses Analog: True
        Can contain Digital: False
        Is SIO: False
        SIO Output Buf: NONREGULATED
        SIO Input Buf: SINGLE_ENDED
        SIO HiFreq: LOW
        SIO Hyst: DISABLED
        SIO Vtrip: MULTIPLIER_0_5
        SIO Multiplier Index: 0
        SIO RefSel: VCC_IO
        Required Capabilities: ANALOG
        Initial Value: 0
        IO Voltage: 0
    PORT MAP (
        pa_out => Pin_GS(0)__PA ,
        analog_term => Net_196 ,
        pad => Pin_GS(0)_PAD );
    Properties:
    {
    }

[IoId=5]: 
Pin : Name = Pin_DS(0)
    Attributes:
        In Group/Port: True
        In Sync Option: AUTO
        Out Sync Option: AUTO
        Interrupt generated: False
        Interrupt mode: NONE
        Drive mode: HI_Z_ANALOG
        VTrip: EITHER
        Slew: FAST
        Input Sync needed: False
        Output Sync needed: False
        SC shield enabled: False
        POR State: ANY
        LCD Mode: COMMON
        Register Mode: RegComb
        CaSense Mode: NEITHER
        Treat as pin: True
        Is OE Registered: False
        Uses Analog: True
        Can contain Digital: False
        Is SIO: False
        SIO Output Buf: NONREGULATED
        SIO Input Buf: SINGLE_ENDED
        SIO HiFreq: LOW
        SIO Hyst: DISABLED
        SIO Vtrip: MULTIPLIER_0_5
        SIO Multiplier Index: 0
        SIO RefSel: VCC_IO
        Required Capabilities: ANALOG
        Initial Value: 0
        IO Voltage: 0
    PORT MAP (
        pa_out => Pin_DS(0)__PA ,
        analog_term => Net_191 ,
        pad => Pin_DS(0)_PAD );
    Properties:
    {
    }

[IoId=6]: 
Pin : Name = sda(0)
    Attributes:
        In Group/Port: True
        In Sync Option: NOSYNC
        Out Sync Option: NOSYNC
        Interrupt generated: False
        Interrupt mode: NONE
        Drive mode: OPEN_DRAIN_LO
        VTrip: CMOS
        Slew: FAST
        Input Sync needed: False
        Output Sync needed: False
        SC shield enabled: False
        POR State: ANY
        LCD Mode: COMMON
        Register Mode: RegComb
        CaSense Mode: NEITHER
        Treat as pin: True
        Is OE Registered: False
        Uses Analog: False
        Can contain Digital: True
        Is SIO: False
        SIO Output Buf: NONREGULATED
        SIO Input Buf: SINGLE_ENDED
        SIO HiFreq: LOW
        SIO Hyst: DISABLED
        SIO Vtrip: MULTIPLIER_0_5
        SIO Multiplier Index: 0
        SIO RefSel: VCC_IO
        Required Capabilities: DIGITAL, ROUTABLE
        Initial Value: 0
        IO Voltage: 0
    PORT MAP (
        pa_out => sda(0)__PA ,
        fb => \I2C:Net_1109_1\ ,
        pin_input => \I2C:sda_x_wire\ ,
        pad => sda(0)_PAD );
    Properties:
    {
    }

[IoId=7]: 
Pin : Name = scl(0)
    Attributes:
        In Group/Port: True
        In Sync Option: NOSYNC
        Out Sync Option: NOSYNC
        Interrupt generated: False
        Interrupt mode: NONE
        Drive mode: OPEN_DRAIN_LO
        VTrip: CMOS
        Slew: FAST
        Input Sync needed: False
        Output Sync needed: False
        SC shield enabled: False
        POR State: ANY
        LCD Mode: COMMON
        Register Mode: RegComb
        CaSense Mode: NEITHER
        Treat as pin: True
        Is OE Registered: False
        Uses Analog: False
        Can contain Digital: True
        Is SIO: False
        SIO Output Buf: NONREGULATED
        SIO Input Buf: SINGLE_ENDED
        SIO HiFreq: LOW
        SIO Hyst: DISABLED
        SIO Vtrip: MULTIPLIER_0_5
        SIO Multiplier Index: 0
        SIO RefSel: VCC_IO
        Required Capabilities: DIGITAL, ROUTABLE
        Initial Value: 0
        IO Voltage: 0
    PORT MAP (
        pa_out => scl(0)__PA ,
        fb => \I2C:Net_1109_0\ ,
        pin_input => \I2C:Net_643_0\ ,
        pad => scl(0)_PAD );
    Properties:
    {
    }

Port 12 contains the following IO cells:
Port 15 contains the following IO cells:
[IoId=0]: 
Pin : Name = IRQ(0)
    Attributes:
        In Group/Port: True
        In Sync Option: NOSYNC
        Out Sync Option: AUTO
        Interrupt generated: False
        Interrupt mode: NONE
        Drive mode: HI_Z_DIGITAL
        VTrip: CMOS
        Slew: FAST
        Input Sync needed: False
        Output Sync needed: False
        SC shield enabled: False
        POR State: ANY
        LCD Mode: COMMON
        Register Mode: RegComb
        CaSense Mode: NEITHER
        Treat as pin: True
        Is OE Registered: False
        Uses Analog: False
        Can contain Digital: True
        Is SIO: False
        SIO Output Buf: NONREGULATED
        SIO Input Buf: SINGLE_ENDED
        SIO HiFreq: LOW
        SIO Hyst: DISABLED
        SIO Vtrip: MULTIPLIER_0_5
        SIO Multiplier Index: 0
        SIO RefSel: VCC_IO
        Required Capabilities: DIGITAL, ROUTABLE
        Initial Value: 0
        IO Voltage: 0
    PORT MAP (
        pa_out => IRQ(0)__PA ,
        fb => Net_228 ,
        pad => IRQ(0)_PAD );
    Properties:
    {
    }

[IoId=5]: 
Pin : Name = Reset(0)
    Attributes:
        In Group/Port: True
        In Sync Option: AUTO
        Out Sync Option: NOSYNC
        Interrupt generated: False
        Interrupt mode: NONE
        Drive mode: CMOS_OUT
        VTrip: EITHER
        Slew: FAST
        Input Sync needed: False
        Output Sync needed: False
        SC shield enabled: False
        POR State: ANY
        LCD Mode: COMMON
        Register Mode: RegComb
        CaSense Mode: NEITHER
        Treat as pin: True
        Is OE Registered: False
        Uses Analog: False
        Can contain Digital: True
        Is SIO: False
        SIO Output Buf: NONREGULATED
        SIO Input Buf: SINGLE_ENDED
        SIO HiFreq: LOW
        SIO Hyst: DISABLED
        SIO Vtrip: MULTIPLIER_0_5
        SIO Multiplier Index: 0
        SIO RefSel: VCC_IO
        Required Capabilities: DIGITAL
        Initial Value: 0
        IO Voltage: 0
    PORT MAP (
        pa_out => Reset(0)__PA ,
        pad => Reset(0)_PAD );
    Properties:
    {
    }

ARM group 0: empty
CAN group 0: empty
Cache group 0: empty
CapSense group 0: empty
Clock group 0: 
    Clock Block @ F(Clock,0): 
    clockblockcell: Name =ClockBlock
        PORT MAP (
            imo => ClockBlock_IMO ,
            pllout => ClockBlock_PLL_OUT ,
            ilo => ClockBlock_ILO ,
            clk_100k => ClockBlock_100k ,
            clk_1k => ClockBlock_1k ,
            clk_32k => ClockBlock_32k ,
            xtal => ClockBlock_XTAL ,
            clk_32k_xtal => ClockBlock_XTAL_32KHZ ,
            clk_sync => ClockBlock_MASTER_CLK ,
            clk_bus_glb => ClockBlock_BUS_CLK ,
            clk_bus => ClockBlock_BUS_CLK_local ,
            dclk_glb_0 => Net_9 ,
            dclk_0 => Net_9_local ,
            aclk_glb_0 => \ADC_SAR_1:Net_385\ ,
            aclk_0 => \ADC_SAR_1:Net_385_local\ ,
            clk_a_dig_glb_0 => \ADC_SAR_1:Net_381\ ,
            clk_a_dig_0 => \ADC_SAR_1:Net_381_local\ );
        Properties:
        {
        }
Comparator group 0: empty
DFB group 0: empty
DSM group 0: empty
Decimator group 0: empty
EMIF group 0: empty
I2C group 0: 
    I2C Block @ F(I2C,0): 
    i2ccell: Name =\I2C:I2C_FF\
        PORT MAP (
            clock => ClockBlock_BUS_CLK ,
            scl_in => \I2C:Net_1109_0\ ,
            sda_in => \I2C:Net_1109_1\ ,
            scl_out => \I2C:Net_643_0\ ,
            sda_out => \I2C:sda_x_wire\ ,
            interrupt => \I2C:Net_697\ );
        Properties:
        {
            cy_registers = ""
            use_wakeup = 0
        }
LCD group 0: empty
LVD group 0: empty
PICU group 0: empty
PM group 0: empty
SC group 0: empty
SPC group 0: empty
Timer group 0: empty
USB group 0: empty
VIDAC group 0: 
    VIDAC Block @ F(VIDAC,2): 
    vidaccell: Name =\VDAC8_GS:viDAC8\
        PORT MAP (
            vout => Net_196 ,
            iout => \VDAC8_GS:Net_77\ );
        Properties:
        {
            cy_registers = ""
            is_all_if_any = 0
            reg_data = 0
        }
    VIDAC Block @ F(VIDAC,3): 
    vidaccell: Name =\VDAC8_DS:viDAC8\
        PORT MAP (
            vout => Net_191 ,
            iout => \VDAC8_DS:Net_77\ );
        Properties:
        {
            cy_registers = ""
            is_all_if_any = 0
            reg_data = 0
        }
OpAmp group 0: empty
CsAbuf group 0: empty
Vref group 0: 
    Vref Block @ F(Vref,3): 
    vrefcell: Name =\ADC_SAR_1:vRef_1024\
        PORT MAP (
            vout => \ADC_SAR_1:Net_233\ );
        Properties:
        {
            autoenable = 1
            guid = "89B398AD-36A8-4627-9212-707F2986319E"
            ignoresleep = 0
            name = "1.024V"
        }
LPF group 0: empty
SAR group 0: 
    SAR Block @ F(SAR,1): 
    sarcell: Name =\ADC_SAR_1:ADC_SAR\
        PORT MAP (
            vplus => Net_198 ,
            vminus => \ADC_SAR_1:Net_126\ ,
            ext_pin => \ADC_SAR_1:Net_209\ ,
            vrefhi_out => \ADC_SAR_1:Net_126\ ,
            vref => \ADC_SAR_1:Net_233\ ,
            clock => \ADC_SAR_1:Net_385\ ,
            pump_clock => \ADC_SAR_1:Net_385\ ,
            irq => \ADC_SAR_1:Net_252\ ,
            next => Net_204 ,
            data_out_udb_11 => \ADC_SAR_1:Net_207_11\ ,
            data_out_udb_10 => \ADC_SAR_1:Net_207_10\ ,
            data_out_udb_9 => \ADC_SAR_1:Net_207_9\ ,
            data_out_udb_8 => \ADC_SAR_1:Net_207_8\ ,
            data_out_udb_7 => \ADC_SAR_1:Net_207_7\ ,
            data_out_udb_6 => \ADC_SAR_1:Net_207_6\ ,
            data_out_udb_5 => \ADC_SAR_1:Net_207_5\ ,
            data_out_udb_4 => \ADC_SAR_1:Net_207_4\ ,
            data_out_udb_3 => \ADC_SAR_1:Net_207_3\ ,
            data_out_udb_2 => \ADC_SAR_1:Net_207_2\ ,
            data_out_udb_1 => \ADC_SAR_1:Net_207_1\ ,
            data_out_udb_0 => \ADC_SAR_1:Net_207_0\ ,
            eof_udb => Net_201 );
        Properties:
        {
            cy_registers = ""
        }
ANAIF group 0: empty
PHUB group 0: empty
</CYPRESSTAG>
<CYPRESSTAG name="Port Configuration Details">

------------------------------------------------------------
Port Configuration report
------------------------------------------------------------
     |     |       | Interrupt |                  |           | 
Port | Pin | Fixed |      Type |       Drive Mode |      Name | Connections
-----+-----+-------+-----------+------------------+-----------+-------------------------------------------
   0 |   0 |     * |      NONE |         CMOS_OUT |    D_C(0) | 
     |   1 |     * |      NONE |         CMOS_OUT |     SS(0) | In(Net_7)
     |   5 |     * |      NONE |         CMOS_OUT |   MOSI(0) | In(Net_5)
     |   6 |     * |      NONE |     HI_Z_DIGITAL |   MISO(0) | FB(Net_8)
     |   7 |     * |      NONE |         CMOS_OUT |    CLK(0) | In(Net_6)
-----+-----+-------+-----------+------------------+-----------+-------------------------------------------
   3 |   3 |     * |      NONE |      HI_Z_ANALOG | Pin_ID(0) | Analog(Net_198)
     |   4 |     * |      NONE |      HI_Z_ANALOG | Pin_GS(0) | Analog(Net_196)
     |   5 |     * |      NONE |      HI_Z_ANALOG | Pin_DS(0) | Analog(Net_191)
     |   6 |     * |      NONE |    OPEN_DRAIN_LO |    sda(0) | FB(\I2C:Net_1109_1\), In(\I2C:sda_x_wire\)
     |   7 |     * |      NONE |    OPEN_DRAIN_LO |    scl(0) | FB(\I2C:Net_1109_0\), In(\I2C:Net_643_0\)
-----+-----+-------+-----------+------------------+-----------+-------------------------------------------
  15 |   0 |     * |      NONE |     HI_Z_DIGITAL |    IRQ(0) | FB(Net_228)
     |   5 |     * |      NONE |         CMOS_OUT |  Reset(0) | 
----------------------------------------------------------------------------------------------------------
</CYPRESSTAG>
</CYPRESSTAG>
</CYPRESSTAG>
Digital component placer commit/Report: Elapsed time ==> 0s.030ms
Digital Placement phase: Elapsed time ==> 0s.760ms
</CYPRESSTAG>
<CYPRESSTAG name="Digital Routing">
"D:\PSoC\PSoC Creator\4.2\PSoC Creator\bin/sjrouter.exe" --xml-path "D:\PSoC\PSoC Creator\4.2\PSoC Creator\dev\psoc5/psoc5lp/route_arch-rrg.cydata" --vh2-path "Design01_r.vh2" --pcf-path "Design01.pco" --des-name "Design01" --dsf-path "Design01.dsf" --sdc-path "Design01.sdc" --lib-path "Design01_r.lib"
Routing successful.
Digital Routing phase: Elapsed time ==> 1s.148ms
</CYPRESSTAG>
<CYPRESSTAG name="Bitstream Generation">
Bitstream Generation phase: Elapsed time ==> 0s.180ms
</CYPRESSTAG>
<CYPRESSTAG name="Bitstream Verification">
Bitstream Verification phase: Elapsed time ==> 0s.027ms
</CYPRESSTAG>
<CYPRESSTAG name="Static timing analysis">
Timing report is in Design01_timing.html.
Static timing analysis phase: Elapsed time ==> 0s.216ms
</CYPRESSTAG>
<CYPRESSTAG name="Data reporting">
Data reporting phase: Elapsed time ==> 0s.000ms
</CYPRESSTAG>
<CYPRESSTAG name="Database update...">
Design database save phase: Elapsed time ==> 0s.156ms
</CYPRESSTAG>
cydsfit: Elapsed time ==> 3s.335ms
</CYPRESSTAG>
Fitter phase: Elapsed time ==> 3s.336ms
API generation phase: Elapsed time ==> 1s.054ms
Dependency generation phase: Elapsed time ==> 0s.014ms
Cleanup phase: Elapsed time ==> 0s.000ms
